[2024-03-09T19:28:26.567+0000] {processor.py:161} INFO - Started process (PID=84227) to work on /home/tin/miniconda3/envs/airflow/lib/python3.8/site-packages/airflow/example_dags/plugins/event_listener.py
[2024-03-09T19:28:26.568+0000] {processor.py:830} INFO - Processing file /home/tin/miniconda3/envs/airflow/lib/python3.8/site-packages/airflow/example_dags/plugins/event_listener.py for tasks to queue
[2024-03-09T19:28:26.568+0000] {logging_mixin.py:188} INFO - [2024-03-09T19:28:26.568+0000] {dagbag.py:540} INFO - Filling up the DagBag from /home/tin/miniconda3/envs/airflow/lib/python3.8/site-packages/airflow/example_dags/plugins/event_listener.py
[2024-03-09T19:28:26.571+0000] {processor.py:842} WARNING - No viable dags retrieved from /home/tin/miniconda3/envs/airflow/lib/python3.8/site-packages/airflow/example_dags/plugins/event_listener.py
[2024-03-09T19:28:26.579+0000] {processor.py:183} INFO - Processing /home/tin/miniconda3/envs/airflow/lib/python3.8/site-packages/airflow/example_dags/plugins/event_listener.py took 0.014 seconds
[2024-03-09T19:29:21.822+0000] {processor.py:161} INFO - Started process (PID=84578) to work on /home/tin/miniconda3/envs/airflow/lib/python3.8/site-packages/airflow/example_dags/plugins/event_listener.py
[2024-03-09T19:29:21.824+0000] {processor.py:830} INFO - Processing file /home/tin/miniconda3/envs/airflow/lib/python3.8/site-packages/airflow/example_dags/plugins/event_listener.py for tasks to queue
[2024-03-09T19:29:21.825+0000] {logging_mixin.py:188} INFO - [2024-03-09T19:29:21.825+0000] {dagbag.py:540} INFO - Filling up the DagBag from /home/tin/miniconda3/envs/airflow/lib/python3.8/site-packages/airflow/example_dags/plugins/event_listener.py
[2024-03-09T19:29:21.827+0000] {processor.py:842} WARNING - No viable dags retrieved from /home/tin/miniconda3/envs/airflow/lib/python3.8/site-packages/airflow/example_dags/plugins/event_listener.py
[2024-03-09T19:29:21.836+0000] {processor.py:183} INFO - Processing /home/tin/miniconda3/envs/airflow/lib/python3.8/site-packages/airflow/example_dags/plugins/event_listener.py took 0.017 seconds
[2024-03-09T19:30:00.486+0000] {processor.py:161} INFO - Started process (PID=84747) to work on /home/tin/miniconda3/envs/airflow/lib/python3.8/site-packages/airflow/example_dags/plugins/event_listener.py
[2024-03-09T19:30:00.487+0000] {processor.py:830} INFO - Processing file /home/tin/miniconda3/envs/airflow/lib/python3.8/site-packages/airflow/example_dags/plugins/event_listener.py for tasks to queue
[2024-03-09T19:30:00.488+0000] {logging_mixin.py:188} INFO - [2024-03-09T19:30:00.488+0000] {dagbag.py:540} INFO - Filling up the DagBag from /home/tin/miniconda3/envs/airflow/lib/python3.8/site-packages/airflow/example_dags/plugins/event_listener.py
[2024-03-09T19:30:00.490+0000] {processor.py:842} WARNING - No viable dags retrieved from /home/tin/miniconda3/envs/airflow/lib/python3.8/site-packages/airflow/example_dags/plugins/event_listener.py
[2024-03-09T19:30:00.497+0000] {processor.py:183} INFO - Processing /home/tin/miniconda3/envs/airflow/lib/python3.8/site-packages/airflow/example_dags/plugins/event_listener.py took 0.014 seconds
[2024-03-09T19:30:39.556+0000] {processor.py:161} INFO - Started process (PID=84876) to work on /home/tin/miniconda3/envs/airflow/lib/python3.8/site-packages/airflow/example_dags/plugins/event_listener.py
[2024-03-09T19:30:39.557+0000] {processor.py:830} INFO - Processing file /home/tin/miniconda3/envs/airflow/lib/python3.8/site-packages/airflow/example_dags/plugins/event_listener.py for tasks to queue
[2024-03-09T19:30:39.558+0000] {logging_mixin.py:188} INFO - [2024-03-09T19:30:39.558+0000] {dagbag.py:540} INFO - Filling up the DagBag from /home/tin/miniconda3/envs/airflow/lib/python3.8/site-packages/airflow/example_dags/plugins/event_listener.py
[2024-03-09T19:30:39.560+0000] {processor.py:842} WARNING - No viable dags retrieved from /home/tin/miniconda3/envs/airflow/lib/python3.8/site-packages/airflow/example_dags/plugins/event_listener.py
[2024-03-09T19:30:39.567+0000] {processor.py:183} INFO - Processing /home/tin/miniconda3/envs/airflow/lib/python3.8/site-packages/airflow/example_dags/plugins/event_listener.py took 0.013 seconds
[2024-03-09T19:31:20.198+0000] {processor.py:161} INFO - Started process (PID=84990) to work on /home/tin/miniconda3/envs/airflow/lib/python3.8/site-packages/airflow/example_dags/plugins/event_listener.py
[2024-03-09T19:31:20.200+0000] {processor.py:830} INFO - Processing file /home/tin/miniconda3/envs/airflow/lib/python3.8/site-packages/airflow/example_dags/plugins/event_listener.py for tasks to queue
[2024-03-09T19:31:20.202+0000] {logging_mixin.py:188} INFO - [2024-03-09T19:31:20.201+0000] {dagbag.py:540} INFO - Filling up the DagBag from /home/tin/miniconda3/envs/airflow/lib/python3.8/site-packages/airflow/example_dags/plugins/event_listener.py
[2024-03-09T19:31:20.204+0000] {processor.py:842} WARNING - No viable dags retrieved from /home/tin/miniconda3/envs/airflow/lib/python3.8/site-packages/airflow/example_dags/plugins/event_listener.py
[2024-03-09T19:31:20.213+0000] {processor.py:183} INFO - Processing /home/tin/miniconda3/envs/airflow/lib/python3.8/site-packages/airflow/example_dags/plugins/event_listener.py took 0.017 seconds
[2024-03-09T19:31:54.690+0000] {processor.py:161} INFO - Started process (PID=85109) to work on /home/tin/miniconda3/envs/airflow/lib/python3.8/site-packages/airflow/example_dags/plugins/event_listener.py
[2024-03-09T19:31:54.693+0000] {processor.py:830} INFO - Processing file /home/tin/miniconda3/envs/airflow/lib/python3.8/site-packages/airflow/example_dags/plugins/event_listener.py for tasks to queue
[2024-03-09T19:31:54.695+0000] {logging_mixin.py:188} INFO - [2024-03-09T19:31:54.694+0000] {dagbag.py:540} INFO - Filling up the DagBag from /home/tin/miniconda3/envs/airflow/lib/python3.8/site-packages/airflow/example_dags/plugins/event_listener.py
[2024-03-09T19:31:54.697+0000] {processor.py:842} WARNING - No viable dags retrieved from /home/tin/miniconda3/envs/airflow/lib/python3.8/site-packages/airflow/example_dags/plugins/event_listener.py
[2024-03-09T19:31:54.707+0000] {processor.py:183} INFO - Processing /home/tin/miniconda3/envs/airflow/lib/python3.8/site-packages/airflow/example_dags/plugins/event_listener.py took 0.023 seconds
[2024-03-09T19:32:27.771+0000] {processor.py:161} INFO - Started process (PID=85172) to work on /home/tin/miniconda3/envs/airflow/lib/python3.8/site-packages/airflow/example_dags/plugins/event_listener.py
[2024-03-09T19:32:27.772+0000] {processor.py:830} INFO - Processing file /home/tin/miniconda3/envs/airflow/lib/python3.8/site-packages/airflow/example_dags/plugins/event_listener.py for tasks to queue
[2024-03-09T19:32:27.773+0000] {logging_mixin.py:188} INFO - [2024-03-09T19:32:27.773+0000] {dagbag.py:540} INFO - Filling up the DagBag from /home/tin/miniconda3/envs/airflow/lib/python3.8/site-packages/airflow/example_dags/plugins/event_listener.py
[2024-03-09T19:32:27.775+0000] {processor.py:842} WARNING - No viable dags retrieved from /home/tin/miniconda3/envs/airflow/lib/python3.8/site-packages/airflow/example_dags/plugins/event_listener.py
[2024-03-09T19:32:27.783+0000] {processor.py:183} INFO - Processing /home/tin/miniconda3/envs/airflow/lib/python3.8/site-packages/airflow/example_dags/plugins/event_listener.py took 0.014 seconds
[2024-03-09T19:33:03.831+0000] {processor.py:161} INFO - Started process (PID=85399) to work on /home/tin/miniconda3/envs/airflow/lib/python3.8/site-packages/airflow/example_dags/plugins/event_listener.py
[2024-03-09T19:33:03.833+0000] {processor.py:830} INFO - Processing file /home/tin/miniconda3/envs/airflow/lib/python3.8/site-packages/airflow/example_dags/plugins/event_listener.py for tasks to queue
[2024-03-09T19:33:03.834+0000] {logging_mixin.py:188} INFO - [2024-03-09T19:33:03.833+0000] {dagbag.py:540} INFO - Filling up the DagBag from /home/tin/miniconda3/envs/airflow/lib/python3.8/site-packages/airflow/example_dags/plugins/event_listener.py
[2024-03-09T19:33:03.836+0000] {processor.py:842} WARNING - No viable dags retrieved from /home/tin/miniconda3/envs/airflow/lib/python3.8/site-packages/airflow/example_dags/plugins/event_listener.py
[2024-03-09T19:33:03.843+0000] {processor.py:183} INFO - Processing /home/tin/miniconda3/envs/airflow/lib/python3.8/site-packages/airflow/example_dags/plugins/event_listener.py took 0.014 seconds
[2024-03-09T19:33:38.743+0000] {processor.py:161} INFO - Started process (PID=85569) to work on /home/tin/miniconda3/envs/airflow/lib/python3.8/site-packages/airflow/example_dags/plugins/event_listener.py
[2024-03-09T19:33:38.746+0000] {processor.py:830} INFO - Processing file /home/tin/miniconda3/envs/airflow/lib/python3.8/site-packages/airflow/example_dags/plugins/event_listener.py for tasks to queue
[2024-03-09T19:33:38.747+0000] {logging_mixin.py:188} INFO - [2024-03-09T19:33:38.746+0000] {dagbag.py:540} INFO - Filling up the DagBag from /home/tin/miniconda3/envs/airflow/lib/python3.8/site-packages/airflow/example_dags/plugins/event_listener.py
[2024-03-09T19:33:38.749+0000] {processor.py:842} WARNING - No viable dags retrieved from /home/tin/miniconda3/envs/airflow/lib/python3.8/site-packages/airflow/example_dags/plugins/event_listener.py
[2024-03-09T19:33:38.756+0000] {processor.py:183} INFO - Processing /home/tin/miniconda3/envs/airflow/lib/python3.8/site-packages/airflow/example_dags/plugins/event_listener.py took 0.015 seconds
[2024-03-09T19:34:12.559+0000] {processor.py:161} INFO - Started process (PID=85605) to work on /home/tin/miniconda3/envs/airflow/lib/python3.8/site-packages/airflow/example_dags/plugins/event_listener.py
[2024-03-09T19:34:12.560+0000] {processor.py:830} INFO - Processing file /home/tin/miniconda3/envs/airflow/lib/python3.8/site-packages/airflow/example_dags/plugins/event_listener.py for tasks to queue
[2024-03-09T19:34:12.560+0000] {logging_mixin.py:188} INFO - [2024-03-09T19:34:12.560+0000] {dagbag.py:540} INFO - Filling up the DagBag from /home/tin/miniconda3/envs/airflow/lib/python3.8/site-packages/airflow/example_dags/plugins/event_listener.py
[2024-03-09T19:34:12.562+0000] {processor.py:842} WARNING - No viable dags retrieved from /home/tin/miniconda3/envs/airflow/lib/python3.8/site-packages/airflow/example_dags/plugins/event_listener.py
[2024-03-09T19:34:12.572+0000] {processor.py:183} INFO - Processing /home/tin/miniconda3/envs/airflow/lib/python3.8/site-packages/airflow/example_dags/plugins/event_listener.py took 0.015 seconds
[2024-03-09T19:34:47.323+0000] {processor.py:161} INFO - Started process (PID=85786) to work on /home/tin/miniconda3/envs/airflow/lib/python3.8/site-packages/airflow/example_dags/plugins/event_listener.py
[2024-03-09T19:34:47.325+0000] {processor.py:830} INFO - Processing file /home/tin/miniconda3/envs/airflow/lib/python3.8/site-packages/airflow/example_dags/plugins/event_listener.py for tasks to queue
[2024-03-09T19:34:47.326+0000] {logging_mixin.py:188} INFO - [2024-03-09T19:34:47.325+0000] {dagbag.py:540} INFO - Filling up the DagBag from /home/tin/miniconda3/envs/airflow/lib/python3.8/site-packages/airflow/example_dags/plugins/event_listener.py
[2024-03-09T19:34:47.328+0000] {processor.py:842} WARNING - No viable dags retrieved from /home/tin/miniconda3/envs/airflow/lib/python3.8/site-packages/airflow/example_dags/plugins/event_listener.py
[2024-03-09T19:34:47.341+0000] {processor.py:183} INFO - Processing /home/tin/miniconda3/envs/airflow/lib/python3.8/site-packages/airflow/example_dags/plugins/event_listener.py took 0.022 seconds
[2024-03-09T19:35:19.238+0000] {processor.py:161} INFO - Started process (PID=85910) to work on /home/tin/miniconda3/envs/airflow/lib/python3.8/site-packages/airflow/example_dags/plugins/event_listener.py
[2024-03-09T19:35:19.239+0000] {processor.py:830} INFO - Processing file /home/tin/miniconda3/envs/airflow/lib/python3.8/site-packages/airflow/example_dags/plugins/event_listener.py for tasks to queue
[2024-03-09T19:35:19.240+0000] {logging_mixin.py:188} INFO - [2024-03-09T19:35:19.240+0000] {dagbag.py:540} INFO - Filling up the DagBag from /home/tin/miniconda3/envs/airflow/lib/python3.8/site-packages/airflow/example_dags/plugins/event_listener.py
[2024-03-09T19:35:19.242+0000] {processor.py:842} WARNING - No viable dags retrieved from /home/tin/miniconda3/envs/airflow/lib/python3.8/site-packages/airflow/example_dags/plugins/event_listener.py
[2024-03-09T19:35:19.249+0000] {processor.py:183} INFO - Processing /home/tin/miniconda3/envs/airflow/lib/python3.8/site-packages/airflow/example_dags/plugins/event_listener.py took 0.013 seconds
