[2024-03-09T19:28:25.434+0000] {processor.py:161} INFO - Started process (PID=84226) to work on /home/tin/miniconda3/envs/airflow/lib/python3.8/site-packages/airflow/example_dags/plugins/listener_plugin.py
[2024-03-09T19:28:25.435+0000] {processor.py:830} INFO - Processing file /home/tin/miniconda3/envs/airflow/lib/python3.8/site-packages/airflow/example_dags/plugins/listener_plugin.py for tasks to queue
[2024-03-09T19:28:25.436+0000] {logging_mixin.py:188} INFO - [2024-03-09T19:28:25.435+0000] {dagbag.py:540} INFO - Filling up the DagBag from /home/tin/miniconda3/envs/airflow/lib/python3.8/site-packages/airflow/example_dags/plugins/listener_plugin.py
[2024-03-09T19:28:25.438+0000] {processor.py:842} WARNING - No viable dags retrieved from /home/tin/miniconda3/envs/airflow/lib/python3.8/site-packages/airflow/example_dags/plugins/listener_plugin.py
[2024-03-09T19:28:25.445+0000] {processor.py:183} INFO - Processing /home/tin/miniconda3/envs/airflow/lib/python3.8/site-packages/airflow/example_dags/plugins/listener_plugin.py took 0.013 seconds
[2024-03-09T19:29:20.686+0000] {processor.py:161} INFO - Started process (PID=84577) to work on /home/tin/miniconda3/envs/airflow/lib/python3.8/site-packages/airflow/example_dags/plugins/listener_plugin.py
[2024-03-09T19:29:20.687+0000] {processor.py:830} INFO - Processing file /home/tin/miniconda3/envs/airflow/lib/python3.8/site-packages/airflow/example_dags/plugins/listener_plugin.py for tasks to queue
[2024-03-09T19:29:20.688+0000] {logging_mixin.py:188} INFO - [2024-03-09T19:29:20.688+0000] {dagbag.py:540} INFO - Filling up the DagBag from /home/tin/miniconda3/envs/airflow/lib/python3.8/site-packages/airflow/example_dags/plugins/listener_plugin.py
[2024-03-09T19:29:20.690+0000] {processor.py:842} WARNING - No viable dags retrieved from /home/tin/miniconda3/envs/airflow/lib/python3.8/site-packages/airflow/example_dags/plugins/listener_plugin.py
[2024-03-09T19:29:20.698+0000] {processor.py:183} INFO - Processing /home/tin/miniconda3/envs/airflow/lib/python3.8/site-packages/airflow/example_dags/plugins/listener_plugin.py took 0.014 seconds
[2024-03-09T19:29:59.351+0000] {processor.py:161} INFO - Started process (PID=84746) to work on /home/tin/miniconda3/envs/airflow/lib/python3.8/site-packages/airflow/example_dags/plugins/listener_plugin.py
[2024-03-09T19:29:59.353+0000] {processor.py:830} INFO - Processing file /home/tin/miniconda3/envs/airflow/lib/python3.8/site-packages/airflow/example_dags/plugins/listener_plugin.py for tasks to queue
[2024-03-09T19:29:59.354+0000] {logging_mixin.py:188} INFO - [2024-03-09T19:29:59.353+0000] {dagbag.py:540} INFO - Filling up the DagBag from /home/tin/miniconda3/envs/airflow/lib/python3.8/site-packages/airflow/example_dags/plugins/listener_plugin.py
[2024-03-09T19:29:59.356+0000] {processor.py:842} WARNING - No viable dags retrieved from /home/tin/miniconda3/envs/airflow/lib/python3.8/site-packages/airflow/example_dags/plugins/listener_plugin.py
[2024-03-09T19:29:59.363+0000] {processor.py:183} INFO - Processing /home/tin/miniconda3/envs/airflow/lib/python3.8/site-packages/airflow/example_dags/plugins/listener_plugin.py took 0.014 seconds
[2024-03-09T19:30:38.421+0000] {processor.py:161} INFO - Started process (PID=84875) to work on /home/tin/miniconda3/envs/airflow/lib/python3.8/site-packages/airflow/example_dags/plugins/listener_plugin.py
[2024-03-09T19:30:38.422+0000] {processor.py:830} INFO - Processing file /home/tin/miniconda3/envs/airflow/lib/python3.8/site-packages/airflow/example_dags/plugins/listener_plugin.py for tasks to queue
[2024-03-09T19:30:38.423+0000] {logging_mixin.py:188} INFO - [2024-03-09T19:30:38.423+0000] {dagbag.py:540} INFO - Filling up the DagBag from /home/tin/miniconda3/envs/airflow/lib/python3.8/site-packages/airflow/example_dags/plugins/listener_plugin.py
[2024-03-09T19:30:38.427+0000] {processor.py:842} WARNING - No viable dags retrieved from /home/tin/miniconda3/envs/airflow/lib/python3.8/site-packages/airflow/example_dags/plugins/listener_plugin.py
[2024-03-09T19:30:38.435+0000] {processor.py:183} INFO - Processing /home/tin/miniconda3/envs/airflow/lib/python3.8/site-packages/airflow/example_dags/plugins/listener_plugin.py took 0.016 seconds
[2024-03-09T19:31:19.064+0000] {processor.py:161} INFO - Started process (PID=84989) to work on /home/tin/miniconda3/envs/airflow/lib/python3.8/site-packages/airflow/example_dags/plugins/listener_plugin.py
[2024-03-09T19:31:19.066+0000] {processor.py:830} INFO - Processing file /home/tin/miniconda3/envs/airflow/lib/python3.8/site-packages/airflow/example_dags/plugins/listener_plugin.py for tasks to queue
[2024-03-09T19:31:19.067+0000] {logging_mixin.py:188} INFO - [2024-03-09T19:31:19.067+0000] {dagbag.py:540} INFO - Filling up the DagBag from /home/tin/miniconda3/envs/airflow/lib/python3.8/site-packages/airflow/example_dags/plugins/listener_plugin.py
[2024-03-09T19:31:19.069+0000] {processor.py:842} WARNING - No viable dags retrieved from /home/tin/miniconda3/envs/airflow/lib/python3.8/site-packages/airflow/example_dags/plugins/listener_plugin.py
[2024-03-09T19:31:19.077+0000] {processor.py:183} INFO - Processing /home/tin/miniconda3/envs/airflow/lib/python3.8/site-packages/airflow/example_dags/plugins/listener_plugin.py took 0.015 seconds
[2024-03-09T19:31:53.540+0000] {processor.py:161} INFO - Started process (PID=85102) to work on /home/tin/miniconda3/envs/airflow/lib/python3.8/site-packages/airflow/example_dags/plugins/listener_plugin.py
[2024-03-09T19:31:53.542+0000] {processor.py:830} INFO - Processing file /home/tin/miniconda3/envs/airflow/lib/python3.8/site-packages/airflow/example_dags/plugins/listener_plugin.py for tasks to queue
[2024-03-09T19:31:53.543+0000] {logging_mixin.py:188} INFO - [2024-03-09T19:31:53.543+0000] {dagbag.py:540} INFO - Filling up the DagBag from /home/tin/miniconda3/envs/airflow/lib/python3.8/site-packages/airflow/example_dags/plugins/listener_plugin.py
[2024-03-09T19:31:53.546+0000] {processor.py:842} WARNING - No viable dags retrieved from /home/tin/miniconda3/envs/airflow/lib/python3.8/site-packages/airflow/example_dags/plugins/listener_plugin.py
[2024-03-09T19:31:53.557+0000] {processor.py:183} INFO - Processing /home/tin/miniconda3/envs/airflow/lib/python3.8/site-packages/airflow/example_dags/plugins/listener_plugin.py took 0.020 seconds
[2024-03-09T19:32:26.875+0000] {processor.py:161} INFO - Started process (PID=85171) to work on /home/tin/miniconda3/envs/airflow/lib/python3.8/site-packages/airflow/example_dags/plugins/listener_plugin.py
[2024-03-09T19:32:26.876+0000] {processor.py:830} INFO - Processing file /home/tin/miniconda3/envs/airflow/lib/python3.8/site-packages/airflow/example_dags/plugins/listener_plugin.py for tasks to queue
[2024-03-09T19:32:26.877+0000] {logging_mixin.py:188} INFO - [2024-03-09T19:32:26.876+0000] {dagbag.py:540} INFO - Filling up the DagBag from /home/tin/miniconda3/envs/airflow/lib/python3.8/site-packages/airflow/example_dags/plugins/listener_plugin.py
[2024-03-09T19:32:26.879+0000] {processor.py:842} WARNING - No viable dags retrieved from /home/tin/miniconda3/envs/airflow/lib/python3.8/site-packages/airflow/example_dags/plugins/listener_plugin.py
[2024-03-09T19:32:26.886+0000] {processor.py:183} INFO - Processing /home/tin/miniconda3/envs/airflow/lib/python3.8/site-packages/airflow/example_dags/plugins/listener_plugin.py took 0.014 seconds
[2024-03-09T19:33:02.694+0000] {processor.py:161} INFO - Started process (PID=85389) to work on /home/tin/miniconda3/envs/airflow/lib/python3.8/site-packages/airflow/example_dags/plugins/listener_plugin.py
[2024-03-09T19:33:02.695+0000] {processor.py:830} INFO - Processing file /home/tin/miniconda3/envs/airflow/lib/python3.8/site-packages/airflow/example_dags/plugins/listener_plugin.py for tasks to queue
[2024-03-09T19:33:02.696+0000] {logging_mixin.py:188} INFO - [2024-03-09T19:33:02.696+0000] {dagbag.py:540} INFO - Filling up the DagBag from /home/tin/miniconda3/envs/airflow/lib/python3.8/site-packages/airflow/example_dags/plugins/listener_plugin.py
[2024-03-09T19:33:02.698+0000] {processor.py:842} WARNING - No viable dags retrieved from /home/tin/miniconda3/envs/airflow/lib/python3.8/site-packages/airflow/example_dags/plugins/listener_plugin.py
[2024-03-09T19:33:02.706+0000] {processor.py:183} INFO - Processing /home/tin/miniconda3/envs/airflow/lib/python3.8/site-packages/airflow/example_dags/plugins/listener_plugin.py took 0.014 seconds
[2024-03-09T19:33:37.816+0000] {processor.py:161} INFO - Started process (PID=85568) to work on /home/tin/miniconda3/envs/airflow/lib/python3.8/site-packages/airflow/example_dags/plugins/listener_plugin.py
[2024-03-09T19:33:37.819+0000] {processor.py:830} INFO - Processing file /home/tin/miniconda3/envs/airflow/lib/python3.8/site-packages/airflow/example_dags/plugins/listener_plugin.py for tasks to queue
[2024-03-09T19:33:37.820+0000] {logging_mixin.py:188} INFO - [2024-03-09T19:33:37.820+0000] {dagbag.py:540} INFO - Filling up the DagBag from /home/tin/miniconda3/envs/airflow/lib/python3.8/site-packages/airflow/example_dags/plugins/listener_plugin.py
[2024-03-09T19:33:37.822+0000] {processor.py:842} WARNING - No viable dags retrieved from /home/tin/miniconda3/envs/airflow/lib/python3.8/site-packages/airflow/example_dags/plugins/listener_plugin.py
[2024-03-09T19:33:37.829+0000] {processor.py:183} INFO - Processing /home/tin/miniconda3/envs/airflow/lib/python3.8/site-packages/airflow/example_dags/plugins/listener_plugin.py took 0.016 seconds
[2024-03-09T19:34:11.413+0000] {processor.py:161} INFO - Started process (PID=85604) to work on /home/tin/miniconda3/envs/airflow/lib/python3.8/site-packages/airflow/example_dags/plugins/listener_plugin.py
[2024-03-09T19:34:11.414+0000] {processor.py:830} INFO - Processing file /home/tin/miniconda3/envs/airflow/lib/python3.8/site-packages/airflow/example_dags/plugins/listener_plugin.py for tasks to queue
[2024-03-09T19:34:11.415+0000] {logging_mixin.py:188} INFO - [2024-03-09T19:34:11.414+0000] {dagbag.py:540} INFO - Filling up the DagBag from /home/tin/miniconda3/envs/airflow/lib/python3.8/site-packages/airflow/example_dags/plugins/listener_plugin.py
[2024-03-09T19:34:11.417+0000] {processor.py:842} WARNING - No viable dags retrieved from /home/tin/miniconda3/envs/airflow/lib/python3.8/site-packages/airflow/example_dags/plugins/listener_plugin.py
[2024-03-09T19:34:11.425+0000] {processor.py:183} INFO - Processing /home/tin/miniconda3/envs/airflow/lib/python3.8/site-packages/airflow/example_dags/plugins/listener_plugin.py took 0.014 seconds
[2024-03-09T19:34:46.178+0000] {processor.py:161} INFO - Started process (PID=85772) to work on /home/tin/miniconda3/envs/airflow/lib/python3.8/site-packages/airflow/example_dags/plugins/listener_plugin.py
[2024-03-09T19:34:46.179+0000] {processor.py:830} INFO - Processing file /home/tin/miniconda3/envs/airflow/lib/python3.8/site-packages/airflow/example_dags/plugins/listener_plugin.py for tasks to queue
[2024-03-09T19:34:46.180+0000] {logging_mixin.py:188} INFO - [2024-03-09T19:34:46.180+0000] {dagbag.py:540} INFO - Filling up the DagBag from /home/tin/miniconda3/envs/airflow/lib/python3.8/site-packages/airflow/example_dags/plugins/listener_plugin.py
[2024-03-09T19:34:46.183+0000] {processor.py:842} WARNING - No viable dags retrieved from /home/tin/miniconda3/envs/airflow/lib/python3.8/site-packages/airflow/example_dags/plugins/listener_plugin.py
[2024-03-09T19:34:46.191+0000] {processor.py:183} INFO - Processing /home/tin/miniconda3/envs/airflow/lib/python3.8/site-packages/airflow/example_dags/plugins/listener_plugin.py took 0.015 seconds
[2024-03-09T19:35:18.083+0000] {processor.py:161} INFO - Started process (PID=85907) to work on /home/tin/miniconda3/envs/airflow/lib/python3.8/site-packages/airflow/example_dags/plugins/listener_plugin.py
[2024-03-09T19:35:18.084+0000] {processor.py:830} INFO - Processing file /home/tin/miniconda3/envs/airflow/lib/python3.8/site-packages/airflow/example_dags/plugins/listener_plugin.py for tasks to queue
[2024-03-09T19:35:18.084+0000] {logging_mixin.py:188} INFO - [2024-03-09T19:35:18.084+0000] {dagbag.py:540} INFO - Filling up the DagBag from /home/tin/miniconda3/envs/airflow/lib/python3.8/site-packages/airflow/example_dags/plugins/listener_plugin.py
[2024-03-09T19:35:18.087+0000] {processor.py:842} WARNING - No viable dags retrieved from /home/tin/miniconda3/envs/airflow/lib/python3.8/site-packages/airflow/example_dags/plugins/listener_plugin.py
[2024-03-09T19:35:18.094+0000] {processor.py:183} INFO - Processing /home/tin/miniconda3/envs/airflow/lib/python3.8/site-packages/airflow/example_dags/plugins/listener_plugin.py took 0.013 seconds
