[2024-03-09T19:28:27.699+0000] {processor.py:161} INFO - Started process (PID=84228) to work on /home/tin/miniconda3/envs/airflow/lib/python3.8/site-packages/airflow/example_dags/plugins/workday.py
[2024-03-09T19:28:27.700+0000] {processor.py:830} INFO - Processing file /home/tin/miniconda3/envs/airflow/lib/python3.8/site-packages/airflow/example_dags/plugins/workday.py for tasks to queue
[2024-03-09T19:28:27.701+0000] {logging_mixin.py:188} INFO - [2024-03-09T19:28:27.700+0000] {dagbag.py:540} INFO - Filling up the DagBag from /home/tin/miniconda3/envs/airflow/lib/python3.8/site-packages/airflow/example_dags/plugins/workday.py
[2024-03-09T19:28:27.703+0000] {logging_mixin.py:188} INFO - [2024-03-09T19:28:27.703+0000] {workday.py:40} WARNING - Could not import pandas. Holidays will not be considered.
[2024-03-09T19:28:27.703+0000] {processor.py:842} WARNING - No viable dags retrieved from /home/tin/miniconda3/envs/airflow/lib/python3.8/site-packages/airflow/example_dags/plugins/workday.py
[2024-03-09T19:28:27.710+0000] {processor.py:183} INFO - Processing /home/tin/miniconda3/envs/airflow/lib/python3.8/site-packages/airflow/example_dags/plugins/workday.py took 0.013 seconds
[2024-03-09T19:29:22.211+0000] {processor.py:161} INFO - Started process (PID=84579) to work on /home/tin/miniconda3/envs/airflow/lib/python3.8/site-packages/airflow/example_dags/plugins/workday.py
[2024-03-09T19:29:22.213+0000] {processor.py:830} INFO - Processing file /home/tin/miniconda3/envs/airflow/lib/python3.8/site-packages/airflow/example_dags/plugins/workday.py for tasks to queue
[2024-03-09T19:29:22.214+0000] {logging_mixin.py:188} INFO - [2024-03-09T19:29:22.214+0000] {dagbag.py:540} INFO - Filling up the DagBag from /home/tin/miniconda3/envs/airflow/lib/python3.8/site-packages/airflow/example_dags/plugins/workday.py
[2024-03-09T19:29:22.217+0000] {logging_mixin.py:188} INFO - [2024-03-09T19:29:22.217+0000] {workday.py:40} WARNING - Could not import pandas. Holidays will not be considered.
[2024-03-09T19:29:22.217+0000] {processor.py:842} WARNING - No viable dags retrieved from /home/tin/miniconda3/envs/airflow/lib/python3.8/site-packages/airflow/example_dags/plugins/workday.py
[2024-03-09T19:29:22.226+0000] {processor.py:183} INFO - Processing /home/tin/miniconda3/envs/airflow/lib/python3.8/site-packages/airflow/example_dags/plugins/workday.py took 0.018 seconds
[2024-03-09T19:30:01.618+0000] {processor.py:161} INFO - Started process (PID=84748) to work on /home/tin/miniconda3/envs/airflow/lib/python3.8/site-packages/airflow/example_dags/plugins/workday.py
[2024-03-09T19:30:01.620+0000] {processor.py:830} INFO - Processing file /home/tin/miniconda3/envs/airflow/lib/python3.8/site-packages/airflow/example_dags/plugins/workday.py for tasks to queue
[2024-03-09T19:30:01.621+0000] {logging_mixin.py:188} INFO - [2024-03-09T19:30:01.621+0000] {dagbag.py:540} INFO - Filling up the DagBag from /home/tin/miniconda3/envs/airflow/lib/python3.8/site-packages/airflow/example_dags/plugins/workday.py
[2024-03-09T19:30:01.623+0000] {logging_mixin.py:188} INFO - [2024-03-09T19:30:01.623+0000] {workday.py:40} WARNING - Could not import pandas. Holidays will not be considered.
[2024-03-09T19:30:01.623+0000] {processor.py:842} WARNING - No viable dags retrieved from /home/tin/miniconda3/envs/airflow/lib/python3.8/site-packages/airflow/example_dags/plugins/workday.py
[2024-03-09T19:30:01.631+0000] {processor.py:183} INFO - Processing /home/tin/miniconda3/envs/airflow/lib/python3.8/site-packages/airflow/example_dags/plugins/workday.py took 0.014 seconds
[2024-03-09T19:30:40.069+0000] {processor.py:161} INFO - Started process (PID=84877) to work on /home/tin/miniconda3/envs/airflow/lib/python3.8/site-packages/airflow/example_dags/plugins/workday.py
[2024-03-09T19:30:40.071+0000] {processor.py:830} INFO - Processing file /home/tin/miniconda3/envs/airflow/lib/python3.8/site-packages/airflow/example_dags/plugins/workday.py for tasks to queue
[2024-03-09T19:30:40.072+0000] {logging_mixin.py:188} INFO - [2024-03-09T19:30:40.071+0000] {dagbag.py:540} INFO - Filling up the DagBag from /home/tin/miniconda3/envs/airflow/lib/python3.8/site-packages/airflow/example_dags/plugins/workday.py
[2024-03-09T19:30:40.074+0000] {logging_mixin.py:188} INFO - [2024-03-09T19:30:40.074+0000] {workday.py:40} WARNING - Could not import pandas. Holidays will not be considered.
[2024-03-09T19:30:40.074+0000] {processor.py:842} WARNING - No viable dags retrieved from /home/tin/miniconda3/envs/airflow/lib/python3.8/site-packages/airflow/example_dags/plugins/workday.py
[2024-03-09T19:30:40.082+0000] {processor.py:183} INFO - Processing /home/tin/miniconda3/envs/airflow/lib/python3.8/site-packages/airflow/example_dags/plugins/workday.py took 0.015 seconds
[2024-03-09T19:31:21.330+0000] {processor.py:161} INFO - Started process (PID=84991) to work on /home/tin/miniconda3/envs/airflow/lib/python3.8/site-packages/airflow/example_dags/plugins/workday.py
[2024-03-09T19:31:21.332+0000] {processor.py:830} INFO - Processing file /home/tin/miniconda3/envs/airflow/lib/python3.8/site-packages/airflow/example_dags/plugins/workday.py for tasks to queue
[2024-03-09T19:31:21.333+0000] {logging_mixin.py:188} INFO - [2024-03-09T19:31:21.332+0000] {dagbag.py:540} INFO - Filling up the DagBag from /home/tin/miniconda3/envs/airflow/lib/python3.8/site-packages/airflow/example_dags/plugins/workday.py
[2024-03-09T19:31:21.335+0000] {logging_mixin.py:188} INFO - [2024-03-09T19:31:21.335+0000] {workday.py:40} WARNING - Could not import pandas. Holidays will not be considered.
[2024-03-09T19:31:21.336+0000] {processor.py:842} WARNING - No viable dags retrieved from /home/tin/miniconda3/envs/airflow/lib/python3.8/site-packages/airflow/example_dags/plugins/workday.py
[2024-03-09T19:31:21.343+0000] {processor.py:183} INFO - Processing /home/tin/miniconda3/envs/airflow/lib/python3.8/site-packages/airflow/example_dags/plugins/workday.py took 0.015 seconds
[2024-03-09T19:31:55.819+0000] {processor.py:161} INFO - Started process (PID=85120) to work on /home/tin/miniconda3/envs/airflow/lib/python3.8/site-packages/airflow/example_dags/plugins/workday.py
[2024-03-09T19:31:55.821+0000] {processor.py:830} INFO - Processing file /home/tin/miniconda3/envs/airflow/lib/python3.8/site-packages/airflow/example_dags/plugins/workday.py for tasks to queue
[2024-03-09T19:31:55.822+0000] {logging_mixin.py:188} INFO - [2024-03-09T19:31:55.822+0000] {dagbag.py:540} INFO - Filling up the DagBag from /home/tin/miniconda3/envs/airflow/lib/python3.8/site-packages/airflow/example_dags/plugins/workday.py
[2024-03-09T19:31:56.039+0000] {processor.py:842} WARNING - No viable dags retrieved from /home/tin/miniconda3/envs/airflow/lib/python3.8/site-packages/airflow/example_dags/plugins/workday.py
[2024-03-09T19:31:56.046+0000] {processor.py:183} INFO - Processing /home/tin/miniconda3/envs/airflow/lib/python3.8/site-packages/airflow/example_dags/plugins/workday.py took 0.229 seconds
[2024-03-09T19:32:42.022+0000] {processor.py:161} INFO - Started process (PID=85276) to work on /home/tin/miniconda3/envs/airflow/lib/python3.8/site-packages/airflow/example_dags/plugins/workday.py
[2024-03-09T19:32:42.025+0000] {processor.py:830} INFO - Processing file /home/tin/miniconda3/envs/airflow/lib/python3.8/site-packages/airflow/example_dags/plugins/workday.py for tasks to queue
[2024-03-09T19:32:42.027+0000] {logging_mixin.py:188} INFO - [2024-03-09T19:32:42.027+0000] {dagbag.py:540} INFO - Filling up the DagBag from /home/tin/miniconda3/envs/airflow/lib/python3.8/site-packages/airflow/example_dags/plugins/workday.py
[2024-03-09T19:32:42.360+0000] {processor.py:842} WARNING - No viable dags retrieved from /home/tin/miniconda3/envs/airflow/lib/python3.8/site-packages/airflow/example_dags/plugins/workday.py
[2024-03-09T19:32:42.370+0000] {processor.py:183} INFO - Processing /home/tin/miniconda3/envs/airflow/lib/python3.8/site-packages/airflow/example_dags/plugins/workday.py took 0.352 seconds
[2024-03-09T19:33:19.766+0000] {processor.py:161} INFO - Started process (PID=85501) to work on /home/tin/miniconda3/envs/airflow/lib/python3.8/site-packages/airflow/example_dags/plugins/workday.py
[2024-03-09T19:33:19.768+0000] {processor.py:830} INFO - Processing file /home/tin/miniconda3/envs/airflow/lib/python3.8/site-packages/airflow/example_dags/plugins/workday.py for tasks to queue
[2024-03-09T19:33:19.769+0000] {logging_mixin.py:188} INFO - [2024-03-09T19:33:19.769+0000] {dagbag.py:540} INFO - Filling up the DagBag from /home/tin/miniconda3/envs/airflow/lib/python3.8/site-packages/airflow/example_dags/plugins/workday.py
[2024-03-09T19:33:20.000+0000] {processor.py:842} WARNING - No viable dags retrieved from /home/tin/miniconda3/envs/airflow/lib/python3.8/site-packages/airflow/example_dags/plugins/workday.py
[2024-03-09T19:33:20.008+0000] {processor.py:183} INFO - Processing /home/tin/miniconda3/envs/airflow/lib/python3.8/site-packages/airflow/example_dags/plugins/workday.py took 0.244 seconds
[2024-03-09T19:33:53.237+0000] {processor.py:161} INFO - Started process (PID=85584) to work on /home/tin/miniconda3/envs/airflow/lib/python3.8/site-packages/airflow/example_dags/plugins/workday.py
[2024-03-09T19:33:53.239+0000] {processor.py:830} INFO - Processing file /home/tin/miniconda3/envs/airflow/lib/python3.8/site-packages/airflow/example_dags/plugins/workday.py for tasks to queue
[2024-03-09T19:33:53.240+0000] {logging_mixin.py:188} INFO - [2024-03-09T19:33:53.240+0000] {dagbag.py:540} INFO - Filling up the DagBag from /home/tin/miniconda3/envs/airflow/lib/python3.8/site-packages/airflow/example_dags/plugins/workday.py
[2024-03-09T19:33:53.507+0000] {processor.py:842} WARNING - No viable dags retrieved from /home/tin/miniconda3/envs/airflow/lib/python3.8/site-packages/airflow/example_dags/plugins/workday.py
[2024-03-09T19:33:53.514+0000] {processor.py:183} INFO - Processing /home/tin/miniconda3/envs/airflow/lib/python3.8/site-packages/airflow/example_dags/plugins/workday.py took 0.279 seconds
[2024-03-09T19:34:28.565+0000] {processor.py:161} INFO - Started process (PID=85686) to work on /home/tin/miniconda3/envs/airflow/lib/python3.8/site-packages/airflow/example_dags/plugins/workday.py
[2024-03-09T19:34:28.567+0000] {processor.py:830} INFO - Processing file /home/tin/miniconda3/envs/airflow/lib/python3.8/site-packages/airflow/example_dags/plugins/workday.py for tasks to queue
[2024-03-09T19:34:28.567+0000] {logging_mixin.py:188} INFO - [2024-03-09T19:34:28.567+0000] {dagbag.py:540} INFO - Filling up the DagBag from /home/tin/miniconda3/envs/airflow/lib/python3.8/site-packages/airflow/example_dags/plugins/workday.py
[2024-03-09T19:34:28.798+0000] {processor.py:842} WARNING - No viable dags retrieved from /home/tin/miniconda3/envs/airflow/lib/python3.8/site-packages/airflow/example_dags/plugins/workday.py
[2024-03-09T19:34:28.805+0000] {processor.py:183} INFO - Processing /home/tin/miniconda3/envs/airflow/lib/python3.8/site-packages/airflow/example_dags/plugins/workday.py took 0.241 seconds
[2024-03-09T19:35:00.148+0000] {processor.py:161} INFO - Started process (PID=85862) to work on /home/tin/miniconda3/envs/airflow/lib/python3.8/site-packages/airflow/example_dags/plugins/workday.py
[2024-03-09T19:35:00.150+0000] {processor.py:830} INFO - Processing file /home/tin/miniconda3/envs/airflow/lib/python3.8/site-packages/airflow/example_dags/plugins/workday.py for tasks to queue
[2024-03-09T19:35:00.150+0000] {logging_mixin.py:188} INFO - [2024-03-09T19:35:00.150+0000] {dagbag.py:540} INFO - Filling up the DagBag from /home/tin/miniconda3/envs/airflow/lib/python3.8/site-packages/airflow/example_dags/plugins/workday.py
[2024-03-09T19:35:00.410+0000] {processor.py:842} WARNING - No viable dags retrieved from /home/tin/miniconda3/envs/airflow/lib/python3.8/site-packages/airflow/example_dags/plugins/workday.py
[2024-03-09T19:35:00.417+0000] {processor.py:183} INFO - Processing /home/tin/miniconda3/envs/airflow/lib/python3.8/site-packages/airflow/example_dags/plugins/workday.py took 0.272 seconds
[2024-03-09T19:35:34.676+0000] {processor.py:161} INFO - Started process (PID=85940) to work on /home/tin/miniconda3/envs/airflow/lib/python3.8/site-packages/airflow/example_dags/plugins/workday.py
[2024-03-09T19:35:34.677+0000] {processor.py:830} INFO - Processing file /home/tin/miniconda3/envs/airflow/lib/python3.8/site-packages/airflow/example_dags/plugins/workday.py for tasks to queue
[2024-03-09T19:35:34.678+0000] {logging_mixin.py:188} INFO - [2024-03-09T19:35:34.677+0000] {dagbag.py:540} INFO - Filling up the DagBag from /home/tin/miniconda3/envs/airflow/lib/python3.8/site-packages/airflow/example_dags/plugins/workday.py
[2024-03-09T19:35:34.899+0000] {processor.py:842} WARNING - No viable dags retrieved from /home/tin/miniconda3/envs/airflow/lib/python3.8/site-packages/airflow/example_dags/plugins/workday.py
[2024-03-09T19:35:34.907+0000] {processor.py:183} INFO - Processing /home/tin/miniconda3/envs/airflow/lib/python3.8/site-packages/airflow/example_dags/plugins/workday.py took 0.233 seconds
