[2024-03-09T19:28:24.274+0000] {processor.py:161} INFO - Started process (PID=84220) to work on /home/tin/miniconda3/envs/airflow/lib/python3.8/site-packages/airflow/example_dags/subdags/subdag.py
[2024-03-09T19:28:24.275+0000] {processor.py:830} INFO - Processing file /home/tin/miniconda3/envs/airflow/lib/python3.8/site-packages/airflow/example_dags/subdags/subdag.py for tasks to queue
[2024-03-09T19:28:24.276+0000] {logging_mixin.py:188} INFO - [2024-03-09T19:28:24.276+0000] {dagbag.py:540} INFO - Filling up the DagBag from /home/tin/miniconda3/envs/airflow/lib/python3.8/site-packages/airflow/example_dags/subdags/subdag.py
[2024-03-09T19:28:24.278+0000] {processor.py:842} WARNING - No viable dags retrieved from /home/tin/miniconda3/envs/airflow/lib/python3.8/site-packages/airflow/example_dags/subdags/subdag.py
[2024-03-09T19:28:24.285+0000] {processor.py:183} INFO - Processing /home/tin/miniconda3/envs/airflow/lib/python3.8/site-packages/airflow/example_dags/subdags/subdag.py took 0.013 seconds
[2024-03-09T19:29:19.557+0000] {processor.py:161} INFO - Started process (PID=84568) to work on /home/tin/miniconda3/envs/airflow/lib/python3.8/site-packages/airflow/example_dags/subdags/subdag.py
[2024-03-09T19:29:19.563+0000] {processor.py:830} INFO - Processing file /home/tin/miniconda3/envs/airflow/lib/python3.8/site-packages/airflow/example_dags/subdags/subdag.py for tasks to queue
[2024-03-09T19:29:19.564+0000] {logging_mixin.py:188} INFO - [2024-03-09T19:29:19.563+0000] {dagbag.py:540} INFO - Filling up the DagBag from /home/tin/miniconda3/envs/airflow/lib/python3.8/site-packages/airflow/example_dags/subdags/subdag.py
[2024-03-09T19:29:19.566+0000] {processor.py:842} WARNING - No viable dags retrieved from /home/tin/miniconda3/envs/airflow/lib/python3.8/site-packages/airflow/example_dags/subdags/subdag.py
[2024-03-09T19:29:19.574+0000] {processor.py:183} INFO - Processing /home/tin/miniconda3/envs/airflow/lib/python3.8/site-packages/airflow/example_dags/subdags/subdag.py took 0.021 seconds
[2024-03-09T19:29:58.209+0000] {processor.py:161} INFO - Started process (PID=84745) to work on /home/tin/miniconda3/envs/airflow/lib/python3.8/site-packages/airflow/example_dags/subdags/subdag.py
[2024-03-09T19:29:58.211+0000] {processor.py:830} INFO - Processing file /home/tin/miniconda3/envs/airflow/lib/python3.8/site-packages/airflow/example_dags/subdags/subdag.py for tasks to queue
[2024-03-09T19:29:58.212+0000] {logging_mixin.py:188} INFO - [2024-03-09T19:29:58.212+0000] {dagbag.py:540} INFO - Filling up the DagBag from /home/tin/miniconda3/envs/airflow/lib/python3.8/site-packages/airflow/example_dags/subdags/subdag.py
[2024-03-09T19:29:58.214+0000] {processor.py:842} WARNING - No viable dags retrieved from /home/tin/miniconda3/envs/airflow/lib/python3.8/site-packages/airflow/example_dags/subdags/subdag.py
[2024-03-09T19:29:58.222+0000] {processor.py:183} INFO - Processing /home/tin/miniconda3/envs/airflow/lib/python3.8/site-packages/airflow/example_dags/subdags/subdag.py took 0.015 seconds
[2024-03-09T19:30:37.281+0000] {processor.py:161} INFO - Started process (PID=84874) to work on /home/tin/miniconda3/envs/airflow/lib/python3.8/site-packages/airflow/example_dags/subdags/subdag.py
[2024-03-09T19:30:37.283+0000] {processor.py:830} INFO - Processing file /home/tin/miniconda3/envs/airflow/lib/python3.8/site-packages/airflow/example_dags/subdags/subdag.py for tasks to queue
[2024-03-09T19:30:37.283+0000] {logging_mixin.py:188} INFO - [2024-03-09T19:30:37.283+0000] {dagbag.py:540} INFO - Filling up the DagBag from /home/tin/miniconda3/envs/airflow/lib/python3.8/site-packages/airflow/example_dags/subdags/subdag.py
[2024-03-09T19:30:37.285+0000] {processor.py:842} WARNING - No viable dags retrieved from /home/tin/miniconda3/envs/airflow/lib/python3.8/site-packages/airflow/example_dags/subdags/subdag.py
[2024-03-09T19:30:37.293+0000] {processor.py:183} INFO - Processing /home/tin/miniconda3/envs/airflow/lib/python3.8/site-packages/airflow/example_dags/subdags/subdag.py took 0.014 seconds
[2024-03-09T19:31:17.930+0000] {processor.py:161} INFO - Started process (PID=84985) to work on /home/tin/miniconda3/envs/airflow/lib/python3.8/site-packages/airflow/example_dags/subdags/subdag.py
[2024-03-09T19:31:17.932+0000] {processor.py:830} INFO - Processing file /home/tin/miniconda3/envs/airflow/lib/python3.8/site-packages/airflow/example_dags/subdags/subdag.py for tasks to queue
[2024-03-09T19:31:17.933+0000] {logging_mixin.py:188} INFO - [2024-03-09T19:31:17.933+0000] {dagbag.py:540} INFO - Filling up the DagBag from /home/tin/miniconda3/envs/airflow/lib/python3.8/site-packages/airflow/example_dags/subdags/subdag.py
[2024-03-09T19:31:17.935+0000] {processor.py:842} WARNING - No viable dags retrieved from /home/tin/miniconda3/envs/airflow/lib/python3.8/site-packages/airflow/example_dags/subdags/subdag.py
[2024-03-09T19:31:17.943+0000] {processor.py:183} INFO - Processing /home/tin/miniconda3/envs/airflow/lib/python3.8/site-packages/airflow/example_dags/subdags/subdag.py took 0.014 seconds
[2024-03-09T19:31:52.375+0000] {processor.py:161} INFO - Started process (PID=85088) to work on /home/tin/miniconda3/envs/airflow/lib/python3.8/site-packages/airflow/example_dags/subdags/subdag.py
[2024-03-09T19:31:52.377+0000] {processor.py:830} INFO - Processing file /home/tin/miniconda3/envs/airflow/lib/python3.8/site-packages/airflow/example_dags/subdags/subdag.py for tasks to queue
[2024-03-09T19:31:52.377+0000] {logging_mixin.py:188} INFO - [2024-03-09T19:31:52.377+0000] {dagbag.py:540} INFO - Filling up the DagBag from /home/tin/miniconda3/envs/airflow/lib/python3.8/site-packages/airflow/example_dags/subdags/subdag.py
[2024-03-09T19:31:52.379+0000] {processor.py:842} WARNING - No viable dags retrieved from /home/tin/miniconda3/envs/airflow/lib/python3.8/site-packages/airflow/example_dags/subdags/subdag.py
[2024-03-09T19:31:52.386+0000] {processor.py:183} INFO - Processing /home/tin/miniconda3/envs/airflow/lib/python3.8/site-packages/airflow/example_dags/subdags/subdag.py took 0.014 seconds
[2024-03-09T19:32:25.743+0000] {processor.py:161} INFO - Started process (PID=85170) to work on /home/tin/miniconda3/envs/airflow/lib/python3.8/site-packages/airflow/example_dags/subdags/subdag.py
[2024-03-09T19:32:25.745+0000] {processor.py:830} INFO - Processing file /home/tin/miniconda3/envs/airflow/lib/python3.8/site-packages/airflow/example_dags/subdags/subdag.py for tasks to queue
[2024-03-09T19:32:25.746+0000] {logging_mixin.py:188} INFO - [2024-03-09T19:32:25.746+0000] {dagbag.py:540} INFO - Filling up the DagBag from /home/tin/miniconda3/envs/airflow/lib/python3.8/site-packages/airflow/example_dags/subdags/subdag.py
[2024-03-09T19:32:25.748+0000] {processor.py:842} WARNING - No viable dags retrieved from /home/tin/miniconda3/envs/airflow/lib/python3.8/site-packages/airflow/example_dags/subdags/subdag.py
[2024-03-09T19:32:25.756+0000] {processor.py:183} INFO - Processing /home/tin/miniconda3/envs/airflow/lib/python3.8/site-packages/airflow/example_dags/subdags/subdag.py took 0.015 seconds
[2024-03-09T19:33:01.562+0000] {processor.py:161} INFO - Started process (PID=85388) to work on /home/tin/miniconda3/envs/airflow/lib/python3.8/site-packages/airflow/example_dags/subdags/subdag.py
[2024-03-09T19:33:01.563+0000] {processor.py:830} INFO - Processing file /home/tin/miniconda3/envs/airflow/lib/python3.8/site-packages/airflow/example_dags/subdags/subdag.py for tasks to queue
[2024-03-09T19:33:01.564+0000] {logging_mixin.py:188} INFO - [2024-03-09T19:33:01.564+0000] {dagbag.py:540} INFO - Filling up the DagBag from /home/tin/miniconda3/envs/airflow/lib/python3.8/site-packages/airflow/example_dags/subdags/subdag.py
[2024-03-09T19:33:01.566+0000] {processor.py:842} WARNING - No viable dags retrieved from /home/tin/miniconda3/envs/airflow/lib/python3.8/site-packages/airflow/example_dags/subdags/subdag.py
[2024-03-09T19:33:01.573+0000] {processor.py:183} INFO - Processing /home/tin/miniconda3/envs/airflow/lib/python3.8/site-packages/airflow/example_dags/subdags/subdag.py took 0.015 seconds
[2024-03-09T19:33:36.679+0000] {processor.py:161} INFO - Started process (PID=85567) to work on /home/tin/miniconda3/envs/airflow/lib/python3.8/site-packages/airflow/example_dags/subdags/subdag.py
[2024-03-09T19:33:36.681+0000] {processor.py:830} INFO - Processing file /home/tin/miniconda3/envs/airflow/lib/python3.8/site-packages/airflow/example_dags/subdags/subdag.py for tasks to queue
[2024-03-09T19:33:36.682+0000] {logging_mixin.py:188} INFO - [2024-03-09T19:33:36.681+0000] {dagbag.py:540} INFO - Filling up the DagBag from /home/tin/miniconda3/envs/airflow/lib/python3.8/site-packages/airflow/example_dags/subdags/subdag.py
[2024-03-09T19:33:36.684+0000] {processor.py:842} WARNING - No viable dags retrieved from /home/tin/miniconda3/envs/airflow/lib/python3.8/site-packages/airflow/example_dags/subdags/subdag.py
[2024-03-09T19:33:36.692+0000] {processor.py:183} INFO - Processing /home/tin/miniconda3/envs/airflow/lib/python3.8/site-packages/airflow/example_dags/subdags/subdag.py took 0.015 seconds
[2024-03-09T19:34:10.280+0000] {processor.py:161} INFO - Started process (PID=85603) to work on /home/tin/miniconda3/envs/airflow/lib/python3.8/site-packages/airflow/example_dags/subdags/subdag.py
[2024-03-09T19:34:10.282+0000] {processor.py:830} INFO - Processing file /home/tin/miniconda3/envs/airflow/lib/python3.8/site-packages/airflow/example_dags/subdags/subdag.py for tasks to queue
[2024-03-09T19:34:10.282+0000] {logging_mixin.py:188} INFO - [2024-03-09T19:34:10.282+0000] {dagbag.py:540} INFO - Filling up the DagBag from /home/tin/miniconda3/envs/airflow/lib/python3.8/site-packages/airflow/example_dags/subdags/subdag.py
[2024-03-09T19:34:10.284+0000] {processor.py:842} WARNING - No viable dags retrieved from /home/tin/miniconda3/envs/airflow/lib/python3.8/site-packages/airflow/example_dags/subdags/subdag.py
[2024-03-09T19:34:10.291+0000] {processor.py:183} INFO - Processing /home/tin/miniconda3/envs/airflow/lib/python3.8/site-packages/airflow/example_dags/subdags/subdag.py took 0.013 seconds
[2024-03-09T19:34:45.045+0000] {processor.py:161} INFO - Started process (PID=85768) to work on /home/tin/miniconda3/envs/airflow/lib/python3.8/site-packages/airflow/example_dags/subdags/subdag.py
[2024-03-09T19:34:45.046+0000] {processor.py:830} INFO - Processing file /home/tin/miniconda3/envs/airflow/lib/python3.8/site-packages/airflow/example_dags/subdags/subdag.py for tasks to queue
[2024-03-09T19:34:45.047+0000] {logging_mixin.py:188} INFO - [2024-03-09T19:34:45.047+0000] {dagbag.py:540} INFO - Filling up the DagBag from /home/tin/miniconda3/envs/airflow/lib/python3.8/site-packages/airflow/example_dags/subdags/subdag.py
[2024-03-09T19:34:45.049+0000] {processor.py:842} WARNING - No viable dags retrieved from /home/tin/miniconda3/envs/airflow/lib/python3.8/site-packages/airflow/example_dags/subdags/subdag.py
[2024-03-09T19:34:45.057+0000] {processor.py:183} INFO - Processing /home/tin/miniconda3/envs/airflow/lib/python3.8/site-packages/airflow/example_dags/subdags/subdag.py took 0.014 seconds
[2024-03-09T19:35:17.486+0000] {processor.py:161} INFO - Started process (PID=85905) to work on /home/tin/miniconda3/envs/airflow/lib/python3.8/site-packages/airflow/example_dags/subdags/subdag.py
[2024-03-09T19:35:17.487+0000] {processor.py:830} INFO - Processing file /home/tin/miniconda3/envs/airflow/lib/python3.8/site-packages/airflow/example_dags/subdags/subdag.py for tasks to queue
[2024-03-09T19:35:17.488+0000] {logging_mixin.py:188} INFO - [2024-03-09T19:35:17.488+0000] {dagbag.py:540} INFO - Filling up the DagBag from /home/tin/miniconda3/envs/airflow/lib/python3.8/site-packages/airflow/example_dags/subdags/subdag.py
[2024-03-09T19:35:17.490+0000] {processor.py:842} WARNING - No viable dags retrieved from /home/tin/miniconda3/envs/airflow/lib/python3.8/site-packages/airflow/example_dags/subdags/subdag.py
[2024-03-09T19:35:17.497+0000] {processor.py:183} INFO - Processing /home/tin/miniconda3/envs/airflow/lib/python3.8/site-packages/airflow/example_dags/subdags/subdag.py took 0.013 seconds
