[2024-03-09T19:29:12.864+0000] {processor.py:161} INFO - Started process (PID=84546) to work on /home/tin/miniconda3/envs/airflow/lib/python3.8/site-packages/airflow/example_dags/example_local_kubernetes_executor.py
[2024-03-09T19:29:12.865+0000] {processor.py:830} INFO - Processing file /home/tin/miniconda3/envs/airflow/lib/python3.8/site-packages/airflow/example_dags/example_local_kubernetes_executor.py for tasks to queue
[2024-03-09T19:29:12.866+0000] {logging_mixin.py:188} INFO - [2024-03-09T19:29:12.866+0000] {dagbag.py:540} INFO - Filling up the DagBag from /home/tin/miniconda3/envs/airflow/lib/python3.8/site-packages/airflow/example_dags/example_local_kubernetes_executor.py
[2024-03-09T19:29:12.869+0000] {logging_mixin.py:188} INFO - [2024-03-09T19:29:12.869+0000] {example_local_kubernetes_executor.py:39} WARNING - Could not import DAGs in example_local_kubernetes_executor.py
Traceback (most recent call last):
  File "/home/tin/miniconda3/envs/airflow/lib/python3.8/site-packages/airflow/example_dags/example_local_kubernetes_executor.py", line 37, in <module>
    from kubernetes.client import models as k8s
ModuleNotFoundError: No module named 'kubernetes'
[2024-03-09T19:29:12.869+0000] {logging_mixin.py:188} INFO - [2024-03-09T19:29:12.869+0000] {example_local_kubernetes_executor.py:40} WARNING - Install Kubernetes dependencies with: pip install apache-airflow[cncf.kubernetes]
[2024-03-09T19:29:12.870+0000] {processor.py:842} WARNING - No viable dags retrieved from /home/tin/miniconda3/envs/airflow/lib/python3.8/site-packages/airflow/example_dags/example_local_kubernetes_executor.py
[2024-03-09T19:29:12.877+0000] {processor.py:183} INFO - Processing /home/tin/miniconda3/envs/airflow/lib/python3.8/site-packages/airflow/example_dags/example_local_kubernetes_executor.py took 0.016 seconds
[2024-03-09T19:30:09.836+0000] {processor.py:161} INFO - Started process (PID=84756) to work on /home/tin/miniconda3/envs/airflow/lib/python3.8/site-packages/airflow/example_dags/example_local_kubernetes_executor.py
[2024-03-09T19:30:09.838+0000] {processor.py:830} INFO - Processing file /home/tin/miniconda3/envs/airflow/lib/python3.8/site-packages/airflow/example_dags/example_local_kubernetes_executor.py for tasks to queue
[2024-03-09T19:30:09.839+0000] {logging_mixin.py:188} INFO - [2024-03-09T19:30:09.839+0000] {dagbag.py:540} INFO - Filling up the DagBag from /home/tin/miniconda3/envs/airflow/lib/python3.8/site-packages/airflow/example_dags/example_local_kubernetes_executor.py
[2024-03-09T19:30:09.842+0000] {logging_mixin.py:188} INFO - [2024-03-09T19:30:09.841+0000] {example_local_kubernetes_executor.py:39} WARNING - Could not import DAGs in example_local_kubernetes_executor.py
Traceback (most recent call last):
  File "/home/tin/miniconda3/envs/airflow/lib/python3.8/site-packages/airflow/example_dags/example_local_kubernetes_executor.py", line 37, in <module>
    from kubernetes.client import models as k8s
ModuleNotFoundError: No module named 'kubernetes'
[2024-03-09T19:30:09.842+0000] {logging_mixin.py:188} INFO - [2024-03-09T19:30:09.842+0000] {example_local_kubernetes_executor.py:40} WARNING - Install Kubernetes dependencies with: pip install apache-airflow[cncf.kubernetes]
[2024-03-09T19:30:09.843+0000] {processor.py:842} WARNING - No viable dags retrieved from /home/tin/miniconda3/envs/airflow/lib/python3.8/site-packages/airflow/example_dags/example_local_kubernetes_executor.py
[2024-03-09T19:30:09.851+0000] {processor.py:183} INFO - Processing /home/tin/miniconda3/envs/airflow/lib/python3.8/site-packages/airflow/example_dags/example_local_kubernetes_executor.py took 0.017 seconds
[2024-03-09T19:31:12.227+0000] {processor.py:161} INFO - Started process (PID=84954) to work on /home/tin/miniconda3/envs/airflow/lib/python3.8/site-packages/airflow/example_dags/example_local_kubernetes_executor.py
[2024-03-09T19:31:12.229+0000] {processor.py:830} INFO - Processing file /home/tin/miniconda3/envs/airflow/lib/python3.8/site-packages/airflow/example_dags/example_local_kubernetes_executor.py for tasks to queue
[2024-03-09T19:31:12.230+0000] {logging_mixin.py:188} INFO - [2024-03-09T19:31:12.230+0000] {dagbag.py:540} INFO - Filling up the DagBag from /home/tin/miniconda3/envs/airflow/lib/python3.8/site-packages/airflow/example_dags/example_local_kubernetes_executor.py
[2024-03-09T19:31:12.234+0000] {logging_mixin.py:188} INFO - [2024-03-09T19:31:12.233+0000] {example_local_kubernetes_executor.py:39} WARNING - Could not import DAGs in example_local_kubernetes_executor.py
Traceback (most recent call last):
  File "/home/tin/miniconda3/envs/airflow/lib/python3.8/site-packages/airflow/example_dags/example_local_kubernetes_executor.py", line 37, in <module>
    from kubernetes.client import models as k8s
ModuleNotFoundError: No module named 'kubernetes'
[2024-03-09T19:31:12.235+0000] {logging_mixin.py:188} INFO - [2024-03-09T19:31:12.235+0000] {example_local_kubernetes_executor.py:40} WARNING - Install Kubernetes dependencies with: pip install apache-airflow[cncf.kubernetes]
[2024-03-09T19:31:12.235+0000] {processor.py:842} WARNING - No viable dags retrieved from /home/tin/miniconda3/envs/airflow/lib/python3.8/site-packages/airflow/example_dags/example_local_kubernetes_executor.py
[2024-03-09T19:31:12.246+0000] {processor.py:183} INFO - Processing /home/tin/miniconda3/envs/airflow/lib/python3.8/site-packages/airflow/example_dags/example_local_kubernetes_executor.py took 0.022 seconds
[2024-03-09T19:32:02.678+0000] {processor.py:161} INFO - Started process (PID=85146) to work on /home/tin/miniconda3/envs/airflow/lib/python3.8/site-packages/airflow/example_dags/example_local_kubernetes_executor.py
[2024-03-09T19:32:02.680+0000] {processor.py:830} INFO - Processing file /home/tin/miniconda3/envs/airflow/lib/python3.8/site-packages/airflow/example_dags/example_local_kubernetes_executor.py for tasks to queue
[2024-03-09T19:32:02.682+0000] {logging_mixin.py:188} INFO - [2024-03-09T19:32:02.681+0000] {dagbag.py:540} INFO - Filling up the DagBag from /home/tin/miniconda3/envs/airflow/lib/python3.8/site-packages/airflow/example_dags/example_local_kubernetes_executor.py
[2024-03-09T19:32:02.686+0000] {logging_mixin.py:188} INFO - [2024-03-09T19:32:02.685+0000] {example_local_kubernetes_executor.py:39} WARNING - Could not import DAGs in example_local_kubernetes_executor.py
Traceback (most recent call last):
  File "/home/tin/miniconda3/envs/airflow/lib/python3.8/site-packages/airflow/example_dags/example_local_kubernetes_executor.py", line 37, in <module>
    from kubernetes.client import models as k8s
ModuleNotFoundError: No module named 'kubernetes'
[2024-03-09T19:32:02.687+0000] {logging_mixin.py:188} INFO - [2024-03-09T19:32:02.686+0000] {example_local_kubernetes_executor.py:40} WARNING - Install Kubernetes dependencies with: pip install apache-airflow[cncf.kubernetes]
[2024-03-09T19:32:02.687+0000] {processor.py:842} WARNING - No viable dags retrieved from /home/tin/miniconda3/envs/airflow/lib/python3.8/site-packages/airflow/example_dags/example_local_kubernetes_executor.py
[2024-03-09T19:32:02.698+0000] {processor.py:183} INFO - Processing /home/tin/miniconda3/envs/airflow/lib/python3.8/site-packages/airflow/example_dags/example_local_kubernetes_executor.py took 0.023 seconds
[2024-03-09T19:32:55.312+0000] {processor.py:161} INFO - Started process (PID=85369) to work on /home/tin/miniconda3/envs/airflow/lib/python3.8/site-packages/airflow/example_dags/example_local_kubernetes_executor.py
[2024-03-09T19:32:55.317+0000] {processor.py:830} INFO - Processing file /home/tin/miniconda3/envs/airflow/lib/python3.8/site-packages/airflow/example_dags/example_local_kubernetes_executor.py for tasks to queue
[2024-03-09T19:32:55.318+0000] {logging_mixin.py:188} INFO - [2024-03-09T19:32:55.318+0000] {dagbag.py:540} INFO - Filling up the DagBag from /home/tin/miniconda3/envs/airflow/lib/python3.8/site-packages/airflow/example_dags/example_local_kubernetes_executor.py
[2024-03-09T19:32:55.334+0000] {logging_mixin.py:188} INFO - [2024-03-09T19:32:55.334+0000] {example_local_kubernetes_executor.py:39} WARNING - Could not import DAGs in example_local_kubernetes_executor.py
Traceback (most recent call last):
  File "/home/tin/miniconda3/envs/airflow/lib/python3.8/site-packages/airflow/example_dags/example_local_kubernetes_executor.py", line 37, in <module>
    from kubernetes.client import models as k8s
ModuleNotFoundError: No module named 'kubernetes'
[2024-03-09T19:32:55.335+0000] {logging_mixin.py:188} INFO - [2024-03-09T19:32:55.335+0000] {example_local_kubernetes_executor.py:40} WARNING - Install Kubernetes dependencies with: pip install apache-airflow[cncf.kubernetes]
[2024-03-09T19:32:55.336+0000] {processor.py:842} WARNING - No viable dags retrieved from /home/tin/miniconda3/envs/airflow/lib/python3.8/site-packages/airflow/example_dags/example_local_kubernetes_executor.py
[2024-03-09T19:32:55.363+0000] {processor.py:183} INFO - Processing /home/tin/miniconda3/envs/airflow/lib/python3.8/site-packages/airflow/example_dags/example_local_kubernetes_executor.py took 0.054 seconds
[2024-03-09T19:33:46.962+0000] {processor.py:161} INFO - Started process (PID=85577) to work on /home/tin/miniconda3/envs/airflow/lib/python3.8/site-packages/airflow/example_dags/example_local_kubernetes_executor.py
[2024-03-09T19:33:46.964+0000] {processor.py:830} INFO - Processing file /home/tin/miniconda3/envs/airflow/lib/python3.8/site-packages/airflow/example_dags/example_local_kubernetes_executor.py for tasks to queue
[2024-03-09T19:33:46.965+0000] {logging_mixin.py:188} INFO - [2024-03-09T19:33:46.965+0000] {dagbag.py:540} INFO - Filling up the DagBag from /home/tin/miniconda3/envs/airflow/lib/python3.8/site-packages/airflow/example_dags/example_local_kubernetes_executor.py
[2024-03-09T19:33:47.120+0000] {processor.py:840} INFO - DAG(s) 'example_local_kubernetes_executor' retrieved from /home/tin/miniconda3/envs/airflow/lib/python3.8/site-packages/airflow/example_dags/example_local_kubernetes_executor.py
[2024-03-09T19:33:47.133+0000] {logging_mixin.py:188} WARNING - /home/tin/miniconda3/envs/airflow/lib/python3.8/site-packages/airflow/serialization/serialized_objects.py:1562 DeprecationWarning: This module is deprecated. The `cncf.kubernetes` provider before version 7.4.0 uses this module - you should migrate to a newer version of `cncf.kubernetes` to get rid of this warning. If you import the module via `airflow.kubernetes` import, please use `cncf.kubernetes' provider 7.4.0+ and switch all your imports to use `apache.airflow.providers.cncf.kubernetes` to get rid of the warning.
[2024-03-09T19:33:47.212+0000] {logging_mixin.py:188} INFO - [2024-03-09T19:33:47.211+0000] {override.py:1769} INFO - Created Permission View: can delete on DAG:example_local_kubernetes_executor
[2024-03-09T19:33:47.223+0000] {logging_mixin.py:188} INFO - [2024-03-09T19:33:47.223+0000] {override.py:1769} INFO - Created Permission View: can edit on DAG:example_local_kubernetes_executor
[2024-03-09T19:33:47.233+0000] {logging_mixin.py:188} INFO - [2024-03-09T19:33:47.232+0000] {override.py:1769} INFO - Created Permission View: can read on DAG:example_local_kubernetes_executor
[2024-03-09T19:33:47.233+0000] {logging_mixin.py:188} INFO - [2024-03-09T19:33:47.233+0000] {dag.py:3047} INFO - Sync 1 DAGs
[2024-03-09T19:33:47.242+0000] {logging_mixin.py:188} INFO - [2024-03-09T19:33:47.242+0000] {dag.py:3069} INFO - Creating ORM DAG for example_local_kubernetes_executor
[2024-03-09T19:33:47.243+0000] {logging_mixin.py:188} INFO - [2024-03-09T19:33:47.243+0000] {dag.py:3834} INFO - Setting next_dagrun for example_local_kubernetes_executor to None, run_after=None
[2024-03-09T19:33:47.264+0000] {processor.py:183} INFO - Processing /home/tin/miniconda3/envs/airflow/lib/python3.8/site-packages/airflow/example_dags/example_local_kubernetes_executor.py took 0.304 seconds
[2024-03-09T19:34:39.665+0000] {processor.py:161} INFO - Started process (PID=85723) to work on /home/tin/miniconda3/envs/airflow/lib/python3.8/site-packages/airflow/example_dags/example_local_kubernetes_executor.py
[2024-03-09T19:34:39.667+0000] {processor.py:830} INFO - Processing file /home/tin/miniconda3/envs/airflow/lib/python3.8/site-packages/airflow/example_dags/example_local_kubernetes_executor.py for tasks to queue
[2024-03-09T19:34:39.667+0000] {logging_mixin.py:188} INFO - [2024-03-09T19:34:39.667+0000] {dagbag.py:540} INFO - Filling up the DagBag from /home/tin/miniconda3/envs/airflow/lib/python3.8/site-packages/airflow/example_dags/example_local_kubernetes_executor.py
[2024-03-09T19:34:39.822+0000] {processor.py:840} INFO - DAG(s) 'example_local_kubernetes_executor' retrieved from /home/tin/miniconda3/envs/airflow/lib/python3.8/site-packages/airflow/example_dags/example_local_kubernetes_executor.py
[2024-03-09T19:34:39.834+0000] {logging_mixin.py:188} WARNING - /home/tin/miniconda3/envs/airflow/lib/python3.8/site-packages/airflow/serialization/serialized_objects.py:1562 DeprecationWarning: This module is deprecated. The `cncf.kubernetes` provider before version 7.4.0 uses this module - you should migrate to a newer version of `cncf.kubernetes` to get rid of this warning. If you import the module via `airflow.kubernetes` import, please use `cncf.kubernetes' provider 7.4.0+ and switch all your imports to use `apache.airflow.providers.cncf.kubernetes` to get rid of the warning.
[2024-03-09T19:34:39.842+0000] {logging_mixin.py:188} INFO - [2024-03-09T19:34:39.841+0000] {dag.py:3047} INFO - Sync 1 DAGs
[2024-03-09T19:34:39.851+0000] {logging_mixin.py:188} INFO - [2024-03-09T19:34:39.851+0000] {dag.py:3834} INFO - Setting next_dagrun for example_local_kubernetes_executor to None, run_after=None
[2024-03-09T19:34:39.871+0000] {processor.py:183} INFO - Processing /home/tin/miniconda3/envs/airflow/lib/python3.8/site-packages/airflow/example_dags/example_local_kubernetes_executor.py took 0.208 seconds
[2024-03-09T19:35:29.217+0000] {processor.py:161} INFO - Started process (PID=85930) to work on /home/tin/miniconda3/envs/airflow/lib/python3.8/site-packages/airflow/example_dags/example_local_kubernetes_executor.py
[2024-03-09T19:35:29.218+0000] {processor.py:830} INFO - Processing file /home/tin/miniconda3/envs/airflow/lib/python3.8/site-packages/airflow/example_dags/example_local_kubernetes_executor.py for tasks to queue
[2024-03-09T19:35:29.220+0000] {logging_mixin.py:188} INFO - [2024-03-09T19:35:29.219+0000] {dagbag.py:540} INFO - Filling up the DagBag from /home/tin/miniconda3/envs/airflow/lib/python3.8/site-packages/airflow/example_dags/example_local_kubernetes_executor.py
[2024-03-09T19:35:29.384+0000] {processor.py:840} INFO - DAG(s) 'example_local_kubernetes_executor' retrieved from /home/tin/miniconda3/envs/airflow/lib/python3.8/site-packages/airflow/example_dags/example_local_kubernetes_executor.py
[2024-03-09T19:35:29.396+0000] {logging_mixin.py:188} WARNING - /home/tin/miniconda3/envs/airflow/lib/python3.8/site-packages/airflow/serialization/serialized_objects.py:1562 DeprecationWarning: This module is deprecated. The `cncf.kubernetes` provider before version 7.4.0 uses this module - you should migrate to a newer version of `cncf.kubernetes` to get rid of this warning. If you import the module via `airflow.kubernetes` import, please use `cncf.kubernetes' provider 7.4.0+ and switch all your imports to use `apache.airflow.providers.cncf.kubernetes` to get rid of the warning.
[2024-03-09T19:35:29.401+0000] {logging_mixin.py:188} INFO - [2024-03-09T19:35:29.400+0000] {dag.py:3047} INFO - Sync 1 DAGs
[2024-03-09T19:35:29.410+0000] {logging_mixin.py:188} INFO - [2024-03-09T19:35:29.409+0000] {dag.py:3834} INFO - Setting next_dagrun for example_local_kubernetes_executor to None, run_after=None
[2024-03-09T19:35:29.430+0000] {processor.py:183} INFO - Processing /home/tin/miniconda3/envs/airflow/lib/python3.8/site-packages/airflow/example_dags/example_local_kubernetes_executor.py took 0.216 seconds
