[2024-03-09T19:29:02.031+0000] {processor.py:161} INFO - Started process (PID=84505) to work on /home/tin/miniconda3/envs/airflow/lib/python3.8/site-packages/airflow/example_dags/example_dag_decorator.py
[2024-03-09T19:29:02.032+0000] {processor.py:830} INFO - Processing file /home/tin/miniconda3/envs/airflow/lib/python3.8/site-packages/airflow/example_dags/example_dag_decorator.py for tasks to queue
[2024-03-09T19:29:02.032+0000] {logging_mixin.py:188} INFO - [2024-03-09T19:29:02.032+0000] {dagbag.py:540} INFO - Filling up the DagBag from /home/tin/miniconda3/envs/airflow/lib/python3.8/site-packages/airflow/example_dags/example_dag_decorator.py
[2024-03-09T19:29:02.089+0000] {processor.py:840} INFO - DAG(s) 'example_dag_decorator' retrieved from /home/tin/miniconda3/envs/airflow/lib/python3.8/site-packages/airflow/example_dags/example_dag_decorator.py
[2024-03-09T19:29:02.260+0000] {logging_mixin.py:188} INFO - [2024-03-09T19:29:02.259+0000] {override.py:1769} INFO - Created Permission View: can delete on DAG:example_dag_decorator
[2024-03-09T19:29:02.273+0000] {logging_mixin.py:188} INFO - [2024-03-09T19:29:02.272+0000] {override.py:1769} INFO - Created Permission View: can edit on DAG:example_dag_decorator
[2024-03-09T19:29:02.283+0000] {logging_mixin.py:188} INFO - [2024-03-09T19:29:02.282+0000] {override.py:1769} INFO - Created Permission View: can read on DAG:example_dag_decorator
[2024-03-09T19:29:02.284+0000] {logging_mixin.py:188} INFO - [2024-03-09T19:29:02.283+0000] {dag.py:3047} INFO - Sync 1 DAGs
[2024-03-09T19:29:02.292+0000] {logging_mixin.py:188} INFO - [2024-03-09T19:29:02.292+0000] {dag.py:3069} INFO - Creating ORM DAG for example_dag_decorator
[2024-03-09T19:29:02.293+0000] {logging_mixin.py:188} INFO - [2024-03-09T19:29:02.293+0000] {dag.py:3834} INFO - Setting next_dagrun for example_dag_decorator to None, run_after=None
[2024-03-09T19:29:02.316+0000] {processor.py:183} INFO - Processing /home/tin/miniconda3/envs/airflow/lib/python3.8/site-packages/airflow/example_dags/example_dag_decorator.py took 0.287 seconds
[2024-03-09T19:29:51.336+0000] {processor.py:161} INFO - Started process (PID=84684) to work on /home/tin/miniconda3/envs/airflow/lib/python3.8/site-packages/airflow/example_dags/example_dag_decorator.py
[2024-03-09T19:29:51.337+0000] {processor.py:830} INFO - Processing file /home/tin/miniconda3/envs/airflow/lib/python3.8/site-packages/airflow/example_dags/example_dag_decorator.py for tasks to queue
[2024-03-09T19:29:51.338+0000] {logging_mixin.py:188} INFO - [2024-03-09T19:29:51.338+0000] {dagbag.py:540} INFO - Filling up the DagBag from /home/tin/miniconda3/envs/airflow/lib/python3.8/site-packages/airflow/example_dags/example_dag_decorator.py
[2024-03-09T19:29:51.492+0000] {processor.py:840} INFO - DAG(s) 'example_dag_decorator' retrieved from /home/tin/miniconda3/envs/airflow/lib/python3.8/site-packages/airflow/example_dags/example_dag_decorator.py
[2024-03-09T19:29:51.569+0000] {logging_mixin.py:188} INFO - [2024-03-09T19:29:51.568+0000] {dag.py:3047} INFO - Sync 1 DAGs
[2024-03-09T19:29:51.576+0000] {logging_mixin.py:188} INFO - [2024-03-09T19:29:51.576+0000] {dag.py:3834} INFO - Setting next_dagrun for example_dag_decorator to None, run_after=None
[2024-03-09T19:29:51.597+0000] {processor.py:183} INFO - Processing /home/tin/miniconda3/envs/airflow/lib/python3.8/site-packages/airflow/example_dags/example_dag_decorator.py took 0.264 seconds
[2024-03-09T19:30:51.699+0000] {processor.py:161} INFO - Started process (PID=84907) to work on /home/tin/miniconda3/envs/airflow/lib/python3.8/site-packages/airflow/example_dags/example_dag_decorator.py
[2024-03-09T19:30:51.700+0000] {processor.py:830} INFO - Processing file /home/tin/miniconda3/envs/airflow/lib/python3.8/site-packages/airflow/example_dags/example_dag_decorator.py for tasks to queue
[2024-03-09T19:30:51.701+0000] {logging_mixin.py:188} INFO - [2024-03-09T19:30:51.701+0000] {dagbag.py:540} INFO - Filling up the DagBag from /home/tin/miniconda3/envs/airflow/lib/python3.8/site-packages/airflow/example_dags/example_dag_decorator.py
[2024-03-09T19:30:51.856+0000] {processor.py:840} INFO - DAG(s) 'example_dag_decorator' retrieved from /home/tin/miniconda3/envs/airflow/lib/python3.8/site-packages/airflow/example_dags/example_dag_decorator.py
[2024-03-09T19:30:51.933+0000] {logging_mixin.py:188} INFO - [2024-03-09T19:30:51.933+0000] {dag.py:3047} INFO - Sync 1 DAGs
[2024-03-09T19:30:51.940+0000] {logging_mixin.py:188} INFO - [2024-03-09T19:30:51.940+0000] {dag.py:3834} INFO - Setting next_dagrun for example_dag_decorator to None, run_after=None
[2024-03-09T19:30:51.961+0000] {processor.py:183} INFO - Processing /home/tin/miniconda3/envs/airflow/lib/python3.8/site-packages/airflow/example_dags/example_dag_decorator.py took 0.264 seconds
[2024-03-09T19:31:44.776+0000] {processor.py:161} INFO - Started process (PID=85068) to work on /home/tin/miniconda3/envs/airflow/lib/python3.8/site-packages/airflow/example_dags/example_dag_decorator.py
[2024-03-09T19:31:44.790+0000] {processor.py:830} INFO - Processing file /home/tin/miniconda3/envs/airflow/lib/python3.8/site-packages/airflow/example_dags/example_dag_decorator.py for tasks to queue
[2024-03-09T19:31:44.792+0000] {logging_mixin.py:188} INFO - [2024-03-09T19:31:44.792+0000] {dagbag.py:540} INFO - Filling up the DagBag from /home/tin/miniconda3/envs/airflow/lib/python3.8/site-packages/airflow/example_dags/example_dag_decorator.py
[2024-03-09T19:31:45.076+0000] {processor.py:840} INFO - DAG(s) 'example_dag_decorator' retrieved from /home/tin/miniconda3/envs/airflow/lib/python3.8/site-packages/airflow/example_dags/example_dag_decorator.py
[2024-03-09T19:31:45.442+0000] {logging_mixin.py:188} INFO - [2024-03-09T19:31:45.441+0000] {dag.py:3047} INFO - Sync 1 DAGs
[2024-03-09T19:31:45.457+0000] {logging_mixin.py:188} INFO - [2024-03-09T19:31:45.457+0000] {dag.py:3834} INFO - Setting next_dagrun for example_dag_decorator to None, run_after=None
[2024-03-09T19:31:45.508+0000] {processor.py:183} INFO - Processing /home/tin/miniconda3/envs/airflow/lib/python3.8/site-packages/airflow/example_dags/example_dag_decorator.py took 0.742 seconds
[2024-03-09T19:32:34.694+0000] {processor.py:161} INFO - Started process (PID=85194) to work on /home/tin/miniconda3/envs/airflow/lib/python3.8/site-packages/airflow/example_dags/example_dag_decorator.py
[2024-03-09T19:32:34.697+0000] {processor.py:830} INFO - Processing file /home/tin/miniconda3/envs/airflow/lib/python3.8/site-packages/airflow/example_dags/example_dag_decorator.py for tasks to queue
[2024-03-09T19:32:34.698+0000] {logging_mixin.py:188} INFO - [2024-03-09T19:32:34.698+0000] {dagbag.py:540} INFO - Filling up the DagBag from /home/tin/miniconda3/envs/airflow/lib/python3.8/site-packages/airflow/example_dags/example_dag_decorator.py
[2024-03-09T19:32:34.757+0000] {processor.py:840} INFO - DAG(s) 'example_dag_decorator' retrieved from /home/tin/miniconda3/envs/airflow/lib/python3.8/site-packages/airflow/example_dags/example_dag_decorator.py
[2024-03-09T19:32:34.824+0000] {logging_mixin.py:188} INFO - [2024-03-09T19:32:34.824+0000] {dag.py:3047} INFO - Sync 1 DAGs
[2024-03-09T19:32:34.831+0000] {logging_mixin.py:188} INFO - [2024-03-09T19:32:34.831+0000] {dag.py:3834} INFO - Setting next_dagrun for example_dag_decorator to None, run_after=None
[2024-03-09T19:32:34.849+0000] {processor.py:183} INFO - Processing /home/tin/miniconda3/envs/airflow/lib/python3.8/site-packages/airflow/example_dags/example_dag_decorator.py took 0.157 seconds
[2024-03-09T19:33:29.743+0000] {processor.py:161} INFO - Started process (PID=85539) to work on /home/tin/miniconda3/envs/airflow/lib/python3.8/site-packages/airflow/example_dags/example_dag_decorator.py
[2024-03-09T19:33:29.744+0000] {processor.py:830} INFO - Processing file /home/tin/miniconda3/envs/airflow/lib/python3.8/site-packages/airflow/example_dags/example_dag_decorator.py for tasks to queue
[2024-03-09T19:33:29.745+0000] {logging_mixin.py:188} INFO - [2024-03-09T19:33:29.745+0000] {dagbag.py:540} INFO - Filling up the DagBag from /home/tin/miniconda3/envs/airflow/lib/python3.8/site-packages/airflow/example_dags/example_dag_decorator.py
[2024-03-09T19:33:29.803+0000] {processor.py:840} INFO - DAG(s) 'example_dag_decorator' retrieved from /home/tin/miniconda3/envs/airflow/lib/python3.8/site-packages/airflow/example_dags/example_dag_decorator.py
[2024-03-09T19:33:29.871+0000] {logging_mixin.py:188} INFO - [2024-03-09T19:33:29.871+0000] {dag.py:3047} INFO - Sync 1 DAGs
[2024-03-09T19:33:29.879+0000] {logging_mixin.py:188} INFO - [2024-03-09T19:33:29.878+0000] {dag.py:3834} INFO - Setting next_dagrun for example_dag_decorator to None, run_after=None
[2024-03-09T19:33:29.900+0000] {processor.py:183} INFO - Processing /home/tin/miniconda3/envs/airflow/lib/python3.8/site-packages/airflow/example_dags/example_dag_decorator.py took 0.159 seconds
[2024-03-09T19:34:22.855+0000] {processor.py:161} INFO - Started process (PID=85659) to work on /home/tin/miniconda3/envs/airflow/lib/python3.8/site-packages/airflow/example_dags/example_dag_decorator.py
[2024-03-09T19:34:22.857+0000] {processor.py:830} INFO - Processing file /home/tin/miniconda3/envs/airflow/lib/python3.8/site-packages/airflow/example_dags/example_dag_decorator.py for tasks to queue
[2024-03-09T19:34:22.858+0000] {logging_mixin.py:188} INFO - [2024-03-09T19:34:22.857+0000] {dagbag.py:540} INFO - Filling up the DagBag from /home/tin/miniconda3/envs/airflow/lib/python3.8/site-packages/airflow/example_dags/example_dag_decorator.py
[2024-03-09T19:34:22.916+0000] {processor.py:840} INFO - DAG(s) 'example_dag_decorator' retrieved from /home/tin/miniconda3/envs/airflow/lib/python3.8/site-packages/airflow/example_dags/example_dag_decorator.py
[2024-03-09T19:34:22.931+0000] {logging_mixin.py:188} INFO - [2024-03-09T19:34:22.931+0000] {dag.py:3047} INFO - Sync 1 DAGs
[2024-03-09T19:34:22.939+0000] {logging_mixin.py:188} INFO - [2024-03-09T19:34:22.939+0000] {dag.py:3834} INFO - Setting next_dagrun for example_dag_decorator to None, run_after=None
[2024-03-09T19:34:22.957+0000] {processor.py:183} INFO - Processing /home/tin/miniconda3/envs/airflow/lib/python3.8/site-packages/airflow/example_dags/example_dag_decorator.py took 0.105 seconds
[2024-03-09T19:35:10.072+0000] {processor.py:161} INFO - Started process (PID=85892) to work on /home/tin/miniconda3/envs/airflow/lib/python3.8/site-packages/airflow/example_dags/example_dag_decorator.py
[2024-03-09T19:35:10.074+0000] {processor.py:830} INFO - Processing file /home/tin/miniconda3/envs/airflow/lib/python3.8/site-packages/airflow/example_dags/example_dag_decorator.py for tasks to queue
[2024-03-09T19:35:10.075+0000] {logging_mixin.py:188} INFO - [2024-03-09T19:35:10.075+0000] {dagbag.py:540} INFO - Filling up the DagBag from /home/tin/miniconda3/envs/airflow/lib/python3.8/site-packages/airflow/example_dags/example_dag_decorator.py
[2024-03-09T19:35:10.131+0000] {processor.py:840} INFO - DAG(s) 'example_dag_decorator' retrieved from /home/tin/miniconda3/envs/airflow/lib/python3.8/site-packages/airflow/example_dags/example_dag_decorator.py
[2024-03-09T19:35:10.204+0000] {logging_mixin.py:188} INFO - [2024-03-09T19:35:10.204+0000] {dag.py:3047} INFO - Sync 1 DAGs
[2024-03-09T19:35:10.211+0000] {logging_mixin.py:188} INFO - [2024-03-09T19:35:10.211+0000] {dag.py:3834} INFO - Setting next_dagrun for example_dag_decorator to None, run_after=None
[2024-03-09T19:35:10.234+0000] {processor.py:183} INFO - Processing /home/tin/miniconda3/envs/airflow/lib/python3.8/site-packages/airflow/example_dags/example_dag_decorator.py took 0.164 seconds
