[2024-03-09T19:29:15.974+0000] {processor.py:161} INFO - Started process (PID=84549) to work on /home/tin/miniconda3/envs/airflow/lib/python3.8/site-packages/airflow/example_dags/example_branch_day_of_week_operator.py
[2024-03-09T19:29:15.975+0000] {processor.py:830} INFO - Processing file /home/tin/miniconda3/envs/airflow/lib/python3.8/site-packages/airflow/example_dags/example_branch_day_of_week_operator.py for tasks to queue
[2024-03-09T19:29:15.976+0000] {logging_mixin.py:188} INFO - [2024-03-09T19:29:15.976+0000] {dagbag.py:540} INFO - Filling up the DagBag from /home/tin/miniconda3/envs/airflow/lib/python3.8/site-packages/airflow/example_dags/example_branch_day_of_week_operator.py
[2024-03-09T19:29:15.982+0000] {processor.py:840} INFO - DAG(s) 'example_weekday_branch_operator' retrieved from /home/tin/miniconda3/envs/airflow/lib/python3.8/site-packages/airflow/example_dags/example_branch_day_of_week_operator.py
[2024-03-09T19:29:16.154+0000] {logging_mixin.py:188} INFO - [2024-03-09T19:29:16.153+0000] {override.py:1769} INFO - Created Permission View: can delete on DAG:example_weekday_branch_operator
[2024-03-09T19:29:16.169+0000] {logging_mixin.py:188} INFO - [2024-03-09T19:29:16.168+0000] {override.py:1769} INFO - Created Permission View: can edit on DAG:example_weekday_branch_operator
[2024-03-09T19:29:16.179+0000] {logging_mixin.py:188} INFO - [2024-03-09T19:29:16.179+0000] {override.py:1769} INFO - Created Permission View: can read on DAG:example_weekday_branch_operator
[2024-03-09T19:29:16.180+0000] {logging_mixin.py:188} INFO - [2024-03-09T19:29:16.180+0000] {dag.py:3047} INFO - Sync 1 DAGs
[2024-03-09T19:29:16.188+0000] {logging_mixin.py:188} INFO - [2024-03-09T19:29:16.187+0000] {dag.py:3069} INFO - Creating ORM DAG for example_weekday_branch_operator
[2024-03-09T19:29:16.195+0000] {logging_mixin.py:188} INFO - [2024-03-09T19:29:16.195+0000] {dag.py:3834} INFO - Setting next_dagrun for example_weekday_branch_operator to 2024-03-08 00:00:00+00:00, run_after=2024-03-09 00:00:00+00:00
[2024-03-09T19:29:16.218+0000] {processor.py:183} INFO - Processing /home/tin/miniconda3/envs/airflow/lib/python3.8/site-packages/airflow/example_dags/example_branch_day_of_week_operator.py took 0.246 seconds
[2024-03-09T19:30:12.708+0000] {processor.py:161} INFO - Started process (PID=84768) to work on /home/tin/miniconda3/envs/airflow/lib/python3.8/site-packages/airflow/example_dags/example_branch_day_of_week_operator.py
[2024-03-09T19:30:12.710+0000] {processor.py:830} INFO - Processing file /home/tin/miniconda3/envs/airflow/lib/python3.8/site-packages/airflow/example_dags/example_branch_day_of_week_operator.py for tasks to queue
[2024-03-09T19:30:12.711+0000] {logging_mixin.py:188} INFO - [2024-03-09T19:30:12.710+0000] {dagbag.py:540} INFO - Filling up the DagBag from /home/tin/miniconda3/envs/airflow/lib/python3.8/site-packages/airflow/example_dags/example_branch_day_of_week_operator.py
[2024-03-09T19:30:12.716+0000] {processor.py:840} INFO - DAG(s) 'example_weekday_branch_operator' retrieved from /home/tin/miniconda3/envs/airflow/lib/python3.8/site-packages/airflow/example_dags/example_branch_day_of_week_operator.py
[2024-03-09T19:30:12.728+0000] {logging_mixin.py:188} INFO - [2024-03-09T19:30:12.728+0000] {dag.py:3047} INFO - Sync 1 DAGs
[2024-03-09T19:30:12.847+0000] {logging_mixin.py:188} INFO - [2024-03-09T19:30:12.847+0000] {dag.py:3834} INFO - Setting next_dagrun for example_weekday_branch_operator to 2024-03-08 00:00:00+00:00, run_after=2024-03-09 00:00:00+00:00
[2024-03-09T19:30:12.868+0000] {processor.py:183} INFO - Processing /home/tin/miniconda3/envs/airflow/lib/python3.8/site-packages/airflow/example_dags/example_branch_day_of_week_operator.py took 0.162 seconds
[2024-03-09T19:31:15.645+0000] {processor.py:161} INFO - Started process (PID=84973) to work on /home/tin/miniconda3/envs/airflow/lib/python3.8/site-packages/airflow/example_dags/example_branch_day_of_week_operator.py
[2024-03-09T19:31:15.647+0000] {processor.py:830} INFO - Processing file /home/tin/miniconda3/envs/airflow/lib/python3.8/site-packages/airflow/example_dags/example_branch_day_of_week_operator.py for tasks to queue
[2024-03-09T19:31:15.648+0000] {logging_mixin.py:188} INFO - [2024-03-09T19:31:15.647+0000] {dagbag.py:540} INFO - Filling up the DagBag from /home/tin/miniconda3/envs/airflow/lib/python3.8/site-packages/airflow/example_dags/example_branch_day_of_week_operator.py
[2024-03-09T19:31:15.653+0000] {processor.py:840} INFO - DAG(s) 'example_weekday_branch_operator' retrieved from /home/tin/miniconda3/envs/airflow/lib/python3.8/site-packages/airflow/example_dags/example_branch_day_of_week_operator.py
[2024-03-09T19:31:15.666+0000] {logging_mixin.py:188} INFO - [2024-03-09T19:31:15.666+0000] {dag.py:3047} INFO - Sync 1 DAGs
[2024-03-09T19:31:15.686+0000] {logging_mixin.py:188} INFO - [2024-03-09T19:31:15.686+0000] {dag.py:3834} INFO - Setting next_dagrun for example_weekday_branch_operator to 2024-03-08 00:00:00+00:00, run_after=2024-03-09 00:00:00+00:00
[2024-03-09T19:31:15.707+0000] {processor.py:183} INFO - Processing /home/tin/miniconda3/envs/airflow/lib/python3.8/site-packages/airflow/example_dags/example_branch_day_of_week_operator.py took 0.064 seconds
[2024-03-09T19:32:06.099+0000] {processor.py:161} INFO - Started process (PID=85149) to work on /home/tin/miniconda3/envs/airflow/lib/python3.8/site-packages/airflow/example_dags/example_branch_day_of_week_operator.py
[2024-03-09T19:32:06.100+0000] {processor.py:830} INFO - Processing file /home/tin/miniconda3/envs/airflow/lib/python3.8/site-packages/airflow/example_dags/example_branch_day_of_week_operator.py for tasks to queue
[2024-03-09T19:32:06.101+0000] {logging_mixin.py:188} INFO - [2024-03-09T19:32:06.101+0000] {dagbag.py:540} INFO - Filling up the DagBag from /home/tin/miniconda3/envs/airflow/lib/python3.8/site-packages/airflow/example_dags/example_branch_day_of_week_operator.py
[2024-03-09T19:32:06.108+0000] {processor.py:840} INFO - DAG(s) 'example_weekday_branch_operator' retrieved from /home/tin/miniconda3/envs/airflow/lib/python3.8/site-packages/airflow/example_dags/example_branch_day_of_week_operator.py
[2024-03-09T19:32:06.121+0000] {logging_mixin.py:188} INFO - [2024-03-09T19:32:06.121+0000] {dag.py:3047} INFO - Sync 1 DAGs
[2024-03-09T19:32:06.137+0000] {logging_mixin.py:188} INFO - [2024-03-09T19:32:06.136+0000] {dag.py:3834} INFO - Setting next_dagrun for example_weekday_branch_operator to 2024-03-08 00:00:00+00:00, run_after=2024-03-09 00:00:00+00:00
[2024-03-09T19:32:06.155+0000] {processor.py:183} INFO - Processing /home/tin/miniconda3/envs/airflow/lib/python3.8/site-packages/airflow/example_dags/example_branch_day_of_week_operator.py took 0.059 seconds
[2024-03-09T19:32:58.186+0000] {processor.py:161} INFO - Started process (PID=85373) to work on /home/tin/miniconda3/envs/airflow/lib/python3.8/site-packages/airflow/example_dags/example_branch_day_of_week_operator.py
[2024-03-09T19:32:58.188+0000] {processor.py:830} INFO - Processing file /home/tin/miniconda3/envs/airflow/lib/python3.8/site-packages/airflow/example_dags/example_branch_day_of_week_operator.py for tasks to queue
[2024-03-09T19:32:58.188+0000] {logging_mixin.py:188} INFO - [2024-03-09T19:32:58.188+0000] {dagbag.py:540} INFO - Filling up the DagBag from /home/tin/miniconda3/envs/airflow/lib/python3.8/site-packages/airflow/example_dags/example_branch_day_of_week_operator.py
[2024-03-09T19:32:58.194+0000] {processor.py:840} INFO - DAG(s) 'example_weekday_branch_operator' retrieved from /home/tin/miniconda3/envs/airflow/lib/python3.8/site-packages/airflow/example_dags/example_branch_day_of_week_operator.py
[2024-03-09T19:32:58.206+0000] {logging_mixin.py:188} INFO - [2024-03-09T19:32:58.206+0000] {dag.py:3047} INFO - Sync 1 DAGs
[2024-03-09T19:32:58.221+0000] {logging_mixin.py:188} INFO - [2024-03-09T19:32:58.221+0000] {dag.py:3834} INFO - Setting next_dagrun for example_weekday_branch_operator to 2024-03-08 00:00:00+00:00, run_after=2024-03-09 00:00:00+00:00
[2024-03-09T19:32:58.241+0000] {processor.py:183} INFO - Processing /home/tin/miniconda3/envs/airflow/lib/python3.8/site-packages/airflow/example_dags/example_branch_day_of_week_operator.py took 0.057 seconds
[2024-03-09T19:33:50.010+0000] {processor.py:161} INFO - Started process (PID=85581) to work on /home/tin/miniconda3/envs/airflow/lib/python3.8/site-packages/airflow/example_dags/example_branch_day_of_week_operator.py
[2024-03-09T19:33:50.012+0000] {processor.py:830} INFO - Processing file /home/tin/miniconda3/envs/airflow/lib/python3.8/site-packages/airflow/example_dags/example_branch_day_of_week_operator.py for tasks to queue
[2024-03-09T19:33:50.013+0000] {logging_mixin.py:188} INFO - [2024-03-09T19:33:50.013+0000] {dagbag.py:540} INFO - Filling up the DagBag from /home/tin/miniconda3/envs/airflow/lib/python3.8/site-packages/airflow/example_dags/example_branch_day_of_week_operator.py
[2024-03-09T19:33:50.018+0000] {processor.py:840} INFO - DAG(s) 'example_weekday_branch_operator' retrieved from /home/tin/miniconda3/envs/airflow/lib/python3.8/site-packages/airflow/example_dags/example_branch_day_of_week_operator.py
[2024-03-09T19:33:50.030+0000] {logging_mixin.py:188} INFO - [2024-03-09T19:33:50.030+0000] {dag.py:3047} INFO - Sync 1 DAGs
[2024-03-09T19:33:50.044+0000] {logging_mixin.py:188} INFO - [2024-03-09T19:33:50.044+0000] {dag.py:3834} INFO - Setting next_dagrun for example_weekday_branch_operator to 2024-03-08 00:00:00+00:00, run_after=2024-03-09 00:00:00+00:00
[2024-03-09T19:33:50.062+0000] {processor.py:183} INFO - Processing /home/tin/miniconda3/envs/airflow/lib/python3.8/site-packages/airflow/example_dags/example_branch_day_of_week_operator.py took 0.053 seconds
[2024-03-09T19:34:42.281+0000] {processor.py:161} INFO - Started process (PID=85744) to work on /home/tin/miniconda3/envs/airflow/lib/python3.8/site-packages/airflow/example_dags/example_branch_day_of_week_operator.py
[2024-03-09T19:34:42.283+0000] {processor.py:830} INFO - Processing file /home/tin/miniconda3/envs/airflow/lib/python3.8/site-packages/airflow/example_dags/example_branch_day_of_week_operator.py for tasks to queue
[2024-03-09T19:34:42.284+0000] {logging_mixin.py:188} INFO - [2024-03-09T19:34:42.283+0000] {dagbag.py:540} INFO - Filling up the DagBag from /home/tin/miniconda3/envs/airflow/lib/python3.8/site-packages/airflow/example_dags/example_branch_day_of_week_operator.py
[2024-03-09T19:34:42.290+0000] {processor.py:840} INFO - DAG(s) 'example_weekday_branch_operator' retrieved from /home/tin/miniconda3/envs/airflow/lib/python3.8/site-packages/airflow/example_dags/example_branch_day_of_week_operator.py
[2024-03-09T19:34:42.304+0000] {logging_mixin.py:188} INFO - [2024-03-09T19:34:42.304+0000] {dag.py:3047} INFO - Sync 1 DAGs
[2024-03-09T19:34:42.320+0000] {logging_mixin.py:188} INFO - [2024-03-09T19:34:42.320+0000] {dag.py:3834} INFO - Setting next_dagrun for example_weekday_branch_operator to 2024-03-08 00:00:00+00:00, run_after=2024-03-09 00:00:00+00:00
[2024-03-09T19:34:42.338+0000] {processor.py:183} INFO - Processing /home/tin/miniconda3/envs/airflow/lib/python3.8/site-packages/airflow/example_dags/example_branch_day_of_week_operator.py took 0.060 seconds
[2024-03-09T19:35:31.908+0000] {processor.py:161} INFO - Started process (PID=85935) to work on /home/tin/miniconda3/envs/airflow/lib/python3.8/site-packages/airflow/example_dags/example_branch_day_of_week_operator.py
[2024-03-09T19:35:31.910+0000] {processor.py:830} INFO - Processing file /home/tin/miniconda3/envs/airflow/lib/python3.8/site-packages/airflow/example_dags/example_branch_day_of_week_operator.py for tasks to queue
[2024-03-09T19:35:31.911+0000] {logging_mixin.py:188} INFO - [2024-03-09T19:35:31.911+0000] {dagbag.py:540} INFO - Filling up the DagBag from /home/tin/miniconda3/envs/airflow/lib/python3.8/site-packages/airflow/example_dags/example_branch_day_of_week_operator.py
[2024-03-09T19:35:31.917+0000] {processor.py:840} INFO - DAG(s) 'example_weekday_branch_operator' retrieved from /home/tin/miniconda3/envs/airflow/lib/python3.8/site-packages/airflow/example_dags/example_branch_day_of_week_operator.py
[2024-03-09T19:35:31.928+0000] {logging_mixin.py:188} INFO - [2024-03-09T19:35:31.928+0000] {dag.py:3047} INFO - Sync 1 DAGs
[2024-03-09T19:35:31.944+0000] {logging_mixin.py:188} INFO - [2024-03-09T19:35:31.944+0000] {dag.py:3834} INFO - Setting next_dagrun for example_weekday_branch_operator to 2024-03-08 00:00:00+00:00, run_after=2024-03-09 00:00:00+00:00
[2024-03-09T19:35:31.966+0000] {processor.py:183} INFO - Processing /home/tin/miniconda3/envs/airflow/lib/python3.8/site-packages/airflow/example_dags/example_branch_day_of_week_operator.py took 0.059 seconds
