[2024-03-09T19:28:39.721+0000] {processor.py:161} INFO - Started process (PID=84324) to work on /home/tin/miniconda3/envs/airflow/lib/python3.8/site-packages/airflow/example_dags/example_trigger_controller_dag.py
[2024-03-09T19:28:39.722+0000] {processor.py:830} INFO - Processing file /home/tin/miniconda3/envs/airflow/lib/python3.8/site-packages/airflow/example_dags/example_trigger_controller_dag.py for tasks to queue
[2024-03-09T19:28:39.723+0000] {logging_mixin.py:188} INFO - [2024-03-09T19:28:39.722+0000] {dagbag.py:540} INFO - Filling up the DagBag from /home/tin/miniconda3/envs/airflow/lib/python3.8/site-packages/airflow/example_dags/example_trigger_controller_dag.py
[2024-03-09T19:28:39.726+0000] {processor.py:840} INFO - DAG(s) 'example_trigger_controller_dag' retrieved from /home/tin/miniconda3/envs/airflow/lib/python3.8/site-packages/airflow/example_dags/example_trigger_controller_dag.py
[2024-03-09T19:28:39.811+0000] {logging_mixin.py:188} INFO - [2024-03-09T19:28:39.810+0000] {override.py:1769} INFO - Created Permission View: can delete on DAG:example_trigger_controller_dag
[2024-03-09T19:28:39.826+0000] {logging_mixin.py:188} INFO - [2024-03-09T19:28:39.826+0000] {override.py:1769} INFO - Created Permission View: can edit on DAG:example_trigger_controller_dag
[2024-03-09T19:28:39.834+0000] {logging_mixin.py:188} INFO - [2024-03-09T19:28:39.834+0000] {override.py:1769} INFO - Created Permission View: can read on DAG:example_trigger_controller_dag
[2024-03-09T19:28:39.835+0000] {logging_mixin.py:188} INFO - [2024-03-09T19:28:39.835+0000] {dag.py:3047} INFO - Sync 1 DAGs
[2024-03-09T19:28:39.842+0000] {logging_mixin.py:188} INFO - [2024-03-09T19:28:39.842+0000] {dag.py:3069} INFO - Creating ORM DAG for example_trigger_controller_dag
[2024-03-09T19:28:39.851+0000] {logging_mixin.py:188} INFO - [2024-03-09T19:28:39.851+0000] {dag.py:3834} INFO - Setting next_dagrun for example_trigger_controller_dag to 2021-01-01 00:00:00+00:00, run_after=2021-01-01 00:00:00+00:00
[2024-03-09T19:28:39.871+0000] {processor.py:183} INFO - Processing /home/tin/miniconda3/envs/airflow/lib/python3.8/site-packages/airflow/example_dags/example_trigger_controller_dag.py took 0.152 seconds
[2024-03-09T19:29:33.638+0000] {processor.py:161} INFO - Started process (PID=84627) to work on /home/tin/miniconda3/envs/airflow/lib/python3.8/site-packages/airflow/example_dags/example_trigger_controller_dag.py
[2024-03-09T19:29:33.643+0000] {processor.py:830} INFO - Processing file /home/tin/miniconda3/envs/airflow/lib/python3.8/site-packages/airflow/example_dags/example_trigger_controller_dag.py for tasks to queue
[2024-03-09T19:29:33.644+0000] {logging_mixin.py:188} INFO - [2024-03-09T19:29:33.644+0000] {dagbag.py:540} INFO - Filling up the DagBag from /home/tin/miniconda3/envs/airflow/lib/python3.8/site-packages/airflow/example_dags/example_trigger_controller_dag.py
[2024-03-09T19:29:33.649+0000] {processor.py:840} INFO - DAG(s) 'example_trigger_controller_dag' retrieved from /home/tin/miniconda3/envs/airflow/lib/python3.8/site-packages/airflow/example_dags/example_trigger_controller_dag.py
[2024-03-09T19:29:33.660+0000] {logging_mixin.py:188} INFO - [2024-03-09T19:29:33.660+0000] {dag.py:3047} INFO - Sync 1 DAGs
[2024-03-09T19:29:33.676+0000] {logging_mixin.py:188} INFO - [2024-03-09T19:29:33.675+0000] {dag.py:3834} INFO - Setting next_dagrun for example_trigger_controller_dag to 2021-01-01 00:00:00+00:00, run_after=2021-01-01 00:00:00+00:00
[2024-03-09T19:29:33.693+0000] {processor.py:183} INFO - Processing /home/tin/miniconda3/envs/airflow/lib/python3.8/site-packages/airflow/example_dags/example_trigger_controller_dag.py took 0.058 seconds
[2024-03-09T19:30:21.554+0000] {processor.py:161} INFO - Started process (PID=84791) to work on /home/tin/miniconda3/envs/airflow/lib/python3.8/site-packages/airflow/example_dags/example_trigger_controller_dag.py
[2024-03-09T19:30:21.555+0000] {processor.py:830} INFO - Processing file /home/tin/miniconda3/envs/airflow/lib/python3.8/site-packages/airflow/example_dags/example_trigger_controller_dag.py for tasks to queue
[2024-03-09T19:30:21.556+0000] {logging_mixin.py:188} INFO - [2024-03-09T19:30:21.556+0000] {dagbag.py:540} INFO - Filling up the DagBag from /home/tin/miniconda3/envs/airflow/lib/python3.8/site-packages/airflow/example_dags/example_trigger_controller_dag.py
[2024-03-09T19:30:21.560+0000] {processor.py:840} INFO - DAG(s) 'example_trigger_controller_dag' retrieved from /home/tin/miniconda3/envs/airflow/lib/python3.8/site-packages/airflow/example_dags/example_trigger_controller_dag.py
[2024-03-09T19:30:21.570+0000] {logging_mixin.py:188} INFO - [2024-03-09T19:30:21.570+0000] {dag.py:3047} INFO - Sync 1 DAGs
[2024-03-09T19:30:21.662+0000] {logging_mixin.py:188} INFO - [2024-03-09T19:30:21.662+0000] {dag.py:3834} INFO - Setting next_dagrun for example_trigger_controller_dag to 2021-01-01 00:00:00+00:00, run_after=2021-01-01 00:00:00+00:00
[2024-03-09T19:30:21.680+0000] {processor.py:183} INFO - Processing /home/tin/miniconda3/envs/airflow/lib/python3.8/site-packages/airflow/example_dags/example_trigger_controller_dag.py took 0.128 seconds
[2024-03-09T19:31:04.258+0000] {processor.py:161} INFO - Started process (PID=84925) to work on /home/tin/miniconda3/envs/airflow/lib/python3.8/site-packages/airflow/example_dags/example_trigger_controller_dag.py
[2024-03-09T19:31:04.260+0000] {processor.py:830} INFO - Processing file /home/tin/miniconda3/envs/airflow/lib/python3.8/site-packages/airflow/example_dags/example_trigger_controller_dag.py for tasks to queue
[2024-03-09T19:31:04.261+0000] {logging_mixin.py:188} INFO - [2024-03-09T19:31:04.260+0000] {dagbag.py:540} INFO - Filling up the DagBag from /home/tin/miniconda3/envs/airflow/lib/python3.8/site-packages/airflow/example_dags/example_trigger_controller_dag.py
[2024-03-09T19:31:04.265+0000] {processor.py:840} INFO - DAG(s) 'example_trigger_controller_dag' retrieved from /home/tin/miniconda3/envs/airflow/lib/python3.8/site-packages/airflow/example_dags/example_trigger_controller_dag.py
[2024-03-09T19:31:04.276+0000] {logging_mixin.py:188} INFO - [2024-03-09T19:31:04.276+0000] {dag.py:3047} INFO - Sync 1 DAGs
[2024-03-09T19:31:04.290+0000] {logging_mixin.py:188} INFO - [2024-03-09T19:31:04.290+0000] {dag.py:3834} INFO - Setting next_dagrun for example_trigger_controller_dag to 2021-01-01 00:00:00+00:00, run_after=2021-01-01 00:00:00+00:00
[2024-03-09T19:31:04.310+0000] {processor.py:183} INFO - Processing /home/tin/miniconda3/envs/airflow/lib/python3.8/site-packages/airflow/example_dags/example_trigger_controller_dag.py took 0.054 seconds
[2024-03-09T19:31:40.531+0000] {processor.py:161} INFO - Started process (PID=85049) to work on /home/tin/miniconda3/envs/airflow/lib/python3.8/site-packages/airflow/example_dags/example_trigger_controller_dag.py
[2024-03-09T19:31:40.542+0000] {processor.py:830} INFO - Processing file /home/tin/miniconda3/envs/airflow/lib/python3.8/site-packages/airflow/example_dags/example_trigger_controller_dag.py for tasks to queue
[2024-03-09T19:31:40.543+0000] {logging_mixin.py:188} INFO - [2024-03-09T19:31:40.543+0000] {dagbag.py:540} INFO - Filling up the DagBag from /home/tin/miniconda3/envs/airflow/lib/python3.8/site-packages/airflow/example_dags/example_trigger_controller_dag.py
[2024-03-09T19:31:40.561+0000] {processor.py:840} INFO - DAG(s) 'example_trigger_controller_dag' retrieved from /home/tin/miniconda3/envs/airflow/lib/python3.8/site-packages/airflow/example_dags/example_trigger_controller_dag.py
[2024-03-09T19:31:40.604+0000] {logging_mixin.py:188} INFO - [2024-03-09T19:31:40.603+0000] {dag.py:3047} INFO - Sync 1 DAGs
[2024-03-09T19:31:40.635+0000] {logging_mixin.py:188} INFO - [2024-03-09T19:31:40.635+0000] {dag.py:3834} INFO - Setting next_dagrun for example_trigger_controller_dag to 2021-01-01 00:00:00+00:00, run_after=2021-01-01 00:00:00+00:00
[2024-03-09T19:31:40.687+0000] {processor.py:183} INFO - Processing /home/tin/miniconda3/envs/airflow/lib/python3.8/site-packages/airflow/example_dags/example_trigger_controller_dag.py took 0.165 seconds
[2024-03-09T19:32:30.682+0000] {processor.py:161} INFO - Started process (PID=85178) to work on /home/tin/miniconda3/envs/airflow/lib/python3.8/site-packages/airflow/example_dags/example_trigger_controller_dag.py
[2024-03-09T19:32:30.686+0000] {processor.py:830} INFO - Processing file /home/tin/miniconda3/envs/airflow/lib/python3.8/site-packages/airflow/example_dags/example_trigger_controller_dag.py for tasks to queue
[2024-03-09T19:32:30.687+0000] {logging_mixin.py:188} INFO - [2024-03-09T19:32:30.686+0000] {dagbag.py:540} INFO - Filling up the DagBag from /home/tin/miniconda3/envs/airflow/lib/python3.8/site-packages/airflow/example_dags/example_trigger_controller_dag.py
[2024-03-09T19:32:30.692+0000] {processor.py:840} INFO - DAG(s) 'example_trigger_controller_dag' retrieved from /home/tin/miniconda3/envs/airflow/lib/python3.8/site-packages/airflow/example_dags/example_trigger_controller_dag.py
[2024-03-09T19:32:30.705+0000] {logging_mixin.py:188} INFO - [2024-03-09T19:32:30.704+0000] {dag.py:3047} INFO - Sync 1 DAGs
[2024-03-09T19:32:30.721+0000] {logging_mixin.py:188} INFO - [2024-03-09T19:32:30.720+0000] {dag.py:3834} INFO - Setting next_dagrun for example_trigger_controller_dag to 2021-01-01 00:00:00+00:00, run_after=2021-01-01 00:00:00+00:00
[2024-03-09T19:32:30.740+0000] {processor.py:183} INFO - Processing /home/tin/miniconda3/envs/airflow/lib/python3.8/site-packages/airflow/example_dags/example_trigger_controller_dag.py took 0.060 seconds
[2024-03-09T19:33:10.629+0000] {processor.py:161} INFO - Started process (PID=85456) to work on /home/tin/miniconda3/envs/airflow/lib/python3.8/site-packages/airflow/example_dags/example_trigger_controller_dag.py
[2024-03-09T19:33:10.631+0000] {processor.py:830} INFO - Processing file /home/tin/miniconda3/envs/airflow/lib/python3.8/site-packages/airflow/example_dags/example_trigger_controller_dag.py for tasks to queue
[2024-03-09T19:33:10.633+0000] {logging_mixin.py:188} INFO - [2024-03-09T19:33:10.632+0000] {dagbag.py:540} INFO - Filling up the DagBag from /home/tin/miniconda3/envs/airflow/lib/python3.8/site-packages/airflow/example_dags/example_trigger_controller_dag.py
[2024-03-09T19:33:10.638+0000] {processor.py:840} INFO - DAG(s) 'example_trigger_controller_dag' retrieved from /home/tin/miniconda3/envs/airflow/lib/python3.8/site-packages/airflow/example_dags/example_trigger_controller_dag.py
[2024-03-09T19:33:10.654+0000] {logging_mixin.py:188} INFO - [2024-03-09T19:33:10.653+0000] {dag.py:3047} INFO - Sync 1 DAGs
[2024-03-09T19:33:10.674+0000] {logging_mixin.py:188} INFO - [2024-03-09T19:33:10.674+0000] {dag.py:3834} INFO - Setting next_dagrun for example_trigger_controller_dag to 2021-01-01 00:00:00+00:00, run_after=2021-01-01 00:00:00+00:00
[2024-03-09T19:33:10.699+0000] {processor.py:183} INFO - Processing /home/tin/miniconda3/envs/airflow/lib/python3.8/site-packages/airflow/example_dags/example_trigger_controller_dag.py took 0.073 seconds
[2024-03-09T19:34:00.145+0000] {processor.py:161} INFO - Started process (PID=85592) to work on /home/tin/miniconda3/envs/airflow/lib/python3.8/site-packages/airflow/example_dags/example_trigger_controller_dag.py
[2024-03-09T19:34:00.146+0000] {processor.py:830} INFO - Processing file /home/tin/miniconda3/envs/airflow/lib/python3.8/site-packages/airflow/example_dags/example_trigger_controller_dag.py for tasks to queue
[2024-03-09T19:34:00.147+0000] {logging_mixin.py:188} INFO - [2024-03-09T19:34:00.147+0000] {dagbag.py:540} INFO - Filling up the DagBag from /home/tin/miniconda3/envs/airflow/lib/python3.8/site-packages/airflow/example_dags/example_trigger_controller_dag.py
[2024-03-09T19:34:00.151+0000] {processor.py:840} INFO - DAG(s) 'example_trigger_controller_dag' retrieved from /home/tin/miniconda3/envs/airflow/lib/python3.8/site-packages/airflow/example_dags/example_trigger_controller_dag.py
[2024-03-09T19:34:00.162+0000] {logging_mixin.py:188} INFO - [2024-03-09T19:34:00.162+0000] {dag.py:3047} INFO - Sync 1 DAGs
[2024-03-09T19:34:00.176+0000] {logging_mixin.py:188} INFO - [2024-03-09T19:34:00.176+0000] {dag.py:3834} INFO - Setting next_dagrun for example_trigger_controller_dag to 2021-01-01 00:00:00+00:00, run_after=2021-01-01 00:00:00+00:00
[2024-03-09T19:34:00.194+0000] {processor.py:183} INFO - Processing /home/tin/miniconda3/envs/airflow/lib/python3.8/site-packages/airflow/example_dags/example_trigger_controller_dag.py took 0.052 seconds
[2024-03-09T19:34:51.145+0000] {processor.py:161} INFO - Started process (PID=85823) to work on /home/tin/miniconda3/envs/airflow/lib/python3.8/site-packages/airflow/example_dags/example_trigger_controller_dag.py
[2024-03-09T19:34:51.147+0000] {processor.py:830} INFO - Processing file /home/tin/miniconda3/envs/airflow/lib/python3.8/site-packages/airflow/example_dags/example_trigger_controller_dag.py for tasks to queue
[2024-03-09T19:34:51.148+0000] {logging_mixin.py:188} INFO - [2024-03-09T19:34:51.147+0000] {dagbag.py:540} INFO - Filling up the DagBag from /home/tin/miniconda3/envs/airflow/lib/python3.8/site-packages/airflow/example_dags/example_trigger_controller_dag.py
[2024-03-09T19:34:51.153+0000] {processor.py:840} INFO - DAG(s) 'example_trigger_controller_dag' retrieved from /home/tin/miniconda3/envs/airflow/lib/python3.8/site-packages/airflow/example_dags/example_trigger_controller_dag.py
[2024-03-09T19:34:51.168+0000] {logging_mixin.py:188} INFO - [2024-03-09T19:34:51.168+0000] {dag.py:3047} INFO - Sync 1 DAGs
[2024-03-09T19:34:51.188+0000] {logging_mixin.py:188} INFO - [2024-03-09T19:34:51.188+0000] {dag.py:3834} INFO - Setting next_dagrun for example_trigger_controller_dag to 2021-01-01 00:00:00+00:00, run_after=2021-01-01 00:00:00+00:00
[2024-03-09T19:34:51.214+0000] {processor.py:183} INFO - Processing /home/tin/miniconda3/envs/airflow/lib/python3.8/site-packages/airflow/example_dags/example_trigger_controller_dag.py took 0.072 seconds
