[2024-03-09T19:28:28.844+0000] {processor.py:161} INFO - Started process (PID=84241) to work on /home/tin/miniconda3/envs/airflow/lib/python3.8/site-packages/airflow/example_dags/example_task_group_decorator.py
[2024-03-09T19:28:28.845+0000] {processor.py:830} INFO - Processing file /home/tin/miniconda3/envs/airflow/lib/python3.8/site-packages/airflow/example_dags/example_task_group_decorator.py for tasks to queue
[2024-03-09T19:28:28.846+0000] {logging_mixin.py:188} INFO - [2024-03-09T19:28:28.845+0000] {dagbag.py:540} INFO - Filling up the DagBag from /home/tin/miniconda3/envs/airflow/lib/python3.8/site-packages/airflow/example_dags/example_task_group_decorator.py
[2024-03-09T19:28:28.863+0000] {processor.py:840} INFO - DAG(s) 'example_task_group_decorator' retrieved from /home/tin/miniconda3/envs/airflow/lib/python3.8/site-packages/airflow/example_dags/example_task_group_decorator.py
[2024-03-09T19:28:28.983+0000] {logging_mixin.py:188} INFO - [2024-03-09T19:28:28.982+0000] {override.py:1769} INFO - Created Permission View: can delete on DAG:example_task_group_decorator
[2024-03-09T19:28:28.996+0000] {logging_mixin.py:188} INFO - [2024-03-09T19:28:28.995+0000] {override.py:1769} INFO - Created Permission View: can edit on DAG:example_task_group_decorator
[2024-03-09T19:28:29.012+0000] {logging_mixin.py:188} INFO - [2024-03-09T19:28:29.011+0000] {override.py:1769} INFO - Created Permission View: can read on DAG:example_task_group_decorator
[2024-03-09T19:28:29.013+0000] {logging_mixin.py:188} INFO - [2024-03-09T19:28:29.012+0000] {dag.py:3047} INFO - Sync 1 DAGs
[2024-03-09T19:28:29.025+0000] {logging_mixin.py:188} INFO - [2024-03-09T19:28:29.024+0000] {dag.py:3069} INFO - Creating ORM DAG for example_task_group_decorator
[2024-03-09T19:28:29.032+0000] {logging_mixin.py:188} INFO - [2024-03-09T19:28:29.031+0000] {dag.py:3834} INFO - Setting next_dagrun for example_task_group_decorator to 2024-03-08 00:00:00+00:00, run_after=2024-03-09 00:00:00+00:00
[2024-03-09T19:28:29.053+0000] {processor.py:183} INFO - Processing /home/tin/miniconda3/envs/airflow/lib/python3.8/site-packages/airflow/example_dags/example_task_group_decorator.py took 0.211 seconds
[2024-03-09T19:29:23.353+0000] {processor.py:161} INFO - Started process (PID=84580) to work on /home/tin/miniconda3/envs/airflow/lib/python3.8/site-packages/airflow/example_dags/example_task_group_decorator.py
[2024-03-09T19:29:23.355+0000] {processor.py:830} INFO - Processing file /home/tin/miniconda3/envs/airflow/lib/python3.8/site-packages/airflow/example_dags/example_task_group_decorator.py for tasks to queue
[2024-03-09T19:29:23.356+0000] {logging_mixin.py:188} INFO - [2024-03-09T19:29:23.356+0000] {dagbag.py:540} INFO - Filling up the DagBag from /home/tin/miniconda3/envs/airflow/lib/python3.8/site-packages/airflow/example_dags/example_task_group_decorator.py
[2024-03-09T19:29:23.370+0000] {processor.py:840} INFO - DAG(s) 'example_task_group_decorator' retrieved from /home/tin/miniconda3/envs/airflow/lib/python3.8/site-packages/airflow/example_dags/example_task_group_decorator.py
[2024-03-09T19:29:23.385+0000] {logging_mixin.py:188} INFO - [2024-03-09T19:29:23.384+0000] {dag.py:3047} INFO - Sync 1 DAGs
[2024-03-09T19:29:23.399+0000] {logging_mixin.py:188} INFO - [2024-03-09T19:29:23.399+0000] {dag.py:3834} INFO - Setting next_dagrun for example_task_group_decorator to 2024-03-08 00:00:00+00:00, run_after=2024-03-09 00:00:00+00:00
[2024-03-09T19:29:23.418+0000] {processor.py:183} INFO - Processing /home/tin/miniconda3/envs/airflow/lib/python3.8/site-packages/airflow/example_dags/example_task_group_decorator.py took 0.067 seconds
[2024-03-09T19:30:02.753+0000] {processor.py:161} INFO - Started process (PID=84749) to work on /home/tin/miniconda3/envs/airflow/lib/python3.8/site-packages/airflow/example_dags/example_task_group_decorator.py
[2024-03-09T19:30:02.754+0000] {processor.py:830} INFO - Processing file /home/tin/miniconda3/envs/airflow/lib/python3.8/site-packages/airflow/example_dags/example_task_group_decorator.py for tasks to queue
[2024-03-09T19:30:02.755+0000] {logging_mixin.py:188} INFO - [2024-03-09T19:30:02.755+0000] {dagbag.py:540} INFO - Filling up the DagBag from /home/tin/miniconda3/envs/airflow/lib/python3.8/site-packages/airflow/example_dags/example_task_group_decorator.py
[2024-03-09T19:30:02.767+0000] {processor.py:840} INFO - DAG(s) 'example_task_group_decorator' retrieved from /home/tin/miniconda3/envs/airflow/lib/python3.8/site-packages/airflow/example_dags/example_task_group_decorator.py
[2024-03-09T19:30:02.781+0000] {logging_mixin.py:188} INFO - [2024-03-09T19:30:02.781+0000] {dag.py:3047} INFO - Sync 1 DAGs
[2024-03-09T19:30:02.889+0000] {logging_mixin.py:188} INFO - [2024-03-09T19:30:02.889+0000] {dag.py:3834} INFO - Setting next_dagrun for example_task_group_decorator to 2024-03-08 00:00:00+00:00, run_after=2024-03-09 00:00:00+00:00
[2024-03-09T19:30:02.910+0000] {processor.py:183} INFO - Processing /home/tin/miniconda3/envs/airflow/lib/python3.8/site-packages/airflow/example_dags/example_task_group_decorator.py took 0.159 seconds
[2024-03-09T19:30:40.707+0000] {processor.py:161} INFO - Started process (PID=84878) to work on /home/tin/miniconda3/envs/airflow/lib/python3.8/site-packages/airflow/example_dags/example_task_group_decorator.py
[2024-03-09T19:30:40.709+0000] {processor.py:830} INFO - Processing file /home/tin/miniconda3/envs/airflow/lib/python3.8/site-packages/airflow/example_dags/example_task_group_decorator.py for tasks to queue
[2024-03-09T19:30:40.710+0000] {logging_mixin.py:188} INFO - [2024-03-09T19:30:40.710+0000] {dagbag.py:540} INFO - Filling up the DagBag from /home/tin/miniconda3/envs/airflow/lib/python3.8/site-packages/airflow/example_dags/example_task_group_decorator.py
[2024-03-09T19:30:40.822+0000] {processor.py:840} INFO - DAG(s) 'example_task_group_decorator' retrieved from /home/tin/miniconda3/envs/airflow/lib/python3.8/site-packages/airflow/example_dags/example_task_group_decorator.py
[2024-03-09T19:30:40.835+0000] {logging_mixin.py:188} INFO - [2024-03-09T19:30:40.835+0000] {dag.py:3047} INFO - Sync 1 DAGs
[2024-03-09T19:30:40.850+0000] {logging_mixin.py:188} INFO - [2024-03-09T19:30:40.849+0000] {dag.py:3834} INFO - Setting next_dagrun for example_task_group_decorator to 2024-03-08 00:00:00+00:00, run_after=2024-03-09 00:00:00+00:00
[2024-03-09T19:30:40.869+0000] {processor.py:183} INFO - Processing /home/tin/miniconda3/envs/airflow/lib/python3.8/site-packages/airflow/example_dags/example_task_group_decorator.py took 0.164 seconds
[2024-03-09T19:31:22.473+0000] {processor.py:161} INFO - Started process (PID=84992) to work on /home/tin/miniconda3/envs/airflow/lib/python3.8/site-packages/airflow/example_dags/example_task_group_decorator.py
[2024-03-09T19:31:22.475+0000] {processor.py:830} INFO - Processing file /home/tin/miniconda3/envs/airflow/lib/python3.8/site-packages/airflow/example_dags/example_task_group_decorator.py for tasks to queue
[2024-03-09T19:31:22.476+0000] {logging_mixin.py:188} INFO - [2024-03-09T19:31:22.476+0000] {dagbag.py:540} INFO - Filling up the DagBag from /home/tin/miniconda3/envs/airflow/lib/python3.8/site-packages/airflow/example_dags/example_task_group_decorator.py
[2024-03-09T19:31:22.490+0000] {processor.py:840} INFO - DAG(s) 'example_task_group_decorator' retrieved from /home/tin/miniconda3/envs/airflow/lib/python3.8/site-packages/airflow/example_dags/example_task_group_decorator.py
[2024-03-09T19:31:22.506+0000] {logging_mixin.py:188} INFO - [2024-03-09T19:31:22.506+0000] {dag.py:3047} INFO - Sync 1 DAGs
[2024-03-09T19:31:22.522+0000] {logging_mixin.py:188} INFO - [2024-03-09T19:31:22.522+0000] {dag.py:3834} INFO - Setting next_dagrun for example_task_group_decorator to 2024-03-08 00:00:00+00:00, run_after=2024-03-09 00:00:00+00:00
[2024-03-09T19:31:22.541+0000] {processor.py:183} INFO - Processing /home/tin/miniconda3/envs/airflow/lib/python3.8/site-packages/airflow/example_dags/example_task_group_decorator.py took 0.071 seconds
[2024-03-09T19:32:07.829+0000] {processor.py:161} INFO - Started process (PID=85152) to work on /home/tin/miniconda3/envs/airflow/lib/python3.8/site-packages/airflow/example_dags/example_task_group_decorator.py
[2024-03-09T19:32:07.831+0000] {processor.py:830} INFO - Processing file /home/tin/miniconda3/envs/airflow/lib/python3.8/site-packages/airflow/example_dags/example_task_group_decorator.py for tasks to queue
[2024-03-09T19:32:07.832+0000] {logging_mixin.py:188} INFO - [2024-03-09T19:32:07.831+0000] {dagbag.py:540} INFO - Filling up the DagBag from /home/tin/miniconda3/envs/airflow/lib/python3.8/site-packages/airflow/example_dags/example_task_group_decorator.py
[2024-03-09T19:32:07.843+0000] {processor.py:840} INFO - DAG(s) 'example_task_group_decorator' retrieved from /home/tin/miniconda3/envs/airflow/lib/python3.8/site-packages/airflow/example_dags/example_task_group_decorator.py
[2024-03-09T19:32:07.856+0000] {logging_mixin.py:188} INFO - [2024-03-09T19:32:07.856+0000] {dag.py:3047} INFO - Sync 1 DAGs
[2024-03-09T19:32:07.870+0000] {logging_mixin.py:188} INFO - [2024-03-09T19:32:07.870+0000] {dag.py:3834} INFO - Setting next_dagrun for example_task_group_decorator to 2024-03-08 00:00:00+00:00, run_after=2024-03-09 00:00:00+00:00
[2024-03-09T19:32:07.889+0000] {processor.py:183} INFO - Processing /home/tin/miniconda3/envs/airflow/lib/python3.8/site-packages/airflow/example_dags/example_task_group_decorator.py took 0.063 seconds
[2024-03-09T19:32:43.470+0000] {processor.py:161} INFO - Started process (PID=85283) to work on /home/tin/miniconda3/envs/airflow/lib/python3.8/site-packages/airflow/example_dags/example_task_group_decorator.py
[2024-03-09T19:32:43.472+0000] {processor.py:830} INFO - Processing file /home/tin/miniconda3/envs/airflow/lib/python3.8/site-packages/airflow/example_dags/example_task_group_decorator.py for tasks to queue
[2024-03-09T19:32:43.474+0000] {logging_mixin.py:188} INFO - [2024-03-09T19:32:43.473+0000] {dagbag.py:540} INFO - Filling up the DagBag from /home/tin/miniconda3/envs/airflow/lib/python3.8/site-packages/airflow/example_dags/example_task_group_decorator.py
[2024-03-09T19:32:43.492+0000] {processor.py:840} INFO - DAG(s) 'example_task_group_decorator' retrieved from /home/tin/miniconda3/envs/airflow/lib/python3.8/site-packages/airflow/example_dags/example_task_group_decorator.py
[2024-03-09T19:32:43.514+0000] {logging_mixin.py:188} INFO - [2024-03-09T19:32:43.513+0000] {dag.py:3047} INFO - Sync 1 DAGs
[2024-03-09T19:32:43.535+0000] {logging_mixin.py:188} INFO - [2024-03-09T19:32:43.535+0000] {dag.py:3834} INFO - Setting next_dagrun for example_task_group_decorator to 2024-03-08 00:00:00+00:00, run_after=2024-03-09 00:00:00+00:00
[2024-03-09T19:32:43.564+0000] {processor.py:183} INFO - Processing /home/tin/miniconda3/envs/airflow/lib/python3.8/site-packages/airflow/example_dags/example_task_group_decorator.py took 0.097 seconds
[2024-03-09T19:33:21.109+0000] {processor.py:161} INFO - Started process (PID=85506) to work on /home/tin/miniconda3/envs/airflow/lib/python3.8/site-packages/airflow/example_dags/example_task_group_decorator.py
[2024-03-09T19:33:21.110+0000] {processor.py:830} INFO - Processing file /home/tin/miniconda3/envs/airflow/lib/python3.8/site-packages/airflow/example_dags/example_task_group_decorator.py for tasks to queue
[2024-03-09T19:33:21.111+0000] {logging_mixin.py:188} INFO - [2024-03-09T19:33:21.111+0000] {dagbag.py:540} INFO - Filling up the DagBag from /home/tin/miniconda3/envs/airflow/lib/python3.8/site-packages/airflow/example_dags/example_task_group_decorator.py
[2024-03-09T19:33:21.123+0000] {processor.py:840} INFO - DAG(s) 'example_task_group_decorator' retrieved from /home/tin/miniconda3/envs/airflow/lib/python3.8/site-packages/airflow/example_dags/example_task_group_decorator.py
[2024-03-09T19:33:21.137+0000] {logging_mixin.py:188} INFO - [2024-03-09T19:33:21.136+0000] {dag.py:3047} INFO - Sync 1 DAGs
[2024-03-09T19:33:21.151+0000] {logging_mixin.py:188} INFO - [2024-03-09T19:33:21.150+0000] {dag.py:3834} INFO - Setting next_dagrun for example_task_group_decorator to 2024-03-08 00:00:00+00:00, run_after=2024-03-09 00:00:00+00:00
[2024-03-09T19:33:21.172+0000] {processor.py:183} INFO - Processing /home/tin/miniconda3/envs/airflow/lib/python3.8/site-packages/airflow/example_dags/example_task_group_decorator.py took 0.065 seconds
[2024-03-09T19:33:54.571+0000] {processor.py:161} INFO - Started process (PID=85586) to work on /home/tin/miniconda3/envs/airflow/lib/python3.8/site-packages/airflow/example_dags/example_task_group_decorator.py
[2024-03-09T19:33:54.572+0000] {processor.py:830} INFO - Processing file /home/tin/miniconda3/envs/airflow/lib/python3.8/site-packages/airflow/example_dags/example_task_group_decorator.py for tasks to queue
[2024-03-09T19:33:54.573+0000] {logging_mixin.py:188} INFO - [2024-03-09T19:33:54.573+0000] {dagbag.py:540} INFO - Filling up the DagBag from /home/tin/miniconda3/envs/airflow/lib/python3.8/site-packages/airflow/example_dags/example_task_group_decorator.py
[2024-03-09T19:33:54.584+0000] {processor.py:840} INFO - DAG(s) 'example_task_group_decorator' retrieved from /home/tin/miniconda3/envs/airflow/lib/python3.8/site-packages/airflow/example_dags/example_task_group_decorator.py
[2024-03-09T19:33:54.598+0000] {logging_mixin.py:188} INFO - [2024-03-09T19:33:54.598+0000] {dag.py:3047} INFO - Sync 1 DAGs
[2024-03-09T19:33:54.612+0000] {logging_mixin.py:188} INFO - [2024-03-09T19:33:54.612+0000] {dag.py:3834} INFO - Setting next_dagrun for example_task_group_decorator to 2024-03-08 00:00:00+00:00, run_after=2024-03-09 00:00:00+00:00
[2024-03-09T19:33:54.629+0000] {processor.py:183} INFO - Processing /home/tin/miniconda3/envs/airflow/lib/python3.8/site-packages/airflow/example_dags/example_task_group_decorator.py took 0.061 seconds
[2024-03-09T19:34:29.532+0000] {processor.py:161} INFO - Started process (PID=85688) to work on /home/tin/miniconda3/envs/airflow/lib/python3.8/site-packages/airflow/example_dags/example_task_group_decorator.py
[2024-03-09T19:34:29.534+0000] {processor.py:830} INFO - Processing file /home/tin/miniconda3/envs/airflow/lib/python3.8/site-packages/airflow/example_dags/example_task_group_decorator.py for tasks to queue
[2024-03-09T19:34:29.535+0000] {logging_mixin.py:188} INFO - [2024-03-09T19:34:29.534+0000] {dagbag.py:540} INFO - Filling up the DagBag from /home/tin/miniconda3/envs/airflow/lib/python3.8/site-packages/airflow/example_dags/example_task_group_decorator.py
[2024-03-09T19:34:29.546+0000] {processor.py:840} INFO - DAG(s) 'example_task_group_decorator' retrieved from /home/tin/miniconda3/envs/airflow/lib/python3.8/site-packages/airflow/example_dags/example_task_group_decorator.py
[2024-03-09T19:34:29.561+0000] {logging_mixin.py:188} INFO - [2024-03-09T19:34:29.561+0000] {dag.py:3047} INFO - Sync 1 DAGs
[2024-03-09T19:34:29.576+0000] {logging_mixin.py:188} INFO - [2024-03-09T19:34:29.576+0000] {dag.py:3834} INFO - Setting next_dagrun for example_task_group_decorator to 2024-03-08 00:00:00+00:00, run_after=2024-03-09 00:00:00+00:00
[2024-03-09T19:34:29.595+0000] {processor.py:183} INFO - Processing /home/tin/miniconda3/envs/airflow/lib/python3.8/site-packages/airflow/example_dags/example_task_group_decorator.py took 0.065 seconds
[2024-03-09T19:35:01.495+0000] {processor.py:161} INFO - Started process (PID=85864) to work on /home/tin/miniconda3/envs/airflow/lib/python3.8/site-packages/airflow/example_dags/example_task_group_decorator.py
[2024-03-09T19:35:01.496+0000] {processor.py:830} INFO - Processing file /home/tin/miniconda3/envs/airflow/lib/python3.8/site-packages/airflow/example_dags/example_task_group_decorator.py for tasks to queue
[2024-03-09T19:35:01.498+0000] {logging_mixin.py:188} INFO - [2024-03-09T19:35:01.497+0000] {dagbag.py:540} INFO - Filling up the DagBag from /home/tin/miniconda3/envs/airflow/lib/python3.8/site-packages/airflow/example_dags/example_task_group_decorator.py
[2024-03-09T19:35:01.516+0000] {processor.py:840} INFO - DAG(s) 'example_task_group_decorator' retrieved from /home/tin/miniconda3/envs/airflow/lib/python3.8/site-packages/airflow/example_dags/example_task_group_decorator.py
[2024-03-09T19:35:01.540+0000] {logging_mixin.py:188} INFO - [2024-03-09T19:35:01.539+0000] {dag.py:3047} INFO - Sync 1 DAGs
[2024-03-09T19:35:01.562+0000] {logging_mixin.py:188} INFO - [2024-03-09T19:35:01.562+0000] {dag.py:3834} INFO - Setting next_dagrun for example_task_group_decorator to 2024-03-08 00:00:00+00:00, run_after=2024-03-09 00:00:00+00:00
[2024-03-09T19:35:01.588+0000] {processor.py:183} INFO - Processing /home/tin/miniconda3/envs/airflow/lib/python3.8/site-packages/airflow/example_dags/example_task_group_decorator.py took 0.096 seconds
[2024-03-09T19:35:36.011+0000] {processor.py:161} INFO - Started process (PID=85943) to work on /home/tin/miniconda3/envs/airflow/lib/python3.8/site-packages/airflow/example_dags/example_task_group_decorator.py
[2024-03-09T19:35:36.013+0000] {processor.py:830} INFO - Processing file /home/tin/miniconda3/envs/airflow/lib/python3.8/site-packages/airflow/example_dags/example_task_group_decorator.py for tasks to queue
[2024-03-09T19:35:36.014+0000] {logging_mixin.py:188} INFO - [2024-03-09T19:35:36.013+0000] {dagbag.py:540} INFO - Filling up the DagBag from /home/tin/miniconda3/envs/airflow/lib/python3.8/site-packages/airflow/example_dags/example_task_group_decorator.py
[2024-03-09T19:35:36.030+0000] {processor.py:840} INFO - DAG(s) 'example_task_group_decorator' retrieved from /home/tin/miniconda3/envs/airflow/lib/python3.8/site-packages/airflow/example_dags/example_task_group_decorator.py
[2024-03-09T19:35:36.047+0000] {logging_mixin.py:188} INFO - [2024-03-09T19:35:36.046+0000] {dag.py:3047} INFO - Sync 1 DAGs
[2024-03-09T19:35:36.062+0000] {logging_mixin.py:188} INFO - [2024-03-09T19:35:36.062+0000] {dag.py:3834} INFO - Setting next_dagrun for example_task_group_decorator to 2024-03-08 00:00:00+00:00, run_after=2024-03-09 00:00:00+00:00
[2024-03-09T19:35:36.084+0000] {processor.py:183} INFO - Processing /home/tin/miniconda3/envs/airflow/lib/python3.8/site-packages/airflow/example_dags/example_task_group_decorator.py took 0.077 seconds
