[2024-03-09T19:28:34.171+0000] {processor.py:161} INFO - Started process (PID=84276) to work on /home/tin/miniconda3/envs/airflow/lib/python3.8/site-packages/airflow/example_dags/example_short_circuit_decorator.py
[2024-03-09T19:28:34.172+0000] {processor.py:830} INFO - Processing file /home/tin/miniconda3/envs/airflow/lib/python3.8/site-packages/airflow/example_dags/example_short_circuit_decorator.py for tasks to queue
[2024-03-09T19:28:34.174+0000] {logging_mixin.py:188} INFO - [2024-03-09T19:28:34.173+0000] {dagbag.py:540} INFO - Filling up the DagBag from /home/tin/miniconda3/envs/airflow/lib/python3.8/site-packages/airflow/example_dags/example_short_circuit_decorator.py
[2024-03-09T19:28:34.185+0000] {processor.py:840} INFO - DAG(s) 'example_short_circuit_decorator' retrieved from /home/tin/miniconda3/envs/airflow/lib/python3.8/site-packages/airflow/example_dags/example_short_circuit_decorator.py
[2024-03-09T19:28:34.275+0000] {logging_mixin.py:188} INFO - [2024-03-09T19:28:34.275+0000] {override.py:1769} INFO - Created Permission View: can delete on DAG:example_short_circuit_decorator
[2024-03-09T19:28:34.287+0000] {logging_mixin.py:188} INFO - [2024-03-09T19:28:34.287+0000] {override.py:1769} INFO - Created Permission View: can edit on DAG:example_short_circuit_decorator
[2024-03-09T19:28:34.295+0000] {logging_mixin.py:188} INFO - [2024-03-09T19:28:34.295+0000] {override.py:1769} INFO - Created Permission View: can read on DAG:example_short_circuit_decorator
[2024-03-09T19:28:34.296+0000] {logging_mixin.py:188} INFO - [2024-03-09T19:28:34.296+0000] {dag.py:3047} INFO - Sync 1 DAGs
[2024-03-09T19:28:34.306+0000] {logging_mixin.py:188} INFO - [2024-03-09T19:28:34.305+0000] {dag.py:3069} INFO - Creating ORM DAG for example_short_circuit_decorator
[2024-03-09T19:28:34.313+0000] {logging_mixin.py:188} INFO - [2024-03-09T19:28:34.313+0000] {dag.py:3834} INFO - Setting next_dagrun for example_short_circuit_decorator to 2024-03-08 00:00:00+00:00, run_after=2024-03-09 00:00:00+00:00
[2024-03-09T19:28:34.335+0000] {processor.py:183} INFO - Processing /home/tin/miniconda3/envs/airflow/lib/python3.8/site-packages/airflow/example_dags/example_short_circuit_decorator.py took 0.167 seconds
[2024-03-09T19:29:27.351+0000] {processor.py:161} INFO - Started process (PID=84606) to work on /home/tin/miniconda3/envs/airflow/lib/python3.8/site-packages/airflow/example_dags/example_short_circuit_decorator.py
[2024-03-09T19:29:27.355+0000] {processor.py:830} INFO - Processing file /home/tin/miniconda3/envs/airflow/lib/python3.8/site-packages/airflow/example_dags/example_short_circuit_decorator.py for tasks to queue
[2024-03-09T19:29:27.356+0000] {logging_mixin.py:188} INFO - [2024-03-09T19:29:27.356+0000] {dagbag.py:540} INFO - Filling up the DagBag from /home/tin/miniconda3/envs/airflow/lib/python3.8/site-packages/airflow/example_dags/example_short_circuit_decorator.py
[2024-03-09T19:29:27.364+0000] {processor.py:840} INFO - DAG(s) 'example_short_circuit_decorator' retrieved from /home/tin/miniconda3/envs/airflow/lib/python3.8/site-packages/airflow/example_dags/example_short_circuit_decorator.py
[2024-03-09T19:29:27.379+0000] {logging_mixin.py:188} INFO - [2024-03-09T19:29:27.379+0000] {dag.py:3047} INFO - Sync 1 DAGs
[2024-03-09T19:29:27.394+0000] {logging_mixin.py:188} INFO - [2024-03-09T19:29:27.394+0000] {dag.py:3834} INFO - Setting next_dagrun for example_short_circuit_decorator to 2024-03-08 00:00:00+00:00, run_after=2024-03-09 00:00:00+00:00
[2024-03-09T19:29:27.413+0000] {processor.py:183} INFO - Processing /home/tin/miniconda3/envs/airflow/lib/python3.8/site-packages/airflow/example_dags/example_short_circuit_decorator.py took 0.064 seconds
[2024-03-09T19:30:07.813+0000] {processor.py:161} INFO - Started process (PID=84754) to work on /home/tin/miniconda3/envs/airflow/lib/python3.8/site-packages/airflow/example_dags/example_short_circuit_decorator.py
[2024-03-09T19:30:07.815+0000] {processor.py:830} INFO - Processing file /home/tin/miniconda3/envs/airflow/lib/python3.8/site-packages/airflow/example_dags/example_short_circuit_decorator.py for tasks to queue
[2024-03-09T19:30:07.815+0000] {logging_mixin.py:188} INFO - [2024-03-09T19:30:07.815+0000] {dagbag.py:540} INFO - Filling up the DagBag from /home/tin/miniconda3/envs/airflow/lib/python3.8/site-packages/airflow/example_dags/example_short_circuit_decorator.py
[2024-03-09T19:30:07.824+0000] {processor.py:840} INFO - DAG(s) 'example_short_circuit_decorator' retrieved from /home/tin/miniconda3/envs/airflow/lib/python3.8/site-packages/airflow/example_dags/example_short_circuit_decorator.py
[2024-03-09T19:30:07.838+0000] {logging_mixin.py:188} INFO - [2024-03-09T19:30:07.838+0000] {dag.py:3047} INFO - Sync 1 DAGs
[2024-03-09T19:30:07.941+0000] {logging_mixin.py:188} INFO - [2024-03-09T19:30:07.941+0000] {dag.py:3834} INFO - Setting next_dagrun for example_short_circuit_decorator to 2024-03-08 00:00:00+00:00, run_after=2024-03-09 00:00:00+00:00
[2024-03-09T19:30:07.962+0000] {processor.py:183} INFO - Processing /home/tin/miniconda3/envs/airflow/lib/python3.8/site-packages/airflow/example_dags/example_short_circuit_decorator.py took 0.151 seconds
[2024-03-09T19:30:57.653+0000] {processor.py:161} INFO - Started process (PID=84919) to work on /home/tin/miniconda3/envs/airflow/lib/python3.8/site-packages/airflow/example_dags/example_short_circuit_decorator.py
[2024-03-09T19:30:57.654+0000] {processor.py:830} INFO - Processing file /home/tin/miniconda3/envs/airflow/lib/python3.8/site-packages/airflow/example_dags/example_short_circuit_decorator.py for tasks to queue
[2024-03-09T19:30:57.655+0000] {logging_mixin.py:188} INFO - [2024-03-09T19:30:57.655+0000] {dagbag.py:540} INFO - Filling up the DagBag from /home/tin/miniconda3/envs/airflow/lib/python3.8/site-packages/airflow/example_dags/example_short_circuit_decorator.py
[2024-03-09T19:30:57.664+0000] {processor.py:840} INFO - DAG(s) 'example_short_circuit_decorator' retrieved from /home/tin/miniconda3/envs/airflow/lib/python3.8/site-packages/airflow/example_dags/example_short_circuit_decorator.py
[2024-03-09T19:30:57.679+0000] {logging_mixin.py:188} INFO - [2024-03-09T19:30:57.679+0000] {dag.py:3047} INFO - Sync 1 DAGs
[2024-03-09T19:30:57.694+0000] {logging_mixin.py:188} INFO - [2024-03-09T19:30:57.694+0000] {dag.py:3834} INFO - Setting next_dagrun for example_short_circuit_decorator to 2024-03-08 00:00:00+00:00, run_after=2024-03-09 00:00:00+00:00
[2024-03-09T19:30:57.713+0000] {processor.py:183} INFO - Processing /home/tin/miniconda3/envs/airflow/lib/python3.8/site-packages/airflow/example_dags/example_short_circuit_decorator.py took 0.062 seconds
[2024-03-09T19:31:35.026+0000] {processor.py:161} INFO - Started process (PID=85007) to work on /home/tin/miniconda3/envs/airflow/lib/python3.8/site-packages/airflow/example_dags/example_short_circuit_decorator.py
[2024-03-09T19:31:35.027+0000] {processor.py:830} INFO - Processing file /home/tin/miniconda3/envs/airflow/lib/python3.8/site-packages/airflow/example_dags/example_short_circuit_decorator.py for tasks to queue
[2024-03-09T19:31:35.028+0000] {logging_mixin.py:188} INFO - [2024-03-09T19:31:35.028+0000] {dagbag.py:540} INFO - Filling up the DagBag from /home/tin/miniconda3/envs/airflow/lib/python3.8/site-packages/airflow/example_dags/example_short_circuit_decorator.py
[2024-03-09T19:31:35.036+0000] {processor.py:840} INFO - DAG(s) 'example_short_circuit_decorator' retrieved from /home/tin/miniconda3/envs/airflow/lib/python3.8/site-packages/airflow/example_dags/example_short_circuit_decorator.py
[2024-03-09T19:31:35.049+0000] {logging_mixin.py:188} INFO - [2024-03-09T19:31:35.048+0000] {dag.py:3047} INFO - Sync 1 DAGs
[2024-03-09T19:31:35.063+0000] {logging_mixin.py:188} INFO - [2024-03-09T19:31:35.063+0000] {dag.py:3834} INFO - Setting next_dagrun for example_short_circuit_decorator to 2024-03-08 00:00:00+00:00, run_after=2024-03-09 00:00:00+00:00
[2024-03-09T19:31:35.080+0000] {processor.py:183} INFO - Processing /home/tin/miniconda3/envs/airflow/lib/python3.8/site-packages/airflow/example_dags/example_short_circuit_decorator.py took 0.056 seconds
[2024-03-09T19:32:12.972+0000] {processor.py:161} INFO - Started process (PID=85157) to work on /home/tin/miniconda3/envs/airflow/lib/python3.8/site-packages/airflow/example_dags/example_short_circuit_decorator.py
[2024-03-09T19:32:12.974+0000] {processor.py:830} INFO - Processing file /home/tin/miniconda3/envs/airflow/lib/python3.8/site-packages/airflow/example_dags/example_short_circuit_decorator.py for tasks to queue
[2024-03-09T19:32:12.975+0000] {logging_mixin.py:188} INFO - [2024-03-09T19:32:12.975+0000] {dagbag.py:540} INFO - Filling up the DagBag from /home/tin/miniconda3/envs/airflow/lib/python3.8/site-packages/airflow/example_dags/example_short_circuit_decorator.py
[2024-03-09T19:32:12.983+0000] {processor.py:840} INFO - DAG(s) 'example_short_circuit_decorator' retrieved from /home/tin/miniconda3/envs/airflow/lib/python3.8/site-packages/airflow/example_dags/example_short_circuit_decorator.py
[2024-03-09T19:32:12.997+0000] {logging_mixin.py:188} INFO - [2024-03-09T19:32:12.996+0000] {dag.py:3047} INFO - Sync 1 DAGs
[2024-03-09T19:32:13.015+0000] {logging_mixin.py:188} INFO - [2024-03-09T19:32:13.015+0000] {dag.py:3834} INFO - Setting next_dagrun for example_short_circuit_decorator to 2024-03-08 00:00:00+00:00, run_after=2024-03-09 00:00:00+00:00
[2024-03-09T19:32:13.034+0000] {processor.py:183} INFO - Processing /home/tin/miniconda3/envs/airflow/lib/python3.8/site-packages/airflow/example_dags/example_short_circuit_decorator.py took 0.064 seconds
[2024-03-09T19:33:04.430+0000] {processor.py:161} INFO - Started process (PID=85400) to work on /home/tin/miniconda3/envs/airflow/lib/python3.8/site-packages/airflow/example_dags/example_short_circuit_decorator.py
[2024-03-09T19:33:04.431+0000] {processor.py:830} INFO - Processing file /home/tin/miniconda3/envs/airflow/lib/python3.8/site-packages/airflow/example_dags/example_short_circuit_decorator.py for tasks to queue
[2024-03-09T19:33:04.432+0000] {logging_mixin.py:188} INFO - [2024-03-09T19:33:04.432+0000] {dagbag.py:540} INFO - Filling up the DagBag from /home/tin/miniconda3/envs/airflow/lib/python3.8/site-packages/airflow/example_dags/example_short_circuit_decorator.py
[2024-03-09T19:33:04.439+0000] {processor.py:840} INFO - DAG(s) 'example_short_circuit_decorator' retrieved from /home/tin/miniconda3/envs/airflow/lib/python3.8/site-packages/airflow/example_dags/example_short_circuit_decorator.py
[2024-03-09T19:33:04.452+0000] {logging_mixin.py:188} INFO - [2024-03-09T19:33:04.452+0000] {dag.py:3047} INFO - Sync 1 DAGs
[2024-03-09T19:33:04.466+0000] {logging_mixin.py:188} INFO - [2024-03-09T19:33:04.466+0000] {dag.py:3834} INFO - Setting next_dagrun for example_short_circuit_decorator to 2024-03-08 00:00:00+00:00, run_after=2024-03-09 00:00:00+00:00
[2024-03-09T19:33:04.484+0000] {processor.py:183} INFO - Processing /home/tin/miniconda3/envs/airflow/lib/python3.8/site-packages/airflow/example_dags/example_short_circuit_decorator.py took 0.057 seconds
[2024-03-09T19:33:39.877+0000] {processor.py:161} INFO - Started process (PID=85570) to work on /home/tin/miniconda3/envs/airflow/lib/python3.8/site-packages/airflow/example_dags/example_short_circuit_decorator.py
[2024-03-09T19:33:39.881+0000] {processor.py:830} INFO - Processing file /home/tin/miniconda3/envs/airflow/lib/python3.8/site-packages/airflow/example_dags/example_short_circuit_decorator.py for tasks to queue
[2024-03-09T19:33:39.882+0000] {logging_mixin.py:188} INFO - [2024-03-09T19:33:39.882+0000] {dagbag.py:540} INFO - Filling up the DagBag from /home/tin/miniconda3/envs/airflow/lib/python3.8/site-packages/airflow/example_dags/example_short_circuit_decorator.py
[2024-03-09T19:33:39.890+0000] {processor.py:840} INFO - DAG(s) 'example_short_circuit_decorator' retrieved from /home/tin/miniconda3/envs/airflow/lib/python3.8/site-packages/airflow/example_dags/example_short_circuit_decorator.py
[2024-03-09T19:33:39.903+0000] {logging_mixin.py:188} INFO - [2024-03-09T19:33:39.903+0000] {dag.py:3047} INFO - Sync 1 DAGs
[2024-03-09T19:33:39.918+0000] {logging_mixin.py:188} INFO - [2024-03-09T19:33:39.918+0000] {dag.py:3834} INFO - Setting next_dagrun for example_short_circuit_decorator to 2024-03-08 00:00:00+00:00, run_after=2024-03-09 00:00:00+00:00
[2024-03-09T19:33:39.936+0000] {processor.py:183} INFO - Processing /home/tin/miniconda3/envs/airflow/lib/python3.8/site-packages/airflow/example_dags/example_short_circuit_decorator.py took 0.061 seconds
[2024-03-09T19:34:16.558+0000] {processor.py:161} INFO - Started process (PID=85621) to work on /home/tin/miniconda3/envs/airflow/lib/python3.8/site-packages/airflow/example_dags/example_short_circuit_decorator.py
[2024-03-09T19:34:16.560+0000] {processor.py:830} INFO - Processing file /home/tin/miniconda3/envs/airflow/lib/python3.8/site-packages/airflow/example_dags/example_short_circuit_decorator.py for tasks to queue
[2024-03-09T19:34:16.561+0000] {logging_mixin.py:188} INFO - [2024-03-09T19:34:16.561+0000] {dagbag.py:540} INFO - Filling up the DagBag from /home/tin/miniconda3/envs/airflow/lib/python3.8/site-packages/airflow/example_dags/example_short_circuit_decorator.py
[2024-03-09T19:34:16.568+0000] {processor.py:840} INFO - DAG(s) 'example_short_circuit_decorator' retrieved from /home/tin/miniconda3/envs/airflow/lib/python3.8/site-packages/airflow/example_dags/example_short_circuit_decorator.py
[2024-03-09T19:34:16.580+0000] {logging_mixin.py:188} INFO - [2024-03-09T19:34:16.580+0000] {dag.py:3047} INFO - Sync 1 DAGs
[2024-03-09T19:34:16.596+0000] {logging_mixin.py:188} INFO - [2024-03-09T19:34:16.596+0000] {dag.py:3834} INFO - Setting next_dagrun for example_short_circuit_decorator to 2024-03-08 00:00:00+00:00, run_after=2024-03-09 00:00:00+00:00
[2024-03-09T19:34:16.619+0000] {processor.py:183} INFO - Processing /home/tin/miniconda3/envs/airflow/lib/python3.8/site-packages/airflow/example_dags/example_short_circuit_decorator.py took 0.063 seconds
[2024-03-09T19:35:03.785+0000] {processor.py:161} INFO - Started process (PID=85869) to work on /home/tin/miniconda3/envs/airflow/lib/python3.8/site-packages/airflow/example_dags/example_short_circuit_decorator.py
[2024-03-09T19:35:03.787+0000] {processor.py:830} INFO - Processing file /home/tin/miniconda3/envs/airflow/lib/python3.8/site-packages/airflow/example_dags/example_short_circuit_decorator.py for tasks to queue
[2024-03-09T19:35:03.788+0000] {logging_mixin.py:188} INFO - [2024-03-09T19:35:03.788+0000] {dagbag.py:540} INFO - Filling up the DagBag from /home/tin/miniconda3/envs/airflow/lib/python3.8/site-packages/airflow/example_dags/example_short_circuit_decorator.py
[2024-03-09T19:35:03.795+0000] {processor.py:840} INFO - DAG(s) 'example_short_circuit_decorator' retrieved from /home/tin/miniconda3/envs/airflow/lib/python3.8/site-packages/airflow/example_dags/example_short_circuit_decorator.py
[2024-03-09T19:35:03.809+0000] {logging_mixin.py:188} INFO - [2024-03-09T19:35:03.808+0000] {dag.py:3047} INFO - Sync 1 DAGs
[2024-03-09T19:35:03.825+0000] {logging_mixin.py:188} INFO - [2024-03-09T19:35:03.825+0000] {dag.py:3834} INFO - Setting next_dagrun for example_short_circuit_decorator to 2024-03-08 00:00:00+00:00, run_after=2024-03-09 00:00:00+00:00
[2024-03-09T19:35:03.844+0000] {processor.py:183} INFO - Processing /home/tin/miniconda3/envs/airflow/lib/python3.8/site-packages/airflow/example_dags/example_short_circuit_decorator.py took 0.062 seconds
