[2024-03-09T19:28:32.939+0000] {processor.py:161} INFO - Started process (PID=84266) to work on /home/tin/miniconda3/envs/airflow/lib/python3.8/site-packages/airflow/example_dags/example_setup_teardown.py
[2024-03-09T19:28:32.940+0000] {processor.py:830} INFO - Processing file /home/tin/miniconda3/envs/airflow/lib/python3.8/site-packages/airflow/example_dags/example_setup_teardown.py for tasks to queue
[2024-03-09T19:28:32.941+0000] {logging_mixin.py:188} INFO - [2024-03-09T19:28:32.941+0000] {dagbag.py:540} INFO - Filling up the DagBag from /home/tin/miniconda3/envs/airflow/lib/python3.8/site-packages/airflow/example_dags/example_setup_teardown.py
[2024-03-09T19:28:32.948+0000] {processor.py:840} INFO - DAG(s) 'example_setup_teardown' retrieved from /home/tin/miniconda3/envs/airflow/lib/python3.8/site-packages/airflow/example_dags/example_setup_teardown.py
[2024-03-09T19:28:33.037+0000] {logging_mixin.py:188} INFO - [2024-03-09T19:28:33.036+0000] {override.py:1769} INFO - Created Permission View: can delete on DAG:example_setup_teardown
[2024-03-09T19:28:33.049+0000] {logging_mixin.py:188} INFO - [2024-03-09T19:28:33.049+0000] {override.py:1769} INFO - Created Permission View: can edit on DAG:example_setup_teardown
[2024-03-09T19:28:33.059+0000] {logging_mixin.py:188} INFO - [2024-03-09T19:28:33.059+0000] {override.py:1769} INFO - Created Permission View: can read on DAG:example_setup_teardown
[2024-03-09T19:28:33.060+0000] {logging_mixin.py:188} INFO - [2024-03-09T19:28:33.059+0000] {dag.py:3047} INFO - Sync 1 DAGs
[2024-03-09T19:28:33.068+0000] {logging_mixin.py:188} INFO - [2024-03-09T19:28:33.068+0000] {dag.py:3069} INFO - Creating ORM DAG for example_setup_teardown
[2024-03-09T19:28:33.075+0000] {logging_mixin.py:188} INFO - [2024-03-09T19:28:33.075+0000] {dag.py:3834} INFO - Setting next_dagrun for example_setup_teardown to 2024-03-08 00:00:00+00:00, run_after=2024-03-09 00:00:00+00:00
[2024-03-09T19:28:33.097+0000] {processor.py:183} INFO - Processing /home/tin/miniconda3/envs/airflow/lib/python3.8/site-packages/airflow/example_dags/example_setup_teardown.py took 0.160 seconds
[2024-03-09T19:29:27.203+0000] {processor.py:161} INFO - Started process (PID=84605) to work on /home/tin/miniconda3/envs/airflow/lib/python3.8/site-packages/airflow/example_dags/example_setup_teardown.py
[2024-03-09T19:29:27.205+0000] {processor.py:830} INFO - Processing file /home/tin/miniconda3/envs/airflow/lib/python3.8/site-packages/airflow/example_dags/example_setup_teardown.py for tasks to queue
[2024-03-09T19:29:27.206+0000] {logging_mixin.py:188} INFO - [2024-03-09T19:29:27.206+0000] {dagbag.py:540} INFO - Filling up the DagBag from /home/tin/miniconda3/envs/airflow/lib/python3.8/site-packages/airflow/example_dags/example_setup_teardown.py
[2024-03-09T19:29:27.212+0000] {processor.py:840} INFO - DAG(s) 'example_setup_teardown' retrieved from /home/tin/miniconda3/envs/airflow/lib/python3.8/site-packages/airflow/example_dags/example_setup_teardown.py
[2024-03-09T19:29:27.224+0000] {logging_mixin.py:188} INFO - [2024-03-09T19:29:27.223+0000] {dag.py:3047} INFO - Sync 1 DAGs
[2024-03-09T19:29:27.237+0000] {logging_mixin.py:188} INFO - [2024-03-09T19:29:27.237+0000] {dag.py:3834} INFO - Setting next_dagrun for example_setup_teardown to 2024-03-08 00:00:00+00:00, run_after=2024-03-09 00:00:00+00:00
[2024-03-09T19:29:27.253+0000] {processor.py:183} INFO - Processing /home/tin/miniconda3/envs/airflow/lib/python3.8/site-packages/airflow/example_dags/example_setup_teardown.py took 0.052 seconds
[2024-03-09T19:30:06.577+0000] {processor.py:161} INFO - Started process (PID=84753) to work on /home/tin/miniconda3/envs/airflow/lib/python3.8/site-packages/airflow/example_dags/example_setup_teardown.py
[2024-03-09T19:30:06.579+0000] {processor.py:830} INFO - Processing file /home/tin/miniconda3/envs/airflow/lib/python3.8/site-packages/airflow/example_dags/example_setup_teardown.py for tasks to queue
[2024-03-09T19:30:06.580+0000] {logging_mixin.py:188} INFO - [2024-03-09T19:30:06.580+0000] {dagbag.py:540} INFO - Filling up the DagBag from /home/tin/miniconda3/envs/airflow/lib/python3.8/site-packages/airflow/example_dags/example_setup_teardown.py
[2024-03-09T19:30:06.586+0000] {processor.py:840} INFO - DAG(s) 'example_setup_teardown' retrieved from /home/tin/miniconda3/envs/airflow/lib/python3.8/site-packages/airflow/example_dags/example_setup_teardown.py
[2024-03-09T19:30:06.598+0000] {logging_mixin.py:188} INFO - [2024-03-09T19:30:06.597+0000] {dag.py:3047} INFO - Sync 1 DAGs
[2024-03-09T19:30:06.695+0000] {logging_mixin.py:188} INFO - [2024-03-09T19:30:06.695+0000] {dag.py:3834} INFO - Setting next_dagrun for example_setup_teardown to 2024-03-08 00:00:00+00:00, run_after=2024-03-09 00:00:00+00:00
[2024-03-09T19:30:06.714+0000] {processor.py:183} INFO - Processing /home/tin/miniconda3/envs/airflow/lib/python3.8/site-packages/airflow/example_dags/example_setup_teardown.py took 0.139 seconds
[2024-03-09T19:30:45.214+0000] {processor.py:161} INFO - Started process (PID=84900) to work on /home/tin/miniconda3/envs/airflow/lib/python3.8/site-packages/airflow/example_dags/example_setup_teardown.py
[2024-03-09T19:30:45.216+0000] {processor.py:830} INFO - Processing file /home/tin/miniconda3/envs/airflow/lib/python3.8/site-packages/airflow/example_dags/example_setup_teardown.py for tasks to queue
[2024-03-09T19:30:45.217+0000] {logging_mixin.py:188} INFO - [2024-03-09T19:30:45.217+0000] {dagbag.py:540} INFO - Filling up the DagBag from /home/tin/miniconda3/envs/airflow/lib/python3.8/site-packages/airflow/example_dags/example_setup_teardown.py
[2024-03-09T19:30:45.222+0000] {processor.py:840} INFO - DAG(s) 'example_setup_teardown' retrieved from /home/tin/miniconda3/envs/airflow/lib/python3.8/site-packages/airflow/example_dags/example_setup_teardown.py
[2024-03-09T19:30:45.325+0000] {logging_mixin.py:188} INFO - [2024-03-09T19:30:45.325+0000] {dag.py:3047} INFO - Sync 1 DAGs
[2024-03-09T19:30:45.340+0000] {logging_mixin.py:188} INFO - [2024-03-09T19:30:45.340+0000] {dag.py:3834} INFO - Setting next_dagrun for example_setup_teardown to 2024-03-08 00:00:00+00:00, run_after=2024-03-09 00:00:00+00:00
[2024-03-09T19:30:45.357+0000] {processor.py:183} INFO - Processing /home/tin/miniconda3/envs/airflow/lib/python3.8/site-packages/airflow/example_dags/example_setup_teardown.py took 0.145 seconds
[2024-03-09T19:31:26.220+0000] {processor.py:161} INFO - Started process (PID=84997) to work on /home/tin/miniconda3/envs/airflow/lib/python3.8/site-packages/airflow/example_dags/example_setup_teardown.py
[2024-03-09T19:31:26.222+0000] {processor.py:830} INFO - Processing file /home/tin/miniconda3/envs/airflow/lib/python3.8/site-packages/airflow/example_dags/example_setup_teardown.py for tasks to queue
[2024-03-09T19:31:26.224+0000] {logging_mixin.py:188} INFO - [2024-03-09T19:31:26.223+0000] {dagbag.py:540} INFO - Filling up the DagBag from /home/tin/miniconda3/envs/airflow/lib/python3.8/site-packages/airflow/example_dags/example_setup_teardown.py
[2024-03-09T19:31:26.230+0000] {processor.py:840} INFO - DAG(s) 'example_setup_teardown' retrieved from /home/tin/miniconda3/envs/airflow/lib/python3.8/site-packages/airflow/example_dags/example_setup_teardown.py
[2024-03-09T19:31:26.242+0000] {logging_mixin.py:188} INFO - [2024-03-09T19:31:26.242+0000] {dag.py:3047} INFO - Sync 1 DAGs
[2024-03-09T19:31:26.258+0000] {logging_mixin.py:188} INFO - [2024-03-09T19:31:26.258+0000] {dag.py:3834} INFO - Setting next_dagrun for example_setup_teardown to 2024-03-08 00:00:00+00:00, run_after=2024-03-09 00:00:00+00:00
[2024-03-09T19:31:26.278+0000] {processor.py:183} INFO - Processing /home/tin/miniconda3/envs/airflow/lib/python3.8/site-packages/airflow/example_dags/example_setup_teardown.py took 0.059 seconds
[2024-03-09T19:32:11.866+0000] {processor.py:161} INFO - Started process (PID=85156) to work on /home/tin/miniconda3/envs/airflow/lib/python3.8/site-packages/airflow/example_dags/example_setup_teardown.py
[2024-03-09T19:32:11.867+0000] {processor.py:830} INFO - Processing file /home/tin/miniconda3/envs/airflow/lib/python3.8/site-packages/airflow/example_dags/example_setup_teardown.py for tasks to queue
[2024-03-09T19:32:11.869+0000] {logging_mixin.py:188} INFO - [2024-03-09T19:32:11.868+0000] {dagbag.py:540} INFO - Filling up the DagBag from /home/tin/miniconda3/envs/airflow/lib/python3.8/site-packages/airflow/example_dags/example_setup_teardown.py
[2024-03-09T19:32:11.875+0000] {processor.py:840} INFO - DAG(s) 'example_setup_teardown' retrieved from /home/tin/miniconda3/envs/airflow/lib/python3.8/site-packages/airflow/example_dags/example_setup_teardown.py
[2024-03-09T19:32:11.890+0000] {logging_mixin.py:188} INFO - [2024-03-09T19:32:11.890+0000] {dag.py:3047} INFO - Sync 1 DAGs
[2024-03-09T19:32:11.905+0000] {logging_mixin.py:188} INFO - [2024-03-09T19:32:11.904+0000] {dag.py:3834} INFO - Setting next_dagrun for example_setup_teardown to 2024-03-08 00:00:00+00:00, run_after=2024-03-09 00:00:00+00:00
[2024-03-09T19:32:11.927+0000] {processor.py:183} INFO - Processing /home/tin/miniconda3/envs/airflow/lib/python3.8/site-packages/airflow/example_dags/example_setup_teardown.py took 0.063 seconds
[2024-03-09T19:32:47.290+0000] {processor.py:161} INFO - Started process (PID=85313) to work on /home/tin/miniconda3/envs/airflow/lib/python3.8/site-packages/airflow/example_dags/example_setup_teardown.py
[2024-03-09T19:32:47.292+0000] {processor.py:830} INFO - Processing file /home/tin/miniconda3/envs/airflow/lib/python3.8/site-packages/airflow/example_dags/example_setup_teardown.py for tasks to queue
[2024-03-09T19:32:47.293+0000] {logging_mixin.py:188} INFO - [2024-03-09T19:32:47.293+0000] {dagbag.py:540} INFO - Filling up the DagBag from /home/tin/miniconda3/envs/airflow/lib/python3.8/site-packages/airflow/example_dags/example_setup_teardown.py
[2024-03-09T19:32:47.302+0000] {processor.py:840} INFO - DAG(s) 'example_setup_teardown' retrieved from /home/tin/miniconda3/envs/airflow/lib/python3.8/site-packages/airflow/example_dags/example_setup_teardown.py
[2024-03-09T19:32:47.320+0000] {logging_mixin.py:188} INFO - [2024-03-09T19:32:47.319+0000] {dag.py:3047} INFO - Sync 1 DAGs
[2024-03-09T19:32:47.342+0000] {logging_mixin.py:188} INFO - [2024-03-09T19:32:47.342+0000] {dag.py:3834} INFO - Setting next_dagrun for example_setup_teardown to 2024-03-08 00:00:00+00:00, run_after=2024-03-09 00:00:00+00:00
[2024-03-09T19:32:47.372+0000] {processor.py:183} INFO - Processing /home/tin/miniconda3/envs/airflow/lib/python3.8/site-packages/airflow/example_dags/example_setup_teardown.py took 0.086 seconds
[2024-03-09T19:33:24.747+0000] {processor.py:161} INFO - Started process (PID=85512) to work on /home/tin/miniconda3/envs/airflow/lib/python3.8/site-packages/airflow/example_dags/example_setup_teardown.py
[2024-03-09T19:33:24.750+0000] {processor.py:830} INFO - Processing file /home/tin/miniconda3/envs/airflow/lib/python3.8/site-packages/airflow/example_dags/example_setup_teardown.py for tasks to queue
[2024-03-09T19:33:24.751+0000] {logging_mixin.py:188} INFO - [2024-03-09T19:33:24.751+0000] {dagbag.py:540} INFO - Filling up the DagBag from /home/tin/miniconda3/envs/airflow/lib/python3.8/site-packages/airflow/example_dags/example_setup_teardown.py
[2024-03-09T19:33:24.760+0000] {processor.py:840} INFO - DAG(s) 'example_setup_teardown' retrieved from /home/tin/miniconda3/envs/airflow/lib/python3.8/site-packages/airflow/example_dags/example_setup_teardown.py
[2024-03-09T19:33:24.782+0000] {logging_mixin.py:188} INFO - [2024-03-09T19:33:24.781+0000] {dag.py:3047} INFO - Sync 1 DAGs
[2024-03-09T19:33:24.808+0000] {logging_mixin.py:188} INFO - [2024-03-09T19:33:24.807+0000] {dag.py:3834} INFO - Setting next_dagrun for example_setup_teardown to 2024-03-08 00:00:00+00:00, run_after=2024-03-09 00:00:00+00:00
[2024-03-09T19:33:24.839+0000] {processor.py:183} INFO - Processing /home/tin/miniconda3/envs/airflow/lib/python3.8/site-packages/airflow/example_dags/example_setup_teardown.py took 0.096 seconds
[2024-03-09T19:34:15.697+0000] {processor.py:161} INFO - Started process (PID=85620) to work on /home/tin/miniconda3/envs/airflow/lib/python3.8/site-packages/airflow/example_dags/example_setup_teardown.py
[2024-03-09T19:34:15.699+0000] {processor.py:830} INFO - Processing file /home/tin/miniconda3/envs/airflow/lib/python3.8/site-packages/airflow/example_dags/example_setup_teardown.py for tasks to queue
[2024-03-09T19:34:15.700+0000] {logging_mixin.py:188} INFO - [2024-03-09T19:34:15.700+0000] {dagbag.py:540} INFO - Filling up the DagBag from /home/tin/miniconda3/envs/airflow/lib/python3.8/site-packages/airflow/example_dags/example_setup_teardown.py
[2024-03-09T19:34:15.705+0000] {processor.py:840} INFO - DAG(s) 'example_setup_teardown' retrieved from /home/tin/miniconda3/envs/airflow/lib/python3.8/site-packages/airflow/example_dags/example_setup_teardown.py
[2024-03-09T19:34:15.717+0000] {logging_mixin.py:188} INFO - [2024-03-09T19:34:15.716+0000] {dag.py:3047} INFO - Sync 1 DAGs
[2024-03-09T19:34:15.733+0000] {logging_mixin.py:188} INFO - [2024-03-09T19:34:15.733+0000] {dag.py:3834} INFO - Setting next_dagrun for example_setup_teardown to 2024-03-08 00:00:00+00:00, run_after=2024-03-09 00:00:00+00:00
[2024-03-09T19:34:15.753+0000] {processor.py:183} INFO - Processing /home/tin/miniconda3/envs/airflow/lib/python3.8/site-packages/airflow/example_dags/example_setup_teardown.py took 0.058 seconds
[2024-03-09T19:35:02.639+0000] {processor.py:161} INFO - Started process (PID=85867) to work on /home/tin/miniconda3/envs/airflow/lib/python3.8/site-packages/airflow/example_dags/example_setup_teardown.py
[2024-03-09T19:35:02.641+0000] {processor.py:830} INFO - Processing file /home/tin/miniconda3/envs/airflow/lib/python3.8/site-packages/airflow/example_dags/example_setup_teardown.py for tasks to queue
[2024-03-09T19:35:02.642+0000] {logging_mixin.py:188} INFO - [2024-03-09T19:35:02.641+0000] {dagbag.py:540} INFO - Filling up the DagBag from /home/tin/miniconda3/envs/airflow/lib/python3.8/site-packages/airflow/example_dags/example_setup_teardown.py
[2024-03-09T19:35:02.647+0000] {processor.py:840} INFO - DAG(s) 'example_setup_teardown' retrieved from /home/tin/miniconda3/envs/airflow/lib/python3.8/site-packages/airflow/example_dags/example_setup_teardown.py
[2024-03-09T19:35:02.658+0000] {logging_mixin.py:188} INFO - [2024-03-09T19:35:02.658+0000] {dag.py:3047} INFO - Sync 1 DAGs
[2024-03-09T19:35:02.673+0000] {logging_mixin.py:188} INFO - [2024-03-09T19:35:02.673+0000] {dag.py:3834} INFO - Setting next_dagrun for example_setup_teardown to 2024-03-08 00:00:00+00:00, run_after=2024-03-09 00:00:00+00:00
[2024-03-09T19:35:02.691+0000] {processor.py:183} INFO - Processing /home/tin/miniconda3/envs/airflow/lib/python3.8/site-packages/airflow/example_dags/example_setup_teardown.py took 0.054 seconds
