[2024-03-09T19:29:13.996+0000] {processor.py:161} INFO - Started process (PID=84547) to work on /home/tin/miniconda3/envs/airflow/lib/python3.8/site-packages/airflow/example_dags/example_python_decorator.py
[2024-03-09T19:29:13.996+0000] {processor.py:830} INFO - Processing file /home/tin/miniconda3/envs/airflow/lib/python3.8/site-packages/airflow/example_dags/example_python_decorator.py for tasks to queue
[2024-03-09T19:29:13.997+0000] {logging_mixin.py:188} INFO - [2024-03-09T19:29:13.997+0000] {dagbag.py:540} INFO - Filling up the DagBag from /home/tin/miniconda3/envs/airflow/lib/python3.8/site-packages/airflow/example_dags/example_python_decorator.py
[2024-03-09T19:29:14.004+0000] {logging_mixin.py:188} INFO - [2024-03-09T19:29:14.004+0000] {example_python_decorator.py:79} WARNING - The virtalenv_python example task requires virtualenv, please install it.
[2024-03-09T19:29:14.005+0000] {processor.py:840} INFO - DAG(s) 'example_python_decorator' retrieved from /home/tin/miniconda3/envs/airflow/lib/python3.8/site-packages/airflow/example_dags/example_python_decorator.py
[2024-03-09T19:29:14.086+0000] {logging_mixin.py:188} INFO - [2024-03-09T19:29:14.086+0000] {override.py:1769} INFO - Created Permission View: can delete on DAG:example_python_decorator
[2024-03-09T19:29:14.175+0000] {logging_mixin.py:188} INFO - [2024-03-09T19:29:14.174+0000] {override.py:1769} INFO - Created Permission View: can edit on DAG:example_python_decorator
[2024-03-09T19:29:14.185+0000] {logging_mixin.py:188} INFO - [2024-03-09T19:29:14.185+0000] {override.py:1769} INFO - Created Permission View: can read on DAG:example_python_decorator
[2024-03-09T19:29:14.186+0000] {logging_mixin.py:188} INFO - [2024-03-09T19:29:14.185+0000] {dag.py:3047} INFO - Sync 1 DAGs
[2024-03-09T19:29:14.193+0000] {logging_mixin.py:188} INFO - [2024-03-09T19:29:14.193+0000] {dag.py:3069} INFO - Creating ORM DAG for example_python_decorator
[2024-03-09T19:29:14.194+0000] {logging_mixin.py:188} INFO - [2024-03-09T19:29:14.194+0000] {dag.py:3834} INFO - Setting next_dagrun for example_python_decorator to None, run_after=None
[2024-03-09T19:29:14.217+0000] {processor.py:183} INFO - Processing /home/tin/miniconda3/envs/airflow/lib/python3.8/site-packages/airflow/example_dags/example_python_decorator.py took 0.224 seconds
[2024-03-09T19:30:10.341+0000] {processor.py:161} INFO - Started process (PID=84757) to work on /home/tin/miniconda3/envs/airflow/lib/python3.8/site-packages/airflow/example_dags/example_python_decorator.py
[2024-03-09T19:30:10.342+0000] {processor.py:830} INFO - Processing file /home/tin/miniconda3/envs/airflow/lib/python3.8/site-packages/airflow/example_dags/example_python_decorator.py for tasks to queue
[2024-03-09T19:30:10.343+0000] {logging_mixin.py:188} INFO - [2024-03-09T19:30:10.343+0000] {dagbag.py:540} INFO - Filling up the DagBag from /home/tin/miniconda3/envs/airflow/lib/python3.8/site-packages/airflow/example_dags/example_python_decorator.py
[2024-03-09T19:30:10.350+0000] {logging_mixin.py:188} INFO - [2024-03-09T19:30:10.350+0000] {example_python_decorator.py:79} WARNING - The virtalenv_python example task requires virtualenv, please install it.
[2024-03-09T19:30:10.350+0000] {processor.py:840} INFO - DAG(s) 'example_python_decorator' retrieved from /home/tin/miniconda3/envs/airflow/lib/python3.8/site-packages/airflow/example_dags/example_python_decorator.py
[2024-03-09T19:30:10.362+0000] {logging_mixin.py:188} INFO - [2024-03-09T19:30:10.362+0000] {dag.py:3047} INFO - Sync 1 DAGs
[2024-03-09T19:30:10.373+0000] {logging_mixin.py:188} INFO - [2024-03-09T19:30:10.373+0000] {dag.py:3834} INFO - Setting next_dagrun for example_python_decorator to None, run_after=None
[2024-03-09T19:30:10.488+0000] {processor.py:183} INFO - Processing /home/tin/miniconda3/envs/airflow/lib/python3.8/site-packages/airflow/example_dags/example_python_decorator.py took 0.149 seconds
[2024-03-09T19:31:13.374+0000] {processor.py:161} INFO - Started process (PID=84965) to work on /home/tin/miniconda3/envs/airflow/lib/python3.8/site-packages/airflow/example_dags/example_python_decorator.py
[2024-03-09T19:31:13.375+0000] {processor.py:830} INFO - Processing file /home/tin/miniconda3/envs/airflow/lib/python3.8/site-packages/airflow/example_dags/example_python_decorator.py for tasks to queue
[2024-03-09T19:31:13.376+0000] {logging_mixin.py:188} INFO - [2024-03-09T19:31:13.376+0000] {dagbag.py:540} INFO - Filling up the DagBag from /home/tin/miniconda3/envs/airflow/lib/python3.8/site-packages/airflow/example_dags/example_python_decorator.py
[2024-03-09T19:31:13.389+0000] {logging_mixin.py:188} INFO - [2024-03-09T19:31:13.389+0000] {example_python_decorator.py:79} WARNING - The virtalenv_python example task requires virtualenv, please install it.
[2024-03-09T19:31:13.390+0000] {processor.py:840} INFO - DAG(s) 'example_python_decorator' retrieved from /home/tin/miniconda3/envs/airflow/lib/python3.8/site-packages/airflow/example_dags/example_python_decorator.py
[2024-03-09T19:31:13.409+0000] {logging_mixin.py:188} INFO - [2024-03-09T19:31:13.409+0000] {dag.py:3047} INFO - Sync 1 DAGs
[2024-03-09T19:31:13.427+0000] {logging_mixin.py:188} INFO - [2024-03-09T19:31:13.427+0000] {dag.py:3834} INFO - Setting next_dagrun for example_python_decorator to None, run_after=None
[2024-03-09T19:31:13.456+0000] {processor.py:183} INFO - Processing /home/tin/miniconda3/envs/airflow/lib/python3.8/site-packages/airflow/example_dags/example_python_decorator.py took 0.085 seconds
[2024-03-09T19:32:03.834+0000] {processor.py:161} INFO - Started process (PID=85147) to work on /home/tin/miniconda3/envs/airflow/lib/python3.8/site-packages/airflow/example_dags/example_python_decorator.py
[2024-03-09T19:32:03.836+0000] {processor.py:830} INFO - Processing file /home/tin/miniconda3/envs/airflow/lib/python3.8/site-packages/airflow/example_dags/example_python_decorator.py for tasks to queue
[2024-03-09T19:32:03.836+0000] {logging_mixin.py:188} INFO - [2024-03-09T19:32:03.836+0000] {dagbag.py:540} INFO - Filling up the DagBag from /home/tin/miniconda3/envs/airflow/lib/python3.8/site-packages/airflow/example_dags/example_python_decorator.py
[2024-03-09T19:32:03.844+0000] {logging_mixin.py:188} INFO - [2024-03-09T19:32:03.843+0000] {example_python_decorator.py:79} WARNING - The virtalenv_python example task requires virtualenv, please install it.
[2024-03-09T19:32:03.844+0000] {processor.py:840} INFO - DAG(s) 'example_python_decorator' retrieved from /home/tin/miniconda3/envs/airflow/lib/python3.8/site-packages/airflow/example_dags/example_python_decorator.py
[2024-03-09T19:32:03.857+0000] {logging_mixin.py:188} INFO - [2024-03-09T19:32:03.857+0000] {dag.py:3047} INFO - Sync 1 DAGs
[2024-03-09T19:32:03.866+0000] {logging_mixin.py:188} INFO - [2024-03-09T19:32:03.865+0000] {dag.py:3834} INFO - Setting next_dagrun for example_python_decorator to None, run_after=None
[2024-03-09T19:32:03.883+0000] {processor.py:183} INFO - Processing /home/tin/miniconda3/envs/airflow/lib/python3.8/site-packages/airflow/example_dags/example_python_decorator.py took 0.051 seconds
[2024-03-09T19:32:56.448+0000] {processor.py:161} INFO - Started process (PID=85371) to work on /home/tin/miniconda3/envs/airflow/lib/python3.8/site-packages/airflow/example_dags/example_python_decorator.py
[2024-03-09T19:32:56.457+0000] {processor.py:830} INFO - Processing file /home/tin/miniconda3/envs/airflow/lib/python3.8/site-packages/airflow/example_dags/example_python_decorator.py for tasks to queue
[2024-03-09T19:32:56.458+0000] {logging_mixin.py:188} INFO - [2024-03-09T19:32:56.458+0000] {dagbag.py:540} INFO - Filling up the DagBag from /home/tin/miniconda3/envs/airflow/lib/python3.8/site-packages/airflow/example_dags/example_python_decorator.py
[2024-03-09T19:32:56.478+0000] {processor.py:840} INFO - DAG(s) 'example_python_decorator' retrieved from /home/tin/miniconda3/envs/airflow/lib/python3.8/site-packages/airflow/example_dags/example_python_decorator.py
[2024-03-09T19:32:56.614+0000] {logging_mixin.py:188} INFO - [2024-03-09T19:32:56.613+0000] {dag.py:3047} INFO - Sync 1 DAGs
[2024-03-09T19:32:56.626+0000] {logging_mixin.py:188} INFO - [2024-03-09T19:32:56.625+0000] {dag.py:3834} INFO - Setting next_dagrun for example_python_decorator to None, run_after=None
[2024-03-09T19:32:56.657+0000] {processor.py:183} INFO - Processing /home/tin/miniconda3/envs/airflow/lib/python3.8/site-packages/airflow/example_dags/example_python_decorator.py took 0.212 seconds
[2024-03-09T19:33:48.396+0000] {processor.py:161} INFO - Started process (PID=85578) to work on /home/tin/miniconda3/envs/airflow/lib/python3.8/site-packages/airflow/example_dags/example_python_decorator.py
[2024-03-09T19:33:48.398+0000] {processor.py:830} INFO - Processing file /home/tin/miniconda3/envs/airflow/lib/python3.8/site-packages/airflow/example_dags/example_python_decorator.py for tasks to queue
[2024-03-09T19:33:48.399+0000] {logging_mixin.py:188} INFO - [2024-03-09T19:33:48.398+0000] {dagbag.py:540} INFO - Filling up the DagBag from /home/tin/miniconda3/envs/airflow/lib/python3.8/site-packages/airflow/example_dags/example_python_decorator.py
[2024-03-09T19:33:48.408+0000] {processor.py:840} INFO - DAG(s) 'example_python_decorator' retrieved from /home/tin/miniconda3/envs/airflow/lib/python3.8/site-packages/airflow/example_dags/example_python_decorator.py
[2024-03-09T19:33:48.421+0000] {logging_mixin.py:188} INFO - [2024-03-09T19:33:48.421+0000] {dag.py:3047} INFO - Sync 1 DAGs
[2024-03-09T19:33:48.429+0000] {logging_mixin.py:188} INFO - [2024-03-09T19:33:48.429+0000] {dag.py:3834} INFO - Setting next_dagrun for example_python_decorator to None, run_after=None
[2024-03-09T19:33:48.450+0000] {processor.py:183} INFO - Processing /home/tin/miniconda3/envs/airflow/lib/python3.8/site-packages/airflow/example_dags/example_python_decorator.py took 0.056 seconds
[2024-03-09T19:34:41.005+0000] {processor.py:161} INFO - Started process (PID=85738) to work on /home/tin/miniconda3/envs/airflow/lib/python3.8/site-packages/airflow/example_dags/example_python_decorator.py
[2024-03-09T19:34:41.009+0000] {processor.py:830} INFO - Processing file /home/tin/miniconda3/envs/airflow/lib/python3.8/site-packages/airflow/example_dags/example_python_decorator.py for tasks to queue
[2024-03-09T19:34:41.009+0000] {logging_mixin.py:188} INFO - [2024-03-09T19:34:41.009+0000] {dagbag.py:540} INFO - Filling up the DagBag from /home/tin/miniconda3/envs/airflow/lib/python3.8/site-packages/airflow/example_dags/example_python_decorator.py
[2024-03-09T19:34:41.019+0000] {processor.py:840} INFO - DAG(s) 'example_python_decorator' retrieved from /home/tin/miniconda3/envs/airflow/lib/python3.8/site-packages/airflow/example_dags/example_python_decorator.py
[2024-03-09T19:34:41.032+0000] {logging_mixin.py:188} INFO - [2024-03-09T19:34:41.032+0000] {dag.py:3047} INFO - Sync 1 DAGs
[2024-03-09T19:34:41.044+0000] {logging_mixin.py:188} INFO - [2024-03-09T19:34:41.043+0000] {dag.py:3834} INFO - Setting next_dagrun for example_python_decorator to None, run_after=None
[2024-03-09T19:34:41.060+0000] {processor.py:183} INFO - Processing /home/tin/miniconda3/envs/airflow/lib/python3.8/site-packages/airflow/example_dags/example_python_decorator.py took 0.057 seconds
[2024-03-09T19:35:30.561+0000] {processor.py:161} INFO - Started process (PID=85932) to work on /home/tin/miniconda3/envs/airflow/lib/python3.8/site-packages/airflow/example_dags/example_python_decorator.py
[2024-03-09T19:35:30.563+0000] {processor.py:830} INFO - Processing file /home/tin/miniconda3/envs/airflow/lib/python3.8/site-packages/airflow/example_dags/example_python_decorator.py for tasks to queue
[2024-03-09T19:35:30.564+0000] {logging_mixin.py:188} INFO - [2024-03-09T19:35:30.563+0000] {dagbag.py:540} INFO - Filling up the DagBag from /home/tin/miniconda3/envs/airflow/lib/python3.8/site-packages/airflow/example_dags/example_python_decorator.py
[2024-03-09T19:35:30.574+0000] {processor.py:840} INFO - DAG(s) 'example_python_decorator' retrieved from /home/tin/miniconda3/envs/airflow/lib/python3.8/site-packages/airflow/example_dags/example_python_decorator.py
[2024-03-09T19:35:30.587+0000] {logging_mixin.py:188} INFO - [2024-03-09T19:35:30.587+0000] {dag.py:3047} INFO - Sync 1 DAGs
[2024-03-09T19:35:30.596+0000] {logging_mixin.py:188} INFO - [2024-03-09T19:35:30.596+0000] {dag.py:3834} INFO - Setting next_dagrun for example_python_decorator to None, run_after=None
[2024-03-09T19:35:30.615+0000] {processor.py:183} INFO - Processing /home/tin/miniconda3/envs/airflow/lib/python3.8/site-packages/airflow/example_dags/example_python_decorator.py took 0.056 seconds
