[2024-03-09T19:29:04.700+0000] {processor.py:161} INFO - Started process (PID=84513) to work on /home/tin/miniconda3/envs/airflow/lib/python3.8/site-packages/airflow/example_dags/example_kubernetes_executor.py
[2024-03-09T19:29:04.700+0000] {processor.py:830} INFO - Processing file /home/tin/miniconda3/envs/airflow/lib/python3.8/site-packages/airflow/example_dags/example_kubernetes_executor.py for tasks to queue
[2024-03-09T19:29:04.701+0000] {logging_mixin.py:188} INFO - [2024-03-09T19:29:04.701+0000] {dagbag.py:540} INFO - Filling up the DagBag from /home/tin/miniconda3/envs/airflow/lib/python3.8/site-packages/airflow/example_dags/example_kubernetes_executor.py
[2024-03-09T19:29:04.703+0000] {logging_mixin.py:188} INFO - [2024-03-09T19:29:04.703+0000] {example_kubernetes_executor.py:38} WARNING - The example_kubernetes_executor example DAG requires the kubernetes provider. Please install it with: pip install apache-airflow[cncf.kubernetes]
[2024-03-09T19:29:04.704+0000] {processor.py:842} WARNING - No viable dags retrieved from /home/tin/miniconda3/envs/airflow/lib/python3.8/site-packages/airflow/example_dags/example_kubernetes_executor.py
[2024-03-09T19:29:04.711+0000] {processor.py:183} INFO - Processing /home/tin/miniconda3/envs/airflow/lib/python3.8/site-packages/airflow/example_dags/example_kubernetes_executor.py took 0.013 seconds
[2024-03-09T19:29:53.063+0000] {processor.py:161} INFO - Started process (PID=84698) to work on /home/tin/miniconda3/envs/airflow/lib/python3.8/site-packages/airflow/example_dags/example_kubernetes_executor.py
[2024-03-09T19:29:53.065+0000] {processor.py:830} INFO - Processing file /home/tin/miniconda3/envs/airflow/lib/python3.8/site-packages/airflow/example_dags/example_kubernetes_executor.py for tasks to queue
[2024-03-09T19:29:53.066+0000] {logging_mixin.py:188} INFO - [2024-03-09T19:29:53.066+0000] {dagbag.py:540} INFO - Filling up the DagBag from /home/tin/miniconda3/envs/airflow/lib/python3.8/site-packages/airflow/example_dags/example_kubernetes_executor.py
[2024-03-09T19:29:53.068+0000] {logging_mixin.py:188} INFO - [2024-03-09T19:29:53.068+0000] {example_kubernetes_executor.py:38} WARNING - The example_kubernetes_executor example DAG requires the kubernetes provider. Please install it with: pip install apache-airflow[cncf.kubernetes]
[2024-03-09T19:29:53.069+0000] {processor.py:842} WARNING - No viable dags retrieved from /home/tin/miniconda3/envs/airflow/lib/python3.8/site-packages/airflow/example_dags/example_kubernetes_executor.py
[2024-03-09T19:29:53.076+0000] {processor.py:183} INFO - Processing /home/tin/miniconda3/envs/airflow/lib/python3.8/site-packages/airflow/example_dags/example_kubernetes_executor.py took 0.015 seconds
[2024-03-09T19:30:54.359+0000] {processor.py:161} INFO - Started process (PID=84914) to work on /home/tin/miniconda3/envs/airflow/lib/python3.8/site-packages/airflow/example_dags/example_kubernetes_executor.py
[2024-03-09T19:30:54.361+0000] {processor.py:830} INFO - Processing file /home/tin/miniconda3/envs/airflow/lib/python3.8/site-packages/airflow/example_dags/example_kubernetes_executor.py for tasks to queue
[2024-03-09T19:30:54.361+0000] {logging_mixin.py:188} INFO - [2024-03-09T19:30:54.361+0000] {dagbag.py:540} INFO - Filling up the DagBag from /home/tin/miniconda3/envs/airflow/lib/python3.8/site-packages/airflow/example_dags/example_kubernetes_executor.py
[2024-03-09T19:30:54.364+0000] {logging_mixin.py:188} INFO - [2024-03-09T19:30:54.364+0000] {example_kubernetes_executor.py:38} WARNING - The example_kubernetes_executor example DAG requires the kubernetes provider. Please install it with: pip install apache-airflow[cncf.kubernetes]
[2024-03-09T19:30:54.364+0000] {processor.py:842} WARNING - No viable dags retrieved from /home/tin/miniconda3/envs/airflow/lib/python3.8/site-packages/airflow/example_dags/example_kubernetes_executor.py
[2024-03-09T19:30:54.371+0000] {processor.py:183} INFO - Processing /home/tin/miniconda3/envs/airflow/lib/python3.8/site-packages/airflow/example_dags/example_kubernetes_executor.py took 0.015 seconds
[2024-03-09T19:31:47.225+0000] {processor.py:161} INFO - Started process (PID=85070) to work on /home/tin/miniconda3/envs/airflow/lib/python3.8/site-packages/airflow/example_dags/example_kubernetes_executor.py
[2024-03-09T19:31:47.236+0000] {processor.py:830} INFO - Processing file /home/tin/miniconda3/envs/airflow/lib/python3.8/site-packages/airflow/example_dags/example_kubernetes_executor.py for tasks to queue
[2024-03-09T19:31:47.237+0000] {logging_mixin.py:188} INFO - [2024-03-09T19:31:47.237+0000] {dagbag.py:540} INFO - Filling up the DagBag from /home/tin/miniconda3/envs/airflow/lib/python3.8/site-packages/airflow/example_dags/example_kubernetes_executor.py
[2024-03-09T19:31:47.241+0000] {logging_mixin.py:188} INFO - [2024-03-09T19:31:47.241+0000] {example_kubernetes_executor.py:38} WARNING - The example_kubernetes_executor example DAG requires the kubernetes provider. Please install it with: pip install apache-airflow[cncf.kubernetes]
[2024-03-09T19:31:47.242+0000] {processor.py:842} WARNING - No viable dags retrieved from /home/tin/miniconda3/envs/airflow/lib/python3.8/site-packages/airflow/example_dags/example_kubernetes_executor.py
[2024-03-09T19:31:47.265+0000] {processor.py:183} INFO - Processing /home/tin/miniconda3/envs/airflow/lib/python3.8/site-packages/airflow/example_dags/example_kubernetes_executor.py took 0.042 seconds
[2024-03-09T19:32:37.073+0000] {processor.py:161} INFO - Started process (PID=85234) to work on /home/tin/miniconda3/envs/airflow/lib/python3.8/site-packages/airflow/example_dags/example_kubernetes_executor.py
[2024-03-09T19:32:37.075+0000] {processor.py:830} INFO - Processing file /home/tin/miniconda3/envs/airflow/lib/python3.8/site-packages/airflow/example_dags/example_kubernetes_executor.py for tasks to queue
[2024-03-09T19:32:37.076+0000] {logging_mixin.py:188} INFO - [2024-03-09T19:32:37.076+0000] {dagbag.py:540} INFO - Filling up the DagBag from /home/tin/miniconda3/envs/airflow/lib/python3.8/site-packages/airflow/example_dags/example_kubernetes_executor.py
[2024-03-09T19:32:37.079+0000] {logging_mixin.py:188} INFO - [2024-03-09T19:32:37.079+0000] {example_kubernetes_executor.py:38} WARNING - The example_kubernetes_executor example DAG requires the kubernetes provider. Please install it with: pip install apache-airflow[cncf.kubernetes]
[2024-03-09T19:32:37.079+0000] {processor.py:842} WARNING - No viable dags retrieved from /home/tin/miniconda3/envs/airflow/lib/python3.8/site-packages/airflow/example_dags/example_kubernetes_executor.py
[2024-03-09T19:32:37.088+0000] {processor.py:183} INFO - Processing /home/tin/miniconda3/envs/airflow/lib/python3.8/site-packages/airflow/example_dags/example_kubernetes_executor.py took 0.017 seconds
[2024-03-09T19:33:31.441+0000] {processor.py:161} INFO - Started process (PID=85561) to work on /home/tin/miniconda3/envs/airflow/lib/python3.8/site-packages/airflow/example_dags/example_kubernetes_executor.py
[2024-03-09T19:33:31.446+0000] {processor.py:830} INFO - Processing file /home/tin/miniconda3/envs/airflow/lib/python3.8/site-packages/airflow/example_dags/example_kubernetes_executor.py for tasks to queue
[2024-03-09T19:33:31.447+0000] {logging_mixin.py:188} INFO - [2024-03-09T19:33:31.447+0000] {dagbag.py:540} INFO - Filling up the DagBag from /home/tin/miniconda3/envs/airflow/lib/python3.8/site-packages/airflow/example_dags/example_kubernetes_executor.py
[2024-03-09T19:33:31.600+0000] {processor.py:840} INFO - DAG(s) 'example_kubernetes_executor' retrieved from /home/tin/miniconda3/envs/airflow/lib/python3.8/site-packages/airflow/example_dags/example_kubernetes_executor.py
[2024-03-09T19:33:31.611+0000] {logging_mixin.py:188} WARNING - /home/tin/miniconda3/envs/airflow/lib/python3.8/site-packages/airflow/serialization/serialized_objects.py:1562 DeprecationWarning: This module is deprecated. The `cncf.kubernetes` provider before version 7.4.0 uses this module - you should migrate to a newer version of `cncf.kubernetes` to get rid of this warning. If you import the module via `airflow.kubernetes` import, please use `cncf.kubernetes' provider 7.4.0+ and switch all your imports to use `apache.airflow.providers.cncf.kubernetes` to get rid of the warning.
[2024-03-09T19:33:31.686+0000] {logging_mixin.py:188} INFO - [2024-03-09T19:33:31.685+0000] {override.py:1769} INFO - Created Permission View: can delete on DAG:example_kubernetes_executor
[2024-03-09T19:33:31.697+0000] {logging_mixin.py:188} INFO - [2024-03-09T19:33:31.696+0000] {override.py:1769} INFO - Created Permission View: can edit on DAG:example_kubernetes_executor
[2024-03-09T19:33:31.705+0000] {logging_mixin.py:188} INFO - [2024-03-09T19:33:31.705+0000] {override.py:1769} INFO - Created Permission View: can read on DAG:example_kubernetes_executor
[2024-03-09T19:33:31.706+0000] {logging_mixin.py:188} INFO - [2024-03-09T19:33:31.705+0000] {dag.py:3047} INFO - Sync 1 DAGs
[2024-03-09T19:33:31.713+0000] {logging_mixin.py:188} INFO - [2024-03-09T19:33:31.713+0000] {dag.py:3069} INFO - Creating ORM DAG for example_kubernetes_executor
[2024-03-09T19:33:31.714+0000] {logging_mixin.py:188} INFO - [2024-03-09T19:33:31.714+0000] {dag.py:3834} INFO - Setting next_dagrun for example_kubernetes_executor to None, run_after=None
[2024-03-09T19:33:31.735+0000] {processor.py:183} INFO - Processing /home/tin/miniconda3/envs/airflow/lib/python3.8/site-packages/airflow/example_dags/example_kubernetes_executor.py took 0.296 seconds
[2024-03-09T19:34:24.408+0000] {processor.py:161} INFO - Started process (PID=85674) to work on /home/tin/miniconda3/envs/airflow/lib/python3.8/site-packages/airflow/example_dags/example_kubernetes_executor.py
[2024-03-09T19:34:24.410+0000] {processor.py:830} INFO - Processing file /home/tin/miniconda3/envs/airflow/lib/python3.8/site-packages/airflow/example_dags/example_kubernetes_executor.py for tasks to queue
[2024-03-09T19:34:24.411+0000] {logging_mixin.py:188} INFO - [2024-03-09T19:34:24.410+0000] {dagbag.py:540} INFO - Filling up the DagBag from /home/tin/miniconda3/envs/airflow/lib/python3.8/site-packages/airflow/example_dags/example_kubernetes_executor.py
[2024-03-09T19:34:24.635+0000] {processor.py:840} INFO - DAG(s) 'example_kubernetes_executor' retrieved from /home/tin/miniconda3/envs/airflow/lib/python3.8/site-packages/airflow/example_dags/example_kubernetes_executor.py
[2024-03-09T19:34:24.649+0000] {logging_mixin.py:188} WARNING - /home/tin/miniconda3/envs/airflow/lib/python3.8/site-packages/airflow/serialization/serialized_objects.py:1562 DeprecationWarning: This module is deprecated. The `cncf.kubernetes` provider before version 7.4.0 uses this module - you should migrate to a newer version of `cncf.kubernetes` to get rid of this warning. If you import the module via `airflow.kubernetes` import, please use `cncf.kubernetes' provider 7.4.0+ and switch all your imports to use `apache.airflow.providers.cncf.kubernetes` to get rid of the warning.
[2024-03-09T19:34:24.661+0000] {logging_mixin.py:188} INFO - [2024-03-09T19:34:24.661+0000] {dag.py:3047} INFO - Sync 1 DAGs
[2024-03-09T19:34:24.675+0000] {logging_mixin.py:188} INFO - [2024-03-09T19:34:24.675+0000] {dag.py:3834} INFO - Setting next_dagrun for example_kubernetes_executor to None, run_after=None
[2024-03-09T19:34:24.701+0000] {processor.py:183} INFO - Processing /home/tin/miniconda3/envs/airflow/lib/python3.8/site-packages/airflow/example_dags/example_kubernetes_executor.py took 0.296 seconds
[2024-03-09T19:35:11.639+0000] {processor.py:161} INFO - Started process (PID=85895) to work on /home/tin/miniconda3/envs/airflow/lib/python3.8/site-packages/airflow/example_dags/example_kubernetes_executor.py
[2024-03-09T19:35:11.641+0000] {processor.py:830} INFO - Processing file /home/tin/miniconda3/envs/airflow/lib/python3.8/site-packages/airflow/example_dags/example_kubernetes_executor.py for tasks to queue
[2024-03-09T19:35:11.642+0000] {logging_mixin.py:188} INFO - [2024-03-09T19:35:11.641+0000] {dagbag.py:540} INFO - Filling up the DagBag from /home/tin/miniconda3/envs/airflow/lib/python3.8/site-packages/airflow/example_dags/example_kubernetes_executor.py
[2024-03-09T19:35:11.802+0000] {processor.py:840} INFO - DAG(s) 'example_kubernetes_executor' retrieved from /home/tin/miniconda3/envs/airflow/lib/python3.8/site-packages/airflow/example_dags/example_kubernetes_executor.py
[2024-03-09T19:35:11.819+0000] {logging_mixin.py:188} WARNING - /home/tin/miniconda3/envs/airflow/lib/python3.8/site-packages/airflow/serialization/serialized_objects.py:1562 DeprecationWarning: This module is deprecated. The `cncf.kubernetes` provider before version 7.4.0 uses this module - you should migrate to a newer version of `cncf.kubernetes` to get rid of this warning. If you import the module via `airflow.kubernetes` import, please use `cncf.kubernetes' provider 7.4.0+ and switch all your imports to use `apache.airflow.providers.cncf.kubernetes` to get rid of the warning.
[2024-03-09T19:35:11.834+0000] {logging_mixin.py:188} INFO - [2024-03-09T19:35:11.833+0000] {dag.py:3047} INFO - Sync 1 DAGs
[2024-03-09T19:35:11.846+0000] {logging_mixin.py:188} INFO - [2024-03-09T19:35:11.846+0000] {dag.py:3834} INFO - Setting next_dagrun for example_kubernetes_executor to None, run_after=None
[2024-03-09T19:35:11.874+0000] {processor.py:183} INFO - Processing /home/tin/miniconda3/envs/airflow/lib/python3.8/site-packages/airflow/example_dags/example_kubernetes_executor.py took 0.237 seconds
