[2024-03-09T19:28:56.688+0000] {processor.py:161} INFO - Started process (PID=84449) to work on /home/tin/miniconda3/envs/airflow/lib/python3.8/site-packages/airflow/example_dags/example_datasets.py
[2024-03-09T19:28:56.689+0000] {processor.py:830} INFO - Processing file /home/tin/miniconda3/envs/airflow/lib/python3.8/site-packages/airflow/example_dags/example_datasets.py for tasks to queue
[2024-03-09T19:28:56.690+0000] {logging_mixin.py:188} INFO - [2024-03-09T19:28:56.690+0000] {dagbag.py:540} INFO - Filling up the DagBag from /home/tin/miniconda3/envs/airflow/lib/python3.8/site-packages/airflow/example_dags/example_datasets.py
[2024-03-09T19:28:56.699+0000] {processor.py:840} INFO - DAG(s) 'dataset_consumes_1_never_scheduled', 'dataset_consumes_unknown_never_scheduled', 'dataset_produces_1', 'dataset_produces_2', 'dataset_consumes_1', 'dataset_consumes_1_and_2' retrieved from /home/tin/miniconda3/envs/airflow/lib/python3.8/site-packages/airflow/example_dags/example_datasets.py
[2024-03-09T19:28:56.799+0000] {logging_mixin.py:188} INFO - [2024-03-09T19:28:56.798+0000] {override.py:1769} INFO - Created Permission View: can delete on DAG:dataset_consumes_1_never_scheduled
[2024-03-09T19:28:56.812+0000] {logging_mixin.py:188} INFO - [2024-03-09T19:28:56.812+0000] {override.py:1769} INFO - Created Permission View: can edit on DAG:dataset_consumes_1_never_scheduled
[2024-03-09T19:28:56.823+0000] {logging_mixin.py:188} INFO - [2024-03-09T19:28:56.822+0000] {override.py:1769} INFO - Created Permission View: can read on DAG:dataset_consumes_1_never_scheduled
[2024-03-09T19:28:56.845+0000] {logging_mixin.py:188} INFO - [2024-03-09T19:28:56.845+0000] {override.py:1769} INFO - Created Permission View: can delete on DAG:dataset_consumes_unknown_never_scheduled
[2024-03-09T19:28:56.856+0000] {logging_mixin.py:188} INFO - [2024-03-09T19:28:56.856+0000] {override.py:1769} INFO - Created Permission View: can edit on DAG:dataset_consumes_unknown_never_scheduled
[2024-03-09T19:28:56.869+0000] {logging_mixin.py:188} INFO - [2024-03-09T19:28:56.869+0000] {override.py:1769} INFO - Created Permission View: can read on DAG:dataset_consumes_unknown_never_scheduled
[2024-03-09T19:28:56.893+0000] {logging_mixin.py:188} INFO - [2024-03-09T19:28:56.892+0000] {override.py:1769} INFO - Created Permission View: can delete on DAG:dataset_produces_1
[2024-03-09T19:28:56.904+0000] {logging_mixin.py:188} INFO - [2024-03-09T19:28:56.903+0000] {override.py:1769} INFO - Created Permission View: can edit on DAG:dataset_produces_1
[2024-03-09T19:28:56.914+0000] {logging_mixin.py:188} INFO - [2024-03-09T19:28:56.913+0000] {override.py:1769} INFO - Created Permission View: can read on DAG:dataset_produces_1
[2024-03-09T19:28:56.936+0000] {logging_mixin.py:188} INFO - [2024-03-09T19:28:56.935+0000] {override.py:1769} INFO - Created Permission View: can delete on DAG:dataset_produces_2
[2024-03-09T19:28:56.946+0000] {logging_mixin.py:188} INFO - [2024-03-09T19:28:56.946+0000] {override.py:1769} INFO - Created Permission View: can edit on DAG:dataset_produces_2
[2024-03-09T19:28:56.956+0000] {logging_mixin.py:188} INFO - [2024-03-09T19:28:56.956+0000] {override.py:1769} INFO - Created Permission View: can read on DAG:dataset_produces_2
[2024-03-09T19:28:56.977+0000] {logging_mixin.py:188} INFO - [2024-03-09T19:28:56.976+0000] {override.py:1769} INFO - Created Permission View: can delete on DAG:dataset_consumes_1
[2024-03-09T19:28:56.989+0000] {logging_mixin.py:188} INFO - [2024-03-09T19:28:56.988+0000] {override.py:1769} INFO - Created Permission View: can edit on DAG:dataset_consumes_1
[2024-03-09T19:28:56.998+0000] {logging_mixin.py:188} INFO - [2024-03-09T19:28:56.998+0000] {override.py:1769} INFO - Created Permission View: can read on DAG:dataset_consumes_1
[2024-03-09T19:28:57.019+0000] {logging_mixin.py:188} INFO - [2024-03-09T19:28:57.019+0000] {override.py:1769} INFO - Created Permission View: can delete on DAG:dataset_consumes_1_and_2
[2024-03-09T19:28:57.030+0000] {logging_mixin.py:188} INFO - [2024-03-09T19:28:57.029+0000] {override.py:1769} INFO - Created Permission View: can edit on DAG:dataset_consumes_1_and_2
[2024-03-09T19:28:57.038+0000] {logging_mixin.py:188} INFO - [2024-03-09T19:28:57.037+0000] {override.py:1769} INFO - Created Permission View: can read on DAG:dataset_consumes_1_and_2
[2024-03-09T19:28:57.038+0000] {logging_mixin.py:188} INFO - [2024-03-09T19:28:57.038+0000] {dag.py:3047} INFO - Sync 6 DAGs
[2024-03-09T19:28:57.130+0000] {logging_mixin.py:188} INFO - [2024-03-09T19:28:57.130+0000] {dag.py:3069} INFO - Creating ORM DAG for dataset_produces_1
[2024-03-09T19:28:57.131+0000] {logging_mixin.py:188} INFO - [2024-03-09T19:28:57.130+0000] {dag.py:3069} INFO - Creating ORM DAG for dataset_consumes_1_and_2
[2024-03-09T19:28:57.131+0000] {logging_mixin.py:188} INFO - [2024-03-09T19:28:57.131+0000] {dag.py:3069} INFO - Creating ORM DAG for dataset_consumes_unknown_never_scheduled
[2024-03-09T19:28:57.132+0000] {logging_mixin.py:188} INFO - [2024-03-09T19:28:57.132+0000] {dag.py:3069} INFO - Creating ORM DAG for dataset_consumes_1
[2024-03-09T19:28:57.132+0000] {logging_mixin.py:188} INFO - [2024-03-09T19:28:57.132+0000] {dag.py:3069} INFO - Creating ORM DAG for dataset_consumes_1_never_scheduled
[2024-03-09T19:28:57.133+0000] {logging_mixin.py:188} INFO - [2024-03-09T19:28:57.133+0000] {dag.py:3069} INFO - Creating ORM DAG for dataset_produces_2
[2024-03-09T19:28:57.139+0000] {logging_mixin.py:188} INFO - [2024-03-09T19:28:57.139+0000] {dag.py:3834} INFO - Setting next_dagrun for dataset_consumes_1 to None, run_after=None
[2024-03-09T19:28:57.140+0000] {logging_mixin.py:188} INFO - [2024-03-09T19:28:57.139+0000] {dag.py:3834} INFO - Setting next_dagrun for dataset_consumes_1_and_2 to None, run_after=None
[2024-03-09T19:28:57.140+0000] {logging_mixin.py:188} INFO - [2024-03-09T19:28:57.140+0000] {dag.py:3834} INFO - Setting next_dagrun for dataset_consumes_1_never_scheduled to None, run_after=None
[2024-03-09T19:28:57.141+0000] {logging_mixin.py:188} INFO - [2024-03-09T19:28:57.140+0000] {dag.py:3834} INFO - Setting next_dagrun for dataset_consumes_unknown_never_scheduled to None, run_after=None
[2024-03-09T19:28:57.142+0000] {logging_mixin.py:188} INFO - [2024-03-09T19:28:57.142+0000] {dag.py:3834} INFO - Setting next_dagrun for dataset_produces_1 to 2024-03-08 00:00:00+00:00, run_after=2024-03-09 00:00:00+00:00
[2024-03-09T19:28:57.143+0000] {logging_mixin.py:188} INFO - [2024-03-09T19:28:57.142+0000] {dag.py:3834} INFO - Setting next_dagrun for dataset_produces_2 to None, run_after=None
[2024-03-09T19:28:57.176+0000] {processor.py:183} INFO - Processing /home/tin/miniconda3/envs/airflow/lib/python3.8/site-packages/airflow/example_dags/example_datasets.py took 0.490 seconds
[2024-03-09T19:29:47.400+0000] {processor.py:161} INFO - Started process (PID=84666) to work on /home/tin/miniconda3/envs/airflow/lib/python3.8/site-packages/airflow/example_dags/example_datasets.py
[2024-03-09T19:29:47.402+0000] {processor.py:830} INFO - Processing file /home/tin/miniconda3/envs/airflow/lib/python3.8/site-packages/airflow/example_dags/example_datasets.py for tasks to queue
[2024-03-09T19:29:47.403+0000] {logging_mixin.py:188} INFO - [2024-03-09T19:29:47.403+0000] {dagbag.py:540} INFO - Filling up the DagBag from /home/tin/miniconda3/envs/airflow/lib/python3.8/site-packages/airflow/example_dags/example_datasets.py
[2024-03-09T19:29:47.411+0000] {processor.py:840} INFO - DAG(s) 'dataset_produces_2', 'dataset_consumes_1', 'dataset_consumes_1_and_2', 'dataset_produces_1', 'dataset_consumes_unknown_never_scheduled', 'dataset_consumes_1_never_scheduled' retrieved from /home/tin/miniconda3/envs/airflow/lib/python3.8/site-packages/airflow/example_dags/example_datasets.py
[2024-03-09T19:29:47.432+0000] {logging_mixin.py:188} INFO - [2024-03-09T19:29:47.432+0000] {dag.py:3047} INFO - Sync 6 DAGs
[2024-03-09T19:29:47.447+0000] {logging_mixin.py:188} INFO - [2024-03-09T19:29:47.446+0000] {dag.py:3834} INFO - Setting next_dagrun for dataset_consumes_1 to None, run_after=None
[2024-03-09T19:29:47.449+0000] {logging_mixin.py:188} INFO - [2024-03-09T19:29:47.449+0000] {dag.py:3834} INFO - Setting next_dagrun for dataset_consumes_1_and_2 to None, run_after=None
[2024-03-09T19:29:47.450+0000] {logging_mixin.py:188} INFO - [2024-03-09T19:29:47.450+0000] {dag.py:3834} INFO - Setting next_dagrun for dataset_consumes_1_never_scheduled to None, run_after=None
[2024-03-09T19:29:47.451+0000] {logging_mixin.py:188} INFO - [2024-03-09T19:29:47.451+0000] {dag.py:3834} INFO - Setting next_dagrun for dataset_consumes_unknown_never_scheduled to None, run_after=None
[2024-03-09T19:29:47.453+0000] {logging_mixin.py:188} INFO - [2024-03-09T19:29:47.453+0000] {dag.py:3834} INFO - Setting next_dagrun for dataset_produces_1 to 2024-03-08 00:00:00+00:00, run_after=2024-03-09 00:00:00+00:00
[2024-03-09T19:29:47.454+0000] {logging_mixin.py:188} INFO - [2024-03-09T19:29:47.454+0000] {dag.py:3834} INFO - Setting next_dagrun for dataset_produces_2 to None, run_after=None
[2024-03-09T19:29:47.587+0000] {processor.py:183} INFO - Processing /home/tin/miniconda3/envs/airflow/lib/python3.8/site-packages/airflow/example_dags/example_datasets.py took 0.190 seconds
[2024-03-09T19:30:47.518+0000] {processor.py:161} INFO - Started process (PID=84902) to work on /home/tin/miniconda3/envs/airflow/lib/python3.8/site-packages/airflow/example_dags/example_datasets.py
[2024-03-09T19:30:47.519+0000] {processor.py:830} INFO - Processing file /home/tin/miniconda3/envs/airflow/lib/python3.8/site-packages/airflow/example_dags/example_datasets.py for tasks to queue
[2024-03-09T19:30:47.520+0000] {logging_mixin.py:188} INFO - [2024-03-09T19:30:47.520+0000] {dagbag.py:540} INFO - Filling up the DagBag from /home/tin/miniconda3/envs/airflow/lib/python3.8/site-packages/airflow/example_dags/example_datasets.py
[2024-03-09T19:30:47.608+0000] {processor.py:840} INFO - DAG(s) 'dataset_consumes_1_never_scheduled', 'dataset_produces_1', 'dataset_produces_2', 'dataset_consumes_unknown_never_scheduled', 'dataset_consumes_1', 'dataset_consumes_1_and_2' retrieved from /home/tin/miniconda3/envs/airflow/lib/python3.8/site-packages/airflow/example_dags/example_datasets.py
[2024-03-09T19:30:47.625+0000] {logging_mixin.py:188} INFO - [2024-03-09T19:30:47.625+0000] {dag.py:3047} INFO - Sync 6 DAGs
[2024-03-09T19:30:47.640+0000] {logging_mixin.py:188} INFO - [2024-03-09T19:30:47.640+0000] {dag.py:3834} INFO - Setting next_dagrun for dataset_consumes_1 to None, run_after=None
[2024-03-09T19:30:47.643+0000] {logging_mixin.py:188} INFO - [2024-03-09T19:30:47.642+0000] {dag.py:3834} INFO - Setting next_dagrun for dataset_consumes_1_and_2 to None, run_after=None
[2024-03-09T19:30:47.643+0000] {logging_mixin.py:188} INFO - [2024-03-09T19:30:47.643+0000] {dag.py:3834} INFO - Setting next_dagrun for dataset_consumes_1_never_scheduled to None, run_after=None
[2024-03-09T19:30:47.644+0000] {logging_mixin.py:188} INFO - [2024-03-09T19:30:47.644+0000] {dag.py:3834} INFO - Setting next_dagrun for dataset_consumes_unknown_never_scheduled to None, run_after=None
[2024-03-09T19:30:47.646+0000] {logging_mixin.py:188} INFO - [2024-03-09T19:30:47.646+0000] {dag.py:3834} INFO - Setting next_dagrun for dataset_produces_1 to 2024-03-08 00:00:00+00:00, run_after=2024-03-09 00:00:00+00:00
[2024-03-09T19:30:47.647+0000] {logging_mixin.py:188} INFO - [2024-03-09T19:30:47.647+0000] {dag.py:3834} INFO - Setting next_dagrun for dataset_produces_2 to None, run_after=None
[2024-03-09T19:30:47.670+0000] {processor.py:183} INFO - Processing /home/tin/miniconda3/envs/airflow/lib/python3.8/site-packages/airflow/example_dags/example_datasets.py took 0.155 seconds
[2024-03-09T19:31:33.893+0000] {processor.py:161} INFO - Started process (PID=85006) to work on /home/tin/miniconda3/envs/airflow/lib/python3.8/site-packages/airflow/example_dags/example_datasets.py
[2024-03-09T19:31:33.895+0000] {processor.py:830} INFO - Processing file /home/tin/miniconda3/envs/airflow/lib/python3.8/site-packages/airflow/example_dags/example_datasets.py for tasks to queue
[2024-03-09T19:31:33.896+0000] {logging_mixin.py:188} INFO - [2024-03-09T19:31:33.895+0000] {dagbag.py:540} INFO - Filling up the DagBag from /home/tin/miniconda3/envs/airflow/lib/python3.8/site-packages/airflow/example_dags/example_datasets.py
[2024-03-09T19:31:33.905+0000] {processor.py:840} INFO - DAG(s) 'dataset_produces_2', 'dataset_produces_1', 'dataset_consumes_unknown_never_scheduled', 'dataset_consumes_1_and_2', 'dataset_consumes_1_never_scheduled', 'dataset_consumes_1' retrieved from /home/tin/miniconda3/envs/airflow/lib/python3.8/site-packages/airflow/example_dags/example_datasets.py
[2024-03-09T19:31:33.927+0000] {logging_mixin.py:188} INFO - [2024-03-09T19:31:33.927+0000] {dag.py:3047} INFO - Sync 6 DAGs
[2024-03-09T19:31:33.944+0000] {logging_mixin.py:188} INFO - [2024-03-09T19:31:33.944+0000] {dag.py:3834} INFO - Setting next_dagrun for dataset_consumes_1 to None, run_after=None
[2024-03-09T19:31:33.947+0000] {logging_mixin.py:188} INFO - [2024-03-09T19:31:33.947+0000] {dag.py:3834} INFO - Setting next_dagrun for dataset_consumes_1_and_2 to None, run_after=None
[2024-03-09T19:31:33.948+0000] {logging_mixin.py:188} INFO - [2024-03-09T19:31:33.948+0000] {dag.py:3834} INFO - Setting next_dagrun for dataset_consumes_1_never_scheduled to None, run_after=None
[2024-03-09T19:31:33.949+0000] {logging_mixin.py:188} INFO - [2024-03-09T19:31:33.948+0000] {dag.py:3834} INFO - Setting next_dagrun for dataset_consumes_unknown_never_scheduled to None, run_after=None
[2024-03-09T19:31:33.951+0000] {logging_mixin.py:188} INFO - [2024-03-09T19:31:33.950+0000] {dag.py:3834} INFO - Setting next_dagrun for dataset_produces_1 to 2024-03-08 00:00:00+00:00, run_after=2024-03-09 00:00:00+00:00
[2024-03-09T19:31:33.951+0000] {logging_mixin.py:188} INFO - [2024-03-09T19:31:33.951+0000] {dag.py:3834} INFO - Setting next_dagrun for dataset_produces_2 to None, run_after=None
[2024-03-09T19:31:33.977+0000] {processor.py:183} INFO - Processing /home/tin/miniconda3/envs/airflow/lib/python3.8/site-packages/airflow/example_dags/example_datasets.py took 0.086 seconds
[2024-03-09T19:32:24.604+0000] {processor.py:161} INFO - Started process (PID=85169) to work on /home/tin/miniconda3/envs/airflow/lib/python3.8/site-packages/airflow/example_dags/example_datasets.py
[2024-03-09T19:32:24.605+0000] {processor.py:830} INFO - Processing file /home/tin/miniconda3/envs/airflow/lib/python3.8/site-packages/airflow/example_dags/example_datasets.py for tasks to queue
[2024-03-09T19:32:24.606+0000] {logging_mixin.py:188} INFO - [2024-03-09T19:32:24.606+0000] {dagbag.py:540} INFO - Filling up the DagBag from /home/tin/miniconda3/envs/airflow/lib/python3.8/site-packages/airflow/example_dags/example_datasets.py
[2024-03-09T19:32:24.614+0000] {processor.py:840} INFO - DAG(s) 'dataset_produces_1', 'dataset_consumes_1_and_2', 'dataset_consumes_unknown_never_scheduled', 'dataset_consumes_1_never_scheduled', 'dataset_produces_2', 'dataset_consumes_1' retrieved from /home/tin/miniconda3/envs/airflow/lib/python3.8/site-packages/airflow/example_dags/example_datasets.py
[2024-03-09T19:32:24.634+0000] {logging_mixin.py:188} INFO - [2024-03-09T19:32:24.634+0000] {dag.py:3047} INFO - Sync 6 DAGs
[2024-03-09T19:32:24.650+0000] {logging_mixin.py:188} INFO - [2024-03-09T19:32:24.649+0000] {dag.py:3834} INFO - Setting next_dagrun for dataset_consumes_1 to None, run_after=None
[2024-03-09T19:32:24.652+0000] {logging_mixin.py:188} INFO - [2024-03-09T19:32:24.652+0000] {dag.py:3834} INFO - Setting next_dagrun for dataset_consumes_1_and_2 to None, run_after=None
[2024-03-09T19:32:24.653+0000] {logging_mixin.py:188} INFO - [2024-03-09T19:32:24.653+0000] {dag.py:3834} INFO - Setting next_dagrun for dataset_consumes_1_never_scheduled to None, run_after=None
[2024-03-09T19:32:24.654+0000] {logging_mixin.py:188} INFO - [2024-03-09T19:32:24.654+0000] {dag.py:3834} INFO - Setting next_dagrun for dataset_consumes_unknown_never_scheduled to None, run_after=None
[2024-03-09T19:32:24.656+0000] {logging_mixin.py:188} INFO - [2024-03-09T19:32:24.656+0000] {dag.py:3834} INFO - Setting next_dagrun for dataset_produces_1 to 2024-03-08 00:00:00+00:00, run_after=2024-03-09 00:00:00+00:00
[2024-03-09T19:32:24.657+0000] {logging_mixin.py:188} INFO - [2024-03-09T19:32:24.656+0000] {dag.py:3834} INFO - Setting next_dagrun for dataset_produces_2 to None, run_after=None
[2024-03-09T19:32:24.680+0000] {processor.py:183} INFO - Processing /home/tin/miniconda3/envs/airflow/lib/python3.8/site-packages/airflow/example_dags/example_datasets.py took 0.078 seconds
[2024-03-09T19:33:19.608+0000] {processor.py:161} INFO - Started process (PID=85491) to work on /home/tin/miniconda3/envs/airflow/lib/python3.8/site-packages/airflow/example_dags/example_datasets.py
[2024-03-09T19:33:19.610+0000] {processor.py:830} INFO - Processing file /home/tin/miniconda3/envs/airflow/lib/python3.8/site-packages/airflow/example_dags/example_datasets.py for tasks to queue
[2024-03-09T19:33:19.611+0000] {logging_mixin.py:188} INFO - [2024-03-09T19:33:19.610+0000] {dagbag.py:540} INFO - Filling up the DagBag from /home/tin/miniconda3/envs/airflow/lib/python3.8/site-packages/airflow/example_dags/example_datasets.py
[2024-03-09T19:33:19.618+0000] {processor.py:840} INFO - DAG(s) 'dataset_consumes_unknown_never_scheduled', 'dataset_produces_1', 'dataset_consumes_1_and_2', 'dataset_consumes_1', 'dataset_produces_2', 'dataset_consumes_1_never_scheduled' retrieved from /home/tin/miniconda3/envs/airflow/lib/python3.8/site-packages/airflow/example_dags/example_datasets.py
[2024-03-09T19:33:19.638+0000] {logging_mixin.py:188} INFO - [2024-03-09T19:33:19.638+0000] {dag.py:3047} INFO - Sync 6 DAGs
[2024-03-09T19:33:19.652+0000] {logging_mixin.py:188} INFO - [2024-03-09T19:33:19.652+0000] {dag.py:3834} INFO - Setting next_dagrun for dataset_consumes_1 to None, run_after=None
[2024-03-09T19:33:19.655+0000] {logging_mixin.py:188} INFO - [2024-03-09T19:33:19.655+0000] {dag.py:3834} INFO - Setting next_dagrun for dataset_consumes_1_and_2 to None, run_after=None
[2024-03-09T19:33:19.656+0000] {logging_mixin.py:188} INFO - [2024-03-09T19:33:19.656+0000] {dag.py:3834} INFO - Setting next_dagrun for dataset_consumes_1_never_scheduled to None, run_after=None
[2024-03-09T19:33:19.657+0000] {logging_mixin.py:188} INFO - [2024-03-09T19:33:19.657+0000] {dag.py:3834} INFO - Setting next_dagrun for dataset_consumes_unknown_never_scheduled to None, run_after=None
[2024-03-09T19:33:19.659+0000] {logging_mixin.py:188} INFO - [2024-03-09T19:33:19.659+0000] {dag.py:3834} INFO - Setting next_dagrun for dataset_produces_1 to 2024-03-08 00:00:00+00:00, run_after=2024-03-09 00:00:00+00:00
[2024-03-09T19:33:19.661+0000] {logging_mixin.py:188} INFO - [2024-03-09T19:33:19.661+0000] {dag.py:3834} INFO - Setting next_dagrun for dataset_produces_2 to None, run_after=None
[2024-03-09T19:33:19.690+0000] {processor.py:183} INFO - Processing /home/tin/miniconda3/envs/airflow/lib/python3.8/site-packages/airflow/example_dags/example_datasets.py took 0.084 seconds
[2024-03-09T19:34:09.144+0000] {processor.py:161} INFO - Started process (PID=85602) to work on /home/tin/miniconda3/envs/airflow/lib/python3.8/site-packages/airflow/example_dags/example_datasets.py
[2024-03-09T19:34:09.146+0000] {processor.py:830} INFO - Processing file /home/tin/miniconda3/envs/airflow/lib/python3.8/site-packages/airflow/example_dags/example_datasets.py for tasks to queue
[2024-03-09T19:34:09.147+0000] {logging_mixin.py:188} INFO - [2024-03-09T19:34:09.147+0000] {dagbag.py:540} INFO - Filling up the DagBag from /home/tin/miniconda3/envs/airflow/lib/python3.8/site-packages/airflow/example_dags/example_datasets.py
[2024-03-09T19:34:09.155+0000] {processor.py:840} INFO - DAG(s) 'dataset_consumes_1_and_2', 'dataset_consumes_1_never_scheduled', 'dataset_produces_2', 'dataset_consumes_1', 'dataset_consumes_unknown_never_scheduled', 'dataset_produces_1' retrieved from /home/tin/miniconda3/envs/airflow/lib/python3.8/site-packages/airflow/example_dags/example_datasets.py
[2024-03-09T19:34:09.176+0000] {logging_mixin.py:188} INFO - [2024-03-09T19:34:09.175+0000] {dag.py:3047} INFO - Sync 6 DAGs
[2024-03-09T19:34:09.190+0000] {logging_mixin.py:188} INFO - [2024-03-09T19:34:09.190+0000] {dag.py:3834} INFO - Setting next_dagrun for dataset_consumes_1 to None, run_after=None
[2024-03-09T19:34:09.193+0000] {logging_mixin.py:188} INFO - [2024-03-09T19:34:09.193+0000] {dag.py:3834} INFO - Setting next_dagrun for dataset_consumes_1_and_2 to None, run_after=None
[2024-03-09T19:34:09.194+0000] {logging_mixin.py:188} INFO - [2024-03-09T19:34:09.194+0000] {dag.py:3834} INFO - Setting next_dagrun for dataset_consumes_1_never_scheduled to None, run_after=None
[2024-03-09T19:34:09.195+0000] {logging_mixin.py:188} INFO - [2024-03-09T19:34:09.195+0000] {dag.py:3834} INFO - Setting next_dagrun for dataset_consumes_unknown_never_scheduled to None, run_after=None
[2024-03-09T19:34:09.197+0000] {logging_mixin.py:188} INFO - [2024-03-09T19:34:09.197+0000] {dag.py:3834} INFO - Setting next_dagrun for dataset_produces_1 to 2024-03-08 00:00:00+00:00, run_after=2024-03-09 00:00:00+00:00
[2024-03-09T19:34:09.198+0000] {logging_mixin.py:188} INFO - [2024-03-09T19:34:09.198+0000] {dag.py:3834} INFO - Setting next_dagrun for dataset_produces_2 to None, run_after=None
[2024-03-09T19:34:09.224+0000] {processor.py:183} INFO - Processing /home/tin/miniconda3/envs/airflow/lib/python3.8/site-packages/airflow/example_dags/example_datasets.py took 0.082 seconds
[2024-03-09T19:34:59.043+0000] {processor.py:161} INFO - Started process (PID=85860) to work on /home/tin/miniconda3/envs/airflow/lib/python3.8/site-packages/airflow/example_dags/example_datasets.py
[2024-03-09T19:34:59.045+0000] {processor.py:830} INFO - Processing file /home/tin/miniconda3/envs/airflow/lib/python3.8/site-packages/airflow/example_dags/example_datasets.py for tasks to queue
[2024-03-09T19:34:59.046+0000] {logging_mixin.py:188} INFO - [2024-03-09T19:34:59.045+0000] {dagbag.py:540} INFO - Filling up the DagBag from /home/tin/miniconda3/envs/airflow/lib/python3.8/site-packages/airflow/example_dags/example_datasets.py
[2024-03-09T19:34:59.053+0000] {processor.py:840} INFO - DAG(s) 'dataset_produces_1', 'dataset_consumes_1_never_scheduled', 'dataset_consumes_1', 'dataset_produces_2', 'dataset_consumes_1_and_2', 'dataset_consumes_unknown_never_scheduled' retrieved from /home/tin/miniconda3/envs/airflow/lib/python3.8/site-packages/airflow/example_dags/example_datasets.py
[2024-03-09T19:34:59.073+0000] {logging_mixin.py:188} INFO - [2024-03-09T19:34:59.073+0000] {dag.py:3047} INFO - Sync 6 DAGs
[2024-03-09T19:34:59.089+0000] {logging_mixin.py:188} INFO - [2024-03-09T19:34:59.089+0000] {dag.py:3834} INFO - Setting next_dagrun for dataset_consumes_1 to None, run_after=None
[2024-03-09T19:34:59.091+0000] {logging_mixin.py:188} INFO - [2024-03-09T19:34:59.091+0000] {dag.py:3834} INFO - Setting next_dagrun for dataset_consumes_1_and_2 to None, run_after=None
[2024-03-09T19:34:59.092+0000] {logging_mixin.py:188} INFO - [2024-03-09T19:34:59.092+0000] {dag.py:3834} INFO - Setting next_dagrun for dataset_consumes_1_never_scheduled to None, run_after=None
[2024-03-09T19:34:59.093+0000] {logging_mixin.py:188} INFO - [2024-03-09T19:34:59.093+0000] {dag.py:3834} INFO - Setting next_dagrun for dataset_consumes_unknown_never_scheduled to None, run_after=None
[2024-03-09T19:34:59.095+0000] {logging_mixin.py:188} INFO - [2024-03-09T19:34:59.095+0000] {dag.py:3834} INFO - Setting next_dagrun for dataset_produces_1 to 2024-03-08 00:00:00+00:00, run_after=2024-03-09 00:00:00+00:00
[2024-03-09T19:34:59.096+0000] {logging_mixin.py:188} INFO - [2024-03-09T19:34:59.096+0000] {dag.py:3834} INFO - Setting next_dagrun for dataset_produces_2 to None, run_after=None
[2024-03-09T19:34:59.120+0000] {processor.py:183} INFO - Processing /home/tin/miniconda3/envs/airflow/lib/python3.8/site-packages/airflow/example_dags/example_datasets.py took 0.078 seconds
