[2024-03-09T19:28:58.221+0000] {processor.py:161} INFO - Started process (PID=84471) to work on /home/tin/miniconda3/envs/airflow/lib/python3.8/site-packages/airflow/example_dags/example_branch_datetime_operator.py
[2024-03-09T19:28:58.222+0000] {processor.py:830} INFO - Processing file /home/tin/miniconda3/envs/airflow/lib/python3.8/site-packages/airflow/example_dags/example_branch_datetime_operator.py for tasks to queue
[2024-03-09T19:28:58.222+0000] {logging_mixin.py:188} INFO - [2024-03-09T19:28:58.222+0000] {dagbag.py:540} INFO - Filling up the DagBag from /home/tin/miniconda3/envs/airflow/lib/python3.8/site-packages/airflow/example_dags/example_branch_datetime_operator.py
[2024-03-09T19:28:58.230+0000] {processor.py:840} INFO - DAG(s) 'example_branch_datetime_operator_3', 'example_branch_datetime_operator_2', 'example_branch_datetime_operator' retrieved from /home/tin/miniconda3/envs/airflow/lib/python3.8/site-packages/airflow/example_dags/example_branch_datetime_operator.py
[2024-03-09T19:28:58.311+0000] {logging_mixin.py:188} INFO - [2024-03-09T19:28:58.310+0000] {override.py:1769} INFO - Created Permission View: can delete on DAG:example_branch_datetime_operator_3
[2024-03-09T19:28:58.321+0000] {logging_mixin.py:188} INFO - [2024-03-09T19:28:58.321+0000] {override.py:1769} INFO - Created Permission View: can edit on DAG:example_branch_datetime_operator_3
[2024-03-09T19:28:58.329+0000] {logging_mixin.py:188} INFO - [2024-03-09T19:28:58.329+0000] {override.py:1769} INFO - Created Permission View: can read on DAG:example_branch_datetime_operator_3
[2024-03-09T19:28:58.348+0000] {logging_mixin.py:188} INFO - [2024-03-09T19:28:58.348+0000] {override.py:1769} INFO - Created Permission View: can delete on DAG:example_branch_datetime_operator_2
[2024-03-09T19:28:58.358+0000] {logging_mixin.py:188} INFO - [2024-03-09T19:28:58.358+0000] {override.py:1769} INFO - Created Permission View: can edit on DAG:example_branch_datetime_operator_2
[2024-03-09T19:28:58.369+0000] {logging_mixin.py:188} INFO - [2024-03-09T19:28:58.368+0000] {override.py:1769} INFO - Created Permission View: can read on DAG:example_branch_datetime_operator_2
[2024-03-09T19:28:58.389+0000] {logging_mixin.py:188} INFO - [2024-03-09T19:28:58.388+0000] {override.py:1769} INFO - Created Permission View: can delete on DAG:example_branch_datetime_operator
[2024-03-09T19:28:58.398+0000] {logging_mixin.py:188} INFO - [2024-03-09T19:28:58.398+0000] {override.py:1769} INFO - Created Permission View: can edit on DAG:example_branch_datetime_operator
[2024-03-09T19:28:58.408+0000] {logging_mixin.py:188} INFO - [2024-03-09T19:28:58.407+0000] {override.py:1769} INFO - Created Permission View: can read on DAG:example_branch_datetime_operator
[2024-03-09T19:28:58.409+0000] {logging_mixin.py:188} INFO - [2024-03-09T19:28:58.409+0000] {dag.py:3047} INFO - Sync 3 DAGs
[2024-03-09T19:28:58.420+0000] {logging_mixin.py:188} INFO - [2024-03-09T19:28:58.420+0000] {dag.py:3069} INFO - Creating ORM DAG for example_branch_datetime_operator
[2024-03-09T19:28:58.421+0000] {logging_mixin.py:188} INFO - [2024-03-09T19:28:58.421+0000] {dag.py:3069} INFO - Creating ORM DAG for example_branch_datetime_operator_3
[2024-03-09T19:28:58.421+0000] {logging_mixin.py:188} INFO - [2024-03-09T19:28:58.421+0000] {dag.py:3069} INFO - Creating ORM DAG for example_branch_datetime_operator_2
[2024-03-09T19:28:58.526+0000] {logging_mixin.py:188} INFO - [2024-03-09T19:28:58.526+0000] {dag.py:3834} INFO - Setting next_dagrun for example_branch_datetime_operator to 2024-03-08 00:00:00+00:00, run_after=2024-03-09 00:00:00+00:00
[2024-03-09T19:28:58.528+0000] {logging_mixin.py:188} INFO - [2024-03-09T19:28:58.528+0000] {dag.py:3834} INFO - Setting next_dagrun for example_branch_datetime_operator_2 to 2024-03-08 00:00:00+00:00, run_after=2024-03-09 00:00:00+00:00
[2024-03-09T19:28:58.531+0000] {logging_mixin.py:188} INFO - [2024-03-09T19:28:58.530+0000] {dag.py:3834} INFO - Setting next_dagrun for example_branch_datetime_operator_3 to 2024-03-08 00:00:00+00:00, run_after=2024-03-09 00:00:00+00:00
[2024-03-09T19:28:58.554+0000] {processor.py:183} INFO - Processing /home/tin/miniconda3/envs/airflow/lib/python3.8/site-packages/airflow/example_dags/example_branch_datetime_operator.py took 0.335 seconds
[2024-03-09T19:29:47.920+0000] {processor.py:161} INFO - Started process (PID=84667) to work on /home/tin/miniconda3/envs/airflow/lib/python3.8/site-packages/airflow/example_dags/example_branch_datetime_operator.py
[2024-03-09T19:29:47.922+0000] {processor.py:830} INFO - Processing file /home/tin/miniconda3/envs/airflow/lib/python3.8/site-packages/airflow/example_dags/example_branch_datetime_operator.py for tasks to queue
[2024-03-09T19:29:47.923+0000] {logging_mixin.py:188} INFO - [2024-03-09T19:29:47.923+0000] {dagbag.py:540} INFO - Filling up the DagBag from /home/tin/miniconda3/envs/airflow/lib/python3.8/site-packages/airflow/example_dags/example_branch_datetime_operator.py
[2024-03-09T19:29:47.932+0000] {processor.py:840} INFO - DAG(s) 'example_branch_datetime_operator', 'example_branch_datetime_operator_3', 'example_branch_datetime_operator_2' retrieved from /home/tin/miniconda3/envs/airflow/lib/python3.8/site-packages/airflow/example_dags/example_branch_datetime_operator.py
[2024-03-09T19:29:47.948+0000] {logging_mixin.py:188} INFO - [2024-03-09T19:29:47.948+0000] {dag.py:3047} INFO - Sync 3 DAGs
[2024-03-09T19:29:47.963+0000] {logging_mixin.py:188} INFO - [2024-03-09T19:29:47.963+0000] {dag.py:3834} INFO - Setting next_dagrun for example_branch_datetime_operator to 2024-03-08 00:00:00+00:00, run_after=2024-03-09 00:00:00+00:00
[2024-03-09T19:29:47.966+0000] {logging_mixin.py:188} INFO - [2024-03-09T19:29:47.966+0000] {dag.py:3834} INFO - Setting next_dagrun for example_branch_datetime_operator_2 to 2024-03-08 00:00:00+00:00, run_after=2024-03-09 00:00:00+00:00
[2024-03-09T19:29:47.969+0000] {logging_mixin.py:188} INFO - [2024-03-09T19:29:47.968+0000] {dag.py:3834} INFO - Setting next_dagrun for example_branch_datetime_operator_3 to 2024-03-08 00:00:00+00:00, run_after=2024-03-09 00:00:00+00:00
[2024-03-09T19:29:47.985+0000] {processor.py:183} INFO - Processing /home/tin/miniconda3/envs/airflow/lib/python3.8/site-packages/airflow/example_dags/example_branch_datetime_operator.py took 0.067 seconds
[2024-03-09T19:30:48.752+0000] {processor.py:161} INFO - Started process (PID=84903) to work on /home/tin/miniconda3/envs/airflow/lib/python3.8/site-packages/airflow/example_dags/example_branch_datetime_operator.py
[2024-03-09T19:30:48.754+0000] {processor.py:830} INFO - Processing file /home/tin/miniconda3/envs/airflow/lib/python3.8/site-packages/airflow/example_dags/example_branch_datetime_operator.py for tasks to queue
[2024-03-09T19:30:48.755+0000] {logging_mixin.py:188} INFO - [2024-03-09T19:30:48.755+0000] {dagbag.py:540} INFO - Filling up the DagBag from /home/tin/miniconda3/envs/airflow/lib/python3.8/site-packages/airflow/example_dags/example_branch_datetime_operator.py
[2024-03-09T19:30:48.764+0000] {processor.py:840} INFO - DAG(s) 'example_branch_datetime_operator_2', 'example_branch_datetime_operator', 'example_branch_datetime_operator_3' retrieved from /home/tin/miniconda3/envs/airflow/lib/python3.8/site-packages/airflow/example_dags/example_branch_datetime_operator.py
[2024-03-09T19:30:48.867+0000] {logging_mixin.py:188} INFO - [2024-03-09T19:30:48.866+0000] {dag.py:3047} INFO - Sync 3 DAGs
[2024-03-09T19:30:48.883+0000] {logging_mixin.py:188} INFO - [2024-03-09T19:30:48.883+0000] {dag.py:3834} INFO - Setting next_dagrun for example_branch_datetime_operator to 2024-03-08 00:00:00+00:00, run_after=2024-03-09 00:00:00+00:00
[2024-03-09T19:30:48.887+0000] {logging_mixin.py:188} INFO - [2024-03-09T19:30:48.887+0000] {dag.py:3834} INFO - Setting next_dagrun for example_branch_datetime_operator_2 to 2024-03-08 00:00:00+00:00, run_after=2024-03-09 00:00:00+00:00
[2024-03-09T19:30:48.889+0000] {logging_mixin.py:188} INFO - [2024-03-09T19:30:48.889+0000] {dag.py:3834} INFO - Setting next_dagrun for example_branch_datetime_operator_3 to 2024-03-08 00:00:00+00:00, run_after=2024-03-09 00:00:00+00:00
[2024-03-09T19:30:48.907+0000] {processor.py:183} INFO - Processing /home/tin/miniconda3/envs/airflow/lib/python3.8/site-packages/airflow/example_dags/example_branch_datetime_operator.py took 0.158 seconds
[2024-03-09T19:31:41.391+0000] {processor.py:161} INFO - Started process (PID=85050) to work on /home/tin/miniconda3/envs/airflow/lib/python3.8/site-packages/airflow/example_dags/example_branch_datetime_operator.py
[2024-03-09T19:31:41.395+0000] {processor.py:830} INFO - Processing file /home/tin/miniconda3/envs/airflow/lib/python3.8/site-packages/airflow/example_dags/example_branch_datetime_operator.py for tasks to queue
[2024-03-09T19:31:41.398+0000] {logging_mixin.py:188} INFO - [2024-03-09T19:31:41.397+0000] {dagbag.py:540} INFO - Filling up the DagBag from /home/tin/miniconda3/envs/airflow/lib/python3.8/site-packages/airflow/example_dags/example_branch_datetime_operator.py
[2024-03-09T19:31:41.449+0000] {processor.py:840} INFO - DAG(s) 'example_branch_datetime_operator_2', 'example_branch_datetime_operator', 'example_branch_datetime_operator_3' retrieved from /home/tin/miniconda3/envs/airflow/lib/python3.8/site-packages/airflow/example_dags/example_branch_datetime_operator.py
[2024-03-09T19:31:41.511+0000] {logging_mixin.py:188} INFO - [2024-03-09T19:31:41.508+0000] {dag.py:3047} INFO - Sync 3 DAGs
[2024-03-09T19:31:41.579+0000] {logging_mixin.py:188} INFO - [2024-03-09T19:31:41.579+0000] {dag.py:3834} INFO - Setting next_dagrun for example_branch_datetime_operator to 2024-03-08 00:00:00+00:00, run_after=2024-03-09 00:00:00+00:00
[2024-03-09T19:31:41.592+0000] {logging_mixin.py:188} INFO - [2024-03-09T19:31:41.592+0000] {dag.py:3834} INFO - Setting next_dagrun for example_branch_datetime_operator_2 to 2024-03-08 00:00:00+00:00, run_after=2024-03-09 00:00:00+00:00
[2024-03-09T19:31:41.597+0000] {logging_mixin.py:188} INFO - [2024-03-09T19:31:41.597+0000] {dag.py:3834} INFO - Setting next_dagrun for example_branch_datetime_operator_3 to 2024-03-08 00:00:00+00:00, run_after=2024-03-09 00:00:00+00:00
[2024-03-09T19:31:41.634+0000] {processor.py:183} INFO - Processing /home/tin/miniconda3/envs/airflow/lib/python3.8/site-packages/airflow/example_dags/example_branch_datetime_operator.py took 0.252 seconds
[2024-03-09T19:32:31.817+0000] {processor.py:161} INFO - Started process (PID=85188) to work on /home/tin/miniconda3/envs/airflow/lib/python3.8/site-packages/airflow/example_dags/example_branch_datetime_operator.py
[2024-03-09T19:32:31.823+0000] {processor.py:830} INFO - Processing file /home/tin/miniconda3/envs/airflow/lib/python3.8/site-packages/airflow/example_dags/example_branch_datetime_operator.py for tasks to queue
[2024-03-09T19:32:31.825+0000] {logging_mixin.py:188} INFO - [2024-03-09T19:32:31.824+0000] {dagbag.py:540} INFO - Filling up the DagBag from /home/tin/miniconda3/envs/airflow/lib/python3.8/site-packages/airflow/example_dags/example_branch_datetime_operator.py
[2024-03-09T19:32:31.833+0000] {processor.py:840} INFO - DAG(s) 'example_branch_datetime_operator_3', 'example_branch_datetime_operator_2', 'example_branch_datetime_operator' retrieved from /home/tin/miniconda3/envs/airflow/lib/python3.8/site-packages/airflow/example_dags/example_branch_datetime_operator.py
[2024-03-09T19:32:31.850+0000] {logging_mixin.py:188} INFO - [2024-03-09T19:32:31.850+0000] {dag.py:3047} INFO - Sync 3 DAGs
[2024-03-09T19:32:31.870+0000] {logging_mixin.py:188} INFO - [2024-03-09T19:32:31.870+0000] {dag.py:3834} INFO - Setting next_dagrun for example_branch_datetime_operator to 2024-03-08 00:00:00+00:00, run_after=2024-03-09 00:00:00+00:00
[2024-03-09T19:32:31.873+0000] {logging_mixin.py:188} INFO - [2024-03-09T19:32:31.873+0000] {dag.py:3834} INFO - Setting next_dagrun for example_branch_datetime_operator_2 to 2024-03-08 00:00:00+00:00, run_after=2024-03-09 00:00:00+00:00
[2024-03-09T19:32:31.875+0000] {logging_mixin.py:188} INFO - [2024-03-09T19:32:31.875+0000] {dag.py:3834} INFO - Setting next_dagrun for example_branch_datetime_operator_3 to 2024-03-08 00:00:00+00:00, run_after=2024-03-09 00:00:00+00:00
[2024-03-09T19:32:31.892+0000] {processor.py:183} INFO - Processing /home/tin/miniconda3/envs/airflow/lib/python3.8/site-packages/airflow/example_dags/example_branch_datetime_operator.py took 0.078 seconds
[2024-03-09T19:33:27.440+0000] {processor.py:161} INFO - Started process (PID=85536) to work on /home/tin/miniconda3/envs/airflow/lib/python3.8/site-packages/airflow/example_dags/example_branch_datetime_operator.py
[2024-03-09T19:33:27.441+0000] {processor.py:830} INFO - Processing file /home/tin/miniconda3/envs/airflow/lib/python3.8/site-packages/airflow/example_dags/example_branch_datetime_operator.py for tasks to queue
[2024-03-09T19:33:27.442+0000] {logging_mixin.py:188} INFO - [2024-03-09T19:33:27.442+0000] {dagbag.py:540} INFO - Filling up the DagBag from /home/tin/miniconda3/envs/airflow/lib/python3.8/site-packages/airflow/example_dags/example_branch_datetime_operator.py
[2024-03-09T19:33:27.451+0000] {processor.py:840} INFO - DAG(s) 'example_branch_datetime_operator_3', 'example_branch_datetime_operator', 'example_branch_datetime_operator_2' retrieved from /home/tin/miniconda3/envs/airflow/lib/python3.8/site-packages/airflow/example_dags/example_branch_datetime_operator.py
[2024-03-09T19:33:27.467+0000] {logging_mixin.py:188} INFO - [2024-03-09T19:33:27.467+0000] {dag.py:3047} INFO - Sync 3 DAGs
[2024-03-09T19:33:27.482+0000] {logging_mixin.py:188} INFO - [2024-03-09T19:33:27.482+0000] {dag.py:3834} INFO - Setting next_dagrun for example_branch_datetime_operator to 2024-03-08 00:00:00+00:00, run_after=2024-03-09 00:00:00+00:00
[2024-03-09T19:33:27.486+0000] {logging_mixin.py:188} INFO - [2024-03-09T19:33:27.485+0000] {dag.py:3834} INFO - Setting next_dagrun for example_branch_datetime_operator_2 to 2024-03-08 00:00:00+00:00, run_after=2024-03-09 00:00:00+00:00
[2024-03-09T19:33:27.487+0000] {logging_mixin.py:188} INFO - [2024-03-09T19:33:27.487+0000] {dag.py:3834} INFO - Setting next_dagrun for example_branch_datetime_operator_3 to 2024-03-08 00:00:00+00:00, run_after=2024-03-09 00:00:00+00:00
[2024-03-09T19:33:27.505+0000] {processor.py:183} INFO - Processing /home/tin/miniconda3/envs/airflow/lib/python3.8/site-packages/airflow/example_dags/example_branch_datetime_operator.py took 0.067 seconds
[2024-03-09T19:34:19.301+0000] {processor.py:161} INFO - Started process (PID=85647) to work on /home/tin/miniconda3/envs/airflow/lib/python3.8/site-packages/airflow/example_dags/example_branch_datetime_operator.py
[2024-03-09T19:34:19.303+0000] {processor.py:830} INFO - Processing file /home/tin/miniconda3/envs/airflow/lib/python3.8/site-packages/airflow/example_dags/example_branch_datetime_operator.py for tasks to queue
[2024-03-09T19:34:19.304+0000] {logging_mixin.py:188} INFO - [2024-03-09T19:34:19.304+0000] {dagbag.py:540} INFO - Filling up the DagBag from /home/tin/miniconda3/envs/airflow/lib/python3.8/site-packages/airflow/example_dags/example_branch_datetime_operator.py
[2024-03-09T19:34:19.316+0000] {processor.py:840} INFO - DAG(s) 'example_branch_datetime_operator', 'example_branch_datetime_operator_2', 'example_branch_datetime_operator_3' retrieved from /home/tin/miniconda3/envs/airflow/lib/python3.8/site-packages/airflow/example_dags/example_branch_datetime_operator.py
[2024-03-09T19:34:19.341+0000] {logging_mixin.py:188} INFO - [2024-03-09T19:34:19.341+0000] {dag.py:3047} INFO - Sync 3 DAGs
[2024-03-09T19:34:19.366+0000] {logging_mixin.py:188} INFO - [2024-03-09T19:34:19.366+0000] {dag.py:3834} INFO - Setting next_dagrun for example_branch_datetime_operator to 2024-03-08 00:00:00+00:00, run_after=2024-03-09 00:00:00+00:00
[2024-03-09T19:34:19.372+0000] {logging_mixin.py:188} INFO - [2024-03-09T19:34:19.372+0000] {dag.py:3834} INFO - Setting next_dagrun for example_branch_datetime_operator_2 to 2024-03-08 00:00:00+00:00, run_after=2024-03-09 00:00:00+00:00
[2024-03-09T19:34:19.375+0000] {logging_mixin.py:188} INFO - [2024-03-09T19:34:19.374+0000] {dag.py:3834} INFO - Setting next_dagrun for example_branch_datetime_operator_3 to 2024-03-08 00:00:00+00:00, run_after=2024-03-09 00:00:00+00:00
[2024-03-09T19:34:19.400+0000] {processor.py:183} INFO - Processing /home/tin/miniconda3/envs/airflow/lib/python3.8/site-packages/airflow/example_dags/example_branch_datetime_operator.py took 0.102 seconds
[2024-03-09T19:35:07.185+0000] {processor.py:161} INFO - Started process (PID=85887) to work on /home/tin/miniconda3/envs/airflow/lib/python3.8/site-packages/airflow/example_dags/example_branch_datetime_operator.py
[2024-03-09T19:35:07.187+0000] {processor.py:830} INFO - Processing file /home/tin/miniconda3/envs/airflow/lib/python3.8/site-packages/airflow/example_dags/example_branch_datetime_operator.py for tasks to queue
[2024-03-09T19:35:07.188+0000] {logging_mixin.py:188} INFO - [2024-03-09T19:35:07.188+0000] {dagbag.py:540} INFO - Filling up the DagBag from /home/tin/miniconda3/envs/airflow/lib/python3.8/site-packages/airflow/example_dags/example_branch_datetime_operator.py
[2024-03-09T19:35:07.196+0000] {processor.py:840} INFO - DAG(s) 'example_branch_datetime_operator_2', 'example_branch_datetime_operator_3', 'example_branch_datetime_operator' retrieved from /home/tin/miniconda3/envs/airflow/lib/python3.8/site-packages/airflow/example_dags/example_branch_datetime_operator.py
[2024-03-09T19:35:07.212+0000] {logging_mixin.py:188} INFO - [2024-03-09T19:35:07.212+0000] {dag.py:3047} INFO - Sync 3 DAGs
[2024-03-09T19:35:07.228+0000] {logging_mixin.py:188} INFO - [2024-03-09T19:35:07.228+0000] {dag.py:3834} INFO - Setting next_dagrun for example_branch_datetime_operator to 2024-03-08 00:00:00+00:00, run_after=2024-03-09 00:00:00+00:00
[2024-03-09T19:35:07.231+0000] {logging_mixin.py:188} INFO - [2024-03-09T19:35:07.231+0000] {dag.py:3834} INFO - Setting next_dagrun for example_branch_datetime_operator_2 to 2024-03-08 00:00:00+00:00, run_after=2024-03-09 00:00:00+00:00
[2024-03-09T19:35:07.233+0000] {logging_mixin.py:188} INFO - [2024-03-09T19:35:07.233+0000] {dag.py:3834} INFO - Setting next_dagrun for example_branch_datetime_operator_3 to 2024-03-08 00:00:00+00:00, run_after=2024-03-09 00:00:00+00:00
[2024-03-09T19:35:07.252+0000] {processor.py:183} INFO - Processing /home/tin/miniconda3/envs/airflow/lib/python3.8/site-packages/airflow/example_dags/example_branch_datetime_operator.py took 0.069 seconds
