[2024-03-09T19:28:31.702+0000] {processor.py:161} INFO - Started process (PID=84253) to work on /home/tin/miniconda3/envs/airflow/lib/python3.8/site-packages/airflow/example_dags/example_time_delta_sensor_async.py
[2024-03-09T19:28:31.703+0000] {processor.py:830} INFO - Processing file /home/tin/miniconda3/envs/airflow/lib/python3.8/site-packages/airflow/example_dags/example_time_delta_sensor_async.py for tasks to queue
[2024-03-09T19:28:31.704+0000] {logging_mixin.py:188} INFO - [2024-03-09T19:28:31.703+0000] {dagbag.py:540} INFO - Filling up the DagBag from /home/tin/miniconda3/envs/airflow/lib/python3.8/site-packages/airflow/example_dags/example_time_delta_sensor_async.py
[2024-03-09T19:28:31.710+0000] {processor.py:840} INFO - DAG(s) 'example_time_delta_sensor_async' retrieved from /home/tin/miniconda3/envs/airflow/lib/python3.8/site-packages/airflow/example_dags/example_time_delta_sensor_async.py
[2024-03-09T19:28:31.801+0000] {logging_mixin.py:188} INFO - [2024-03-09T19:28:31.800+0000] {override.py:1769} INFO - Created Permission View: can delete on DAG:example_time_delta_sensor_async
[2024-03-09T19:28:31.813+0000] {logging_mixin.py:188} INFO - [2024-03-09T19:28:31.812+0000] {override.py:1769} INFO - Created Permission View: can edit on DAG:example_time_delta_sensor_async
[2024-03-09T19:28:31.826+0000] {logging_mixin.py:188} INFO - [2024-03-09T19:28:31.825+0000] {override.py:1769} INFO - Created Permission View: can read on DAG:example_time_delta_sensor_async
[2024-03-09T19:28:31.826+0000] {logging_mixin.py:188} INFO - [2024-03-09T19:28:31.826+0000] {dag.py:3047} INFO - Sync 1 DAGs
[2024-03-09T19:28:31.835+0000] {logging_mixin.py:188} INFO - [2024-03-09T19:28:31.835+0000] {dag.py:3069} INFO - Creating ORM DAG for example_time_delta_sensor_async
[2024-03-09T19:28:31.836+0000] {logging_mixin.py:188} INFO - [2024-03-09T19:28:31.836+0000] {dag.py:3834} INFO - Setting next_dagrun for example_time_delta_sensor_async to None, run_after=None
[2024-03-09T19:28:31.858+0000] {processor.py:183} INFO - Processing /home/tin/miniconda3/envs/airflow/lib/python3.8/site-packages/airflow/example_dags/example_time_delta_sensor_async.py took 0.158 seconds
[2024-03-09T19:29:26.068+0000] {processor.py:161} INFO - Started process (PID=84595) to work on /home/tin/miniconda3/envs/airflow/lib/python3.8/site-packages/airflow/example_dags/example_time_delta_sensor_async.py
[2024-03-09T19:29:26.071+0000] {processor.py:830} INFO - Processing file /home/tin/miniconda3/envs/airflow/lib/python3.8/site-packages/airflow/example_dags/example_time_delta_sensor_async.py for tasks to queue
[2024-03-09T19:29:26.072+0000] {logging_mixin.py:188} INFO - [2024-03-09T19:29:26.072+0000] {dagbag.py:540} INFO - Filling up the DagBag from /home/tin/miniconda3/envs/airflow/lib/python3.8/site-packages/airflow/example_dags/example_time_delta_sensor_async.py
[2024-03-09T19:29:26.076+0000] {processor.py:840} INFO - DAG(s) 'example_time_delta_sensor_async' retrieved from /home/tin/miniconda3/envs/airflow/lib/python3.8/site-packages/airflow/example_dags/example_time_delta_sensor_async.py
[2024-03-09T19:29:26.090+0000] {logging_mixin.py:188} INFO - [2024-03-09T19:29:26.090+0000] {dag.py:3047} INFO - Sync 1 DAGs
[2024-03-09T19:29:26.099+0000] {logging_mixin.py:188} INFO - [2024-03-09T19:29:26.099+0000] {dag.py:3834} INFO - Setting next_dagrun for example_time_delta_sensor_async to None, run_after=None
[2024-03-09T19:29:26.118+0000] {processor.py:183} INFO - Processing /home/tin/miniconda3/envs/airflow/lib/python3.8/site-packages/airflow/example_dags/example_time_delta_sensor_async.py took 0.052 seconds
[2024-03-09T19:30:05.342+0000] {processor.py:161} INFO - Started process (PID=84752) to work on /home/tin/miniconda3/envs/airflow/lib/python3.8/site-packages/airflow/example_dags/example_time_delta_sensor_async.py
[2024-03-09T19:30:05.344+0000] {processor.py:830} INFO - Processing file /home/tin/miniconda3/envs/airflow/lib/python3.8/site-packages/airflow/example_dags/example_time_delta_sensor_async.py for tasks to queue
[2024-03-09T19:30:05.345+0000] {logging_mixin.py:188} INFO - [2024-03-09T19:30:05.345+0000] {dagbag.py:540} INFO - Filling up the DagBag from /home/tin/miniconda3/envs/airflow/lib/python3.8/site-packages/airflow/example_dags/example_time_delta_sensor_async.py
[2024-03-09T19:30:05.349+0000] {processor.py:840} INFO - DAG(s) 'example_time_delta_sensor_async' retrieved from /home/tin/miniconda3/envs/airflow/lib/python3.8/site-packages/airflow/example_dags/example_time_delta_sensor_async.py
[2024-03-09T19:30:05.361+0000] {logging_mixin.py:188} INFO - [2024-03-09T19:30:05.360+0000] {dag.py:3047} INFO - Sync 1 DAGs
[2024-03-09T19:30:05.370+0000] {logging_mixin.py:188} INFO - [2024-03-09T19:30:05.369+0000] {dag.py:3834} INFO - Setting next_dagrun for example_time_delta_sensor_async to None, run_after=None
[2024-03-09T19:30:05.485+0000] {processor.py:183} INFO - Processing /home/tin/miniconda3/envs/airflow/lib/python3.8/site-packages/airflow/example_dags/example_time_delta_sensor_async.py took 0.145 seconds
[2024-03-09T19:30:44.411+0000] {processor.py:161} INFO - Started process (PID=84899) to work on /home/tin/miniconda3/envs/airflow/lib/python3.8/site-packages/airflow/example_dags/example_time_delta_sensor_async.py
[2024-03-09T19:30:44.413+0000] {processor.py:830} INFO - Processing file /home/tin/miniconda3/envs/airflow/lib/python3.8/site-packages/airflow/example_dags/example_time_delta_sensor_async.py for tasks to queue
[2024-03-09T19:30:44.414+0000] {logging_mixin.py:188} INFO - [2024-03-09T19:30:44.414+0000] {dagbag.py:540} INFO - Filling up the DagBag from /home/tin/miniconda3/envs/airflow/lib/python3.8/site-packages/airflow/example_dags/example_time_delta_sensor_async.py
[2024-03-09T19:30:44.418+0000] {processor.py:840} INFO - DAG(s) 'example_time_delta_sensor_async' retrieved from /home/tin/miniconda3/envs/airflow/lib/python3.8/site-packages/airflow/example_dags/example_time_delta_sensor_async.py
[2024-03-09T19:30:44.524+0000] {logging_mixin.py:188} INFO - [2024-03-09T19:30:44.524+0000] {dag.py:3047} INFO - Sync 1 DAGs
[2024-03-09T19:30:44.533+0000] {logging_mixin.py:188} INFO - [2024-03-09T19:30:44.533+0000] {dag.py:3834} INFO - Setting next_dagrun for example_time_delta_sensor_async to None, run_after=None
[2024-03-09T19:30:44.551+0000] {processor.py:183} INFO - Processing /home/tin/miniconda3/envs/airflow/lib/python3.8/site-packages/airflow/example_dags/example_time_delta_sensor_async.py took 0.142 seconds
[2024-03-09T19:31:25.610+0000] {processor.py:161} INFO - Started process (PID=84996) to work on /home/tin/miniconda3/envs/airflow/lib/python3.8/site-packages/airflow/example_dags/example_time_delta_sensor_async.py
[2024-03-09T19:31:25.612+0000] {processor.py:830} INFO - Processing file /home/tin/miniconda3/envs/airflow/lib/python3.8/site-packages/airflow/example_dags/example_time_delta_sensor_async.py for tasks to queue
[2024-03-09T19:31:25.613+0000] {logging_mixin.py:188} INFO - [2024-03-09T19:31:25.612+0000] {dagbag.py:540} INFO - Filling up the DagBag from /home/tin/miniconda3/envs/airflow/lib/python3.8/site-packages/airflow/example_dags/example_time_delta_sensor_async.py
[2024-03-09T19:31:25.616+0000] {processor.py:840} INFO - DAG(s) 'example_time_delta_sensor_async' retrieved from /home/tin/miniconda3/envs/airflow/lib/python3.8/site-packages/airflow/example_dags/example_time_delta_sensor_async.py
[2024-03-09T19:31:25.628+0000] {logging_mixin.py:188} INFO - [2024-03-09T19:31:25.628+0000] {dag.py:3047} INFO - Sync 1 DAGs
[2024-03-09T19:31:25.636+0000] {logging_mixin.py:188} INFO - [2024-03-09T19:31:25.636+0000] {dag.py:3834} INFO - Setting next_dagrun for example_time_delta_sensor_async to None, run_after=None
[2024-03-09T19:31:25.654+0000] {processor.py:183} INFO - Processing /home/tin/miniconda3/envs/airflow/lib/python3.8/site-packages/airflow/example_dags/example_time_delta_sensor_async.py took 0.046 seconds
[2024-03-09T19:32:11.239+0000] {processor.py:161} INFO - Started process (PID=85155) to work on /home/tin/miniconda3/envs/airflow/lib/python3.8/site-packages/airflow/example_dags/example_time_delta_sensor_async.py
[2024-03-09T19:32:11.240+0000] {processor.py:830} INFO - Processing file /home/tin/miniconda3/envs/airflow/lib/python3.8/site-packages/airflow/example_dags/example_time_delta_sensor_async.py for tasks to queue
[2024-03-09T19:32:11.241+0000] {logging_mixin.py:188} INFO - [2024-03-09T19:32:11.241+0000] {dagbag.py:540} INFO - Filling up the DagBag from /home/tin/miniconda3/envs/airflow/lib/python3.8/site-packages/airflow/example_dags/example_time_delta_sensor_async.py
[2024-03-09T19:32:11.245+0000] {processor.py:840} INFO - DAG(s) 'example_time_delta_sensor_async' retrieved from /home/tin/miniconda3/envs/airflow/lib/python3.8/site-packages/airflow/example_dags/example_time_delta_sensor_async.py
[2024-03-09T19:32:11.256+0000] {logging_mixin.py:188} INFO - [2024-03-09T19:32:11.256+0000] {dag.py:3047} INFO - Sync 1 DAGs
[2024-03-09T19:32:11.264+0000] {logging_mixin.py:188} INFO - [2024-03-09T19:32:11.264+0000] {dag.py:3834} INFO - Setting next_dagrun for example_time_delta_sensor_async to None, run_after=None
[2024-03-09T19:32:11.286+0000] {processor.py:183} INFO - Processing /home/tin/miniconda3/envs/airflow/lib/python3.8/site-packages/airflow/example_dags/example_time_delta_sensor_async.py took 0.049 seconds
[2024-03-09T19:32:46.143+0000] {processor.py:161} INFO - Started process (PID=85299) to work on /home/tin/miniconda3/envs/airflow/lib/python3.8/site-packages/airflow/example_dags/example_time_delta_sensor_async.py
[2024-03-09T19:32:46.144+0000] {processor.py:830} INFO - Processing file /home/tin/miniconda3/envs/airflow/lib/python3.8/site-packages/airflow/example_dags/example_time_delta_sensor_async.py for tasks to queue
[2024-03-09T19:32:46.145+0000] {logging_mixin.py:188} INFO - [2024-03-09T19:32:46.145+0000] {dagbag.py:540} INFO - Filling up the DagBag from /home/tin/miniconda3/envs/airflow/lib/python3.8/site-packages/airflow/example_dags/example_time_delta_sensor_async.py
[2024-03-09T19:32:46.149+0000] {processor.py:840} INFO - DAG(s) 'example_time_delta_sensor_async' retrieved from /home/tin/miniconda3/envs/airflow/lib/python3.8/site-packages/airflow/example_dags/example_time_delta_sensor_async.py
[2024-03-09T19:32:46.161+0000] {logging_mixin.py:188} INFO - [2024-03-09T19:32:46.161+0000] {dag.py:3047} INFO - Sync 1 DAGs
[2024-03-09T19:32:46.169+0000] {logging_mixin.py:188} INFO - [2024-03-09T19:32:46.169+0000] {dag.py:3834} INFO - Setting next_dagrun for example_time_delta_sensor_async to None, run_after=None
[2024-03-09T19:32:46.187+0000] {processor.py:183} INFO - Processing /home/tin/miniconda3/envs/airflow/lib/python3.8/site-packages/airflow/example_dags/example_time_delta_sensor_async.py took 0.047 seconds
[2024-03-09T19:33:24.282+0000] {processor.py:161} INFO - Started process (PID=85511) to work on /home/tin/miniconda3/envs/airflow/lib/python3.8/site-packages/airflow/example_dags/example_time_delta_sensor_async.py
[2024-03-09T19:33:24.288+0000] {processor.py:830} INFO - Processing file /home/tin/miniconda3/envs/airflow/lib/python3.8/site-packages/airflow/example_dags/example_time_delta_sensor_async.py for tasks to queue
[2024-03-09T19:33:24.290+0000] {logging_mixin.py:188} INFO - [2024-03-09T19:33:24.289+0000] {dagbag.py:540} INFO - Filling up the DagBag from /home/tin/miniconda3/envs/airflow/lib/python3.8/site-packages/airflow/example_dags/example_time_delta_sensor_async.py
[2024-03-09T19:33:24.294+0000] {processor.py:840} INFO - DAG(s) 'example_time_delta_sensor_async' retrieved from /home/tin/miniconda3/envs/airflow/lib/python3.8/site-packages/airflow/example_dags/example_time_delta_sensor_async.py
[2024-03-09T19:33:24.310+0000] {logging_mixin.py:188} INFO - [2024-03-09T19:33:24.310+0000] {dag.py:3047} INFO - Sync 1 DAGs
[2024-03-09T19:33:24.323+0000] {logging_mixin.py:188} INFO - [2024-03-09T19:33:24.323+0000] {dag.py:3834} INFO - Setting next_dagrun for example_time_delta_sensor_async to None, run_after=None
[2024-03-09T19:33:24.347+0000] {processor.py:183} INFO - Processing /home/tin/miniconda3/envs/airflow/lib/python3.8/site-packages/airflow/example_dags/example_time_delta_sensor_async.py took 0.067 seconds
[2024-03-09T19:34:14.564+0000] {processor.py:161} INFO - Started process (PID=85616) to work on /home/tin/miniconda3/envs/airflow/lib/python3.8/site-packages/airflow/example_dags/example_time_delta_sensor_async.py
[2024-03-09T19:34:14.565+0000] {processor.py:830} INFO - Processing file /home/tin/miniconda3/envs/airflow/lib/python3.8/site-packages/airflow/example_dags/example_time_delta_sensor_async.py for tasks to queue
[2024-03-09T19:34:14.566+0000] {logging_mixin.py:188} INFO - [2024-03-09T19:34:14.566+0000] {dagbag.py:540} INFO - Filling up the DagBag from /home/tin/miniconda3/envs/airflow/lib/python3.8/site-packages/airflow/example_dags/example_time_delta_sensor_async.py
[2024-03-09T19:34:14.570+0000] {processor.py:840} INFO - DAG(s) 'example_time_delta_sensor_async' retrieved from /home/tin/miniconda3/envs/airflow/lib/python3.8/site-packages/airflow/example_dags/example_time_delta_sensor_async.py
[2024-03-09T19:34:14.581+0000] {logging_mixin.py:188} INFO - [2024-03-09T19:34:14.581+0000] {dag.py:3047} INFO - Sync 1 DAGs
[2024-03-09T19:34:14.589+0000] {logging_mixin.py:188} INFO - [2024-03-09T19:34:14.589+0000] {dag.py:3834} INFO - Setting next_dagrun for example_time_delta_sensor_async to None, run_after=None
[2024-03-09T19:34:14.607+0000] {processor.py:183} INFO - Processing /home/tin/miniconda3/envs/airflow/lib/python3.8/site-packages/airflow/example_dags/example_time_delta_sensor_async.py took 0.046 seconds
[2024-03-09T19:34:49.610+0000] {processor.py:161} INFO - Started process (PID=85797) to work on /home/tin/miniconda3/envs/airflow/lib/python3.8/site-packages/airflow/example_dags/example_time_delta_sensor_async.py
[2024-03-09T19:34:49.612+0000] {processor.py:830} INFO - Processing file /home/tin/miniconda3/envs/airflow/lib/python3.8/site-packages/airflow/example_dags/example_time_delta_sensor_async.py for tasks to queue
[2024-03-09T19:34:49.613+0000] {logging_mixin.py:188} INFO - [2024-03-09T19:34:49.612+0000] {dagbag.py:540} INFO - Filling up the DagBag from /home/tin/miniconda3/envs/airflow/lib/python3.8/site-packages/airflow/example_dags/example_time_delta_sensor_async.py
[2024-03-09T19:34:49.616+0000] {processor.py:840} INFO - DAG(s) 'example_time_delta_sensor_async' retrieved from /home/tin/miniconda3/envs/airflow/lib/python3.8/site-packages/airflow/example_dags/example_time_delta_sensor_async.py
[2024-03-09T19:34:49.628+0000] {logging_mixin.py:188} INFO - [2024-03-09T19:34:49.628+0000] {dag.py:3047} INFO - Sync 1 DAGs
[2024-03-09T19:34:49.637+0000] {logging_mixin.py:188} INFO - [2024-03-09T19:34:49.637+0000] {dag.py:3834} INFO - Setting next_dagrun for example_time_delta_sensor_async to None, run_after=None
[2024-03-09T19:34:49.656+0000] {processor.py:183} INFO - Processing /home/tin/miniconda3/envs/airflow/lib/python3.8/site-packages/airflow/example_dags/example_time_delta_sensor_async.py took 0.048 seconds
