[2024-03-09T19:29:14.837+0000] {processor.py:161} INFO - Started process (PID=84548) to work on /home/tin/miniconda3/envs/airflow/lib/python3.8/site-packages/airflow/example_dags/example_branch_operator_decorator.py
[2024-03-09T19:29:14.838+0000] {processor.py:830} INFO - Processing file /home/tin/miniconda3/envs/airflow/lib/python3.8/site-packages/airflow/example_dags/example_branch_operator_decorator.py for tasks to queue
[2024-03-09T19:29:14.839+0000] {logging_mixin.py:188} INFO - [2024-03-09T19:29:14.838+0000] {dagbag.py:540} INFO - Filling up the DagBag from /home/tin/miniconda3/envs/airflow/lib/python3.8/site-packages/airflow/example_dags/example_branch_operator_decorator.py
[2024-03-09T19:29:14.852+0000] {logging_mixin.py:188} INFO - [2024-03-09T19:29:14.850+0000] {dagbag.py:350} ERROR - Failed to import: /home/tin/miniconda3/envs/airflow/lib/python3.8/site-packages/airflow/example_dags/example_branch_operator_decorator.py
Traceback (most recent call last):
  File "/home/tin/miniconda3/envs/airflow/lib/python3.8/site-packages/airflow/models/dagbag.py", line 346, in parse
    loader.exec_module(new_module)
  File "<frozen importlib._bootstrap_external>", line 843, in exec_module
  File "<frozen importlib._bootstrap>", line 219, in _call_with_frames_removed
  File "/home/tin/miniconda3/envs/airflow/lib/python3.8/site-packages/airflow/example_dags/example_branch_operator_decorator.py", line 125, in <module>
    random_choice_venv = branching_virtualenv(choices=options)
  File "/home/tin/miniconda3/envs/airflow/lib/python3.8/site-packages/airflow/decorators/base.py", line 366, in __call__
    op = self.operator_class(
  File "/home/tin/miniconda3/envs/airflow/lib/python3.8/site-packages/airflow/models/baseoperator.py", line 437, in apply_defaults
    result = func(self, **kwargs, default_args=default_args)
  File "/home/tin/miniconda3/envs/airflow/lib/python3.8/site-packages/airflow/models/baseoperator.py", line 437, in apply_defaults
    result = func(self, **kwargs, default_args=default_args)
  File "/home/tin/miniconda3/envs/airflow/lib/python3.8/site-packages/airflow/decorators/python.py", line 52, in __init__
    super().__init__(
  File "/home/tin/miniconda3/envs/airflow/lib/python3.8/site-packages/airflow/models/baseoperator.py", line 437, in apply_defaults
    result = func(self, **kwargs, default_args=default_args)
  File "/home/tin/miniconda3/envs/airflow/lib/python3.8/site-packages/airflow/decorators/base.py", line 233, in __init__
    super().__init__(task_id=task_id, **kwargs_to_upstream, **kwargs)
  File "/home/tin/miniconda3/envs/airflow/lib/python3.8/site-packages/airflow/models/baseoperator.py", line 437, in apply_defaults
    result = func(self, **kwargs, default_args=default_args)
  File "/home/tin/miniconda3/envs/airflow/lib/python3.8/site-packages/airflow/models/baseoperator.py", line 437, in apply_defaults
    result = func(self, **kwargs, default_args=default_args)
  File "/home/tin/miniconda3/envs/airflow/lib/python3.8/site-packages/airflow/operators/python.py", line 591, in __init__
    raise AirflowException("PythonVirtualenvOperator requires virtualenv, please install it.")
airflow.exceptions.AirflowException: PythonVirtualenvOperator requires virtualenv, please install it.
[2024-03-09T19:29:14.852+0000] {processor.py:842} WARNING - No viable dags retrieved from /home/tin/miniconda3/envs/airflow/lib/python3.8/site-packages/airflow/example_dags/example_branch_operator_decorator.py
[2024-03-09T19:29:14.868+0000] {processor.py:183} INFO - Processing /home/tin/miniconda3/envs/airflow/lib/python3.8/site-packages/airflow/example_dags/example_branch_operator_decorator.py took 0.034 seconds
[2024-03-09T19:30:11.575+0000] {processor.py:161} INFO - Started process (PID=84758) to work on /home/tin/miniconda3/envs/airflow/lib/python3.8/site-packages/airflow/example_dags/example_branch_operator_decorator.py
[2024-03-09T19:30:11.576+0000] {processor.py:830} INFO - Processing file /home/tin/miniconda3/envs/airflow/lib/python3.8/site-packages/airflow/example_dags/example_branch_operator_decorator.py for tasks to queue
[2024-03-09T19:30:11.577+0000] {logging_mixin.py:188} INFO - [2024-03-09T19:30:11.577+0000] {dagbag.py:540} INFO - Filling up the DagBag from /home/tin/miniconda3/envs/airflow/lib/python3.8/site-packages/airflow/example_dags/example_branch_operator_decorator.py
[2024-03-09T19:30:11.588+0000] {logging_mixin.py:188} INFO - [2024-03-09T19:30:11.587+0000] {dagbag.py:350} ERROR - Failed to import: /home/tin/miniconda3/envs/airflow/lib/python3.8/site-packages/airflow/example_dags/example_branch_operator_decorator.py
Traceback (most recent call last):
  File "/home/tin/miniconda3/envs/airflow/lib/python3.8/site-packages/airflow/models/dagbag.py", line 346, in parse
    loader.exec_module(new_module)
  File "<frozen importlib._bootstrap_external>", line 843, in exec_module
  File "<frozen importlib._bootstrap>", line 219, in _call_with_frames_removed
  File "/home/tin/miniconda3/envs/airflow/lib/python3.8/site-packages/airflow/example_dags/example_branch_operator_decorator.py", line 125, in <module>
    random_choice_venv = branching_virtualenv(choices=options)
  File "/home/tin/miniconda3/envs/airflow/lib/python3.8/site-packages/airflow/decorators/base.py", line 366, in __call__
    op = self.operator_class(
  File "/home/tin/miniconda3/envs/airflow/lib/python3.8/site-packages/airflow/models/baseoperator.py", line 437, in apply_defaults
    result = func(self, **kwargs, default_args=default_args)
  File "/home/tin/miniconda3/envs/airflow/lib/python3.8/site-packages/airflow/models/baseoperator.py", line 437, in apply_defaults
    result = func(self, **kwargs, default_args=default_args)
  File "/home/tin/miniconda3/envs/airflow/lib/python3.8/site-packages/airflow/decorators/python.py", line 52, in __init__
    super().__init__(
  File "/home/tin/miniconda3/envs/airflow/lib/python3.8/site-packages/airflow/models/baseoperator.py", line 437, in apply_defaults
    result = func(self, **kwargs, default_args=default_args)
  File "/home/tin/miniconda3/envs/airflow/lib/python3.8/site-packages/airflow/decorators/base.py", line 233, in __init__
    super().__init__(task_id=task_id, **kwargs_to_upstream, **kwargs)
  File "/home/tin/miniconda3/envs/airflow/lib/python3.8/site-packages/airflow/models/baseoperator.py", line 437, in apply_defaults
    result = func(self, **kwargs, default_args=default_args)
  File "/home/tin/miniconda3/envs/airflow/lib/python3.8/site-packages/airflow/models/baseoperator.py", line 437, in apply_defaults
    result = func(self, **kwargs, default_args=default_args)
  File "/home/tin/miniconda3/envs/airflow/lib/python3.8/site-packages/airflow/operators/python.py", line 591, in __init__
    raise AirflowException("PythonVirtualenvOperator requires virtualenv, please install it.")
airflow.exceptions.AirflowException: PythonVirtualenvOperator requires virtualenv, please install it.
[2024-03-09T19:30:11.589+0000] {processor.py:842} WARNING - No viable dags retrieved from /home/tin/miniconda3/envs/airflow/lib/python3.8/site-packages/airflow/example_dags/example_branch_operator_decorator.py
[2024-03-09T19:30:11.603+0000] {processor.py:183} INFO - Processing /home/tin/miniconda3/envs/airflow/lib/python3.8/site-packages/airflow/example_dags/example_branch_operator_decorator.py took 0.030 seconds
[2024-03-09T19:31:14.509+0000] {processor.py:161} INFO - Started process (PID=84972) to work on /home/tin/miniconda3/envs/airflow/lib/python3.8/site-packages/airflow/example_dags/example_branch_operator_decorator.py
[2024-03-09T19:31:14.510+0000] {processor.py:830} INFO - Processing file /home/tin/miniconda3/envs/airflow/lib/python3.8/site-packages/airflow/example_dags/example_branch_operator_decorator.py for tasks to queue
[2024-03-09T19:31:14.511+0000] {logging_mixin.py:188} INFO - [2024-03-09T19:31:14.511+0000] {dagbag.py:540} INFO - Filling up the DagBag from /home/tin/miniconda3/envs/airflow/lib/python3.8/site-packages/airflow/example_dags/example_branch_operator_decorator.py
[2024-03-09T19:31:14.524+0000] {logging_mixin.py:188} INFO - [2024-03-09T19:31:14.523+0000] {dagbag.py:350} ERROR - Failed to import: /home/tin/miniconda3/envs/airflow/lib/python3.8/site-packages/airflow/example_dags/example_branch_operator_decorator.py
Traceback (most recent call last):
  File "/home/tin/miniconda3/envs/airflow/lib/python3.8/site-packages/airflow/models/dagbag.py", line 346, in parse
    loader.exec_module(new_module)
  File "<frozen importlib._bootstrap_external>", line 843, in exec_module
  File "<frozen importlib._bootstrap>", line 219, in _call_with_frames_removed
  File "/home/tin/miniconda3/envs/airflow/lib/python3.8/site-packages/airflow/example_dags/example_branch_operator_decorator.py", line 125, in <module>
    random_choice_venv = branching_virtualenv(choices=options)
  File "/home/tin/miniconda3/envs/airflow/lib/python3.8/site-packages/airflow/decorators/base.py", line 366, in __call__
    op = self.operator_class(
  File "/home/tin/miniconda3/envs/airflow/lib/python3.8/site-packages/airflow/models/baseoperator.py", line 437, in apply_defaults
    result = func(self, **kwargs, default_args=default_args)
  File "/home/tin/miniconda3/envs/airflow/lib/python3.8/site-packages/airflow/models/baseoperator.py", line 437, in apply_defaults
    result = func(self, **kwargs, default_args=default_args)
  File "/home/tin/miniconda3/envs/airflow/lib/python3.8/site-packages/airflow/decorators/python.py", line 52, in __init__
    super().__init__(
  File "/home/tin/miniconda3/envs/airflow/lib/python3.8/site-packages/airflow/models/baseoperator.py", line 437, in apply_defaults
    result = func(self, **kwargs, default_args=default_args)
  File "/home/tin/miniconda3/envs/airflow/lib/python3.8/site-packages/airflow/decorators/base.py", line 233, in __init__
    super().__init__(task_id=task_id, **kwargs_to_upstream, **kwargs)
  File "/home/tin/miniconda3/envs/airflow/lib/python3.8/site-packages/airflow/models/baseoperator.py", line 437, in apply_defaults
    result = func(self, **kwargs, default_args=default_args)
  File "/home/tin/miniconda3/envs/airflow/lib/python3.8/site-packages/airflow/models/baseoperator.py", line 437, in apply_defaults
    result = func(self, **kwargs, default_args=default_args)
  File "/home/tin/miniconda3/envs/airflow/lib/python3.8/site-packages/airflow/operators/python.py", line 591, in __init__
    raise AirflowException("PythonVirtualenvOperator requires virtualenv, please install it.")
airflow.exceptions.AirflowException: PythonVirtualenvOperator requires virtualenv, please install it.
[2024-03-09T19:31:14.524+0000] {processor.py:842} WARNING - No viable dags retrieved from /home/tin/miniconda3/envs/airflow/lib/python3.8/site-packages/airflow/example_dags/example_branch_operator_decorator.py
[2024-03-09T19:31:14.539+0000] {processor.py:183} INFO - Processing /home/tin/miniconda3/envs/airflow/lib/python3.8/site-packages/airflow/example_dags/example_branch_operator_decorator.py took 0.033 seconds
[2024-03-09T19:32:04.966+0000] {processor.py:161} INFO - Started process (PID=85148) to work on /home/tin/miniconda3/envs/airflow/lib/python3.8/site-packages/airflow/example_dags/example_branch_operator_decorator.py
[2024-03-09T19:32:04.967+0000] {processor.py:830} INFO - Processing file /home/tin/miniconda3/envs/airflow/lib/python3.8/site-packages/airflow/example_dags/example_branch_operator_decorator.py for tasks to queue
[2024-03-09T19:32:04.969+0000] {logging_mixin.py:188} INFO - [2024-03-09T19:32:04.968+0000] {dagbag.py:540} INFO - Filling up the DagBag from /home/tin/miniconda3/envs/airflow/lib/python3.8/site-packages/airflow/example_dags/example_branch_operator_decorator.py
[2024-03-09T19:32:04.982+0000] {logging_mixin.py:188} INFO - [2024-03-09T19:32:04.981+0000] {dagbag.py:350} ERROR - Failed to import: /home/tin/miniconda3/envs/airflow/lib/python3.8/site-packages/airflow/example_dags/example_branch_operator_decorator.py
Traceback (most recent call last):
  File "/home/tin/miniconda3/envs/airflow/lib/python3.8/site-packages/airflow/models/dagbag.py", line 346, in parse
    loader.exec_module(new_module)
  File "<frozen importlib._bootstrap_external>", line 843, in exec_module
  File "<frozen importlib._bootstrap>", line 219, in _call_with_frames_removed
  File "/home/tin/miniconda3/envs/airflow/lib/python3.8/site-packages/airflow/example_dags/example_branch_operator_decorator.py", line 125, in <module>
    random_choice_venv = branching_virtualenv(choices=options)
  File "/home/tin/miniconda3/envs/airflow/lib/python3.8/site-packages/airflow/decorators/base.py", line 366, in __call__
    op = self.operator_class(
  File "/home/tin/miniconda3/envs/airflow/lib/python3.8/site-packages/airflow/models/baseoperator.py", line 437, in apply_defaults
    result = func(self, **kwargs, default_args=default_args)
  File "/home/tin/miniconda3/envs/airflow/lib/python3.8/site-packages/airflow/models/baseoperator.py", line 437, in apply_defaults
    result = func(self, **kwargs, default_args=default_args)
  File "/home/tin/miniconda3/envs/airflow/lib/python3.8/site-packages/airflow/decorators/python.py", line 52, in __init__
    super().__init__(
  File "/home/tin/miniconda3/envs/airflow/lib/python3.8/site-packages/airflow/models/baseoperator.py", line 437, in apply_defaults
    result = func(self, **kwargs, default_args=default_args)
  File "/home/tin/miniconda3/envs/airflow/lib/python3.8/site-packages/airflow/decorators/base.py", line 233, in __init__
    super().__init__(task_id=task_id, **kwargs_to_upstream, **kwargs)
  File "/home/tin/miniconda3/envs/airflow/lib/python3.8/site-packages/airflow/models/baseoperator.py", line 437, in apply_defaults
    result = func(self, **kwargs, default_args=default_args)
  File "/home/tin/miniconda3/envs/airflow/lib/python3.8/site-packages/airflow/models/baseoperator.py", line 437, in apply_defaults
    result = func(self, **kwargs, default_args=default_args)
  File "/home/tin/miniconda3/envs/airflow/lib/python3.8/site-packages/airflow/operators/python.py", line 591, in __init__
    raise AirflowException("PythonVirtualenvOperator requires virtualenv, please install it.")
airflow.exceptions.AirflowException: PythonVirtualenvOperator requires virtualenv, please install it.
[2024-03-09T19:32:04.982+0000] {processor.py:842} WARNING - No viable dags retrieved from /home/tin/miniconda3/envs/airflow/lib/python3.8/site-packages/airflow/example_dags/example_branch_operator_decorator.py
[2024-03-09T19:32:04.998+0000] {processor.py:183} INFO - Processing /home/tin/miniconda3/envs/airflow/lib/python3.8/site-packages/airflow/example_dags/example_branch_operator_decorator.py took 0.034 seconds
[2024-03-09T19:32:57.468+0000] {processor.py:161} INFO - Started process (PID=85372) to work on /home/tin/miniconda3/envs/airflow/lib/python3.8/site-packages/airflow/example_dags/example_branch_operator_decorator.py
[2024-03-09T19:32:57.470+0000] {processor.py:830} INFO - Processing file /home/tin/miniconda3/envs/airflow/lib/python3.8/site-packages/airflow/example_dags/example_branch_operator_decorator.py for tasks to queue
[2024-03-09T19:32:57.472+0000] {logging_mixin.py:188} INFO - [2024-03-09T19:32:57.471+0000] {dagbag.py:540} INFO - Filling up the DagBag from /home/tin/miniconda3/envs/airflow/lib/python3.8/site-packages/airflow/example_dags/example_branch_operator_decorator.py
[2024-03-09T19:32:57.494+0000] {processor.py:840} INFO - DAG(s) 'example_branch_python_operator_decorator' retrieved from /home/tin/miniconda3/envs/airflow/lib/python3.8/site-packages/airflow/example_dags/example_branch_operator_decorator.py
[2024-03-09T19:32:57.621+0000] {logging_mixin.py:188} INFO - [2024-03-09T19:32:57.620+0000] {override.py:1769} INFO - Created Permission View: can delete on DAG:example_branch_python_operator_decorator
[2024-03-09T19:32:57.632+0000] {logging_mixin.py:188} INFO - [2024-03-09T19:32:57.631+0000] {override.py:1769} INFO - Created Permission View: can edit on DAG:example_branch_python_operator_decorator
[2024-03-09T19:32:57.640+0000] {logging_mixin.py:188} INFO - [2024-03-09T19:32:57.640+0000] {override.py:1769} INFO - Created Permission View: can read on DAG:example_branch_python_operator_decorator
[2024-03-09T19:32:57.640+0000] {logging_mixin.py:188} INFO - [2024-03-09T19:32:57.640+0000] {dag.py:3047} INFO - Sync 1 DAGs
[2024-03-09T19:32:57.648+0000] {logging_mixin.py:188} INFO - [2024-03-09T19:32:57.648+0000] {dag.py:3069} INFO - Creating ORM DAG for example_branch_python_operator_decorator
[2024-03-09T19:32:57.656+0000] {logging_mixin.py:188} INFO - [2024-03-09T19:32:57.655+0000] {dag.py:3834} INFO - Setting next_dagrun for example_branch_python_operator_decorator to 2024-03-08 00:00:00+00:00, run_after=2024-03-09 00:00:00+00:00
[2024-03-09T19:32:57.684+0000] {processor.py:183} INFO - Processing /home/tin/miniconda3/envs/airflow/lib/python3.8/site-packages/airflow/example_dags/example_branch_operator_decorator.py took 0.219 seconds
[2024-03-09T19:33:48.877+0000] {processor.py:161} INFO - Started process (PID=85579) to work on /home/tin/miniconda3/envs/airflow/lib/python3.8/site-packages/airflow/example_dags/example_branch_operator_decorator.py
[2024-03-09T19:33:48.879+0000] {processor.py:830} INFO - Processing file /home/tin/miniconda3/envs/airflow/lib/python3.8/site-packages/airflow/example_dags/example_branch_operator_decorator.py for tasks to queue
[2024-03-09T19:33:48.880+0000] {logging_mixin.py:188} INFO - [2024-03-09T19:33:48.879+0000] {dagbag.py:540} INFO - Filling up the DagBag from /home/tin/miniconda3/envs/airflow/lib/python3.8/site-packages/airflow/example_dags/example_branch_operator_decorator.py
[2024-03-09T19:33:48.896+0000] {processor.py:840} INFO - DAG(s) 'example_branch_python_operator_decorator' retrieved from /home/tin/miniconda3/envs/airflow/lib/python3.8/site-packages/airflow/example_dags/example_branch_operator_decorator.py
[2024-03-09T19:33:48.912+0000] {logging_mixin.py:188} INFO - [2024-03-09T19:33:48.912+0000] {dag.py:3047} INFO - Sync 1 DAGs
[2024-03-09T19:33:48.927+0000] {logging_mixin.py:188} INFO - [2024-03-09T19:33:48.927+0000] {dag.py:3834} INFO - Setting next_dagrun for example_branch_python_operator_decorator to 2024-03-08 00:00:00+00:00, run_after=2024-03-09 00:00:00+00:00
[2024-03-09T19:33:48.945+0000] {processor.py:183} INFO - Processing /home/tin/miniconda3/envs/airflow/lib/python3.8/site-packages/airflow/example_dags/example_branch_operator_decorator.py took 0.070 seconds
[2024-03-09T19:34:42.139+0000] {processor.py:161} INFO - Started process (PID=85743) to work on /home/tin/miniconda3/envs/airflow/lib/python3.8/site-packages/airflow/example_dags/example_branch_operator_decorator.py
[2024-03-09T19:34:42.141+0000] {processor.py:830} INFO - Processing file /home/tin/miniconda3/envs/airflow/lib/python3.8/site-packages/airflow/example_dags/example_branch_operator_decorator.py for tasks to queue
[2024-03-09T19:34:42.142+0000] {logging_mixin.py:188} INFO - [2024-03-09T19:34:42.142+0000] {dagbag.py:540} INFO - Filling up the DagBag from /home/tin/miniconda3/envs/airflow/lib/python3.8/site-packages/airflow/example_dags/example_branch_operator_decorator.py
[2024-03-09T19:34:42.158+0000] {processor.py:840} INFO - DAG(s) 'example_branch_python_operator_decorator' retrieved from /home/tin/miniconda3/envs/airflow/lib/python3.8/site-packages/airflow/example_dags/example_branch_operator_decorator.py
[2024-03-09T19:34:42.177+0000] {logging_mixin.py:188} INFO - [2024-03-09T19:34:42.176+0000] {dag.py:3047} INFO - Sync 1 DAGs
[2024-03-09T19:34:42.196+0000] {logging_mixin.py:188} INFO - [2024-03-09T19:34:42.196+0000] {dag.py:3834} INFO - Setting next_dagrun for example_branch_python_operator_decorator to 2024-03-08 00:00:00+00:00, run_after=2024-03-09 00:00:00+00:00
[2024-03-09T19:34:42.219+0000] {processor.py:183} INFO - Processing /home/tin/miniconda3/envs/airflow/lib/python3.8/site-packages/airflow/example_dags/example_branch_operator_decorator.py took 0.082 seconds
[2024-03-09T19:35:30.772+0000] {processor.py:161} INFO - Started process (PID=85933) to work on /home/tin/miniconda3/envs/airflow/lib/python3.8/site-packages/airflow/example_dags/example_branch_operator_decorator.py
[2024-03-09T19:35:30.773+0000] {processor.py:830} INFO - Processing file /home/tin/miniconda3/envs/airflow/lib/python3.8/site-packages/airflow/example_dags/example_branch_operator_decorator.py for tasks to queue
[2024-03-09T19:35:30.774+0000] {logging_mixin.py:188} INFO - [2024-03-09T19:35:30.774+0000] {dagbag.py:540} INFO - Filling up the DagBag from /home/tin/miniconda3/envs/airflow/lib/python3.8/site-packages/airflow/example_dags/example_branch_operator_decorator.py
[2024-03-09T19:35:30.790+0000] {processor.py:840} INFO - DAG(s) 'example_branch_python_operator_decorator' retrieved from /home/tin/miniconda3/envs/airflow/lib/python3.8/site-packages/airflow/example_dags/example_branch_operator_decorator.py
[2024-03-09T19:35:30.807+0000] {logging_mixin.py:188} INFO - [2024-03-09T19:35:30.806+0000] {dag.py:3047} INFO - Sync 1 DAGs
[2024-03-09T19:35:30.822+0000] {logging_mixin.py:188} INFO - [2024-03-09T19:35:30.822+0000] {dag.py:3834} INFO - Setting next_dagrun for example_branch_python_operator_decorator to 2024-03-08 00:00:00+00:00, run_after=2024-03-09 00:00:00+00:00
[2024-03-09T19:35:30.842+0000] {processor.py:183} INFO - Processing /home/tin/miniconda3/envs/airflow/lib/python3.8/site-packages/airflow/example_dags/example_branch_operator_decorator.py took 0.072 seconds
