[2024-03-09T19:29:16.863+0000] {processor.py:161} INFO - Started process (PID=84559) to work on /home/tin/miniconda3/envs/airflow/lib/python3.8/site-packages/airflow/example_dags/example_external_task_marker_dag.py
[2024-03-09T19:29:16.864+0000] {processor.py:830} INFO - Processing file /home/tin/miniconda3/envs/airflow/lib/python3.8/site-packages/airflow/example_dags/example_external_task_marker_dag.py for tasks to queue
[2024-03-09T19:29:16.865+0000] {logging_mixin.py:188} INFO - [2024-03-09T19:29:16.865+0000] {dagbag.py:540} INFO - Filling up the DagBag from /home/tin/miniconda3/envs/airflow/lib/python3.8/site-packages/airflow/example_dags/example_external_task_marker_dag.py
[2024-03-09T19:29:16.870+0000] {processor.py:840} INFO - DAG(s) 'example_external_task_marker_parent', 'example_external_task_marker_child' retrieved from /home/tin/miniconda3/envs/airflow/lib/python3.8/site-packages/airflow/example_dags/example_external_task_marker_dag.py
[2024-03-09T19:29:17.036+0000] {logging_mixin.py:188} INFO - [2024-03-09T19:29:17.035+0000] {override.py:1769} INFO - Created Permission View: can delete on DAG:example_external_task_marker_parent
[2024-03-09T19:29:17.049+0000] {logging_mixin.py:188} INFO - [2024-03-09T19:29:17.049+0000] {override.py:1769} INFO - Created Permission View: can edit on DAG:example_external_task_marker_parent
[2024-03-09T19:29:17.059+0000] {logging_mixin.py:188} INFO - [2024-03-09T19:29:17.058+0000] {override.py:1769} INFO - Created Permission View: can read on DAG:example_external_task_marker_parent
[2024-03-09T19:29:17.083+0000] {logging_mixin.py:188} INFO - [2024-03-09T19:29:17.082+0000] {override.py:1769} INFO - Created Permission View: can delete on DAG:example_external_task_marker_child
[2024-03-09T19:29:17.093+0000] {logging_mixin.py:188} INFO - [2024-03-09T19:29:17.092+0000] {override.py:1769} INFO - Created Permission View: can edit on DAG:example_external_task_marker_child
[2024-03-09T19:29:17.103+0000] {logging_mixin.py:188} INFO - [2024-03-09T19:29:17.103+0000] {override.py:1769} INFO - Created Permission View: can read on DAG:example_external_task_marker_child
[2024-03-09T19:29:17.104+0000] {logging_mixin.py:188} INFO - [2024-03-09T19:29:17.104+0000] {dag.py:3047} INFO - Sync 2 DAGs
[2024-03-09T19:29:17.113+0000] {logging_mixin.py:188} INFO - [2024-03-09T19:29:17.112+0000] {dag.py:3069} INFO - Creating ORM DAG for example_external_task_marker_child
[2024-03-09T19:29:17.113+0000] {logging_mixin.py:188} INFO - [2024-03-09T19:29:17.113+0000] {dag.py:3069} INFO - Creating ORM DAG for example_external_task_marker_parent
[2024-03-09T19:29:17.114+0000] {logging_mixin.py:188} INFO - [2024-03-09T19:29:17.114+0000] {dag.py:3834} INFO - Setting next_dagrun for example_external_task_marker_child to None, run_after=None
[2024-03-09T19:29:17.114+0000] {logging_mixin.py:188} INFO - [2024-03-09T19:29:17.114+0000] {dag.py:3834} INFO - Setting next_dagrun for example_external_task_marker_parent to None, run_after=None
[2024-03-09T19:29:17.137+0000] {processor.py:183} INFO - Processing /home/tin/miniconda3/envs/airflow/lib/python3.8/site-packages/airflow/example_dags/example_external_task_marker_dag.py took 0.275 seconds
[2024-03-09T19:30:13.837+0000] {processor.py:161} INFO - Started process (PID=84781) to work on /home/tin/miniconda3/envs/airflow/lib/python3.8/site-packages/airflow/example_dags/example_external_task_marker_dag.py
[2024-03-09T19:30:13.838+0000] {processor.py:830} INFO - Processing file /home/tin/miniconda3/envs/airflow/lib/python3.8/site-packages/airflow/example_dags/example_external_task_marker_dag.py for tasks to queue
[2024-03-09T19:30:13.839+0000] {logging_mixin.py:188} INFO - [2024-03-09T19:30:13.839+0000] {dagbag.py:540} INFO - Filling up the DagBag from /home/tin/miniconda3/envs/airflow/lib/python3.8/site-packages/airflow/example_dags/example_external_task_marker_dag.py
[2024-03-09T19:30:13.844+0000] {processor.py:840} INFO - DAG(s) 'example_external_task_marker_child', 'example_external_task_marker_parent' retrieved from /home/tin/miniconda3/envs/airflow/lib/python3.8/site-packages/airflow/example_dags/example_external_task_marker_dag.py
[2024-03-09T19:30:13.857+0000] {logging_mixin.py:188} INFO - [2024-03-09T19:30:13.857+0000] {dag.py:3047} INFO - Sync 2 DAGs
[2024-03-09T19:30:13.866+0000] {logging_mixin.py:188} INFO - [2024-03-09T19:30:13.865+0000] {dag.py:3834} INFO - Setting next_dagrun for example_external_task_marker_child to None, run_after=None
[2024-03-09T19:30:13.868+0000] {logging_mixin.py:188} INFO - [2024-03-09T19:30:13.868+0000] {dag.py:3834} INFO - Setting next_dagrun for example_external_task_marker_parent to None, run_after=None
[2024-03-09T19:30:13.969+0000] {processor.py:183} INFO - Processing /home/tin/miniconda3/envs/airflow/lib/python3.8/site-packages/airflow/example_dags/example_external_task_marker_dag.py took 0.134 seconds
[2024-03-09T19:31:16.221+0000] {processor.py:161} INFO - Started process (PID=84974) to work on /home/tin/miniconda3/envs/airflow/lib/python3.8/site-packages/airflow/example_dags/example_external_task_marker_dag.py
[2024-03-09T19:31:16.222+0000] {processor.py:830} INFO - Processing file /home/tin/miniconda3/envs/airflow/lib/python3.8/site-packages/airflow/example_dags/example_external_task_marker_dag.py for tasks to queue
[2024-03-09T19:31:16.223+0000] {logging_mixin.py:188} INFO - [2024-03-09T19:31:16.223+0000] {dagbag.py:540} INFO - Filling up the DagBag from /home/tin/miniconda3/envs/airflow/lib/python3.8/site-packages/airflow/example_dags/example_external_task_marker_dag.py
[2024-03-09T19:31:16.228+0000] {processor.py:840} INFO - DAG(s) 'example_external_task_marker_parent', 'example_external_task_marker_child' retrieved from /home/tin/miniconda3/envs/airflow/lib/python3.8/site-packages/airflow/example_dags/example_external_task_marker_dag.py
[2024-03-09T19:31:16.241+0000] {logging_mixin.py:188} INFO - [2024-03-09T19:31:16.241+0000] {dag.py:3047} INFO - Sync 2 DAGs
[2024-03-09T19:31:16.250+0000] {logging_mixin.py:188} INFO - [2024-03-09T19:31:16.249+0000] {dag.py:3834} INFO - Setting next_dagrun for example_external_task_marker_child to None, run_after=None
[2024-03-09T19:31:16.252+0000] {logging_mixin.py:188} INFO - [2024-03-09T19:31:16.252+0000] {dag.py:3834} INFO - Setting next_dagrun for example_external_task_marker_parent to None, run_after=None
[2024-03-09T19:31:16.269+0000] {processor.py:183} INFO - Processing /home/tin/miniconda3/envs/airflow/lib/python3.8/site-packages/airflow/example_dags/example_external_task_marker_dag.py took 0.051 seconds
[2024-03-09T19:32:07.232+0000] {processor.py:161} INFO - Started process (PID=85150) to work on /home/tin/miniconda3/envs/airflow/lib/python3.8/site-packages/airflow/example_dags/example_external_task_marker_dag.py
[2024-03-09T19:32:07.233+0000] {processor.py:830} INFO - Processing file /home/tin/miniconda3/envs/airflow/lib/python3.8/site-packages/airflow/example_dags/example_external_task_marker_dag.py for tasks to queue
[2024-03-09T19:32:07.234+0000] {logging_mixin.py:188} INFO - [2024-03-09T19:32:07.234+0000] {dagbag.py:540} INFO - Filling up the DagBag from /home/tin/miniconda3/envs/airflow/lib/python3.8/site-packages/airflow/example_dags/example_external_task_marker_dag.py
[2024-03-09T19:32:07.239+0000] {processor.py:840} INFO - DAG(s) 'example_external_task_marker_child', 'example_external_task_marker_parent' retrieved from /home/tin/miniconda3/envs/airflow/lib/python3.8/site-packages/airflow/example_dags/example_external_task_marker_dag.py
[2024-03-09T19:32:07.253+0000] {logging_mixin.py:188} INFO - [2024-03-09T19:32:07.253+0000] {dag.py:3047} INFO - Sync 2 DAGs
[2024-03-09T19:32:07.261+0000] {logging_mixin.py:188} INFO - [2024-03-09T19:32:07.261+0000] {dag.py:3834} INFO - Setting next_dagrun for example_external_task_marker_child to None, run_after=None
[2024-03-09T19:32:07.263+0000] {logging_mixin.py:188} INFO - [2024-03-09T19:32:07.263+0000] {dag.py:3834} INFO - Setting next_dagrun for example_external_task_marker_parent to None, run_after=None
[2024-03-09T19:32:07.280+0000] {processor.py:183} INFO - Processing /home/tin/miniconda3/envs/airflow/lib/python3.8/site-packages/airflow/example_dags/example_external_task_marker_dag.py took 0.050 seconds
[2024-03-09T19:32:59.286+0000] {processor.py:161} INFO - Started process (PID=85374) to work on /home/tin/miniconda3/envs/airflow/lib/python3.8/site-packages/airflow/example_dags/example_external_task_marker_dag.py
[2024-03-09T19:32:59.288+0000] {processor.py:830} INFO - Processing file /home/tin/miniconda3/envs/airflow/lib/python3.8/site-packages/airflow/example_dags/example_external_task_marker_dag.py for tasks to queue
[2024-03-09T19:32:59.289+0000] {logging_mixin.py:188} INFO - [2024-03-09T19:32:59.288+0000] {dagbag.py:540} INFO - Filling up the DagBag from /home/tin/miniconda3/envs/airflow/lib/python3.8/site-packages/airflow/example_dags/example_external_task_marker_dag.py
[2024-03-09T19:32:59.293+0000] {processor.py:840} INFO - DAG(s) 'example_external_task_marker_parent', 'example_external_task_marker_child' retrieved from /home/tin/miniconda3/envs/airflow/lib/python3.8/site-packages/airflow/example_dags/example_external_task_marker_dag.py
[2024-03-09T19:32:59.307+0000] {logging_mixin.py:188} INFO - [2024-03-09T19:32:59.306+0000] {dag.py:3047} INFO - Sync 2 DAGs
[2024-03-09T19:32:59.315+0000] {logging_mixin.py:188} INFO - [2024-03-09T19:32:59.315+0000] {dag.py:3834} INFO - Setting next_dagrun for example_external_task_marker_child to None, run_after=None
[2024-03-09T19:32:59.318+0000] {logging_mixin.py:188} INFO - [2024-03-09T19:32:59.317+0000] {dag.py:3834} INFO - Setting next_dagrun for example_external_task_marker_parent to None, run_after=None
[2024-03-09T19:32:59.334+0000] {processor.py:183} INFO - Processing /home/tin/miniconda3/envs/airflow/lib/python3.8/site-packages/airflow/example_dags/example_external_task_marker_dag.py took 0.050 seconds
[2024-03-09T19:33:50.961+0000] {processor.py:161} INFO - Started process (PID=85582) to work on /home/tin/miniconda3/envs/airflow/lib/python3.8/site-packages/airflow/example_dags/example_external_task_marker_dag.py
[2024-03-09T19:33:50.963+0000] {processor.py:830} INFO - Processing file /home/tin/miniconda3/envs/airflow/lib/python3.8/site-packages/airflow/example_dags/example_external_task_marker_dag.py for tasks to queue
[2024-03-09T19:33:50.964+0000] {logging_mixin.py:188} INFO - [2024-03-09T19:33:50.964+0000] {dagbag.py:540} INFO - Filling up the DagBag from /home/tin/miniconda3/envs/airflow/lib/python3.8/site-packages/airflow/example_dags/example_external_task_marker_dag.py
[2024-03-09T19:33:50.969+0000] {processor.py:840} INFO - DAG(s) 'example_external_task_marker_child', 'example_external_task_marker_parent' retrieved from /home/tin/miniconda3/envs/airflow/lib/python3.8/site-packages/airflow/example_dags/example_external_task_marker_dag.py
[2024-03-09T19:33:50.982+0000] {logging_mixin.py:188} INFO - [2024-03-09T19:33:50.982+0000] {dag.py:3047} INFO - Sync 2 DAGs
[2024-03-09T19:33:50.990+0000] {logging_mixin.py:188} INFO - [2024-03-09T19:33:50.990+0000] {dag.py:3834} INFO - Setting next_dagrun for example_external_task_marker_child to None, run_after=None
[2024-03-09T19:33:50.993+0000] {logging_mixin.py:188} INFO - [2024-03-09T19:33:50.992+0000] {dag.py:3834} INFO - Setting next_dagrun for example_external_task_marker_parent to None, run_after=None
[2024-03-09T19:33:51.009+0000] {processor.py:183} INFO - Processing /home/tin/miniconda3/envs/airflow/lib/python3.8/site-packages/airflow/example_dags/example_external_task_marker_dag.py took 0.050 seconds
[2024-03-09T19:34:43.425+0000] {processor.py:161} INFO - Started process (PID=85754) to work on /home/tin/miniconda3/envs/airflow/lib/python3.8/site-packages/airflow/example_dags/example_external_task_marker_dag.py
[2024-03-09T19:34:43.427+0000] {processor.py:830} INFO - Processing file /home/tin/miniconda3/envs/airflow/lib/python3.8/site-packages/airflow/example_dags/example_external_task_marker_dag.py for tasks to queue
[2024-03-09T19:34:43.428+0000] {logging_mixin.py:188} INFO - [2024-03-09T19:34:43.427+0000] {dagbag.py:540} INFO - Filling up the DagBag from /home/tin/miniconda3/envs/airflow/lib/python3.8/site-packages/airflow/example_dags/example_external_task_marker_dag.py
[2024-03-09T19:34:43.433+0000] {processor.py:840} INFO - DAG(s) 'example_external_task_marker_parent', 'example_external_task_marker_child' retrieved from /home/tin/miniconda3/envs/airflow/lib/python3.8/site-packages/airflow/example_dags/example_external_task_marker_dag.py
[2024-03-09T19:34:43.447+0000] {logging_mixin.py:188} INFO - [2024-03-09T19:34:43.446+0000] {dag.py:3047} INFO - Sync 2 DAGs
[2024-03-09T19:34:43.455+0000] {logging_mixin.py:188} INFO - [2024-03-09T19:34:43.455+0000] {dag.py:3834} INFO - Setting next_dagrun for example_external_task_marker_child to None, run_after=None
[2024-03-09T19:34:43.457+0000] {logging_mixin.py:188} INFO - [2024-03-09T19:34:43.457+0000] {dag.py:3834} INFO - Setting next_dagrun for example_external_task_marker_parent to None, run_after=None
[2024-03-09T19:34:43.475+0000] {processor.py:183} INFO - Processing /home/tin/miniconda3/envs/airflow/lib/python3.8/site-packages/airflow/example_dags/example_external_task_marker_dag.py took 0.053 seconds
[2024-03-09T19:35:33.046+0000] {processor.py:161} INFO - Started process (PID=85937) to work on /home/tin/miniconda3/envs/airflow/lib/python3.8/site-packages/airflow/example_dags/example_external_task_marker_dag.py
[2024-03-09T19:35:33.048+0000] {processor.py:830} INFO - Processing file /home/tin/miniconda3/envs/airflow/lib/python3.8/site-packages/airflow/example_dags/example_external_task_marker_dag.py for tasks to queue
[2024-03-09T19:35:33.049+0000] {logging_mixin.py:188} INFO - [2024-03-09T19:35:33.049+0000] {dagbag.py:540} INFO - Filling up the DagBag from /home/tin/miniconda3/envs/airflow/lib/python3.8/site-packages/airflow/example_dags/example_external_task_marker_dag.py
[2024-03-09T19:35:33.056+0000] {processor.py:840} INFO - DAG(s) 'example_external_task_marker_child', 'example_external_task_marker_parent' retrieved from /home/tin/miniconda3/envs/airflow/lib/python3.8/site-packages/airflow/example_dags/example_external_task_marker_dag.py
[2024-03-09T19:35:33.077+0000] {logging_mixin.py:188} INFO - [2024-03-09T19:35:33.077+0000] {dag.py:3047} INFO - Sync 2 DAGs
[2024-03-09T19:35:33.091+0000] {logging_mixin.py:188} INFO - [2024-03-09T19:35:33.090+0000] {dag.py:3834} INFO - Setting next_dagrun for example_external_task_marker_child to None, run_after=None
[2024-03-09T19:35:33.095+0000] {logging_mixin.py:188} INFO - [2024-03-09T19:35:33.095+0000] {dag.py:3834} INFO - Setting next_dagrun for example_external_task_marker_parent to None, run_after=None
[2024-03-09T19:35:33.119+0000] {processor.py:183} INFO - Processing /home/tin/miniconda3/envs/airflow/lib/python3.8/site-packages/airflow/example_dags/example_external_task_marker_dag.py took 0.077 seconds
