[2024-03-09T19:29:11.415+0000] {processor.py:161} INFO - Started process (PID=84533) to work on /home/tin/miniconda3/envs/airflow/lib/python3.8/site-packages/airflow/example_dags/example_latest_only_with_trigger.py
[2024-03-09T19:29:11.416+0000] {processor.py:830} INFO - Processing file /home/tin/miniconda3/envs/airflow/lib/python3.8/site-packages/airflow/example_dags/example_latest_only_with_trigger.py for tasks to queue
[2024-03-09T19:29:11.416+0000] {logging_mixin.py:188} INFO - [2024-03-09T19:29:11.416+0000] {dagbag.py:540} INFO - Filling up the DagBag from /home/tin/miniconda3/envs/airflow/lib/python3.8/site-packages/airflow/example_dags/example_latest_only_with_trigger.py
[2024-03-09T19:29:11.421+0000] {processor.py:840} INFO - DAG(s) 'latest_only_with_trigger' retrieved from /home/tin/miniconda3/envs/airflow/lib/python3.8/site-packages/airflow/example_dags/example_latest_only_with_trigger.py
[2024-03-09T19:29:11.524+0000] {logging_mixin.py:188} INFO - [2024-03-09T19:29:11.523+0000] {override.py:1769} INFO - Created Permission View: can delete on DAG:latest_only_with_trigger
[2024-03-09T19:29:11.664+0000] {logging_mixin.py:188} INFO - [2024-03-09T19:29:11.663+0000] {override.py:1769} INFO - Created Permission View: can edit on DAG:latest_only_with_trigger
[2024-03-09T19:29:11.673+0000] {logging_mixin.py:188} INFO - [2024-03-09T19:29:11.673+0000] {override.py:1769} INFO - Created Permission View: can read on DAG:latest_only_with_trigger
[2024-03-09T19:29:11.674+0000] {logging_mixin.py:188} INFO - [2024-03-09T19:29:11.674+0000] {dag.py:3047} INFO - Sync 1 DAGs
[2024-03-09T19:29:11.683+0000] {logging_mixin.py:188} INFO - [2024-03-09T19:29:11.682+0000] {dag.py:3069} INFO - Creating ORM DAG for latest_only_with_trigger
[2024-03-09T19:29:11.689+0000] {logging_mixin.py:188} INFO - [2024-03-09T19:29:11.689+0000] {dag.py:3834} INFO - Setting next_dagrun for latest_only_with_trigger to 2024-03-09 12:00:00+00:00, run_after=2024-03-09 16:00:00+00:00
[2024-03-09T19:29:11.712+0000] {processor.py:183} INFO - Processing /home/tin/miniconda3/envs/airflow/lib/python3.8/site-packages/airflow/example_dags/example_latest_only_with_trigger.py took 0.300 seconds
[2024-03-09T19:30:08.595+0000] {processor.py:161} INFO - Started process (PID=84755) to work on /home/tin/miniconda3/envs/airflow/lib/python3.8/site-packages/airflow/example_dags/example_latest_only_with_trigger.py
[2024-03-09T19:30:08.596+0000] {processor.py:830} INFO - Processing file /home/tin/miniconda3/envs/airflow/lib/python3.8/site-packages/airflow/example_dags/example_latest_only_with_trigger.py for tasks to queue
[2024-03-09T19:30:08.597+0000] {logging_mixin.py:188} INFO - [2024-03-09T19:30:08.597+0000] {dagbag.py:540} INFO - Filling up the DagBag from /home/tin/miniconda3/envs/airflow/lib/python3.8/site-packages/airflow/example_dags/example_latest_only_with_trigger.py
[2024-03-09T19:30:08.602+0000] {processor.py:840} INFO - DAG(s) 'latest_only_with_trigger' retrieved from /home/tin/miniconda3/envs/airflow/lib/python3.8/site-packages/airflow/example_dags/example_latest_only_with_trigger.py
[2024-03-09T19:30:08.614+0000] {logging_mixin.py:188} INFO - [2024-03-09T19:30:08.614+0000] {dag.py:3047} INFO - Sync 1 DAGs
[2024-03-09T19:30:08.628+0000] {logging_mixin.py:188} INFO - [2024-03-09T19:30:08.628+0000] {dag.py:3834} INFO - Setting next_dagrun for latest_only_with_trigger to 2024-03-09 12:00:00+00:00, run_after=2024-03-09 16:00:00+00:00
[2024-03-09T19:30:08.729+0000] {processor.py:183} INFO - Processing /home/tin/miniconda3/envs/airflow/lib/python3.8/site-packages/airflow/example_dags/example_latest_only_with_trigger.py took 0.136 seconds
[2024-03-09T19:31:11.077+0000] {processor.py:161} INFO - Started process (PID=84950) to work on /home/tin/miniconda3/envs/airflow/lib/python3.8/site-packages/airflow/example_dags/example_latest_only_with_trigger.py
[2024-03-09T19:31:11.079+0000] {processor.py:830} INFO - Processing file /home/tin/miniconda3/envs/airflow/lib/python3.8/site-packages/airflow/example_dags/example_latest_only_with_trigger.py for tasks to queue
[2024-03-09T19:31:11.080+0000] {logging_mixin.py:188} INFO - [2024-03-09T19:31:11.079+0000] {dagbag.py:540} INFO - Filling up the DagBag from /home/tin/miniconda3/envs/airflow/lib/python3.8/site-packages/airflow/example_dags/example_latest_only_with_trigger.py
[2024-03-09T19:31:11.084+0000] {processor.py:840} INFO - DAG(s) 'latest_only_with_trigger' retrieved from /home/tin/miniconda3/envs/airflow/lib/python3.8/site-packages/airflow/example_dags/example_latest_only_with_trigger.py
[2024-03-09T19:31:11.095+0000] {logging_mixin.py:188} INFO - [2024-03-09T19:31:11.095+0000] {dag.py:3047} INFO - Sync 1 DAGs
[2024-03-09T19:31:11.109+0000] {logging_mixin.py:188} INFO - [2024-03-09T19:31:11.109+0000] {dag.py:3834} INFO - Setting next_dagrun for latest_only_with_trigger to 2024-03-09 12:00:00+00:00, run_after=2024-03-09 16:00:00+00:00
[2024-03-09T19:31:11.126+0000] {processor.py:183} INFO - Processing /home/tin/miniconda3/envs/airflow/lib/python3.8/site-packages/airflow/example_dags/example_latest_only_with_trigger.py took 0.051 seconds
[2024-03-09T19:32:02.209+0000] {processor.py:161} INFO - Started process (PID=85145) to work on /home/tin/miniconda3/envs/airflow/lib/python3.8/site-packages/airflow/example_dags/example_latest_only_with_trigger.py
[2024-03-09T19:32:02.217+0000] {processor.py:830} INFO - Processing file /home/tin/miniconda3/envs/airflow/lib/python3.8/site-packages/airflow/example_dags/example_latest_only_with_trigger.py for tasks to queue
[2024-03-09T19:32:02.218+0000] {logging_mixin.py:188} INFO - [2024-03-09T19:32:02.218+0000] {dagbag.py:540} INFO - Filling up the DagBag from /home/tin/miniconda3/envs/airflow/lib/python3.8/site-packages/airflow/example_dags/example_latest_only_with_trigger.py
[2024-03-09T19:32:02.225+0000] {processor.py:840} INFO - DAG(s) 'latest_only_with_trigger' retrieved from /home/tin/miniconda3/envs/airflow/lib/python3.8/site-packages/airflow/example_dags/example_latest_only_with_trigger.py
[2024-03-09T19:32:02.251+0000] {logging_mixin.py:188} INFO - [2024-03-09T19:32:02.250+0000] {dag.py:3047} INFO - Sync 1 DAGs
[2024-03-09T19:32:02.276+0000] {logging_mixin.py:188} INFO - [2024-03-09T19:32:02.276+0000] {dag.py:3834} INFO - Setting next_dagrun for latest_only_with_trigger to 2024-03-09 12:00:00+00:00, run_after=2024-03-09 16:00:00+00:00
[2024-03-09T19:32:02.300+0000] {processor.py:183} INFO - Processing /home/tin/miniconda3/envs/airflow/lib/python3.8/site-packages/airflow/example_dags/example_latest_only_with_trigger.py took 0.094 seconds
[2024-03-09T19:32:54.141+0000] {processor.py:161} INFO - Started process (PID=85364) to work on /home/tin/miniconda3/envs/airflow/lib/python3.8/site-packages/airflow/example_dags/example_latest_only_with_trigger.py
[2024-03-09T19:32:54.142+0000] {processor.py:830} INFO - Processing file /home/tin/miniconda3/envs/airflow/lib/python3.8/site-packages/airflow/example_dags/example_latest_only_with_trigger.py for tasks to queue
[2024-03-09T19:32:54.143+0000] {logging_mixin.py:188} INFO - [2024-03-09T19:32:54.143+0000] {dagbag.py:540} INFO - Filling up the DagBag from /home/tin/miniconda3/envs/airflow/lib/python3.8/site-packages/airflow/example_dags/example_latest_only_with_trigger.py
[2024-03-09T19:32:54.149+0000] {processor.py:840} INFO - DAG(s) 'latest_only_with_trigger' retrieved from /home/tin/miniconda3/envs/airflow/lib/python3.8/site-packages/airflow/example_dags/example_latest_only_with_trigger.py
[2024-03-09T19:32:54.161+0000] {logging_mixin.py:188} INFO - [2024-03-09T19:32:54.161+0000] {dag.py:3047} INFO - Sync 1 DAGs
[2024-03-09T19:32:54.177+0000] {logging_mixin.py:188} INFO - [2024-03-09T19:32:54.177+0000] {dag.py:3834} INFO - Setting next_dagrun for latest_only_with_trigger to 2024-03-09 12:00:00+00:00, run_after=2024-03-09 16:00:00+00:00
[2024-03-09T19:32:54.198+0000] {processor.py:183} INFO - Processing /home/tin/miniconda3/envs/airflow/lib/python3.8/site-packages/airflow/example_dags/example_latest_only_with_trigger.py took 0.059 seconds
[2024-03-09T19:33:45.821+0000] {processor.py:161} INFO - Started process (PID=85576) to work on /home/tin/miniconda3/envs/airflow/lib/python3.8/site-packages/airflow/example_dags/example_latest_only_with_trigger.py
[2024-03-09T19:33:45.822+0000] {processor.py:830} INFO - Processing file /home/tin/miniconda3/envs/airflow/lib/python3.8/site-packages/airflow/example_dags/example_latest_only_with_trigger.py for tasks to queue
[2024-03-09T19:33:45.823+0000] {logging_mixin.py:188} INFO - [2024-03-09T19:33:45.823+0000] {dagbag.py:540} INFO - Filling up the DagBag from /home/tin/miniconda3/envs/airflow/lib/python3.8/site-packages/airflow/example_dags/example_latest_only_with_trigger.py
[2024-03-09T19:33:45.829+0000] {processor.py:840} INFO - DAG(s) 'latest_only_with_trigger' retrieved from /home/tin/miniconda3/envs/airflow/lib/python3.8/site-packages/airflow/example_dags/example_latest_only_with_trigger.py
[2024-03-09T19:33:45.841+0000] {logging_mixin.py:188} INFO - [2024-03-09T19:33:45.841+0000] {dag.py:3047} INFO - Sync 1 DAGs
[2024-03-09T19:33:45.856+0000] {logging_mixin.py:188} INFO - [2024-03-09T19:33:45.856+0000] {dag.py:3834} INFO - Setting next_dagrun for latest_only_with_trigger to 2024-03-09 12:00:00+00:00, run_after=2024-03-09 16:00:00+00:00
[2024-03-09T19:33:45.874+0000] {processor.py:183} INFO - Processing /home/tin/miniconda3/envs/airflow/lib/python3.8/site-packages/airflow/example_dags/example_latest_only_with_trigger.py took 0.055 seconds
[2024-03-09T19:34:39.414+0000] {processor.py:161} INFO - Started process (PID=85722) to work on /home/tin/miniconda3/envs/airflow/lib/python3.8/site-packages/airflow/example_dags/example_latest_only_with_trigger.py
[2024-03-09T19:34:39.416+0000] {processor.py:830} INFO - Processing file /home/tin/miniconda3/envs/airflow/lib/python3.8/site-packages/airflow/example_dags/example_latest_only_with_trigger.py for tasks to queue
[2024-03-09T19:34:39.417+0000] {logging_mixin.py:188} INFO - [2024-03-09T19:34:39.417+0000] {dagbag.py:540} INFO - Filling up the DagBag from /home/tin/miniconda3/envs/airflow/lib/python3.8/site-packages/airflow/example_dags/example_latest_only_with_trigger.py
[2024-03-09T19:34:39.422+0000] {processor.py:840} INFO - DAG(s) 'latest_only_with_trigger' retrieved from /home/tin/miniconda3/envs/airflow/lib/python3.8/site-packages/airflow/example_dags/example_latest_only_with_trigger.py
[2024-03-09T19:34:39.433+0000] {logging_mixin.py:188} INFO - [2024-03-09T19:34:39.433+0000] {dag.py:3047} INFO - Sync 1 DAGs
[2024-03-09T19:34:39.448+0000] {logging_mixin.py:188} INFO - [2024-03-09T19:34:39.448+0000] {dag.py:3834} INFO - Setting next_dagrun for latest_only_with_trigger to 2024-03-09 12:00:00+00:00, run_after=2024-03-09 16:00:00+00:00
[2024-03-09T19:34:39.465+0000] {processor.py:183} INFO - Processing /home/tin/miniconda3/envs/airflow/lib/python3.8/site-packages/airflow/example_dags/example_latest_only_with_trigger.py took 0.053 seconds
[2024-03-09T19:35:28.385+0000] {processor.py:161} INFO - Started process (PID=85928) to work on /home/tin/miniconda3/envs/airflow/lib/python3.8/site-packages/airflow/example_dags/example_latest_only_with_trigger.py
[2024-03-09T19:35:28.386+0000] {processor.py:830} INFO - Processing file /home/tin/miniconda3/envs/airflow/lib/python3.8/site-packages/airflow/example_dags/example_latest_only_with_trigger.py for tasks to queue
[2024-03-09T19:35:28.387+0000] {logging_mixin.py:188} INFO - [2024-03-09T19:35:28.387+0000] {dagbag.py:540} INFO - Filling up the DagBag from /home/tin/miniconda3/envs/airflow/lib/python3.8/site-packages/airflow/example_dags/example_latest_only_with_trigger.py
[2024-03-09T19:35:28.396+0000] {processor.py:840} INFO - DAG(s) 'latest_only_with_trigger' retrieved from /home/tin/miniconda3/envs/airflow/lib/python3.8/site-packages/airflow/example_dags/example_latest_only_with_trigger.py
[2024-03-09T19:35:28.414+0000] {logging_mixin.py:188} INFO - [2024-03-09T19:35:28.413+0000] {dag.py:3047} INFO - Sync 1 DAGs
[2024-03-09T19:35:28.441+0000] {logging_mixin.py:188} INFO - [2024-03-09T19:35:28.440+0000] {dag.py:3834} INFO - Setting next_dagrun for latest_only_with_trigger to 2024-03-09 12:00:00+00:00, run_after=2024-03-09 16:00:00+00:00
[2024-03-09T19:35:28.468+0000] {processor.py:183} INFO - Processing /home/tin/miniconda3/envs/airflow/lib/python3.8/site-packages/airflow/example_dags/example_latest_only_with_trigger.py took 0.087 seconds
