[2024-03-09T19:29:05.848+0000] {processor.py:161} INFO - Started process (PID=84514) to work on /home/tin/miniconda3/envs/airflow/lib/python3.8/site-packages/airflow/example_dags/example_branch_labels.py
[2024-03-09T19:29:05.849+0000] {processor.py:830} INFO - Processing file /home/tin/miniconda3/envs/airflow/lib/python3.8/site-packages/airflow/example_dags/example_branch_labels.py for tasks to queue
[2024-03-09T19:29:05.850+0000] {logging_mixin.py:188} INFO - [2024-03-09T19:29:05.850+0000] {dagbag.py:540} INFO - Filling up the DagBag from /home/tin/miniconda3/envs/airflow/lib/python3.8/site-packages/airflow/example_dags/example_branch_labels.py
[2024-03-09T19:29:05.861+0000] {processor.py:840} INFO - DAG(s) 'example_branch_labels' retrieved from /home/tin/miniconda3/envs/airflow/lib/python3.8/site-packages/airflow/example_dags/example_branch_labels.py
[2024-03-09T19:29:06.024+0000] {logging_mixin.py:188} INFO - [2024-03-09T19:29:06.022+0000] {override.py:1769} INFO - Created Permission View: can delete on DAG:example_branch_labels
[2024-03-09T19:29:06.050+0000] {logging_mixin.py:188} INFO - [2024-03-09T19:29:06.048+0000] {override.py:1769} INFO - Created Permission View: can edit on DAG:example_branch_labels
[2024-03-09T19:29:06.064+0000] {logging_mixin.py:188} INFO - [2024-03-09T19:29:06.064+0000] {override.py:1769} INFO - Created Permission View: can read on DAG:example_branch_labels
[2024-03-09T19:29:06.065+0000] {logging_mixin.py:188} INFO - [2024-03-09T19:29:06.065+0000] {dag.py:3047} INFO - Sync 1 DAGs
[2024-03-09T19:29:06.246+0000] {logging_mixin.py:188} INFO - [2024-03-09T19:29:06.245+0000] {dag.py:3069} INFO - Creating ORM DAG for example_branch_labels
[2024-03-09T19:29:06.261+0000] {logging_mixin.py:188} INFO - [2024-03-09T19:29:06.261+0000] {dag.py:3834} INFO - Setting next_dagrun for example_branch_labels to 2024-03-08 00:00:00+00:00, run_after=2024-03-09 00:00:00+00:00
[2024-03-09T19:29:06.295+0000] {processor.py:183} INFO - Processing /home/tin/miniconda3/envs/airflow/lib/python3.8/site-packages/airflow/example_dags/example_branch_labels.py took 0.452 seconds
[2024-03-09T19:29:54.213+0000] {processor.py:161} INFO - Started process (PID=84711) to work on /home/tin/miniconda3/envs/airflow/lib/python3.8/site-packages/airflow/example_dags/example_branch_labels.py
[2024-03-09T19:29:54.215+0000] {processor.py:830} INFO - Processing file /home/tin/miniconda3/envs/airflow/lib/python3.8/site-packages/airflow/example_dags/example_branch_labels.py for tasks to queue
[2024-03-09T19:29:54.216+0000] {logging_mixin.py:188} INFO - [2024-03-09T19:29:54.216+0000] {dagbag.py:540} INFO - Filling up the DagBag from /home/tin/miniconda3/envs/airflow/lib/python3.8/site-packages/airflow/example_dags/example_branch_labels.py
[2024-03-09T19:29:54.226+0000] {processor.py:840} INFO - DAG(s) 'example_branch_labels' retrieved from /home/tin/miniconda3/envs/airflow/lib/python3.8/site-packages/airflow/example_dags/example_branch_labels.py
[2024-03-09T19:29:54.256+0000] {logging_mixin.py:188} INFO - [2024-03-09T19:29:54.256+0000] {dag.py:3047} INFO - Sync 1 DAGs
[2024-03-09T19:29:54.288+0000] {logging_mixin.py:188} INFO - [2024-03-09T19:29:54.288+0000] {dag.py:3834} INFO - Setting next_dagrun for example_branch_labels to 2024-03-08 00:00:00+00:00, run_after=2024-03-09 00:00:00+00:00
[2024-03-09T19:29:54.318+0000] {processor.py:183} INFO - Processing /home/tin/miniconda3/envs/airflow/lib/python3.8/site-packages/airflow/example_dags/example_branch_labels.py took 0.108 seconds
[2024-03-09T19:30:55.492+0000] {processor.py:161} INFO - Started process (PID=84915) to work on /home/tin/miniconda3/envs/airflow/lib/python3.8/site-packages/airflow/example_dags/example_branch_labels.py
[2024-03-09T19:30:55.494+0000] {processor.py:830} INFO - Processing file /home/tin/miniconda3/envs/airflow/lib/python3.8/site-packages/airflow/example_dags/example_branch_labels.py for tasks to queue
[2024-03-09T19:30:55.495+0000] {logging_mixin.py:188} INFO - [2024-03-09T19:30:55.495+0000] {dagbag.py:540} INFO - Filling up the DagBag from /home/tin/miniconda3/envs/airflow/lib/python3.8/site-packages/airflow/example_dags/example_branch_labels.py
[2024-03-09T19:30:55.503+0000] {processor.py:840} INFO - DAG(s) 'example_branch_labels' retrieved from /home/tin/miniconda3/envs/airflow/lib/python3.8/site-packages/airflow/example_dags/example_branch_labels.py
[2024-03-09T19:30:55.520+0000] {logging_mixin.py:188} INFO - [2024-03-09T19:30:55.519+0000] {dag.py:3047} INFO - Sync 1 DAGs
[2024-03-09T19:30:55.539+0000] {logging_mixin.py:188} INFO - [2024-03-09T19:30:55.538+0000] {dag.py:3834} INFO - Setting next_dagrun for example_branch_labels to 2024-03-08 00:00:00+00:00, run_after=2024-03-09 00:00:00+00:00
[2024-03-09T19:30:55.561+0000] {processor.py:183} INFO - Processing /home/tin/miniconda3/envs/airflow/lib/python3.8/site-packages/airflow/example_dags/example_branch_labels.py took 0.071 seconds
[2024-03-09T19:31:48.381+0000] {processor.py:161} INFO - Started process (PID=85071) to work on /home/tin/miniconda3/envs/airflow/lib/python3.8/site-packages/airflow/example_dags/example_branch_labels.py
[2024-03-09T19:31:48.384+0000] {processor.py:830} INFO - Processing file /home/tin/miniconda3/envs/airflow/lib/python3.8/site-packages/airflow/example_dags/example_branch_labels.py for tasks to queue
[2024-03-09T19:31:48.385+0000] {logging_mixin.py:188} INFO - [2024-03-09T19:31:48.385+0000] {dagbag.py:540} INFO - Filling up the DagBag from /home/tin/miniconda3/envs/airflow/lib/python3.8/site-packages/airflow/example_dags/example_branch_labels.py
[2024-03-09T19:31:48.403+0000] {processor.py:840} INFO - DAG(s) 'example_branch_labels' retrieved from /home/tin/miniconda3/envs/airflow/lib/python3.8/site-packages/airflow/example_dags/example_branch_labels.py
[2024-03-09T19:31:48.434+0000] {logging_mixin.py:188} INFO - [2024-03-09T19:31:48.434+0000] {dag.py:3047} INFO - Sync 1 DAGs
[2024-03-09T19:31:48.466+0000] {logging_mixin.py:188} INFO - [2024-03-09T19:31:48.466+0000] {dag.py:3834} INFO - Setting next_dagrun for example_branch_labels to 2024-03-08 00:00:00+00:00, run_after=2024-03-09 00:00:00+00:00
[2024-03-09T19:31:48.499+0000] {processor.py:183} INFO - Processing /home/tin/miniconda3/envs/airflow/lib/python3.8/site-packages/airflow/example_dags/example_branch_labels.py took 0.121 seconds
[2024-03-09T19:32:37.906+0000] {processor.py:161} INFO - Started process (PID=85241) to work on /home/tin/miniconda3/envs/airflow/lib/python3.8/site-packages/airflow/example_dags/example_branch_labels.py
[2024-03-09T19:32:37.908+0000] {processor.py:830} INFO - Processing file /home/tin/miniconda3/envs/airflow/lib/python3.8/site-packages/airflow/example_dags/example_branch_labels.py for tasks to queue
[2024-03-09T19:32:37.909+0000] {logging_mixin.py:188} INFO - [2024-03-09T19:32:37.909+0000] {dagbag.py:540} INFO - Filling up the DagBag from /home/tin/miniconda3/envs/airflow/lib/python3.8/site-packages/airflow/example_dags/example_branch_labels.py
[2024-03-09T19:32:37.915+0000] {processor.py:840} INFO - DAG(s) 'example_branch_labels' retrieved from /home/tin/miniconda3/envs/airflow/lib/python3.8/site-packages/airflow/example_dags/example_branch_labels.py
[2024-03-09T19:32:37.927+0000] {logging_mixin.py:188} INFO - [2024-03-09T19:32:37.927+0000] {dag.py:3047} INFO - Sync 1 DAGs
[2024-03-09T19:32:37.943+0000] {logging_mixin.py:188} INFO - [2024-03-09T19:32:37.943+0000] {dag.py:3834} INFO - Setting next_dagrun for example_branch_labels to 2024-03-08 00:00:00+00:00, run_after=2024-03-09 00:00:00+00:00
[2024-03-09T19:32:37.959+0000] {processor.py:183} INFO - Processing /home/tin/miniconda3/envs/airflow/lib/python3.8/site-packages/airflow/example_dags/example_branch_labels.py took 0.056 seconds
[2024-03-09T19:33:32.780+0000] {processor.py:161} INFO - Started process (PID=85563) to work on /home/tin/miniconda3/envs/airflow/lib/python3.8/site-packages/airflow/example_dags/example_branch_labels.py
[2024-03-09T19:33:32.783+0000] {processor.py:830} INFO - Processing file /home/tin/miniconda3/envs/airflow/lib/python3.8/site-packages/airflow/example_dags/example_branch_labels.py for tasks to queue
[2024-03-09T19:33:32.784+0000] {logging_mixin.py:188} INFO - [2024-03-09T19:33:32.784+0000] {dagbag.py:540} INFO - Filling up the DagBag from /home/tin/miniconda3/envs/airflow/lib/python3.8/site-packages/airflow/example_dags/example_branch_labels.py
[2024-03-09T19:33:32.790+0000] {processor.py:840} INFO - DAG(s) 'example_branch_labels' retrieved from /home/tin/miniconda3/envs/airflow/lib/python3.8/site-packages/airflow/example_dags/example_branch_labels.py
[2024-03-09T19:33:32.802+0000] {logging_mixin.py:188} INFO - [2024-03-09T19:33:32.802+0000] {dag.py:3047} INFO - Sync 1 DAGs
[2024-03-09T19:33:32.822+0000] {logging_mixin.py:188} INFO - [2024-03-09T19:33:32.822+0000] {dag.py:3834} INFO - Setting next_dagrun for example_branch_labels to 2024-03-08 00:00:00+00:00, run_after=2024-03-09 00:00:00+00:00
[2024-03-09T19:33:32.839+0000] {processor.py:183} INFO - Processing /home/tin/miniconda3/envs/airflow/lib/python3.8/site-packages/airflow/example_dags/example_branch_labels.py took 0.061 seconds
[2024-03-09T19:34:24.990+0000] {processor.py:161} INFO - Started process (PID=85676) to work on /home/tin/miniconda3/envs/airflow/lib/python3.8/site-packages/airflow/example_dags/example_branch_labels.py
[2024-03-09T19:34:24.991+0000] {processor.py:830} INFO - Processing file /home/tin/miniconda3/envs/airflow/lib/python3.8/site-packages/airflow/example_dags/example_branch_labels.py for tasks to queue
[2024-03-09T19:34:24.992+0000] {logging_mixin.py:188} INFO - [2024-03-09T19:34:24.992+0000] {dagbag.py:540} INFO - Filling up the DagBag from /home/tin/miniconda3/envs/airflow/lib/python3.8/site-packages/airflow/example_dags/example_branch_labels.py
[2024-03-09T19:34:25.001+0000] {processor.py:840} INFO - DAG(s) 'example_branch_labels' retrieved from /home/tin/miniconda3/envs/airflow/lib/python3.8/site-packages/airflow/example_dags/example_branch_labels.py
[2024-03-09T19:34:25.019+0000] {logging_mixin.py:188} INFO - [2024-03-09T19:34:25.019+0000] {dag.py:3047} INFO - Sync 1 DAGs
[2024-03-09T19:34:25.042+0000] {logging_mixin.py:188} INFO - [2024-03-09T19:34:25.042+0000] {dag.py:3834} INFO - Setting next_dagrun for example_branch_labels to 2024-03-08 00:00:00+00:00, run_after=2024-03-09 00:00:00+00:00
[2024-03-09T19:34:25.067+0000] {processor.py:183} INFO - Processing /home/tin/miniconda3/envs/airflow/lib/python3.8/site-packages/airflow/example_dags/example_branch_labels.py took 0.081 seconds
[2024-03-09T19:35:12.940+0000] {processor.py:161} INFO - Started process (PID=85897) to work on /home/tin/miniconda3/envs/airflow/lib/python3.8/site-packages/airflow/example_dags/example_branch_labels.py
[2024-03-09T19:35:12.941+0000] {processor.py:830} INFO - Processing file /home/tin/miniconda3/envs/airflow/lib/python3.8/site-packages/airflow/example_dags/example_branch_labels.py for tasks to queue
[2024-03-09T19:35:12.942+0000] {logging_mixin.py:188} INFO - [2024-03-09T19:35:12.942+0000] {dagbag.py:540} INFO - Filling up the DagBag from /home/tin/miniconda3/envs/airflow/lib/python3.8/site-packages/airflow/example_dags/example_branch_labels.py
[2024-03-09T19:35:12.948+0000] {processor.py:840} INFO - DAG(s) 'example_branch_labels' retrieved from /home/tin/miniconda3/envs/airflow/lib/python3.8/site-packages/airflow/example_dags/example_branch_labels.py
[2024-03-09T19:35:12.960+0000] {logging_mixin.py:188} INFO - [2024-03-09T19:35:12.960+0000] {dag.py:3047} INFO - Sync 1 DAGs
[2024-03-09T19:35:12.976+0000] {logging_mixin.py:188} INFO - [2024-03-09T19:35:12.975+0000] {dag.py:3834} INFO - Setting next_dagrun for example_branch_labels to 2024-03-08 00:00:00+00:00, run_after=2024-03-09 00:00:00+00:00
[2024-03-09T19:35:12.994+0000] {processor.py:183} INFO - Processing /home/tin/miniconda3/envs/airflow/lib/python3.8/site-packages/airflow/example_dags/example_branch_labels.py took 0.057 seconds
