[2024-03-09T19:28:44.957+0000] {processor.py:161} INFO - Started process (PID=84329) to work on /home/tin/miniconda3/envs/airflow/lib/python3.8/site-packages/airflow/example_dags/example_sensor_decorator.py
[2024-03-09T19:28:44.958+0000] {processor.py:830} INFO - Processing file /home/tin/miniconda3/envs/airflow/lib/python3.8/site-packages/airflow/example_dags/example_sensor_decorator.py for tasks to queue
[2024-03-09T19:28:44.959+0000] {logging_mixin.py:188} INFO - [2024-03-09T19:28:44.958+0000] {dagbag.py:540} INFO - Filling up the DagBag from /home/tin/miniconda3/envs/airflow/lib/python3.8/site-packages/airflow/example_dags/example_sensor_decorator.py
[2024-03-09T19:28:44.964+0000] {processor.py:840} INFO - DAG(s) 'example_sensor_decorator' retrieved from /home/tin/miniconda3/envs/airflow/lib/python3.8/site-packages/airflow/example_dags/example_sensor_decorator.py
[2024-03-09T19:28:45.052+0000] {logging_mixin.py:188} INFO - [2024-03-09T19:28:45.051+0000] {override.py:1769} INFO - Created Permission View: can delete on DAG:example_sensor_decorator
[2024-03-09T19:28:45.065+0000] {logging_mixin.py:188} INFO - [2024-03-09T19:28:45.065+0000] {override.py:1769} INFO - Created Permission View: can edit on DAG:example_sensor_decorator
[2024-03-09T19:28:45.074+0000] {logging_mixin.py:188} INFO - [2024-03-09T19:28:45.074+0000] {override.py:1769} INFO - Created Permission View: can read on DAG:example_sensor_decorator
[2024-03-09T19:28:45.075+0000] {logging_mixin.py:188} INFO - [2024-03-09T19:28:45.075+0000] {dag.py:3047} INFO - Sync 1 DAGs
[2024-03-09T19:28:45.084+0000] {logging_mixin.py:188} INFO - [2024-03-09T19:28:45.083+0000] {dag.py:3069} INFO - Creating ORM DAG for example_sensor_decorator
[2024-03-09T19:28:45.084+0000] {logging_mixin.py:188} INFO - [2024-03-09T19:28:45.084+0000] {dag.py:3834} INFO - Setting next_dagrun for example_sensor_decorator to None, run_after=None
[2024-03-09T19:28:45.103+0000] {processor.py:183} INFO - Processing /home/tin/miniconda3/envs/airflow/lib/python3.8/site-packages/airflow/example_dags/example_sensor_decorator.py took 0.148 seconds
[2024-03-09T19:29:37.637+0000] {processor.py:161} INFO - Started process (PID=84632) to work on /home/tin/miniconda3/envs/airflow/lib/python3.8/site-packages/airflow/example_dags/example_sensor_decorator.py
[2024-03-09T19:29:37.642+0000] {processor.py:830} INFO - Processing file /home/tin/miniconda3/envs/airflow/lib/python3.8/site-packages/airflow/example_dags/example_sensor_decorator.py for tasks to queue
[2024-03-09T19:29:37.643+0000] {logging_mixin.py:188} INFO - [2024-03-09T19:29:37.643+0000] {dagbag.py:540} INFO - Filling up the DagBag from /home/tin/miniconda3/envs/airflow/lib/python3.8/site-packages/airflow/example_dags/example_sensor_decorator.py
[2024-03-09T19:29:37.648+0000] {processor.py:840} INFO - DAG(s) 'example_sensor_decorator' retrieved from /home/tin/miniconda3/envs/airflow/lib/python3.8/site-packages/airflow/example_dags/example_sensor_decorator.py
[2024-03-09T19:29:37.660+0000] {logging_mixin.py:188} INFO - [2024-03-09T19:29:37.660+0000] {dag.py:3047} INFO - Sync 1 DAGs
[2024-03-09T19:29:37.669+0000] {logging_mixin.py:188} INFO - [2024-03-09T19:29:37.668+0000] {dag.py:3834} INFO - Setting next_dagrun for example_sensor_decorator to None, run_after=None
[2024-03-09T19:29:37.686+0000] {processor.py:183} INFO - Processing /home/tin/miniconda3/envs/airflow/lib/python3.8/site-packages/airflow/example_dags/example_sensor_decorator.py took 0.051 seconds
[2024-03-09T19:30:25.811+0000] {processor.py:161} INFO - Started process (PID=84796) to work on /home/tin/miniconda3/envs/airflow/lib/python3.8/site-packages/airflow/example_dags/example_sensor_decorator.py
[2024-03-09T19:30:25.813+0000] {processor.py:830} INFO - Processing file /home/tin/miniconda3/envs/airflow/lib/python3.8/site-packages/airflow/example_dags/example_sensor_decorator.py for tasks to queue
[2024-03-09T19:30:25.815+0000] {logging_mixin.py:188} INFO - [2024-03-09T19:30:25.814+0000] {dagbag.py:540} INFO - Filling up the DagBag from /home/tin/miniconda3/envs/airflow/lib/python3.8/site-packages/airflow/example_dags/example_sensor_decorator.py
[2024-03-09T19:30:25.821+0000] {processor.py:840} INFO - DAG(s) 'example_sensor_decorator' retrieved from /home/tin/miniconda3/envs/airflow/lib/python3.8/site-packages/airflow/example_dags/example_sensor_decorator.py
[2024-03-09T19:30:25.834+0000] {logging_mixin.py:188} INFO - [2024-03-09T19:30:25.833+0000] {dag.py:3047} INFO - Sync 1 DAGs
[2024-03-09T19:30:25.935+0000] {logging_mixin.py:188} INFO - [2024-03-09T19:30:25.934+0000] {dag.py:3834} INFO - Setting next_dagrun for example_sensor_decorator to None, run_after=None
[2024-03-09T19:30:25.955+0000] {processor.py:183} INFO - Processing /home/tin/miniconda3/envs/airflow/lib/python3.8/site-packages/airflow/example_dags/example_sensor_decorator.py took 0.146 seconds
[2024-03-09T19:31:08.927+0000] {processor.py:161} INFO - Started process (PID=84941) to work on /home/tin/miniconda3/envs/airflow/lib/python3.8/site-packages/airflow/example_dags/example_sensor_decorator.py
[2024-03-09T19:31:08.928+0000] {processor.py:830} INFO - Processing file /home/tin/miniconda3/envs/airflow/lib/python3.8/site-packages/airflow/example_dags/example_sensor_decorator.py for tasks to queue
[2024-03-09T19:31:08.929+0000] {logging_mixin.py:188} INFO - [2024-03-09T19:31:08.929+0000] {dagbag.py:540} INFO - Filling up the DagBag from /home/tin/miniconda3/envs/airflow/lib/python3.8/site-packages/airflow/example_dags/example_sensor_decorator.py
[2024-03-09T19:31:08.934+0000] {processor.py:840} INFO - DAG(s) 'example_sensor_decorator' retrieved from /home/tin/miniconda3/envs/airflow/lib/python3.8/site-packages/airflow/example_dags/example_sensor_decorator.py
[2024-03-09T19:31:08.946+0000] {logging_mixin.py:188} INFO - [2024-03-09T19:31:08.946+0000] {dag.py:3047} INFO - Sync 1 DAGs
[2024-03-09T19:31:08.955+0000] {logging_mixin.py:188} INFO - [2024-03-09T19:31:08.955+0000] {dag.py:3834} INFO - Setting next_dagrun for example_sensor_decorator to None, run_after=None
[2024-03-09T19:31:08.975+0000] {processor.py:183} INFO - Processing /home/tin/miniconda3/envs/airflow/lib/python3.8/site-packages/airflow/example_dags/example_sensor_decorator.py took 0.050 seconds
[2024-03-09T19:31:59.805+0000] {processor.py:161} INFO - Started process (PID=85129) to work on /home/tin/miniconda3/envs/airflow/lib/python3.8/site-packages/airflow/example_dags/example_sensor_decorator.py
[2024-03-09T19:31:59.806+0000] {processor.py:830} INFO - Processing file /home/tin/miniconda3/envs/airflow/lib/python3.8/site-packages/airflow/example_dags/example_sensor_decorator.py for tasks to queue
[2024-03-09T19:31:59.807+0000] {logging_mixin.py:188} INFO - [2024-03-09T19:31:59.807+0000] {dagbag.py:540} INFO - Filling up the DagBag from /home/tin/miniconda3/envs/airflow/lib/python3.8/site-packages/airflow/example_dags/example_sensor_decorator.py
[2024-03-09T19:31:59.812+0000] {processor.py:840} INFO - DAG(s) 'example_sensor_decorator' retrieved from /home/tin/miniconda3/envs/airflow/lib/python3.8/site-packages/airflow/example_dags/example_sensor_decorator.py
[2024-03-09T19:31:59.826+0000] {logging_mixin.py:188} INFO - [2024-03-09T19:31:59.826+0000] {dag.py:3047} INFO - Sync 1 DAGs
[2024-03-09T19:31:59.835+0000] {logging_mixin.py:188} INFO - [2024-03-09T19:31:59.835+0000] {dag.py:3834} INFO - Setting next_dagrun for example_sensor_decorator to None, run_after=None
[2024-03-09T19:31:59.855+0000] {processor.py:183} INFO - Processing /home/tin/miniconda3/envs/airflow/lib/python3.8/site-packages/airflow/example_dags/example_sensor_decorator.py took 0.052 seconds
[2024-03-09T19:32:52.509+0000] {processor.py:161} INFO - Started process (PID=85353) to work on /home/tin/miniconda3/envs/airflow/lib/python3.8/site-packages/airflow/example_dags/example_sensor_decorator.py
[2024-03-09T19:32:52.511+0000] {processor.py:830} INFO - Processing file /home/tin/miniconda3/envs/airflow/lib/python3.8/site-packages/airflow/example_dags/example_sensor_decorator.py for tasks to queue
[2024-03-09T19:32:52.512+0000] {logging_mixin.py:188} INFO - [2024-03-09T19:32:52.511+0000] {dagbag.py:540} INFO - Filling up the DagBag from /home/tin/miniconda3/envs/airflow/lib/python3.8/site-packages/airflow/example_dags/example_sensor_decorator.py
[2024-03-09T19:32:52.516+0000] {processor.py:840} INFO - DAG(s) 'example_sensor_decorator' retrieved from /home/tin/miniconda3/envs/airflow/lib/python3.8/site-packages/airflow/example_dags/example_sensor_decorator.py
[2024-03-09T19:32:52.528+0000] {logging_mixin.py:188} INFO - [2024-03-09T19:32:52.527+0000] {dag.py:3047} INFO - Sync 1 DAGs
[2024-03-09T19:32:52.536+0000] {logging_mixin.py:188} INFO - [2024-03-09T19:32:52.536+0000] {dag.py:3834} INFO - Setting next_dagrun for example_sensor_decorator to None, run_after=None
[2024-03-09T19:32:52.554+0000] {processor.py:183} INFO - Processing /home/tin/miniconda3/envs/airflow/lib/python3.8/site-packages/airflow/example_dags/example_sensor_decorator.py took 0.047 seconds
[2024-03-09T19:33:44.289+0000] {processor.py:161} INFO - Started process (PID=85574) to work on /home/tin/miniconda3/envs/airflow/lib/python3.8/site-packages/airflow/example_dags/example_sensor_decorator.py
[2024-03-09T19:33:44.291+0000] {processor.py:830} INFO - Processing file /home/tin/miniconda3/envs/airflow/lib/python3.8/site-packages/airflow/example_dags/example_sensor_decorator.py for tasks to queue
[2024-03-09T19:33:44.292+0000] {logging_mixin.py:188} INFO - [2024-03-09T19:33:44.292+0000] {dagbag.py:540} INFO - Filling up the DagBag from /home/tin/miniconda3/envs/airflow/lib/python3.8/site-packages/airflow/example_dags/example_sensor_decorator.py
[2024-03-09T19:33:44.297+0000] {processor.py:840} INFO - DAG(s) 'example_sensor_decorator' retrieved from /home/tin/miniconda3/envs/airflow/lib/python3.8/site-packages/airflow/example_dags/example_sensor_decorator.py
[2024-03-09T19:33:44.307+0000] {logging_mixin.py:188} INFO - [2024-03-09T19:33:44.307+0000] {dag.py:3047} INFO - Sync 1 DAGs
[2024-03-09T19:33:44.317+0000] {logging_mixin.py:188} INFO - [2024-03-09T19:33:44.317+0000] {dag.py:3834} INFO - Setting next_dagrun for example_sensor_decorator to None, run_after=None
[2024-03-09T19:33:44.338+0000] {processor.py:183} INFO - Processing /home/tin/miniconda3/envs/airflow/lib/python3.8/site-packages/airflow/example_dags/example_sensor_decorator.py took 0.051 seconds
[2024-03-09T19:34:37.139+0000] {processor.py:161} INFO - Started process (PID=85720) to work on /home/tin/miniconda3/envs/airflow/lib/python3.8/site-packages/airflow/example_dags/example_sensor_decorator.py
[2024-03-09T19:34:37.140+0000] {processor.py:830} INFO - Processing file /home/tin/miniconda3/envs/airflow/lib/python3.8/site-packages/airflow/example_dags/example_sensor_decorator.py for tasks to queue
[2024-03-09T19:34:37.141+0000] {logging_mixin.py:188} INFO - [2024-03-09T19:34:37.141+0000] {dagbag.py:540} INFO - Filling up the DagBag from /home/tin/miniconda3/envs/airflow/lib/python3.8/site-packages/airflow/example_dags/example_sensor_decorator.py
[2024-03-09T19:34:37.146+0000] {processor.py:840} INFO - DAG(s) 'example_sensor_decorator' retrieved from /home/tin/miniconda3/envs/airflow/lib/python3.8/site-packages/airflow/example_dags/example_sensor_decorator.py
[2024-03-09T19:34:37.158+0000] {logging_mixin.py:188} INFO - [2024-03-09T19:34:37.157+0000] {dag.py:3047} INFO - Sync 1 DAGs
[2024-03-09T19:34:37.170+0000] {logging_mixin.py:188} INFO - [2024-03-09T19:34:37.169+0000] {dag.py:3834} INFO - Setting next_dagrun for example_sensor_decorator to None, run_after=None
[2024-03-09T19:34:37.192+0000] {processor.py:183} INFO - Processing /home/tin/miniconda3/envs/airflow/lib/python3.8/site-packages/airflow/example_dags/example_sensor_decorator.py took 0.055 seconds
[2024-03-09T19:35:26.265+0000] {processor.py:161} INFO - Started process (PID=85923) to work on /home/tin/miniconda3/envs/airflow/lib/python3.8/site-packages/airflow/example_dags/example_sensor_decorator.py
[2024-03-09T19:35:26.267+0000] {processor.py:830} INFO - Processing file /home/tin/miniconda3/envs/airflow/lib/python3.8/site-packages/airflow/example_dags/example_sensor_decorator.py for tasks to queue
[2024-03-09T19:35:26.268+0000] {logging_mixin.py:188} INFO - [2024-03-09T19:35:26.268+0000] {dagbag.py:540} INFO - Filling up the DagBag from /home/tin/miniconda3/envs/airflow/lib/python3.8/site-packages/airflow/example_dags/example_sensor_decorator.py
[2024-03-09T19:35:26.273+0000] {processor.py:840} INFO - DAG(s) 'example_sensor_decorator' retrieved from /home/tin/miniconda3/envs/airflow/lib/python3.8/site-packages/airflow/example_dags/example_sensor_decorator.py
[2024-03-09T19:35:26.283+0000] {logging_mixin.py:188} INFO - [2024-03-09T19:35:26.283+0000] {dag.py:3047} INFO - Sync 1 DAGs
[2024-03-09T19:35:26.293+0000] {logging_mixin.py:188} INFO - [2024-03-09T19:35:26.292+0000] {dag.py:3834} INFO - Setting next_dagrun for example_sensor_decorator to None, run_after=None
[2024-03-09T19:35:26.315+0000] {processor.py:183} INFO - Processing /home/tin/miniconda3/envs/airflow/lib/python3.8/site-packages/airflow/example_dags/example_sensor_decorator.py took 0.052 seconds
