[2024-03-09T19:28:39.234+0000] {processor.py:161} INFO - Started process (PID=84323) to work on /home/tin/miniconda3/envs/airflow/lib/python3.8/site-packages/airflow/example_dags/example_xcomargs.py
[2024-03-09T19:28:39.235+0000] {processor.py:830} INFO - Processing file /home/tin/miniconda3/envs/airflow/lib/python3.8/site-packages/airflow/example_dags/example_xcomargs.py for tasks to queue
[2024-03-09T19:28:39.235+0000] {logging_mixin.py:188} INFO - [2024-03-09T19:28:39.235+0000] {dagbag.py:540} INFO - Filling up the DagBag from /home/tin/miniconda3/envs/airflow/lib/python3.8/site-packages/airflow/example_dags/example_xcomargs.py
[2024-03-09T19:28:39.244+0000] {processor.py:840} INFO - DAG(s) 'example_xcom_args_with_operators', 'example_xcom_args' retrieved from /home/tin/miniconda3/envs/airflow/lib/python3.8/site-packages/airflow/example_dags/example_xcomargs.py
[2024-03-09T19:28:39.331+0000] {logging_mixin.py:188} INFO - [2024-03-09T19:28:39.331+0000] {override.py:1769} INFO - Created Permission View: can delete on DAG:example_xcom_args_with_operators
[2024-03-09T19:28:39.345+0000] {logging_mixin.py:188} INFO - [2024-03-09T19:28:39.344+0000] {override.py:1769} INFO - Created Permission View: can edit on DAG:example_xcom_args_with_operators
[2024-03-09T19:28:39.357+0000] {logging_mixin.py:188} INFO - [2024-03-09T19:28:39.356+0000] {override.py:1769} INFO - Created Permission View: can read on DAG:example_xcom_args_with_operators
[2024-03-09T19:28:39.377+0000] {logging_mixin.py:188} INFO - [2024-03-09T19:28:39.377+0000] {override.py:1769} INFO - Created Permission View: can delete on DAG:example_xcom_args
[2024-03-09T19:28:39.387+0000] {logging_mixin.py:188} INFO - [2024-03-09T19:28:39.386+0000] {override.py:1769} INFO - Created Permission View: can edit on DAG:example_xcom_args
[2024-03-09T19:28:39.397+0000] {logging_mixin.py:188} INFO - [2024-03-09T19:28:39.397+0000] {override.py:1769} INFO - Created Permission View: can read on DAG:example_xcom_args
[2024-03-09T19:28:39.398+0000] {logging_mixin.py:188} INFO - [2024-03-09T19:28:39.397+0000] {dag.py:3047} INFO - Sync 2 DAGs
[2024-03-09T19:28:39.406+0000] {logging_mixin.py:188} INFO - [2024-03-09T19:28:39.406+0000] {dag.py:3069} INFO - Creating ORM DAG for example_xcom_args
[2024-03-09T19:28:39.406+0000] {logging_mixin.py:188} INFO - [2024-03-09T19:28:39.406+0000] {dag.py:3069} INFO - Creating ORM DAG for example_xcom_args_with_operators
[2024-03-09T19:28:39.407+0000] {logging_mixin.py:188} INFO - [2024-03-09T19:28:39.407+0000] {dag.py:3834} INFO - Setting next_dagrun for example_xcom_args to None, run_after=None
[2024-03-09T19:28:39.408+0000] {logging_mixin.py:188} INFO - [2024-03-09T19:28:39.407+0000] {dag.py:3834} INFO - Setting next_dagrun for example_xcom_args_with_operators to None, run_after=None
[2024-03-09T19:28:39.430+0000] {processor.py:183} INFO - Processing /home/tin/miniconda3/envs/airflow/lib/python3.8/site-packages/airflow/example_dags/example_xcomargs.py took 0.199 seconds
[2024-03-09T19:29:32.496+0000] {processor.py:161} INFO - Started process (PID=84623) to work on /home/tin/miniconda3/envs/airflow/lib/python3.8/site-packages/airflow/example_dags/example_xcomargs.py
[2024-03-09T19:29:32.497+0000] {processor.py:830} INFO - Processing file /home/tin/miniconda3/envs/airflow/lib/python3.8/site-packages/airflow/example_dags/example_xcomargs.py for tasks to queue
[2024-03-09T19:29:32.498+0000] {logging_mixin.py:188} INFO - [2024-03-09T19:29:32.498+0000] {dagbag.py:540} INFO - Filling up the DagBag from /home/tin/miniconda3/envs/airflow/lib/python3.8/site-packages/airflow/example_dags/example_xcomargs.py
[2024-03-09T19:29:32.504+0000] {processor.py:840} INFO - DAG(s) 'example_xcom_args', 'example_xcom_args_with_operators' retrieved from /home/tin/miniconda3/envs/airflow/lib/python3.8/site-packages/airflow/example_dags/example_xcomargs.py
[2024-03-09T19:29:32.518+0000] {logging_mixin.py:188} INFO - [2024-03-09T19:29:32.517+0000] {dag.py:3047} INFO - Sync 2 DAGs
[2024-03-09T19:29:32.526+0000] {logging_mixin.py:188} INFO - [2024-03-09T19:29:32.526+0000] {dag.py:3834} INFO - Setting next_dagrun for example_xcom_args to None, run_after=None
[2024-03-09T19:29:32.528+0000] {logging_mixin.py:188} INFO - [2024-03-09T19:29:32.528+0000] {dag.py:3834} INFO - Setting next_dagrun for example_xcom_args_with_operators to None, run_after=None
[2024-03-09T19:29:32.544+0000] {processor.py:183} INFO - Processing /home/tin/miniconda3/envs/airflow/lib/python3.8/site-packages/airflow/example_dags/example_xcomargs.py took 0.050 seconds
[2024-03-09T19:30:20.320+0000] {processor.py:161} INFO - Started process (PID=84790) to work on /home/tin/miniconda3/envs/airflow/lib/python3.8/site-packages/airflow/example_dags/example_xcomargs.py
[2024-03-09T19:30:20.322+0000] {processor.py:830} INFO - Processing file /home/tin/miniconda3/envs/airflow/lib/python3.8/site-packages/airflow/example_dags/example_xcomargs.py for tasks to queue
[2024-03-09T19:30:20.323+0000] {logging_mixin.py:188} INFO - [2024-03-09T19:30:20.322+0000] {dagbag.py:540} INFO - Filling up the DagBag from /home/tin/miniconda3/envs/airflow/lib/python3.8/site-packages/airflow/example_dags/example_xcomargs.py
[2024-03-09T19:30:20.329+0000] {processor.py:840} INFO - DAG(s) 'example_xcom_args_with_operators', 'example_xcom_args' retrieved from /home/tin/miniconda3/envs/airflow/lib/python3.8/site-packages/airflow/example_dags/example_xcomargs.py
[2024-03-09T19:30:20.342+0000] {logging_mixin.py:188} INFO - [2024-03-09T19:30:20.342+0000] {dag.py:3047} INFO - Sync 2 DAGs
[2024-03-09T19:30:20.431+0000] {logging_mixin.py:188} INFO - [2024-03-09T19:30:20.431+0000] {dag.py:3834} INFO - Setting next_dagrun for example_xcom_args to None, run_after=None
[2024-03-09T19:30:20.434+0000] {logging_mixin.py:188} INFO - [2024-03-09T19:30:20.433+0000] {dag.py:3834} INFO - Setting next_dagrun for example_xcom_args_with_operators to None, run_after=None
[2024-03-09T19:30:20.450+0000] {processor.py:183} INFO - Processing /home/tin/miniconda3/envs/airflow/lib/python3.8/site-packages/airflow/example_dags/example_xcomargs.py took 0.132 seconds
[2024-03-09T19:31:03.125+0000] {processor.py:161} INFO - Started process (PID=84924) to work on /home/tin/miniconda3/envs/airflow/lib/python3.8/site-packages/airflow/example_dags/example_xcomargs.py
[2024-03-09T19:31:03.127+0000] {processor.py:830} INFO - Processing file /home/tin/miniconda3/envs/airflow/lib/python3.8/site-packages/airflow/example_dags/example_xcomargs.py for tasks to queue
[2024-03-09T19:31:03.128+0000] {logging_mixin.py:188} INFO - [2024-03-09T19:31:03.128+0000] {dagbag.py:540} INFO - Filling up the DagBag from /home/tin/miniconda3/envs/airflow/lib/python3.8/site-packages/airflow/example_dags/example_xcomargs.py
[2024-03-09T19:31:03.136+0000] {processor.py:840} INFO - DAG(s) 'example_xcom_args', 'example_xcom_args_with_operators' retrieved from /home/tin/miniconda3/envs/airflow/lib/python3.8/site-packages/airflow/example_dags/example_xcomargs.py
[2024-03-09T19:31:03.151+0000] {logging_mixin.py:188} INFO - [2024-03-09T19:31:03.150+0000] {dag.py:3047} INFO - Sync 2 DAGs
[2024-03-09T19:31:03.159+0000] {logging_mixin.py:188} INFO - [2024-03-09T19:31:03.159+0000] {dag.py:3834} INFO - Setting next_dagrun for example_xcom_args to None, run_after=None
[2024-03-09T19:31:03.163+0000] {logging_mixin.py:188} INFO - [2024-03-09T19:31:03.162+0000] {dag.py:3834} INFO - Setting next_dagrun for example_xcom_args_with_operators to None, run_after=None
[2024-03-09T19:31:03.185+0000] {processor.py:183} INFO - Processing /home/tin/miniconda3/envs/airflow/lib/python3.8/site-packages/airflow/example_dags/example_xcomargs.py took 0.063 seconds
[2024-03-09T19:31:39.364+0000] {processor.py:161} INFO - Started process (PID=85048) to work on /home/tin/miniconda3/envs/airflow/lib/python3.8/site-packages/airflow/example_dags/example_xcomargs.py
[2024-03-09T19:31:39.366+0000] {processor.py:830} INFO - Processing file /home/tin/miniconda3/envs/airflow/lib/python3.8/site-packages/airflow/example_dags/example_xcomargs.py for tasks to queue
[2024-03-09T19:31:39.367+0000] {logging_mixin.py:188} INFO - [2024-03-09T19:31:39.367+0000] {dagbag.py:540} INFO - Filling up the DagBag from /home/tin/miniconda3/envs/airflow/lib/python3.8/site-packages/airflow/example_dags/example_xcomargs.py
[2024-03-09T19:31:39.377+0000] {processor.py:840} INFO - DAG(s) 'example_xcom_args_with_operators', 'example_xcom_args' retrieved from /home/tin/miniconda3/envs/airflow/lib/python3.8/site-packages/airflow/example_dags/example_xcomargs.py
[2024-03-09T19:31:39.398+0000] {logging_mixin.py:188} INFO - [2024-03-09T19:31:39.398+0000] {dag.py:3047} INFO - Sync 2 DAGs
[2024-03-09T19:31:39.410+0000] {logging_mixin.py:188} INFO - [2024-03-09T19:31:39.410+0000] {dag.py:3834} INFO - Setting next_dagrun for example_xcom_args to None, run_after=None
[2024-03-09T19:31:39.414+0000] {logging_mixin.py:188} INFO - [2024-03-09T19:31:39.414+0000] {dag.py:3834} INFO - Setting next_dagrun for example_xcom_args_with_operators to None, run_after=None
[2024-03-09T19:31:39.437+0000] {processor.py:183} INFO - Processing /home/tin/miniconda3/envs/airflow/lib/python3.8/site-packages/airflow/example_dags/example_xcomargs.py took 0.076 seconds
[2024-03-09T19:32:29.549+0000] {processor.py:161} INFO - Started process (PID=85174) to work on /home/tin/miniconda3/envs/airflow/lib/python3.8/site-packages/airflow/example_dags/example_xcomargs.py
[2024-03-09T19:32:29.550+0000] {processor.py:830} INFO - Processing file /home/tin/miniconda3/envs/airflow/lib/python3.8/site-packages/airflow/example_dags/example_xcomargs.py for tasks to queue
[2024-03-09T19:32:29.551+0000] {logging_mixin.py:188} INFO - [2024-03-09T19:32:29.551+0000] {dagbag.py:540} INFO - Filling up the DagBag from /home/tin/miniconda3/envs/airflow/lib/python3.8/site-packages/airflow/example_dags/example_xcomargs.py
[2024-03-09T19:32:29.557+0000] {processor.py:840} INFO - DAG(s) 'example_xcom_args', 'example_xcom_args_with_operators' retrieved from /home/tin/miniconda3/envs/airflow/lib/python3.8/site-packages/airflow/example_dags/example_xcomargs.py
[2024-03-09T19:32:29.570+0000] {logging_mixin.py:188} INFO - [2024-03-09T19:32:29.570+0000] {dag.py:3047} INFO - Sync 2 DAGs
[2024-03-09T19:32:29.579+0000] {logging_mixin.py:188} INFO - [2024-03-09T19:32:29.578+0000] {dag.py:3834} INFO - Setting next_dagrun for example_xcom_args to None, run_after=None
[2024-03-09T19:32:29.582+0000] {logging_mixin.py:188} INFO - [2024-03-09T19:32:29.581+0000] {dag.py:3834} INFO - Setting next_dagrun for example_xcom_args_with_operators to None, run_after=None
[2024-03-09T19:32:29.600+0000] {processor.py:183} INFO - Processing /home/tin/miniconda3/envs/airflow/lib/python3.8/site-packages/airflow/example_dags/example_xcomargs.py took 0.054 seconds
[2024-03-09T19:33:09.472+0000] {processor.py:161} INFO - Started process (PID=85445) to work on /home/tin/miniconda3/envs/airflow/lib/python3.8/site-packages/airflow/example_dags/example_xcomargs.py
[2024-03-09T19:33:09.474+0000] {processor.py:830} INFO - Processing file /home/tin/miniconda3/envs/airflow/lib/python3.8/site-packages/airflow/example_dags/example_xcomargs.py for tasks to queue
[2024-03-09T19:33:09.475+0000] {logging_mixin.py:188} INFO - [2024-03-09T19:33:09.475+0000] {dagbag.py:540} INFO - Filling up the DagBag from /home/tin/miniconda3/envs/airflow/lib/python3.8/site-packages/airflow/example_dags/example_xcomargs.py
[2024-03-09T19:33:09.484+0000] {processor.py:840} INFO - DAG(s) 'example_xcom_args', 'example_xcom_args_with_operators' retrieved from /home/tin/miniconda3/envs/airflow/lib/python3.8/site-packages/airflow/example_dags/example_xcomargs.py
[2024-03-09T19:33:09.505+0000] {logging_mixin.py:188} INFO - [2024-03-09T19:33:09.504+0000] {dag.py:3047} INFO - Sync 2 DAGs
[2024-03-09T19:33:09.518+0000] {logging_mixin.py:188} INFO - [2024-03-09T19:33:09.518+0000] {dag.py:3834} INFO - Setting next_dagrun for example_xcom_args to None, run_after=None
[2024-03-09T19:33:09.522+0000] {logging_mixin.py:188} INFO - [2024-03-09T19:33:09.522+0000] {dag.py:3834} INFO - Setting next_dagrun for example_xcom_args_with_operators to None, run_after=None
[2024-03-09T19:33:09.547+0000] {processor.py:183} INFO - Processing /home/tin/miniconda3/envs/airflow/lib/python3.8/site-packages/airflow/example_dags/example_xcomargs.py took 0.077 seconds
[2024-03-09T19:33:59.011+0000] {processor.py:161} INFO - Started process (PID=85591) to work on /home/tin/miniconda3/envs/airflow/lib/python3.8/site-packages/airflow/example_dags/example_xcomargs.py
[2024-03-09T19:33:59.012+0000] {processor.py:830} INFO - Processing file /home/tin/miniconda3/envs/airflow/lib/python3.8/site-packages/airflow/example_dags/example_xcomargs.py for tasks to queue
[2024-03-09T19:33:59.013+0000] {logging_mixin.py:188} INFO - [2024-03-09T19:33:59.013+0000] {dagbag.py:540} INFO - Filling up the DagBag from /home/tin/miniconda3/envs/airflow/lib/python3.8/site-packages/airflow/example_dags/example_xcomargs.py
[2024-03-09T19:33:59.020+0000] {processor.py:840} INFO - DAG(s) 'example_xcom_args_with_operators', 'example_xcom_args' retrieved from /home/tin/miniconda3/envs/airflow/lib/python3.8/site-packages/airflow/example_dags/example_xcomargs.py
[2024-03-09T19:33:59.033+0000] {logging_mixin.py:188} INFO - [2024-03-09T19:33:59.033+0000] {dag.py:3047} INFO - Sync 2 DAGs
[2024-03-09T19:33:59.042+0000] {logging_mixin.py:188} INFO - [2024-03-09T19:33:59.042+0000] {dag.py:3834} INFO - Setting next_dagrun for example_xcom_args to None, run_after=None
[2024-03-09T19:33:59.045+0000] {logging_mixin.py:188} INFO - [2024-03-09T19:33:59.045+0000] {dag.py:3834} INFO - Setting next_dagrun for example_xcom_args_with_operators to None, run_after=None
[2024-03-09T19:33:59.061+0000] {processor.py:183} INFO - Processing /home/tin/miniconda3/envs/airflow/lib/python3.8/site-packages/airflow/example_dags/example_xcomargs.py took 0.053 seconds
[2024-03-09T19:34:50.005+0000] {processor.py:161} INFO - Started process (PID=85811) to work on /home/tin/miniconda3/envs/airflow/lib/python3.8/site-packages/airflow/example_dags/example_xcomargs.py
[2024-03-09T19:34:50.006+0000] {processor.py:830} INFO - Processing file /home/tin/miniconda3/envs/airflow/lib/python3.8/site-packages/airflow/example_dags/example_xcomargs.py for tasks to queue
[2024-03-09T19:34:50.007+0000] {logging_mixin.py:188} INFO - [2024-03-09T19:34:50.007+0000] {dagbag.py:540} INFO - Filling up the DagBag from /home/tin/miniconda3/envs/airflow/lib/python3.8/site-packages/airflow/example_dags/example_xcomargs.py
[2024-03-09T19:34:50.014+0000] {processor.py:840} INFO - DAG(s) 'example_xcom_args', 'example_xcom_args_with_operators' retrieved from /home/tin/miniconda3/envs/airflow/lib/python3.8/site-packages/airflow/example_dags/example_xcomargs.py
[2024-03-09T19:34:50.029+0000] {logging_mixin.py:188} INFO - [2024-03-09T19:34:50.028+0000] {dag.py:3047} INFO - Sync 2 DAGs
[2024-03-09T19:34:50.037+0000] {logging_mixin.py:188} INFO - [2024-03-09T19:34:50.037+0000] {dag.py:3834} INFO - Setting next_dagrun for example_xcom_args to None, run_after=None
[2024-03-09T19:34:50.040+0000] {logging_mixin.py:188} INFO - [2024-03-09T19:34:50.039+0000] {dag.py:3834} INFO - Setting next_dagrun for example_xcom_args_with_operators to None, run_after=None
[2024-03-09T19:34:50.059+0000] {processor.py:183} INFO - Processing /home/tin/miniconda3/envs/airflow/lib/python3.8/site-packages/airflow/example_dags/example_xcomargs.py took 0.057 seconds
