[2024-03-09T19:28:54.489+0000] {processor.py:161} INFO - Started process (PID=84437) to work on /home/tin/miniconda3/envs/airflow/lib/python3.8/site-packages/airflow/example_dags/example_nested_branch_dag.py
[2024-03-09T19:28:54.490+0000] {processor.py:830} INFO - Processing file /home/tin/miniconda3/envs/airflow/lib/python3.8/site-packages/airflow/example_dags/example_nested_branch_dag.py for tasks to queue
[2024-03-09T19:28:54.491+0000] {logging_mixin.py:188} INFO - [2024-03-09T19:28:54.491+0000] {dagbag.py:540} INFO - Filling up the DagBag from /home/tin/miniconda3/envs/airflow/lib/python3.8/site-packages/airflow/example_dags/example_nested_branch_dag.py
[2024-03-09T19:28:54.499+0000] {processor.py:840} INFO - DAG(s) 'example_nested_branch_dag' retrieved from /home/tin/miniconda3/envs/airflow/lib/python3.8/site-packages/airflow/example_dags/example_nested_branch_dag.py
[2024-03-09T19:28:54.583+0000] {logging_mixin.py:188} INFO - [2024-03-09T19:28:54.582+0000] {override.py:1769} INFO - Created Permission View: can delete on DAG:example_nested_branch_dag
[2024-03-09T19:28:54.593+0000] {logging_mixin.py:188} INFO - [2024-03-09T19:28:54.593+0000] {override.py:1769} INFO - Created Permission View: can edit on DAG:example_nested_branch_dag
[2024-03-09T19:28:54.601+0000] {logging_mixin.py:188} INFO - [2024-03-09T19:28:54.601+0000] {override.py:1769} INFO - Created Permission View: can read on DAG:example_nested_branch_dag
[2024-03-09T19:28:54.602+0000] {logging_mixin.py:188} INFO - [2024-03-09T19:28:54.602+0000] {dag.py:3047} INFO - Sync 1 DAGs
[2024-03-09T19:28:54.609+0000] {logging_mixin.py:188} INFO - [2024-03-09T19:28:54.609+0000] {dag.py:3069} INFO - Creating ORM DAG for example_nested_branch_dag
[2024-03-09T19:28:54.700+0000] {logging_mixin.py:188} INFO - [2024-03-09T19:28:54.700+0000] {dag.py:3834} INFO - Setting next_dagrun for example_nested_branch_dag to 2024-03-08 00:00:00+00:00, run_after=2024-03-09 00:00:00+00:00
[2024-03-09T19:28:54.723+0000] {processor.py:183} INFO - Processing /home/tin/miniconda3/envs/airflow/lib/python3.8/site-packages/airflow/example_dags/example_nested_branch_dag.py took 0.236 seconds
[2024-03-09T19:29:45.131+0000] {processor.py:161} INFO - Started process (PID=84652) to work on /home/tin/miniconda3/envs/airflow/lib/python3.8/site-packages/airflow/example_dags/example_nested_branch_dag.py
[2024-03-09T19:29:45.132+0000] {processor.py:830} INFO - Processing file /home/tin/miniconda3/envs/airflow/lib/python3.8/site-packages/airflow/example_dags/example_nested_branch_dag.py for tasks to queue
[2024-03-09T19:29:45.133+0000] {logging_mixin.py:188} INFO - [2024-03-09T19:29:45.133+0000] {dagbag.py:540} INFO - Filling up the DagBag from /home/tin/miniconda3/envs/airflow/lib/python3.8/site-packages/airflow/example_dags/example_nested_branch_dag.py
[2024-03-09T19:29:45.141+0000] {processor.py:840} INFO - DAG(s) 'example_nested_branch_dag' retrieved from /home/tin/miniconda3/envs/airflow/lib/python3.8/site-packages/airflow/example_dags/example_nested_branch_dag.py
[2024-03-09T19:29:45.154+0000] {logging_mixin.py:188} INFO - [2024-03-09T19:29:45.153+0000] {dag.py:3047} INFO - Sync 1 DAGs
[2024-03-09T19:29:45.169+0000] {logging_mixin.py:188} INFO - [2024-03-09T19:29:45.169+0000] {dag.py:3834} INFO - Setting next_dagrun for example_nested_branch_dag to 2024-03-08 00:00:00+00:00, run_after=2024-03-09 00:00:00+00:00
[2024-03-09T19:29:45.192+0000] {processor.py:183} INFO - Processing /home/tin/miniconda3/envs/airflow/lib/python3.8/site-packages/airflow/example_dags/example_nested_branch_dag.py took 0.064 seconds
[2024-03-09T19:30:36.046+0000] {processor.py:161} INFO - Started process (PID=84866) to work on /home/tin/miniconda3/envs/airflow/lib/python3.8/site-packages/airflow/example_dags/example_nested_branch_dag.py
[2024-03-09T19:30:36.048+0000] {processor.py:830} INFO - Processing file /home/tin/miniconda3/envs/airflow/lib/python3.8/site-packages/airflow/example_dags/example_nested_branch_dag.py for tasks to queue
[2024-03-09T19:30:36.049+0000] {logging_mixin.py:188} INFO - [2024-03-09T19:30:36.048+0000] {dagbag.py:540} INFO - Filling up the DagBag from /home/tin/miniconda3/envs/airflow/lib/python3.8/site-packages/airflow/example_dags/example_nested_branch_dag.py
[2024-03-09T19:30:36.057+0000] {processor.py:840} INFO - DAG(s) 'example_nested_branch_dag' retrieved from /home/tin/miniconda3/envs/airflow/lib/python3.8/site-packages/airflow/example_dags/example_nested_branch_dag.py
[2024-03-09T19:30:36.150+0000] {logging_mixin.py:188} INFO - [2024-03-09T19:30:36.150+0000] {dag.py:3047} INFO - Sync 1 DAGs
[2024-03-09T19:30:36.164+0000] {logging_mixin.py:188} INFO - [2024-03-09T19:30:36.164+0000] {dag.py:3834} INFO - Setting next_dagrun for example_nested_branch_dag to 2024-03-08 00:00:00+00:00, run_after=2024-03-09 00:00:00+00:00
[2024-03-09T19:30:36.185+0000] {processor.py:183} INFO - Processing /home/tin/miniconda3/envs/airflow/lib/python3.8/site-packages/airflow/example_dags/example_nested_branch_dag.py took 0.141 seconds
[2024-03-09T19:31:31.614+0000] {processor.py:161} INFO - Started process (PID=85004) to work on /home/tin/miniconda3/envs/airflow/lib/python3.8/site-packages/airflow/example_dags/example_nested_branch_dag.py
[2024-03-09T19:31:31.616+0000] {processor.py:830} INFO - Processing file /home/tin/miniconda3/envs/airflow/lib/python3.8/site-packages/airflow/example_dags/example_nested_branch_dag.py for tasks to queue
[2024-03-09T19:31:31.617+0000] {logging_mixin.py:188} INFO - [2024-03-09T19:31:31.616+0000] {dagbag.py:540} INFO - Filling up the DagBag from /home/tin/miniconda3/envs/airflow/lib/python3.8/site-packages/airflow/example_dags/example_nested_branch_dag.py
[2024-03-09T19:31:31.625+0000] {processor.py:840} INFO - DAG(s) 'example_nested_branch_dag' retrieved from /home/tin/miniconda3/envs/airflow/lib/python3.8/site-packages/airflow/example_dags/example_nested_branch_dag.py
[2024-03-09T19:31:31.639+0000] {logging_mixin.py:188} INFO - [2024-03-09T19:31:31.639+0000] {dag.py:3047} INFO - Sync 1 DAGs
[2024-03-09T19:31:31.656+0000] {logging_mixin.py:188} INFO - [2024-03-09T19:31:31.656+0000] {dag.py:3834} INFO - Setting next_dagrun for example_nested_branch_dag to 2024-03-08 00:00:00+00:00, run_after=2024-03-09 00:00:00+00:00
[2024-03-09T19:31:31.673+0000] {processor.py:183} INFO - Processing /home/tin/miniconda3/envs/airflow/lib/python3.8/site-packages/airflow/example_dags/example_nested_branch_dag.py took 0.061 seconds
[2024-03-09T19:32:23.263+0000] {processor.py:161} INFO - Started process (PID=85167) to work on /home/tin/miniconda3/envs/airflow/lib/python3.8/site-packages/airflow/example_dags/example_nested_branch_dag.py
[2024-03-09T19:32:23.264+0000] {processor.py:830} INFO - Processing file /home/tin/miniconda3/envs/airflow/lib/python3.8/site-packages/airflow/example_dags/example_nested_branch_dag.py for tasks to queue
[2024-03-09T19:32:23.265+0000] {logging_mixin.py:188} INFO - [2024-03-09T19:32:23.265+0000] {dagbag.py:540} INFO - Filling up the DagBag from /home/tin/miniconda3/envs/airflow/lib/python3.8/site-packages/airflow/example_dags/example_nested_branch_dag.py
[2024-03-09T19:32:23.273+0000] {processor.py:840} INFO - DAG(s) 'example_nested_branch_dag' retrieved from /home/tin/miniconda3/envs/airflow/lib/python3.8/site-packages/airflow/example_dags/example_nested_branch_dag.py
[2024-03-09T19:32:23.284+0000] {logging_mixin.py:188} INFO - [2024-03-09T19:32:23.284+0000] {dag.py:3047} INFO - Sync 1 DAGs
[2024-03-09T19:32:23.299+0000] {logging_mixin.py:188} INFO - [2024-03-09T19:32:23.299+0000] {dag.py:3834} INFO - Setting next_dagrun for example_nested_branch_dag to 2024-03-08 00:00:00+00:00, run_after=2024-03-09 00:00:00+00:00
[2024-03-09T19:32:23.316+0000] {processor.py:183} INFO - Processing /home/tin/miniconda3/envs/airflow/lib/python3.8/site-packages/airflow/example_dags/example_nested_branch_dag.py took 0.056 seconds
[2024-03-09T19:33:18.164+0000] {processor.py:161} INFO - Started process (PID=85488) to work on /home/tin/miniconda3/envs/airflow/lib/python3.8/site-packages/airflow/example_dags/example_nested_branch_dag.py
[2024-03-09T19:33:18.167+0000] {processor.py:830} INFO - Processing file /home/tin/miniconda3/envs/airflow/lib/python3.8/site-packages/airflow/example_dags/example_nested_branch_dag.py for tasks to queue
[2024-03-09T19:33:18.168+0000] {logging_mixin.py:188} INFO - [2024-03-09T19:33:18.168+0000] {dagbag.py:540} INFO - Filling up the DagBag from /home/tin/miniconda3/envs/airflow/lib/python3.8/site-packages/airflow/example_dags/example_nested_branch_dag.py
[2024-03-09T19:33:18.185+0000] {processor.py:840} INFO - DAG(s) 'example_nested_branch_dag' retrieved from /home/tin/miniconda3/envs/airflow/lib/python3.8/site-packages/airflow/example_dags/example_nested_branch_dag.py
[2024-03-09T19:33:18.213+0000] {logging_mixin.py:188} INFO - [2024-03-09T19:33:18.213+0000] {dag.py:3047} INFO - Sync 1 DAGs
[2024-03-09T19:33:18.240+0000] {logging_mixin.py:188} INFO - [2024-03-09T19:33:18.240+0000] {dag.py:3834} INFO - Setting next_dagrun for example_nested_branch_dag to 2024-03-08 00:00:00+00:00, run_after=2024-03-09 00:00:00+00:00
[2024-03-09T19:33:18.266+0000] {processor.py:183} INFO - Processing /home/tin/miniconda3/envs/airflow/lib/python3.8/site-packages/airflow/example_dags/example_nested_branch_dag.py took 0.108 seconds
[2024-03-09T19:34:07.535+0000] {processor.py:161} INFO - Started process (PID=85600) to work on /home/tin/miniconda3/envs/airflow/lib/python3.8/site-packages/airflow/example_dags/example_nested_branch_dag.py
[2024-03-09T19:34:07.537+0000] {processor.py:830} INFO - Processing file /home/tin/miniconda3/envs/airflow/lib/python3.8/site-packages/airflow/example_dags/example_nested_branch_dag.py for tasks to queue
[2024-03-09T19:34:07.537+0000] {logging_mixin.py:188} INFO - [2024-03-09T19:34:07.537+0000] {dagbag.py:540} INFO - Filling up the DagBag from /home/tin/miniconda3/envs/airflow/lib/python3.8/site-packages/airflow/example_dags/example_nested_branch_dag.py
[2024-03-09T19:34:07.545+0000] {processor.py:840} INFO - DAG(s) 'example_nested_branch_dag' retrieved from /home/tin/miniconda3/envs/airflow/lib/python3.8/site-packages/airflow/example_dags/example_nested_branch_dag.py
[2024-03-09T19:34:07.560+0000] {logging_mixin.py:188} INFO - [2024-03-09T19:34:07.560+0000] {dag.py:3047} INFO - Sync 1 DAGs
[2024-03-09T19:34:07.578+0000] {logging_mixin.py:188} INFO - [2024-03-09T19:34:07.578+0000] {dag.py:3834} INFO - Setting next_dagrun for example_nested_branch_dag to 2024-03-08 00:00:00+00:00, run_after=2024-03-09 00:00:00+00:00
[2024-03-09T19:34:07.596+0000] {processor.py:183} INFO - Processing /home/tin/miniconda3/envs/airflow/lib/python3.8/site-packages/airflow/example_dags/example_nested_branch_dag.py took 0.063 seconds
[2024-03-09T19:34:57.627+0000] {processor.py:161} INFO - Started process (PID=85857) to work on /home/tin/miniconda3/envs/airflow/lib/python3.8/site-packages/airflow/example_dags/example_nested_branch_dag.py
[2024-03-09T19:34:57.629+0000] {processor.py:830} INFO - Processing file /home/tin/miniconda3/envs/airflow/lib/python3.8/site-packages/airflow/example_dags/example_nested_branch_dag.py for tasks to queue
[2024-03-09T19:34:57.630+0000] {logging_mixin.py:188} INFO - [2024-03-09T19:34:57.629+0000] {dagbag.py:540} INFO - Filling up the DagBag from /home/tin/miniconda3/envs/airflow/lib/python3.8/site-packages/airflow/example_dags/example_nested_branch_dag.py
[2024-03-09T19:34:57.641+0000] {processor.py:840} INFO - DAG(s) 'example_nested_branch_dag' retrieved from /home/tin/miniconda3/envs/airflow/lib/python3.8/site-packages/airflow/example_dags/example_nested_branch_dag.py
[2024-03-09T19:34:57.660+0000] {logging_mixin.py:188} INFO - [2024-03-09T19:34:57.660+0000] {dag.py:3047} INFO - Sync 1 DAGs
[2024-03-09T19:34:57.678+0000] {logging_mixin.py:188} INFO - [2024-03-09T19:34:57.678+0000] {dag.py:3834} INFO - Setting next_dagrun for example_nested_branch_dag to 2024-03-08 00:00:00+00:00, run_after=2024-03-09 00:00:00+00:00
[2024-03-09T19:34:57.698+0000] {processor.py:183} INFO - Processing /home/tin/miniconda3/envs/airflow/lib/python3.8/site-packages/airflow/example_dags/example_nested_branch_dag.py took 0.074 seconds
