[2024-03-09T19:28:44.418+0000] {processor.py:161} INFO - Started process (PID=84328) to work on /home/tin/miniconda3/envs/airflow/lib/python3.8/site-packages/airflow/example_dags/example_short_circuit_operator.py
[2024-03-09T19:28:44.419+0000] {processor.py:830} INFO - Processing file /home/tin/miniconda3/envs/airflow/lib/python3.8/site-packages/airflow/example_dags/example_short_circuit_operator.py for tasks to queue
[2024-03-09T19:28:44.420+0000] {logging_mixin.py:188} INFO - [2024-03-09T19:28:44.420+0000] {dagbag.py:540} INFO - Filling up the DagBag from /home/tin/miniconda3/envs/airflow/lib/python3.8/site-packages/airflow/example_dags/example_short_circuit_operator.py
[2024-03-09T19:28:44.427+0000] {processor.py:840} INFO - DAG(s) 'example_short_circuit_operator' retrieved from /home/tin/miniconda3/envs/airflow/lib/python3.8/site-packages/airflow/example_dags/example_short_circuit_operator.py
[2024-03-09T19:28:44.515+0000] {logging_mixin.py:188} INFO - [2024-03-09T19:28:44.514+0000] {override.py:1769} INFO - Created Permission View: can delete on DAG:example_short_circuit_operator
[2024-03-09T19:28:44.528+0000] {logging_mixin.py:188} INFO - [2024-03-09T19:28:44.528+0000] {override.py:1769} INFO - Created Permission View: can edit on DAG:example_short_circuit_operator
[2024-03-09T19:28:44.538+0000] {logging_mixin.py:188} INFO - [2024-03-09T19:28:44.538+0000] {override.py:1769} INFO - Created Permission View: can read on DAG:example_short_circuit_operator
[2024-03-09T19:28:44.539+0000] {logging_mixin.py:188} INFO - [2024-03-09T19:28:44.539+0000] {dag.py:3047} INFO - Sync 1 DAGs
[2024-03-09T19:28:44.547+0000] {logging_mixin.py:188} INFO - [2024-03-09T19:28:44.547+0000] {dag.py:3069} INFO - Creating ORM DAG for example_short_circuit_operator
[2024-03-09T19:28:44.556+0000] {logging_mixin.py:188} INFO - [2024-03-09T19:28:44.556+0000] {dag.py:3834} INFO - Setting next_dagrun for example_short_circuit_operator to 2024-03-08 00:00:00+00:00, run_after=2024-03-09 00:00:00+00:00
[2024-03-09T19:28:44.675+0000] {processor.py:183} INFO - Processing /home/tin/miniconda3/envs/airflow/lib/python3.8/site-packages/airflow/example_dags/example_short_circuit_operator.py took 0.258 seconds
[2024-03-09T19:29:37.336+0000] {processor.py:161} INFO - Started process (PID=84631) to work on /home/tin/miniconda3/envs/airflow/lib/python3.8/site-packages/airflow/example_dags/example_short_circuit_operator.py
[2024-03-09T19:29:37.338+0000] {processor.py:830} INFO - Processing file /home/tin/miniconda3/envs/airflow/lib/python3.8/site-packages/airflow/example_dags/example_short_circuit_operator.py for tasks to queue
[2024-03-09T19:29:37.339+0000] {logging_mixin.py:188} INFO - [2024-03-09T19:29:37.338+0000] {dagbag.py:540} INFO - Filling up the DagBag from /home/tin/miniconda3/envs/airflow/lib/python3.8/site-packages/airflow/example_dags/example_short_circuit_operator.py
[2024-03-09T19:29:37.345+0000] {processor.py:840} INFO - DAG(s) 'example_short_circuit_operator' retrieved from /home/tin/miniconda3/envs/airflow/lib/python3.8/site-packages/airflow/example_dags/example_short_circuit_operator.py
[2024-03-09T19:29:37.359+0000] {logging_mixin.py:188} INFO - [2024-03-09T19:29:37.358+0000] {dag.py:3047} INFO - Sync 1 DAGs
[2024-03-09T19:29:37.374+0000] {logging_mixin.py:188} INFO - [2024-03-09T19:29:37.374+0000] {dag.py:3834} INFO - Setting next_dagrun for example_short_circuit_operator to 2024-03-08 00:00:00+00:00, run_after=2024-03-09 00:00:00+00:00
[2024-03-09T19:29:37.394+0000] {processor.py:183} INFO - Processing /home/tin/miniconda3/envs/airflow/lib/python3.8/site-packages/airflow/example_dags/example_short_circuit_operator.py took 0.060 seconds
[2024-03-09T19:30:25.470+0000] {processor.py:161} INFO - Started process (PID=84795) to work on /home/tin/miniconda3/envs/airflow/lib/python3.8/site-packages/airflow/example_dags/example_short_circuit_operator.py
[2024-03-09T19:30:25.472+0000] {processor.py:830} INFO - Processing file /home/tin/miniconda3/envs/airflow/lib/python3.8/site-packages/airflow/example_dags/example_short_circuit_operator.py for tasks to queue
[2024-03-09T19:30:25.473+0000] {logging_mixin.py:188} INFO - [2024-03-09T19:30:25.472+0000] {dagbag.py:540} INFO - Filling up the DagBag from /home/tin/miniconda3/envs/airflow/lib/python3.8/site-packages/airflow/example_dags/example_short_circuit_operator.py
[2024-03-09T19:30:25.479+0000] {processor.py:840} INFO - DAG(s) 'example_short_circuit_operator' retrieved from /home/tin/miniconda3/envs/airflow/lib/python3.8/site-packages/airflow/example_dags/example_short_circuit_operator.py
[2024-03-09T19:30:25.492+0000] {logging_mixin.py:188} INFO - [2024-03-09T19:30:25.492+0000] {dag.py:3047} INFO - Sync 1 DAGs
[2024-03-09T19:30:25.584+0000] {logging_mixin.py:188} INFO - [2024-03-09T19:30:25.584+0000] {dag.py:3834} INFO - Setting next_dagrun for example_short_circuit_operator to 2024-03-08 00:00:00+00:00, run_after=2024-03-09 00:00:00+00:00
[2024-03-09T19:30:25.601+0000] {processor.py:183} INFO - Processing /home/tin/miniconda3/envs/airflow/lib/python3.8/site-packages/airflow/example_dags/example_short_circuit_operator.py took 0.133 seconds
[2024-03-09T19:31:07.794+0000] {processor.py:161} INFO - Started process (PID=84931) to work on /home/tin/miniconda3/envs/airflow/lib/python3.8/site-packages/airflow/example_dags/example_short_circuit_operator.py
[2024-03-09T19:31:07.795+0000] {processor.py:830} INFO - Processing file /home/tin/miniconda3/envs/airflow/lib/python3.8/site-packages/airflow/example_dags/example_short_circuit_operator.py for tasks to queue
[2024-03-09T19:31:07.796+0000] {logging_mixin.py:188} INFO - [2024-03-09T19:31:07.796+0000] {dagbag.py:540} INFO - Filling up the DagBag from /home/tin/miniconda3/envs/airflow/lib/python3.8/site-packages/airflow/example_dags/example_short_circuit_operator.py
[2024-03-09T19:31:07.802+0000] {processor.py:840} INFO - DAG(s) 'example_short_circuit_operator' retrieved from /home/tin/miniconda3/envs/airflow/lib/python3.8/site-packages/airflow/example_dags/example_short_circuit_operator.py
[2024-03-09T19:31:07.815+0000] {logging_mixin.py:188} INFO - [2024-03-09T19:31:07.815+0000] {dag.py:3047} INFO - Sync 1 DAGs
[2024-03-09T19:31:07.830+0000] {logging_mixin.py:188} INFO - [2024-03-09T19:31:07.830+0000] {dag.py:3834} INFO - Setting next_dagrun for example_short_circuit_operator to 2024-03-08 00:00:00+00:00, run_after=2024-03-09 00:00:00+00:00
[2024-03-09T19:31:07.849+0000] {processor.py:183} INFO - Processing /home/tin/miniconda3/envs/airflow/lib/python3.8/site-packages/airflow/example_dags/example_short_circuit_operator.py took 0.058 seconds
[2024-03-09T19:31:58.673+0000] {processor.py:161} INFO - Started process (PID=85128) to work on /home/tin/miniconda3/envs/airflow/lib/python3.8/site-packages/airflow/example_dags/example_short_circuit_operator.py
[2024-03-09T19:31:58.675+0000] {processor.py:830} INFO - Processing file /home/tin/miniconda3/envs/airflow/lib/python3.8/site-packages/airflow/example_dags/example_short_circuit_operator.py for tasks to queue
[2024-03-09T19:31:58.676+0000] {logging_mixin.py:188} INFO - [2024-03-09T19:31:58.675+0000] {dagbag.py:540} INFO - Filling up the DagBag from /home/tin/miniconda3/envs/airflow/lib/python3.8/site-packages/airflow/example_dags/example_short_circuit_operator.py
[2024-03-09T19:31:58.681+0000] {processor.py:840} INFO - DAG(s) 'example_short_circuit_operator' retrieved from /home/tin/miniconda3/envs/airflow/lib/python3.8/site-packages/airflow/example_dags/example_short_circuit_operator.py
[2024-03-09T19:31:58.694+0000] {logging_mixin.py:188} INFO - [2024-03-09T19:31:58.694+0000] {dag.py:3047} INFO - Sync 1 DAGs
[2024-03-09T19:31:58.708+0000] {logging_mixin.py:188} INFO - [2024-03-09T19:31:58.707+0000] {dag.py:3834} INFO - Setting next_dagrun for example_short_circuit_operator to 2024-03-08 00:00:00+00:00, run_after=2024-03-09 00:00:00+00:00
[2024-03-09T19:31:58.725+0000] {processor.py:183} INFO - Processing /home/tin/miniconda3/envs/airflow/lib/python3.8/site-packages/airflow/example_dags/example_short_circuit_operator.py took 0.054 seconds
[2024-03-09T19:32:51.375+0000] {processor.py:161} INFO - Started process (PID=85348) to work on /home/tin/miniconda3/envs/airflow/lib/python3.8/site-packages/airflow/example_dags/example_short_circuit_operator.py
[2024-03-09T19:32:51.377+0000] {processor.py:830} INFO - Processing file /home/tin/miniconda3/envs/airflow/lib/python3.8/site-packages/airflow/example_dags/example_short_circuit_operator.py for tasks to queue
[2024-03-09T19:32:51.377+0000] {logging_mixin.py:188} INFO - [2024-03-09T19:32:51.377+0000] {dagbag.py:540} INFO - Filling up the DagBag from /home/tin/miniconda3/envs/airflow/lib/python3.8/site-packages/airflow/example_dags/example_short_circuit_operator.py
[2024-03-09T19:32:51.383+0000] {processor.py:840} INFO - DAG(s) 'example_short_circuit_operator' retrieved from /home/tin/miniconda3/envs/airflow/lib/python3.8/site-packages/airflow/example_dags/example_short_circuit_operator.py
[2024-03-09T19:32:51.396+0000] {logging_mixin.py:188} INFO - [2024-03-09T19:32:51.396+0000] {dag.py:3047} INFO - Sync 1 DAGs
[2024-03-09T19:32:51.413+0000] {logging_mixin.py:188} INFO - [2024-03-09T19:32:51.413+0000] {dag.py:3834} INFO - Setting next_dagrun for example_short_circuit_operator to 2024-03-08 00:00:00+00:00, run_after=2024-03-09 00:00:00+00:00
[2024-03-09T19:32:51.432+0000] {processor.py:183} INFO - Processing /home/tin/miniconda3/envs/airflow/lib/python3.8/site-packages/airflow/example_dags/example_short_circuit_operator.py took 0.060 seconds
[2024-03-09T19:33:43.156+0000] {processor.py:161} INFO - Started process (PID=85573) to work on /home/tin/miniconda3/envs/airflow/lib/python3.8/site-packages/airflow/example_dags/example_short_circuit_operator.py
[2024-03-09T19:33:43.158+0000] {processor.py:830} INFO - Processing file /home/tin/miniconda3/envs/airflow/lib/python3.8/site-packages/airflow/example_dags/example_short_circuit_operator.py for tasks to queue
[2024-03-09T19:33:43.159+0000] {logging_mixin.py:188} INFO - [2024-03-09T19:33:43.158+0000] {dagbag.py:540} INFO - Filling up the DagBag from /home/tin/miniconda3/envs/airflow/lib/python3.8/site-packages/airflow/example_dags/example_short_circuit_operator.py
[2024-03-09T19:33:43.165+0000] {processor.py:840} INFO - DAG(s) 'example_short_circuit_operator' retrieved from /home/tin/miniconda3/envs/airflow/lib/python3.8/site-packages/airflow/example_dags/example_short_circuit_operator.py
[2024-03-09T19:33:43.179+0000] {logging_mixin.py:188} INFO - [2024-03-09T19:33:43.179+0000] {dag.py:3047} INFO - Sync 1 DAGs
[2024-03-09T19:33:43.193+0000] {logging_mixin.py:188} INFO - [2024-03-09T19:33:43.193+0000] {dag.py:3834} INFO - Setting next_dagrun for example_short_circuit_operator to 2024-03-08 00:00:00+00:00, run_after=2024-03-09 00:00:00+00:00
[2024-03-09T19:33:43.212+0000] {processor.py:183} INFO - Processing /home/tin/miniconda3/envs/airflow/lib/python3.8/site-packages/airflow/example_dags/example_short_circuit_operator.py took 0.058 seconds
[2024-03-09T19:34:36.545+0000] {processor.py:161} INFO - Started process (PID=85719) to work on /home/tin/miniconda3/envs/airflow/lib/python3.8/site-packages/airflow/example_dags/example_short_circuit_operator.py
[2024-03-09T19:34:36.547+0000] {processor.py:830} INFO - Processing file /home/tin/miniconda3/envs/airflow/lib/python3.8/site-packages/airflow/example_dags/example_short_circuit_operator.py for tasks to queue
[2024-03-09T19:34:36.547+0000] {logging_mixin.py:188} INFO - [2024-03-09T19:34:36.547+0000] {dagbag.py:540} INFO - Filling up the DagBag from /home/tin/miniconda3/envs/airflow/lib/python3.8/site-packages/airflow/example_dags/example_short_circuit_operator.py
[2024-03-09T19:34:36.554+0000] {processor.py:840} INFO - DAG(s) 'example_short_circuit_operator' retrieved from /home/tin/miniconda3/envs/airflow/lib/python3.8/site-packages/airflow/example_dags/example_short_circuit_operator.py
[2024-03-09T19:34:36.568+0000] {logging_mixin.py:188} INFO - [2024-03-09T19:34:36.567+0000] {dag.py:3047} INFO - Sync 1 DAGs
[2024-03-09T19:34:36.583+0000] {logging_mixin.py:188} INFO - [2024-03-09T19:34:36.582+0000] {dag.py:3834} INFO - Setting next_dagrun for example_short_circuit_operator to 2024-03-08 00:00:00+00:00, run_after=2024-03-09 00:00:00+00:00
[2024-03-09T19:34:36.600+0000] {processor.py:183} INFO - Processing /home/tin/miniconda3/envs/airflow/lib/python3.8/site-packages/airflow/example_dags/example_short_circuit_operator.py took 0.058 seconds
[2024-03-09T19:35:25.132+0000] {processor.py:161} INFO - Started process (PID=85922) to work on /home/tin/miniconda3/envs/airflow/lib/python3.8/site-packages/airflow/example_dags/example_short_circuit_operator.py
[2024-03-09T19:35:25.133+0000] {processor.py:830} INFO - Processing file /home/tin/miniconda3/envs/airflow/lib/python3.8/site-packages/airflow/example_dags/example_short_circuit_operator.py for tasks to queue
[2024-03-09T19:35:25.134+0000] {logging_mixin.py:188} INFO - [2024-03-09T19:35:25.134+0000] {dagbag.py:540} INFO - Filling up the DagBag from /home/tin/miniconda3/envs/airflow/lib/python3.8/site-packages/airflow/example_dags/example_short_circuit_operator.py
[2024-03-09T19:35:25.143+0000] {processor.py:840} INFO - DAG(s) 'example_short_circuit_operator' retrieved from /home/tin/miniconda3/envs/airflow/lib/python3.8/site-packages/airflow/example_dags/example_short_circuit_operator.py
[2024-03-09T19:35:25.164+0000] {logging_mixin.py:188} INFO - [2024-03-09T19:35:25.163+0000] {dag.py:3047} INFO - Sync 1 DAGs
[2024-03-09T19:35:25.184+0000] {logging_mixin.py:188} INFO - [2024-03-09T19:35:25.183+0000] {dag.py:3834} INFO - Setting next_dagrun for example_short_circuit_operator to 2024-03-08 00:00:00+00:00, run_after=2024-03-09 00:00:00+00:00
[2024-03-09T19:35:25.201+0000] {processor.py:183} INFO - Processing /home/tin/miniconda3/envs/airflow/lib/python3.8/site-packages/airflow/example_dags/example_short_circuit_operator.py took 0.072 seconds
