[2024-03-09T19:28:46.196+0000] {processor.py:161} INFO - Started process (PID=84418) to work on /home/tin/miniconda3/envs/airflow/lib/python3.8/site-packages/airflow/example_dags/example_xcom.py
[2024-03-09T19:28:46.197+0000] {processor.py:830} INFO - Processing file /home/tin/miniconda3/envs/airflow/lib/python3.8/site-packages/airflow/example_dags/example_xcom.py for tasks to queue
[2024-03-09T19:28:46.198+0000] {logging_mixin.py:188} INFO - [2024-03-09T19:28:46.198+0000] {dagbag.py:540} INFO - Filling up the DagBag from /home/tin/miniconda3/envs/airflow/lib/python3.8/site-packages/airflow/example_dags/example_xcom.py
[2024-03-09T19:28:46.204+0000] {processor.py:840} INFO - DAG(s) 'example_xcom' retrieved from /home/tin/miniconda3/envs/airflow/lib/python3.8/site-packages/airflow/example_dags/example_xcom.py
[2024-03-09T19:28:46.284+0000] {logging_mixin.py:188} INFO - [2024-03-09T19:28:46.284+0000] {override.py:1769} INFO - Created Permission View: can delete on DAG:example_xcom
[2024-03-09T19:28:46.296+0000] {logging_mixin.py:188} INFO - [2024-03-09T19:28:46.296+0000] {override.py:1769} INFO - Created Permission View: can edit on DAG:example_xcom
[2024-03-09T19:28:46.305+0000] {logging_mixin.py:188} INFO - [2024-03-09T19:28:46.304+0000] {override.py:1769} INFO - Created Permission View: can read on DAG:example_xcom
[2024-03-09T19:28:46.305+0000] {logging_mixin.py:188} INFO - [2024-03-09T19:28:46.305+0000] {dag.py:3047} INFO - Sync 1 DAGs
[2024-03-09T19:28:46.313+0000] {logging_mixin.py:188} INFO - [2024-03-09T19:28:46.313+0000] {dag.py:3069} INFO - Creating ORM DAG for example_xcom
[2024-03-09T19:28:46.319+0000] {logging_mixin.py:188} INFO - [2024-03-09T19:28:46.319+0000] {dag.py:3834} INFO - Setting next_dagrun for example_xcom to 2021-01-01 00:00:00+00:00, run_after=2021-01-01 00:00:00+00:00
[2024-03-09T19:28:46.436+0000] {processor.py:183} INFO - Processing /home/tin/miniconda3/envs/airflow/lib/python3.8/site-packages/airflow/example_dags/example_xcom.py took 0.242 seconds
[2024-03-09T19:29:38.779+0000] {processor.py:161} INFO - Started process (PID=84633) to work on /home/tin/miniconda3/envs/airflow/lib/python3.8/site-packages/airflow/example_dags/example_xcom.py
[2024-03-09T19:29:38.781+0000] {processor.py:830} INFO - Processing file /home/tin/miniconda3/envs/airflow/lib/python3.8/site-packages/airflow/example_dags/example_xcom.py for tasks to queue
[2024-03-09T19:29:38.782+0000] {logging_mixin.py:188} INFO - [2024-03-09T19:29:38.781+0000] {dagbag.py:540} INFO - Filling up the DagBag from /home/tin/miniconda3/envs/airflow/lib/python3.8/site-packages/airflow/example_dags/example_xcom.py
[2024-03-09T19:29:38.788+0000] {processor.py:840} INFO - DAG(s) 'example_xcom' retrieved from /home/tin/miniconda3/envs/airflow/lib/python3.8/site-packages/airflow/example_dags/example_xcom.py
[2024-03-09T19:29:38.800+0000] {logging_mixin.py:188} INFO - [2024-03-09T19:29:38.800+0000] {dag.py:3047} INFO - Sync 1 DAGs
[2024-03-09T19:29:38.816+0000] {logging_mixin.py:188} INFO - [2024-03-09T19:29:38.816+0000] {dag.py:3834} INFO - Setting next_dagrun for example_xcom to 2021-01-01 00:00:00+00:00, run_after=2021-01-01 00:00:00+00:00
[2024-03-09T19:29:38.836+0000] {processor.py:183} INFO - Processing /home/tin/miniconda3/envs/airflow/lib/python3.8/site-packages/airflow/example_dags/example_xcom.py took 0.059 seconds
[2024-03-09T19:30:27.047+0000] {processor.py:161} INFO - Started process (PID=84806) to work on /home/tin/miniconda3/envs/airflow/lib/python3.8/site-packages/airflow/example_dags/example_xcom.py
[2024-03-09T19:30:27.049+0000] {processor.py:830} INFO - Processing file /home/tin/miniconda3/envs/airflow/lib/python3.8/site-packages/airflow/example_dags/example_xcom.py for tasks to queue
[2024-03-09T19:30:27.050+0000] {logging_mixin.py:188} INFO - [2024-03-09T19:30:27.050+0000] {dagbag.py:540} INFO - Filling up the DagBag from /home/tin/miniconda3/envs/airflow/lib/python3.8/site-packages/airflow/example_dags/example_xcom.py
[2024-03-09T19:30:27.057+0000] {processor.py:840} INFO - DAG(s) 'example_xcom' retrieved from /home/tin/miniconda3/envs/airflow/lib/python3.8/site-packages/airflow/example_dags/example_xcom.py
[2024-03-09T19:30:27.069+0000] {logging_mixin.py:188} INFO - [2024-03-09T19:30:27.069+0000] {dag.py:3047} INFO - Sync 1 DAGs
[2024-03-09T19:30:27.164+0000] {logging_mixin.py:188} INFO - [2024-03-09T19:30:27.164+0000] {dag.py:3834} INFO - Setting next_dagrun for example_xcom to 2021-01-01 00:00:00+00:00, run_after=2021-01-01 00:00:00+00:00
[2024-03-09T19:30:27.182+0000] {processor.py:183} INFO - Processing /home/tin/miniconda3/envs/airflow/lib/python3.8/site-packages/airflow/example_dags/example_xcom.py took 0.137 seconds
[2024-03-09T19:31:10.064+0000] {processor.py:161} INFO - Started process (PID=84949) to work on /home/tin/miniconda3/envs/airflow/lib/python3.8/site-packages/airflow/example_dags/example_xcom.py
[2024-03-09T19:31:10.065+0000] {processor.py:830} INFO - Processing file /home/tin/miniconda3/envs/airflow/lib/python3.8/site-packages/airflow/example_dags/example_xcom.py for tasks to queue
[2024-03-09T19:31:10.066+0000] {logging_mixin.py:188} INFO - [2024-03-09T19:31:10.066+0000] {dagbag.py:540} INFO - Filling up the DagBag from /home/tin/miniconda3/envs/airflow/lib/python3.8/site-packages/airflow/example_dags/example_xcom.py
[2024-03-09T19:31:10.072+0000] {processor.py:840} INFO - DAG(s) 'example_xcom' retrieved from /home/tin/miniconda3/envs/airflow/lib/python3.8/site-packages/airflow/example_dags/example_xcom.py
[2024-03-09T19:31:10.085+0000] {logging_mixin.py:188} INFO - [2024-03-09T19:31:10.085+0000] {dag.py:3047} INFO - Sync 1 DAGs
[2024-03-09T19:31:10.100+0000] {logging_mixin.py:188} INFO - [2024-03-09T19:31:10.100+0000] {dag.py:3834} INFO - Setting next_dagrun for example_xcom to 2021-01-01 00:00:00+00:00, run_after=2021-01-01 00:00:00+00:00
[2024-03-09T19:31:10.120+0000] {processor.py:183} INFO - Processing /home/tin/miniconda3/envs/airflow/lib/python3.8/site-packages/airflow/example_dags/example_xcom.py took 0.059 seconds
[2024-03-09T19:32:00.946+0000] {processor.py:161} INFO - Started process (PID=85140) to work on /home/tin/miniconda3/envs/airflow/lib/python3.8/site-packages/airflow/example_dags/example_xcom.py
[2024-03-09T19:32:00.951+0000] {processor.py:830} INFO - Processing file /home/tin/miniconda3/envs/airflow/lib/python3.8/site-packages/airflow/example_dags/example_xcom.py for tasks to queue
[2024-03-09T19:32:00.953+0000] {logging_mixin.py:188} INFO - [2024-03-09T19:32:00.952+0000] {dagbag.py:540} INFO - Filling up the DagBag from /home/tin/miniconda3/envs/airflow/lib/python3.8/site-packages/airflow/example_dags/example_xcom.py
[2024-03-09T19:32:00.975+0000] {processor.py:840} INFO - DAG(s) 'example_xcom' retrieved from /home/tin/miniconda3/envs/airflow/lib/python3.8/site-packages/airflow/example_dags/example_xcom.py
[2024-03-09T19:32:01.000+0000] {logging_mixin.py:188} INFO - [2024-03-09T19:32:01.000+0000] {dag.py:3047} INFO - Sync 1 DAGs
[2024-03-09T19:32:01.055+0000] {logging_mixin.py:188} INFO - [2024-03-09T19:32:01.054+0000] {dag.py:3834} INFO - Setting next_dagrun for example_xcom to 2021-01-01 00:00:00+00:00, run_after=2021-01-01 00:00:00+00:00
[2024-03-09T19:32:01.102+0000] {processor.py:183} INFO - Processing /home/tin/miniconda3/envs/airflow/lib/python3.8/site-packages/airflow/example_dags/example_xcom.py took 0.159 seconds
[2024-03-09T19:32:53.643+0000] {processor.py:161} INFO - Started process (PID=85354) to work on /home/tin/miniconda3/envs/airflow/lib/python3.8/site-packages/airflow/example_dags/example_xcom.py
[2024-03-09T19:32:53.645+0000] {processor.py:830} INFO - Processing file /home/tin/miniconda3/envs/airflow/lib/python3.8/site-packages/airflow/example_dags/example_xcom.py for tasks to queue
[2024-03-09T19:32:53.645+0000] {logging_mixin.py:188} INFO - [2024-03-09T19:32:53.645+0000] {dagbag.py:540} INFO - Filling up the DagBag from /home/tin/miniconda3/envs/airflow/lib/python3.8/site-packages/airflow/example_dags/example_xcom.py
[2024-03-09T19:32:53.651+0000] {processor.py:840} INFO - DAG(s) 'example_xcom' retrieved from /home/tin/miniconda3/envs/airflow/lib/python3.8/site-packages/airflow/example_dags/example_xcom.py
[2024-03-09T19:32:53.663+0000] {logging_mixin.py:188} INFO - [2024-03-09T19:32:53.663+0000] {dag.py:3047} INFO - Sync 1 DAGs
[2024-03-09T19:32:53.678+0000] {logging_mixin.py:188} INFO - [2024-03-09T19:32:53.677+0000] {dag.py:3834} INFO - Setting next_dagrun for example_xcom to 2021-01-01 00:00:00+00:00, run_after=2021-01-01 00:00:00+00:00
[2024-03-09T19:32:53.696+0000] {processor.py:183} INFO - Processing /home/tin/miniconda3/envs/airflow/lib/python3.8/site-packages/airflow/example_dags/example_xcom.py took 0.055 seconds
[2024-03-09T19:33:45.427+0000] {processor.py:161} INFO - Started process (PID=85575) to work on /home/tin/miniconda3/envs/airflow/lib/python3.8/site-packages/airflow/example_dags/example_xcom.py
[2024-03-09T19:33:45.429+0000] {processor.py:830} INFO - Processing file /home/tin/miniconda3/envs/airflow/lib/python3.8/site-packages/airflow/example_dags/example_xcom.py for tasks to queue
[2024-03-09T19:33:45.430+0000] {logging_mixin.py:188} INFO - [2024-03-09T19:33:45.429+0000] {dagbag.py:540} INFO - Filling up the DagBag from /home/tin/miniconda3/envs/airflow/lib/python3.8/site-packages/airflow/example_dags/example_xcom.py
[2024-03-09T19:33:45.436+0000] {processor.py:840} INFO - DAG(s) 'example_xcom' retrieved from /home/tin/miniconda3/envs/airflow/lib/python3.8/site-packages/airflow/example_dags/example_xcom.py
[2024-03-09T19:33:45.448+0000] {logging_mixin.py:188} INFO - [2024-03-09T19:33:45.448+0000] {dag.py:3047} INFO - Sync 1 DAGs
[2024-03-09T19:33:45.462+0000] {logging_mixin.py:188} INFO - [2024-03-09T19:33:45.461+0000] {dag.py:3834} INFO - Setting next_dagrun for example_xcom to 2021-01-01 00:00:00+00:00, run_after=2021-01-01 00:00:00+00:00
[2024-03-09T19:33:45.479+0000] {processor.py:183} INFO - Processing /home/tin/miniconda3/envs/airflow/lib/python3.8/site-packages/airflow/example_dags/example_xcom.py took 0.055 seconds
[2024-03-09T19:34:38.282+0000] {processor.py:161} INFO - Started process (PID=85721) to work on /home/tin/miniconda3/envs/airflow/lib/python3.8/site-packages/airflow/example_dags/example_xcom.py
[2024-03-09T19:34:38.284+0000] {processor.py:830} INFO - Processing file /home/tin/miniconda3/envs/airflow/lib/python3.8/site-packages/airflow/example_dags/example_xcom.py for tasks to queue
[2024-03-09T19:34:38.285+0000] {logging_mixin.py:188} INFO - [2024-03-09T19:34:38.285+0000] {dagbag.py:540} INFO - Filling up the DagBag from /home/tin/miniconda3/envs/airflow/lib/python3.8/site-packages/airflow/example_dags/example_xcom.py
[2024-03-09T19:34:38.292+0000] {processor.py:840} INFO - DAG(s) 'example_xcom' retrieved from /home/tin/miniconda3/envs/airflow/lib/python3.8/site-packages/airflow/example_dags/example_xcom.py
[2024-03-09T19:34:38.307+0000] {logging_mixin.py:188} INFO - [2024-03-09T19:34:38.307+0000] {dag.py:3047} INFO - Sync 1 DAGs
[2024-03-09T19:34:38.326+0000] {logging_mixin.py:188} INFO - [2024-03-09T19:34:38.326+0000] {dag.py:3834} INFO - Setting next_dagrun for example_xcom to 2021-01-01 00:00:00+00:00, run_after=2021-01-01 00:00:00+00:00
[2024-03-09T19:34:38.347+0000] {processor.py:183} INFO - Processing /home/tin/miniconda3/envs/airflow/lib/python3.8/site-packages/airflow/example_dags/example_xcom.py took 0.067 seconds
[2024-03-09T19:35:27.405+0000] {processor.py:161} INFO - Started process (PID=85925) to work on /home/tin/miniconda3/envs/airflow/lib/python3.8/site-packages/airflow/example_dags/example_xcom.py
[2024-03-09T19:35:27.406+0000] {processor.py:830} INFO - Processing file /home/tin/miniconda3/envs/airflow/lib/python3.8/site-packages/airflow/example_dags/example_xcom.py for tasks to queue
[2024-03-09T19:35:27.407+0000] {logging_mixin.py:188} INFO - [2024-03-09T19:35:27.406+0000] {dagbag.py:540} INFO - Filling up the DagBag from /home/tin/miniconda3/envs/airflow/lib/python3.8/site-packages/airflow/example_dags/example_xcom.py
[2024-03-09T19:35:27.412+0000] {processor.py:840} INFO - DAG(s) 'example_xcom' retrieved from /home/tin/miniconda3/envs/airflow/lib/python3.8/site-packages/airflow/example_dags/example_xcom.py
[2024-03-09T19:35:27.424+0000] {logging_mixin.py:188} INFO - [2024-03-09T19:35:27.424+0000] {dag.py:3047} INFO - Sync 1 DAGs
[2024-03-09T19:35:27.439+0000] {logging_mixin.py:188} INFO - [2024-03-09T19:35:27.438+0000] {dag.py:3834} INFO - Setting next_dagrun for example_xcom to 2021-01-01 00:00:00+00:00, run_after=2021-01-01 00:00:00+00:00
[2024-03-09T19:35:27.455+0000] {processor.py:183} INFO - Processing /home/tin/miniconda3/envs/airflow/lib/python3.8/site-packages/airflow/example_dags/example_xcom.py took 0.053 seconds
