[2024-03-09T19:28:47.533+0000] {processor.py:161} INFO - Started process (PID=84428) to work on /home/tin/miniconda3/envs/airflow/lib/python3.8/site-packages/airflow/example_dags/example_skip_dag.py
[2024-03-09T19:28:47.534+0000] {processor.py:830} INFO - Processing file /home/tin/miniconda3/envs/airflow/lib/python3.8/site-packages/airflow/example_dags/example_skip_dag.py for tasks to queue
[2024-03-09T19:28:47.534+0000] {logging_mixin.py:188} INFO - [2024-03-09T19:28:47.534+0000] {dagbag.py:540} INFO - Filling up the DagBag from /home/tin/miniconda3/envs/airflow/lib/python3.8/site-packages/airflow/example_dags/example_skip_dag.py
[2024-03-09T19:28:47.540+0000] {processor.py:840} INFO - DAG(s) 'example_skip_dag' retrieved from /home/tin/miniconda3/envs/airflow/lib/python3.8/site-packages/airflow/example_dags/example_skip_dag.py
[2024-03-09T19:28:47.622+0000] {logging_mixin.py:188} INFO - [2024-03-09T19:28:47.621+0000] {override.py:1769} INFO - Created Permission View: can delete on DAG:example_skip_dag
[2024-03-09T19:28:47.633+0000] {logging_mixin.py:188} INFO - [2024-03-09T19:28:47.632+0000] {override.py:1769} INFO - Created Permission View: can edit on DAG:example_skip_dag
[2024-03-09T19:28:47.640+0000] {logging_mixin.py:188} INFO - [2024-03-09T19:28:47.640+0000] {override.py:1769} INFO - Created Permission View: can read on DAG:example_skip_dag
[2024-03-09T19:28:47.641+0000] {logging_mixin.py:188} INFO - [2024-03-09T19:28:47.641+0000] {dag.py:3047} INFO - Sync 1 DAGs
[2024-03-09T19:28:47.649+0000] {logging_mixin.py:188} INFO - [2024-03-09T19:28:47.649+0000] {dag.py:3069} INFO - Creating ORM DAG for example_skip_dag
[2024-03-09T19:28:47.656+0000] {logging_mixin.py:188} INFO - [2024-03-09T19:28:47.656+0000] {dag.py:3834} INFO - Setting next_dagrun for example_skip_dag to 2024-03-08 00:00:00+00:00, run_after=2024-03-09 00:00:00+00:00
[2024-03-09T19:28:47.771+0000] {processor.py:183} INFO - Processing /home/tin/miniconda3/envs/airflow/lib/python3.8/site-packages/airflow/example_dags/example_skip_dag.py took 0.241 seconds
[2024-03-09T19:29:39.917+0000] {processor.py:161} INFO - Started process (PID=84634) to work on /home/tin/miniconda3/envs/airflow/lib/python3.8/site-packages/airflow/example_dags/example_skip_dag.py
[2024-03-09T19:29:39.919+0000] {processor.py:830} INFO - Processing file /home/tin/miniconda3/envs/airflow/lib/python3.8/site-packages/airflow/example_dags/example_skip_dag.py for tasks to queue
[2024-03-09T19:29:39.920+0000] {logging_mixin.py:188} INFO - [2024-03-09T19:29:39.920+0000] {dagbag.py:540} INFO - Filling up the DagBag from /home/tin/miniconda3/envs/airflow/lib/python3.8/site-packages/airflow/example_dags/example_skip_dag.py
[2024-03-09T19:29:39.927+0000] {processor.py:840} INFO - DAG(s) 'example_skip_dag' retrieved from /home/tin/miniconda3/envs/airflow/lib/python3.8/site-packages/airflow/example_dags/example_skip_dag.py
[2024-03-09T19:29:39.942+0000] {logging_mixin.py:188} INFO - [2024-03-09T19:29:39.941+0000] {dag.py:3047} INFO - Sync 1 DAGs
[2024-03-09T19:29:39.959+0000] {logging_mixin.py:188} INFO - [2024-03-09T19:29:39.959+0000] {dag.py:3834} INFO - Setting next_dagrun for example_skip_dag to 2024-03-08 00:00:00+00:00, run_after=2024-03-09 00:00:00+00:00
[2024-03-09T19:29:39.981+0000] {processor.py:183} INFO - Processing /home/tin/miniconda3/envs/airflow/lib/python3.8/site-packages/airflow/example_dags/example_skip_dag.py took 0.066 seconds
[2024-03-09T19:30:28.280+0000] {processor.py:161} INFO - Started process (PID=84810) to work on /home/tin/miniconda3/envs/airflow/lib/python3.8/site-packages/airflow/example_dags/example_skip_dag.py
[2024-03-09T19:30:28.282+0000] {processor.py:830} INFO - Processing file /home/tin/miniconda3/envs/airflow/lib/python3.8/site-packages/airflow/example_dags/example_skip_dag.py for tasks to queue
[2024-03-09T19:30:28.283+0000] {logging_mixin.py:188} INFO - [2024-03-09T19:30:28.283+0000] {dagbag.py:540} INFO - Filling up the DagBag from /home/tin/miniconda3/envs/airflow/lib/python3.8/site-packages/airflow/example_dags/example_skip_dag.py
[2024-03-09T19:30:28.290+0000] {processor.py:840} INFO - DAG(s) 'example_skip_dag' retrieved from /home/tin/miniconda3/envs/airflow/lib/python3.8/site-packages/airflow/example_dags/example_skip_dag.py
[2024-03-09T19:30:28.303+0000] {logging_mixin.py:188} INFO - [2024-03-09T19:30:28.303+0000] {dag.py:3047} INFO - Sync 1 DAGs
[2024-03-09T19:30:28.404+0000] {logging_mixin.py:188} INFO - [2024-03-09T19:30:28.404+0000] {dag.py:3834} INFO - Setting next_dagrun for example_skip_dag to 2024-03-08 00:00:00+00:00, run_after=2024-03-09 00:00:00+00:00
[2024-03-09T19:30:28.421+0000] {processor.py:183} INFO - Processing /home/tin/miniconda3/envs/airflow/lib/python3.8/site-packages/airflow/example_dags/example_skip_dag.py took 0.143 seconds
[2024-03-09T19:31:26.473+0000] {processor.py:161} INFO - Started process (PID=84998) to work on /home/tin/miniconda3/envs/airflow/lib/python3.8/site-packages/airflow/example_dags/example_skip_dag.py
[2024-03-09T19:31:26.475+0000] {processor.py:830} INFO - Processing file /home/tin/miniconda3/envs/airflow/lib/python3.8/site-packages/airflow/example_dags/example_skip_dag.py for tasks to queue
[2024-03-09T19:31:26.476+0000] {logging_mixin.py:188} INFO - [2024-03-09T19:31:26.476+0000] {dagbag.py:540} INFO - Filling up the DagBag from /home/tin/miniconda3/envs/airflow/lib/python3.8/site-packages/airflow/example_dags/example_skip_dag.py
[2024-03-09T19:31:26.482+0000] {processor.py:840} INFO - DAG(s) 'example_skip_dag' retrieved from /home/tin/miniconda3/envs/airflow/lib/python3.8/site-packages/airflow/example_dags/example_skip_dag.py
[2024-03-09T19:31:26.496+0000] {logging_mixin.py:188} INFO - [2024-03-09T19:31:26.496+0000] {dag.py:3047} INFO - Sync 1 DAGs
[2024-03-09T19:31:26.512+0000] {logging_mixin.py:188} INFO - [2024-03-09T19:31:26.511+0000] {dag.py:3834} INFO - Setting next_dagrun for example_skip_dag to 2024-03-08 00:00:00+00:00, run_after=2024-03-09 00:00:00+00:00
[2024-03-09T19:31:26.531+0000] {processor.py:183} INFO - Processing /home/tin/miniconda3/envs/airflow/lib/python3.8/site-packages/airflow/example_dags/example_skip_dag.py took 0.061 seconds
[2024-03-09T19:32:17.634+0000] {processor.py:161} INFO - Started process (PID=85161) to work on /home/tin/miniconda3/envs/airflow/lib/python3.8/site-packages/airflow/example_dags/example_skip_dag.py
[2024-03-09T19:32:17.635+0000] {processor.py:830} INFO - Processing file /home/tin/miniconda3/envs/airflow/lib/python3.8/site-packages/airflow/example_dags/example_skip_dag.py for tasks to queue
[2024-03-09T19:32:17.636+0000] {logging_mixin.py:188} INFO - [2024-03-09T19:32:17.636+0000] {dagbag.py:540} INFO - Filling up the DagBag from /home/tin/miniconda3/envs/airflow/lib/python3.8/site-packages/airflow/example_dags/example_skip_dag.py
[2024-03-09T19:32:17.641+0000] {processor.py:840} INFO - DAG(s) 'example_skip_dag' retrieved from /home/tin/miniconda3/envs/airflow/lib/python3.8/site-packages/airflow/example_dags/example_skip_dag.py
[2024-03-09T19:32:17.653+0000] {logging_mixin.py:188} INFO - [2024-03-09T19:32:17.653+0000] {dag.py:3047} INFO - Sync 1 DAGs
[2024-03-09T19:32:17.667+0000] {logging_mixin.py:188} INFO - [2024-03-09T19:32:17.667+0000] {dag.py:3834} INFO - Setting next_dagrun for example_skip_dag to 2024-03-08 00:00:00+00:00, run_after=2024-03-09 00:00:00+00:00
[2024-03-09T19:32:17.688+0000] {processor.py:183} INFO - Processing /home/tin/miniconda3/envs/airflow/lib/python3.8/site-packages/airflow/example_dags/example_skip_dag.py took 0.057 seconds
[2024-03-09T19:33:11.770+0000] {processor.py:161} INFO - Started process (PID=85462) to work on /home/tin/miniconda3/envs/airflow/lib/python3.8/site-packages/airflow/example_dags/example_skip_dag.py
[2024-03-09T19:33:11.772+0000] {processor.py:830} INFO - Processing file /home/tin/miniconda3/envs/airflow/lib/python3.8/site-packages/airflow/example_dags/example_skip_dag.py for tasks to queue
[2024-03-09T19:33:11.773+0000] {logging_mixin.py:188} INFO - [2024-03-09T19:33:11.773+0000] {dagbag.py:540} INFO - Filling up the DagBag from /home/tin/miniconda3/envs/airflow/lib/python3.8/site-packages/airflow/example_dags/example_skip_dag.py
[2024-03-09T19:33:11.781+0000] {processor.py:840} INFO - DAG(s) 'example_skip_dag' retrieved from /home/tin/miniconda3/envs/airflow/lib/python3.8/site-packages/airflow/example_dags/example_skip_dag.py
[2024-03-09T19:33:11.798+0000] {logging_mixin.py:188} INFO - [2024-03-09T19:33:11.798+0000] {dag.py:3047} INFO - Sync 1 DAGs
[2024-03-09T19:33:11.819+0000] {logging_mixin.py:188} INFO - [2024-03-09T19:33:11.819+0000] {dag.py:3834} INFO - Setting next_dagrun for example_skip_dag to 2024-03-08 00:00:00+00:00, run_after=2024-03-09 00:00:00+00:00
[2024-03-09T19:33:11.849+0000] {processor.py:183} INFO - Processing /home/tin/miniconda3/envs/airflow/lib/python3.8/site-packages/airflow/example_dags/example_skip_dag.py took 0.082 seconds
[2024-03-09T19:34:01.244+0000] {processor.py:161} INFO - Started process (PID=85593) to work on /home/tin/miniconda3/envs/airflow/lib/python3.8/site-packages/airflow/example_dags/example_skip_dag.py
[2024-03-09T19:34:01.252+0000] {processor.py:830} INFO - Processing file /home/tin/miniconda3/envs/airflow/lib/python3.8/site-packages/airflow/example_dags/example_skip_dag.py for tasks to queue
[2024-03-09T19:34:01.253+0000] {logging_mixin.py:188} INFO - [2024-03-09T19:34:01.253+0000] {dagbag.py:540} INFO - Filling up the DagBag from /home/tin/miniconda3/envs/airflow/lib/python3.8/site-packages/airflow/example_dags/example_skip_dag.py
[2024-03-09T19:34:01.258+0000] {processor.py:840} INFO - DAG(s) 'example_skip_dag' retrieved from /home/tin/miniconda3/envs/airflow/lib/python3.8/site-packages/airflow/example_dags/example_skip_dag.py
[2024-03-09T19:34:01.271+0000] {logging_mixin.py:188} INFO - [2024-03-09T19:34:01.270+0000] {dag.py:3047} INFO - Sync 1 DAGs
[2024-03-09T19:34:01.286+0000] {logging_mixin.py:188} INFO - [2024-03-09T19:34:01.286+0000] {dag.py:3834} INFO - Setting next_dagrun for example_skip_dag to 2024-03-08 00:00:00+00:00, run_after=2024-03-09 00:00:00+00:00
[2024-03-09T19:34:01.307+0000] {processor.py:183} INFO - Processing /home/tin/miniconda3/envs/airflow/lib/python3.8/site-packages/airflow/example_dags/example_skip_dag.py took 0.065 seconds
[2024-03-09T19:34:52.282+0000] {processor.py:161} INFO - Started process (PID=85824) to work on /home/tin/miniconda3/envs/airflow/lib/python3.8/site-packages/airflow/example_dags/example_skip_dag.py
[2024-03-09T19:34:52.284+0000] {processor.py:830} INFO - Processing file /home/tin/miniconda3/envs/airflow/lib/python3.8/site-packages/airflow/example_dags/example_skip_dag.py for tasks to queue
[2024-03-09T19:34:52.285+0000] {logging_mixin.py:188} INFO - [2024-03-09T19:34:52.285+0000] {dagbag.py:540} INFO - Filling up the DagBag from /home/tin/miniconda3/envs/airflow/lib/python3.8/site-packages/airflow/example_dags/example_skip_dag.py
[2024-03-09T19:34:52.290+0000] {processor.py:840} INFO - DAG(s) 'example_skip_dag' retrieved from /home/tin/miniconda3/envs/airflow/lib/python3.8/site-packages/airflow/example_dags/example_skip_dag.py
[2024-03-09T19:34:52.303+0000] {logging_mixin.py:188} INFO - [2024-03-09T19:34:52.303+0000] {dag.py:3047} INFO - Sync 1 DAGs
[2024-03-09T19:34:52.318+0000] {logging_mixin.py:188} INFO - [2024-03-09T19:34:52.317+0000] {dag.py:3834} INFO - Setting next_dagrun for example_skip_dag to 2024-03-08 00:00:00+00:00, run_after=2024-03-09 00:00:00+00:00
[2024-03-09T19:34:52.335+0000] {processor.py:183} INFO - Processing /home/tin/miniconda3/envs/airflow/lib/python3.8/site-packages/airflow/example_dags/example_skip_dag.py took 0.055 seconds
