[2024-03-09T19:29:18.212+0000] {processor.py:161} INFO - Started process (PID=84563) to work on /home/tin/miniconda3/envs/airflow/lib/python3.8/site-packages/airflow/example_dags/example_bash_operator.py
[2024-03-09T19:29:18.213+0000] {processor.py:830} INFO - Processing file /home/tin/miniconda3/envs/airflow/lib/python3.8/site-packages/airflow/example_dags/example_bash_operator.py for tasks to queue
[2024-03-09T19:29:18.214+0000] {logging_mixin.py:188} INFO - [2024-03-09T19:29:18.214+0000] {dagbag.py:540} INFO - Filling up the DagBag from /home/tin/miniconda3/envs/airflow/lib/python3.8/site-packages/airflow/example_dags/example_bash_operator.py
[2024-03-09T19:29:18.224+0000] {processor.py:840} INFO - DAG(s) 'example_bash_operator' retrieved from /home/tin/miniconda3/envs/airflow/lib/python3.8/site-packages/airflow/example_dags/example_bash_operator.py
[2024-03-09T19:29:18.408+0000] {logging_mixin.py:188} INFO - [2024-03-09T19:29:18.407+0000] {override.py:1769} INFO - Created Permission View: can delete on DAG:example_bash_operator
[2024-03-09T19:29:18.419+0000] {logging_mixin.py:188} INFO - [2024-03-09T19:29:18.418+0000] {override.py:1769} INFO - Created Permission View: can edit on DAG:example_bash_operator
[2024-03-09T19:29:18.428+0000] {logging_mixin.py:188} INFO - [2024-03-09T19:29:18.427+0000] {override.py:1769} INFO - Created Permission View: can read on DAG:example_bash_operator
[2024-03-09T19:29:18.429+0000] {logging_mixin.py:188} INFO - [2024-03-09T19:29:18.428+0000] {dag.py:3047} INFO - Sync 1 DAGs
[2024-03-09T19:29:18.437+0000] {logging_mixin.py:188} INFO - [2024-03-09T19:29:18.437+0000] {dag.py:3069} INFO - Creating ORM DAG for example_bash_operator
[2024-03-09T19:29:18.444+0000] {logging_mixin.py:188} INFO - [2024-03-09T19:29:18.444+0000] {dag.py:3834} INFO - Setting next_dagrun for example_bash_operator to 2024-03-08 00:00:00+00:00, run_after=2024-03-09 00:00:00+00:00
[2024-03-09T19:29:18.466+0000] {processor.py:183} INFO - Processing /home/tin/miniconda3/envs/airflow/lib/python3.8/site-packages/airflow/example_dags/example_bash_operator.py took 0.256 seconds
[2024-03-09T19:30:15.079+0000] {processor.py:161} INFO - Started process (PID=84785) to work on /home/tin/miniconda3/envs/airflow/lib/python3.8/site-packages/airflow/example_dags/example_bash_operator.py
[2024-03-09T19:30:15.080+0000] {processor.py:830} INFO - Processing file /home/tin/miniconda3/envs/airflow/lib/python3.8/site-packages/airflow/example_dags/example_bash_operator.py for tasks to queue
[2024-03-09T19:30:15.081+0000] {logging_mixin.py:188} INFO - [2024-03-09T19:30:15.081+0000] {dagbag.py:540} INFO - Filling up the DagBag from /home/tin/miniconda3/envs/airflow/lib/python3.8/site-packages/airflow/example_dags/example_bash_operator.py
[2024-03-09T19:30:15.090+0000] {processor.py:840} INFO - DAG(s) 'example_bash_operator' retrieved from /home/tin/miniconda3/envs/airflow/lib/python3.8/site-packages/airflow/example_dags/example_bash_operator.py
[2024-03-09T19:30:15.107+0000] {logging_mixin.py:188} INFO - [2024-03-09T19:30:15.107+0000] {dag.py:3047} INFO - Sync 1 DAGs
[2024-03-09T19:30:15.202+0000] {logging_mixin.py:188} INFO - [2024-03-09T19:30:15.202+0000] {dag.py:3834} INFO - Setting next_dagrun for example_bash_operator to 2024-03-08 00:00:00+00:00, run_after=2024-03-09 00:00:00+00:00
[2024-03-09T19:30:15.223+0000] {processor.py:183} INFO - Processing /home/tin/miniconda3/envs/airflow/lib/python3.8/site-packages/airflow/example_dags/example_bash_operator.py took 0.147 seconds
[2024-03-09T19:31:16.793+0000] {processor.py:161} INFO - Started process (PID=84975) to work on /home/tin/miniconda3/envs/airflow/lib/python3.8/site-packages/airflow/example_dags/example_bash_operator.py
[2024-03-09T19:31:16.795+0000] {processor.py:830} INFO - Processing file /home/tin/miniconda3/envs/airflow/lib/python3.8/site-packages/airflow/example_dags/example_bash_operator.py for tasks to queue
[2024-03-09T19:31:16.796+0000] {logging_mixin.py:188} INFO - [2024-03-09T19:31:16.796+0000] {dagbag.py:540} INFO - Filling up the DagBag from /home/tin/miniconda3/envs/airflow/lib/python3.8/site-packages/airflow/example_dags/example_bash_operator.py
[2024-03-09T19:31:16.807+0000] {processor.py:840} INFO - DAG(s) 'example_bash_operator' retrieved from /home/tin/miniconda3/envs/airflow/lib/python3.8/site-packages/airflow/example_dags/example_bash_operator.py
[2024-03-09T19:31:16.826+0000] {logging_mixin.py:188} INFO - [2024-03-09T19:31:16.826+0000] {dag.py:3047} INFO - Sync 1 DAGs
[2024-03-09T19:31:16.844+0000] {logging_mixin.py:188} INFO - [2024-03-09T19:31:16.843+0000] {dag.py:3834} INFO - Setting next_dagrun for example_bash_operator to 2024-03-08 00:00:00+00:00, run_after=2024-03-09 00:00:00+00:00
[2024-03-09T19:31:16.864+0000] {processor.py:183} INFO - Processing /home/tin/miniconda3/envs/airflow/lib/python3.8/site-packages/airflow/example_dags/example_bash_operator.py took 0.073 seconds
[2024-03-09T19:32:07.496+0000] {processor.py:161} INFO - Started process (PID=85151) to work on /home/tin/miniconda3/envs/airflow/lib/python3.8/site-packages/airflow/example_dags/example_bash_operator.py
[2024-03-09T19:32:07.498+0000] {processor.py:830} INFO - Processing file /home/tin/miniconda3/envs/airflow/lib/python3.8/site-packages/airflow/example_dags/example_bash_operator.py for tasks to queue
[2024-03-09T19:32:07.499+0000] {logging_mixin.py:188} INFO - [2024-03-09T19:32:07.499+0000] {dagbag.py:540} INFO - Filling up the DagBag from /home/tin/miniconda3/envs/airflow/lib/python3.8/site-packages/airflow/example_dags/example_bash_operator.py
[2024-03-09T19:32:07.508+0000] {processor.py:840} INFO - DAG(s) 'example_bash_operator' retrieved from /home/tin/miniconda3/envs/airflow/lib/python3.8/site-packages/airflow/example_dags/example_bash_operator.py
[2024-03-09T19:32:07.526+0000] {logging_mixin.py:188} INFO - [2024-03-09T19:32:07.526+0000] {dag.py:3047} INFO - Sync 1 DAGs
[2024-03-09T19:32:07.541+0000] {logging_mixin.py:188} INFO - [2024-03-09T19:32:07.541+0000] {dag.py:3834} INFO - Setting next_dagrun for example_bash_operator to 2024-03-08 00:00:00+00:00, run_after=2024-03-09 00:00:00+00:00
[2024-03-09T19:32:07.560+0000] {processor.py:183} INFO - Processing /home/tin/miniconda3/envs/airflow/lib/python3.8/site-packages/airflow/example_dags/example_bash_operator.py took 0.066 seconds
[2024-03-09T19:33:00.428+0000] {processor.py:161} INFO - Started process (PID=85384) to work on /home/tin/miniconda3/envs/airflow/lib/python3.8/site-packages/airflow/example_dags/example_bash_operator.py
[2024-03-09T19:33:00.430+0000] {processor.py:830} INFO - Processing file /home/tin/miniconda3/envs/airflow/lib/python3.8/site-packages/airflow/example_dags/example_bash_operator.py for tasks to queue
[2024-03-09T19:33:00.431+0000] {logging_mixin.py:188} INFO - [2024-03-09T19:33:00.430+0000] {dagbag.py:540} INFO - Filling up the DagBag from /home/tin/miniconda3/envs/airflow/lib/python3.8/site-packages/airflow/example_dags/example_bash_operator.py
[2024-03-09T19:33:00.439+0000] {processor.py:840} INFO - DAG(s) 'example_bash_operator' retrieved from /home/tin/miniconda3/envs/airflow/lib/python3.8/site-packages/airflow/example_dags/example_bash_operator.py
[2024-03-09T19:33:00.457+0000] {logging_mixin.py:188} INFO - [2024-03-09T19:33:00.457+0000] {dag.py:3047} INFO - Sync 1 DAGs
[2024-03-09T19:33:00.473+0000] {logging_mixin.py:188} INFO - [2024-03-09T19:33:00.473+0000] {dag.py:3834} INFO - Setting next_dagrun for example_bash_operator to 2024-03-08 00:00:00+00:00, run_after=2024-03-09 00:00:00+00:00
[2024-03-09T19:33:00.494+0000] {processor.py:183} INFO - Processing /home/tin/miniconda3/envs/airflow/lib/python3.8/site-packages/airflow/example_dags/example_bash_operator.py took 0.068 seconds
[2024-03-09T19:33:52.103+0000] {processor.py:161} INFO - Started process (PID=85583) to work on /home/tin/miniconda3/envs/airflow/lib/python3.8/site-packages/airflow/example_dags/example_bash_operator.py
[2024-03-09T19:33:52.105+0000] {processor.py:830} INFO - Processing file /home/tin/miniconda3/envs/airflow/lib/python3.8/site-packages/airflow/example_dags/example_bash_operator.py for tasks to queue
[2024-03-09T19:33:52.105+0000] {logging_mixin.py:188} INFO - [2024-03-09T19:33:52.105+0000] {dagbag.py:540} INFO - Filling up the DagBag from /home/tin/miniconda3/envs/airflow/lib/python3.8/site-packages/airflow/example_dags/example_bash_operator.py
[2024-03-09T19:33:52.115+0000] {processor.py:840} INFO - DAG(s) 'example_bash_operator' retrieved from /home/tin/miniconda3/envs/airflow/lib/python3.8/site-packages/airflow/example_dags/example_bash_operator.py
[2024-03-09T19:33:52.133+0000] {logging_mixin.py:188} INFO - [2024-03-09T19:33:52.133+0000] {dag.py:3047} INFO - Sync 1 DAGs
[2024-03-09T19:33:52.148+0000] {logging_mixin.py:188} INFO - [2024-03-09T19:33:52.148+0000] {dag.py:3834} INFO - Setting next_dagrun for example_bash_operator to 2024-03-08 00:00:00+00:00, run_after=2024-03-09 00:00:00+00:00
[2024-03-09T19:33:52.165+0000] {processor.py:183} INFO - Processing /home/tin/miniconda3/envs/airflow/lib/python3.8/site-packages/airflow/example_dags/example_bash_operator.py took 0.064 seconds
[2024-03-09T19:34:43.907+0000] {processor.py:161} INFO - Started process (PID=85758) to work on /home/tin/miniconda3/envs/airflow/lib/python3.8/site-packages/airflow/example_dags/example_bash_operator.py
[2024-03-09T19:34:43.909+0000] {processor.py:830} INFO - Processing file /home/tin/miniconda3/envs/airflow/lib/python3.8/site-packages/airflow/example_dags/example_bash_operator.py for tasks to queue
[2024-03-09T19:34:43.909+0000] {logging_mixin.py:188} INFO - [2024-03-09T19:34:43.909+0000] {dagbag.py:540} INFO - Filling up the DagBag from /home/tin/miniconda3/envs/airflow/lib/python3.8/site-packages/airflow/example_dags/example_bash_operator.py
[2024-03-09T19:34:43.919+0000] {processor.py:840} INFO - DAG(s) 'example_bash_operator' retrieved from /home/tin/miniconda3/envs/airflow/lib/python3.8/site-packages/airflow/example_dags/example_bash_operator.py
[2024-03-09T19:34:43.939+0000] {logging_mixin.py:188} INFO - [2024-03-09T19:34:43.939+0000] {dag.py:3047} INFO - Sync 1 DAGs
[2024-03-09T19:34:43.955+0000] {logging_mixin.py:188} INFO - [2024-03-09T19:34:43.955+0000] {dag.py:3834} INFO - Setting next_dagrun for example_bash_operator to 2024-03-08 00:00:00+00:00, run_after=2024-03-09 00:00:00+00:00
[2024-03-09T19:34:43.973+0000] {processor.py:183} INFO - Processing /home/tin/miniconda3/envs/airflow/lib/python3.8/site-packages/airflow/example_dags/example_bash_operator.py took 0.068 seconds
[2024-03-09T19:35:33.531+0000] {processor.py:161} INFO - Started process (PID=85938) to work on /home/tin/miniconda3/envs/airflow/lib/python3.8/site-packages/airflow/example_dags/example_bash_operator.py
[2024-03-09T19:35:33.533+0000] {processor.py:830} INFO - Processing file /home/tin/miniconda3/envs/airflow/lib/python3.8/site-packages/airflow/example_dags/example_bash_operator.py for tasks to queue
[2024-03-09T19:35:33.534+0000] {logging_mixin.py:188} INFO - [2024-03-09T19:35:33.534+0000] {dagbag.py:540} INFO - Filling up the DagBag from /home/tin/miniconda3/envs/airflow/lib/python3.8/site-packages/airflow/example_dags/example_bash_operator.py
[2024-03-09T19:35:33.543+0000] {processor.py:840} INFO - DAG(s) 'example_bash_operator' retrieved from /home/tin/miniconda3/envs/airflow/lib/python3.8/site-packages/airflow/example_dags/example_bash_operator.py
[2024-03-09T19:35:33.561+0000] {logging_mixin.py:188} INFO - [2024-03-09T19:35:33.561+0000] {dag.py:3047} INFO - Sync 1 DAGs
[2024-03-09T19:35:33.577+0000] {logging_mixin.py:188} INFO - [2024-03-09T19:35:33.577+0000] {dag.py:3834} INFO - Setting next_dagrun for example_bash_operator to 2024-03-08 00:00:00+00:00, run_after=2024-03-09 00:00:00+00:00
[2024-03-09T19:35:33.594+0000] {processor.py:183} INFO - Processing /home/tin/miniconda3/envs/airflow/lib/python3.8/site-packages/airflow/example_dags/example_bash_operator.py took 0.065 seconds
