[2024-03-09T19:28:35.719+0000] {processor.py:161} INFO - Started process (PID=84278) to work on /home/tin/miniconda3/envs/airflow/lib/python3.8/site-packages/airflow/example_dags/example_subdag_operator.py
[2024-03-09T19:28:35.720+0000] {processor.py:830} INFO - Processing file /home/tin/miniconda3/envs/airflow/lib/python3.8/site-packages/airflow/example_dags/example_subdag_operator.py for tasks to queue
[2024-03-09T19:28:35.721+0000] {logging_mixin.py:188} INFO - [2024-03-09T19:28:35.721+0000] {dagbag.py:540} INFO - Filling up the DagBag from /home/tin/miniconda3/envs/airflow/lib/python3.8/site-packages/airflow/example_dags/example_subdag_operator.py
[2024-03-09T19:28:35.737+0000] {processor.py:840} INFO - DAG(s) 'example_subdag_operator.section-1', 'example_subdag_operator.section-2', 'example_subdag_operator' retrieved from /home/tin/miniconda3/envs/airflow/lib/python3.8/site-packages/airflow/example_dags/example_subdag_operator.py
[2024-03-09T19:28:35.822+0000] {logging_mixin.py:188} INFO - [2024-03-09T19:28:35.821+0000] {override.py:1769} INFO - Created Permission View: can delete on DAG:example_subdag_operator
[2024-03-09T19:28:35.833+0000] {logging_mixin.py:188} INFO - [2024-03-09T19:28:35.833+0000] {override.py:1769} INFO - Created Permission View: can edit on DAG:example_subdag_operator
[2024-03-09T19:28:35.843+0000] {logging_mixin.py:188} INFO - [2024-03-09T19:28:35.842+0000] {override.py:1769} INFO - Created Permission View: can read on DAG:example_subdag_operator
[2024-03-09T19:28:35.843+0000] {logging_mixin.py:188} INFO - [2024-03-09T19:28:35.843+0000] {dag.py:3047} INFO - Sync 3 DAGs
[2024-03-09T19:28:35.854+0000] {logging_mixin.py:188} INFO - [2024-03-09T19:28:35.854+0000] {dag.py:3069} INFO - Creating ORM DAG for example_subdag_operator.section-1
[2024-03-09T19:28:35.855+0000] {logging_mixin.py:188} INFO - [2024-03-09T19:28:35.855+0000] {dag.py:3069} INFO - Creating ORM DAG for example_subdag_operator
[2024-03-09T19:28:35.856+0000] {logging_mixin.py:188} INFO - [2024-03-09T19:28:35.856+0000] {dag.py:3069} INFO - Creating ORM DAG for example_subdag_operator.section-2
[2024-03-09T19:28:35.864+0000] {logging_mixin.py:188} INFO - [2024-03-09T19:28:35.864+0000] {dag.py:3834} INFO - Setting next_dagrun for example_subdag_operator to 2022-01-01 00:00:00+00:00, run_after=2022-01-01 00:00:00+00:00
[2024-03-09T19:28:35.865+0000] {logging_mixin.py:188} INFO - [2024-03-09T19:28:35.865+0000] {dag.py:3834} INFO - Setting next_dagrun for example_subdag_operator.section-1 to None, run_after=None
[2024-03-09T19:28:35.865+0000] {logging_mixin.py:188} INFO - [2024-03-09T19:28:35.865+0000] {dag.py:3834} INFO - Setting next_dagrun for example_subdag_operator.section-2 to None, run_after=None
[2024-03-09T19:28:35.873+0000] {logging_mixin.py:188} INFO - [2024-03-09T19:28:35.873+0000] {dag.py:3047} INFO - Sync 2 DAGs
[2024-03-09T19:28:35.877+0000] {logging_mixin.py:188} INFO - [2024-03-09T19:28:35.877+0000] {dag.py:3834} INFO - Setting next_dagrun for example_subdag_operator.section-1 to None, run_after=None
[2024-03-09T19:28:35.882+0000] {logging_mixin.py:188} INFO - [2024-03-09T19:28:35.882+0000] {dag.py:3834} INFO - Setting next_dagrun for example_subdag_operator.section-2 to None, run_after=None
[2024-03-09T19:28:35.898+0000] {processor.py:183} INFO - Processing /home/tin/miniconda3/envs/airflow/lib/python3.8/site-packages/airflow/example_dags/example_subdag_operator.py took 0.181 seconds
[2024-03-09T19:29:29.630+0000] {processor.py:161} INFO - Started process (PID=84611) to work on /home/tin/miniconda3/envs/airflow/lib/python3.8/site-packages/airflow/example_dags/example_subdag_operator.py
[2024-03-09T19:29:29.632+0000] {processor.py:830} INFO - Processing file /home/tin/miniconda3/envs/airflow/lib/python3.8/site-packages/airflow/example_dags/example_subdag_operator.py for tasks to queue
[2024-03-09T19:29:29.633+0000] {logging_mixin.py:188} INFO - [2024-03-09T19:29:29.633+0000] {dagbag.py:540} INFO - Filling up the DagBag from /home/tin/miniconda3/envs/airflow/lib/python3.8/site-packages/airflow/example_dags/example_subdag_operator.py
[2024-03-09T19:29:29.647+0000] {processor.py:840} INFO - DAG(s) 'example_subdag_operator.section-1', 'example_subdag_operator.section-2', 'example_subdag_operator' retrieved from /home/tin/miniconda3/envs/airflow/lib/python3.8/site-packages/airflow/example_dags/example_subdag_operator.py
[2024-03-09T19:29:29.658+0000] {logging_mixin.py:188} INFO - [2024-03-09T19:29:29.658+0000] {dag.py:3047} INFO - Sync 3 DAGs
[2024-03-09T19:29:29.671+0000] {logging_mixin.py:188} INFO - [2024-03-09T19:29:29.671+0000] {dag.py:3834} INFO - Setting next_dagrun for example_subdag_operator to 2022-01-01 00:00:00+00:00, run_after=2022-01-01 00:00:00+00:00
[2024-03-09T19:29:29.674+0000] {logging_mixin.py:188} INFO - [2024-03-09T19:29:29.673+0000] {dag.py:3834} INFO - Setting next_dagrun for example_subdag_operator.section-1 to None, run_after=None
[2024-03-09T19:29:29.675+0000] {logging_mixin.py:188} INFO - [2024-03-09T19:29:29.674+0000] {dag.py:3834} INFO - Setting next_dagrun for example_subdag_operator.section-2 to None, run_after=None
[2024-03-09T19:29:29.679+0000] {logging_mixin.py:188} INFO - [2024-03-09T19:29:29.679+0000] {dag.py:3047} INFO - Sync 2 DAGs
[2024-03-09T19:29:29.682+0000] {logging_mixin.py:188} INFO - [2024-03-09T19:29:29.682+0000] {dag.py:3834} INFO - Setting next_dagrun for example_subdag_operator.section-1 to None, run_after=None
[2024-03-09T19:29:29.683+0000] {logging_mixin.py:188} INFO - [2024-03-09T19:29:29.682+0000] {dag.py:3834} INFO - Setting next_dagrun for example_subdag_operator.section-2 to None, run_after=None
[2024-03-09T19:29:29.694+0000] {processor.py:183} INFO - Processing /home/tin/miniconda3/envs/airflow/lib/python3.8/site-packages/airflow/example_dags/example_subdag_operator.py took 0.066 seconds
[2024-03-09T19:30:16.812+0000] {processor.py:161} INFO - Started process (PID=84787) to work on /home/tin/miniconda3/envs/airflow/lib/python3.8/site-packages/airflow/example_dags/example_subdag_operator.py
[2024-03-09T19:30:16.814+0000] {processor.py:830} INFO - Processing file /home/tin/miniconda3/envs/airflow/lib/python3.8/site-packages/airflow/example_dags/example_subdag_operator.py for tasks to queue
[2024-03-09T19:30:16.815+0000] {logging_mixin.py:188} INFO - [2024-03-09T19:30:16.815+0000] {dagbag.py:540} INFO - Filling up the DagBag from /home/tin/miniconda3/envs/airflow/lib/python3.8/site-packages/airflow/example_dags/example_subdag_operator.py
[2024-03-09T19:30:16.829+0000] {processor.py:840} INFO - DAG(s) 'example_subdag_operator.section-1', 'example_subdag_operator.section-2', 'example_subdag_operator' retrieved from /home/tin/miniconda3/envs/airflow/lib/python3.8/site-packages/airflow/example_dags/example_subdag_operator.py
[2024-03-09T19:30:16.841+0000] {logging_mixin.py:188} INFO - [2024-03-09T19:30:16.840+0000] {dag.py:3047} INFO - Sync 3 DAGs
[2024-03-09T19:30:16.937+0000] {logging_mixin.py:188} INFO - [2024-03-09T19:30:16.937+0000] {dag.py:3834} INFO - Setting next_dagrun for example_subdag_operator to 2022-01-01 00:00:00+00:00, run_after=2022-01-01 00:00:00+00:00
[2024-03-09T19:30:16.940+0000] {logging_mixin.py:188} INFO - [2024-03-09T19:30:16.939+0000] {dag.py:3834} INFO - Setting next_dagrun for example_subdag_operator.section-1 to None, run_after=None
[2024-03-09T19:30:16.941+0000] {logging_mixin.py:188} INFO - [2024-03-09T19:30:16.940+0000] {dag.py:3834} INFO - Setting next_dagrun for example_subdag_operator.section-2 to None, run_after=None
[2024-03-09T19:30:16.945+0000] {logging_mixin.py:188} INFO - [2024-03-09T19:30:16.945+0000] {dag.py:3047} INFO - Sync 2 DAGs
[2024-03-09T19:30:16.948+0000] {logging_mixin.py:188} INFO - [2024-03-09T19:30:16.948+0000] {dag.py:3834} INFO - Setting next_dagrun for example_subdag_operator.section-1 to None, run_after=None
[2024-03-09T19:30:16.949+0000] {logging_mixin.py:188} INFO - [2024-03-09T19:30:16.949+0000] {dag.py:3834} INFO - Setting next_dagrun for example_subdag_operator.section-2 to None, run_after=None
[2024-03-09T19:30:16.961+0000] {processor.py:183} INFO - Processing /home/tin/miniconda3/envs/airflow/lib/python3.8/site-packages/airflow/example_dags/example_subdag_operator.py took 0.151 seconds
[2024-03-09T19:30:59.925+0000] {processor.py:161} INFO - Started process (PID=84921) to work on /home/tin/miniconda3/envs/airflow/lib/python3.8/site-packages/airflow/example_dags/example_subdag_operator.py
[2024-03-09T19:30:59.927+0000] {processor.py:830} INFO - Processing file /home/tin/miniconda3/envs/airflow/lib/python3.8/site-packages/airflow/example_dags/example_subdag_operator.py for tasks to queue
[2024-03-09T19:30:59.928+0000] {logging_mixin.py:188} INFO - [2024-03-09T19:30:59.928+0000] {dagbag.py:540} INFO - Filling up the DagBag from /home/tin/miniconda3/envs/airflow/lib/python3.8/site-packages/airflow/example_dags/example_subdag_operator.py
[2024-03-09T19:30:59.942+0000] {processor.py:840} INFO - DAG(s) 'example_subdag_operator.section-1', 'example_subdag_operator.section-2', 'example_subdag_operator' retrieved from /home/tin/miniconda3/envs/airflow/lib/python3.8/site-packages/airflow/example_dags/example_subdag_operator.py
[2024-03-09T19:30:59.954+0000] {logging_mixin.py:188} INFO - [2024-03-09T19:30:59.953+0000] {dag.py:3047} INFO - Sync 3 DAGs
[2024-03-09T19:30:59.967+0000] {logging_mixin.py:188} INFO - [2024-03-09T19:30:59.967+0000] {dag.py:3834} INFO - Setting next_dagrun for example_subdag_operator to 2022-01-01 00:00:00+00:00, run_after=2022-01-01 00:00:00+00:00
[2024-03-09T19:30:59.970+0000] {logging_mixin.py:188} INFO - [2024-03-09T19:30:59.970+0000] {dag.py:3834} INFO - Setting next_dagrun for example_subdag_operator.section-1 to None, run_after=None
[2024-03-09T19:30:59.971+0000] {logging_mixin.py:188} INFO - [2024-03-09T19:30:59.971+0000] {dag.py:3834} INFO - Setting next_dagrun for example_subdag_operator.section-2 to None, run_after=None
[2024-03-09T19:30:59.976+0000] {logging_mixin.py:188} INFO - [2024-03-09T19:30:59.976+0000] {dag.py:3047} INFO - Sync 2 DAGs
[2024-03-09T19:30:59.980+0000] {logging_mixin.py:188} INFO - [2024-03-09T19:30:59.980+0000] {dag.py:3834} INFO - Setting next_dagrun for example_subdag_operator.section-1 to None, run_after=None
[2024-03-09T19:30:59.980+0000] {logging_mixin.py:188} INFO - [2024-03-09T19:30:59.980+0000] {dag.py:3834} INFO - Setting next_dagrun for example_subdag_operator.section-2 to None, run_after=None
[2024-03-09T19:30:59.993+0000] {processor.py:183} INFO - Processing /home/tin/miniconda3/envs/airflow/lib/python3.8/site-packages/airflow/example_dags/example_subdag_operator.py took 0.070 seconds
[2024-03-09T19:31:36.756+0000] {processor.py:161} INFO - Started process (PID=85009) to work on /home/tin/miniconda3/envs/airflow/lib/python3.8/site-packages/airflow/example_dags/example_subdag_operator.py
[2024-03-09T19:31:36.757+0000] {processor.py:830} INFO - Processing file /home/tin/miniconda3/envs/airflow/lib/python3.8/site-packages/airflow/example_dags/example_subdag_operator.py for tasks to queue
[2024-03-09T19:31:36.758+0000] {logging_mixin.py:188} INFO - [2024-03-09T19:31:36.758+0000] {dagbag.py:540} INFO - Filling up the DagBag from /home/tin/miniconda3/envs/airflow/lib/python3.8/site-packages/airflow/example_dags/example_subdag_operator.py
[2024-03-09T19:31:36.773+0000] {processor.py:840} INFO - DAG(s) 'example_subdag_operator.section-1', 'example_subdag_operator.section-2', 'example_subdag_operator' retrieved from /home/tin/miniconda3/envs/airflow/lib/python3.8/site-packages/airflow/example_dags/example_subdag_operator.py
[2024-03-09T19:31:36.786+0000] {logging_mixin.py:188} INFO - [2024-03-09T19:31:36.786+0000] {dag.py:3047} INFO - Sync 3 DAGs
[2024-03-09T19:31:36.801+0000] {logging_mixin.py:188} INFO - [2024-03-09T19:31:36.801+0000] {dag.py:3834} INFO - Setting next_dagrun for example_subdag_operator to 2022-01-01 00:00:00+00:00, run_after=2022-01-01 00:00:00+00:00
[2024-03-09T19:31:36.804+0000] {logging_mixin.py:188} INFO - [2024-03-09T19:31:36.804+0000] {dag.py:3834} INFO - Setting next_dagrun for example_subdag_operator.section-1 to None, run_after=None
[2024-03-09T19:31:36.805+0000] {logging_mixin.py:188} INFO - [2024-03-09T19:31:36.805+0000] {dag.py:3834} INFO - Setting next_dagrun for example_subdag_operator.section-2 to None, run_after=None
[2024-03-09T19:31:36.811+0000] {logging_mixin.py:188} INFO - [2024-03-09T19:31:36.811+0000] {dag.py:3047} INFO - Sync 2 DAGs
[2024-03-09T19:31:36.814+0000] {logging_mixin.py:188} INFO - [2024-03-09T19:31:36.814+0000] {dag.py:3834} INFO - Setting next_dagrun for example_subdag_operator.section-1 to None, run_after=None
[2024-03-09T19:31:36.814+0000] {logging_mixin.py:188} INFO - [2024-03-09T19:31:36.814+0000] {dag.py:3834} INFO - Setting next_dagrun for example_subdag_operator.section-2 to None, run_after=None
[2024-03-09T19:31:36.829+0000] {processor.py:183} INFO - Processing /home/tin/miniconda3/envs/airflow/lib/python3.8/site-packages/airflow/example_dags/example_subdag_operator.py took 0.076 seconds
[2024-03-09T19:32:15.455+0000] {processor.py:161} INFO - Started process (PID=85159) to work on /home/tin/miniconda3/envs/airflow/lib/python3.8/site-packages/airflow/example_dags/example_subdag_operator.py
[2024-03-09T19:32:15.458+0000] {processor.py:830} INFO - Processing file /home/tin/miniconda3/envs/airflow/lib/python3.8/site-packages/airflow/example_dags/example_subdag_operator.py for tasks to queue
[2024-03-09T19:32:15.459+0000] {logging_mixin.py:188} INFO - [2024-03-09T19:32:15.458+0000] {dagbag.py:540} INFO - Filling up the DagBag from /home/tin/miniconda3/envs/airflow/lib/python3.8/site-packages/airflow/example_dags/example_subdag_operator.py
[2024-03-09T19:32:15.473+0000] {processor.py:840} INFO - DAG(s) 'example_subdag_operator.section-1', 'example_subdag_operator.section-2', 'example_subdag_operator' retrieved from /home/tin/miniconda3/envs/airflow/lib/python3.8/site-packages/airflow/example_dags/example_subdag_operator.py
[2024-03-09T19:32:15.486+0000] {logging_mixin.py:188} INFO - [2024-03-09T19:32:15.486+0000] {dag.py:3047} INFO - Sync 3 DAGs
[2024-03-09T19:32:15.501+0000] {logging_mixin.py:188} INFO - [2024-03-09T19:32:15.501+0000] {dag.py:3834} INFO - Setting next_dagrun for example_subdag_operator to 2022-01-01 00:00:00+00:00, run_after=2022-01-01 00:00:00+00:00
[2024-03-09T19:32:15.504+0000] {logging_mixin.py:188} INFO - [2024-03-09T19:32:15.504+0000] {dag.py:3834} INFO - Setting next_dagrun for example_subdag_operator.section-1 to None, run_after=None
[2024-03-09T19:32:15.505+0000] {logging_mixin.py:188} INFO - [2024-03-09T19:32:15.505+0000] {dag.py:3834} INFO - Setting next_dagrun for example_subdag_operator.section-2 to None, run_after=None
[2024-03-09T19:32:15.511+0000] {logging_mixin.py:188} INFO - [2024-03-09T19:32:15.511+0000] {dag.py:3047} INFO - Sync 2 DAGs
[2024-03-09T19:32:15.514+0000] {logging_mixin.py:188} INFO - [2024-03-09T19:32:15.514+0000] {dag.py:3834} INFO - Setting next_dagrun for example_subdag_operator.section-1 to None, run_after=None
[2024-03-09T19:32:15.515+0000] {logging_mixin.py:188} INFO - [2024-03-09T19:32:15.515+0000] {dag.py:3834} INFO - Setting next_dagrun for example_subdag_operator.section-2 to None, run_after=None
[2024-03-09T19:32:15.531+0000] {processor.py:183} INFO - Processing /home/tin/miniconda3/envs/airflow/lib/python3.8/site-packages/airflow/example_dags/example_subdag_operator.py took 0.079 seconds
[2024-03-09T19:33:06.744+0000] {processor.py:161} INFO - Started process (PID=85417) to work on /home/tin/miniconda3/envs/airflow/lib/python3.8/site-packages/airflow/example_dags/example_subdag_operator.py
[2024-03-09T19:33:06.745+0000] {processor.py:830} INFO - Processing file /home/tin/miniconda3/envs/airflow/lib/python3.8/site-packages/airflow/example_dags/example_subdag_operator.py for tasks to queue
[2024-03-09T19:33:06.746+0000] {logging_mixin.py:188} INFO - [2024-03-09T19:33:06.746+0000] {dagbag.py:540} INFO - Filling up the DagBag from /home/tin/miniconda3/envs/airflow/lib/python3.8/site-packages/airflow/example_dags/example_subdag_operator.py
[2024-03-09T19:33:06.762+0000] {processor.py:840} INFO - DAG(s) 'example_subdag_operator.section-1', 'example_subdag_operator.section-2', 'example_subdag_operator' retrieved from /home/tin/miniconda3/envs/airflow/lib/python3.8/site-packages/airflow/example_dags/example_subdag_operator.py
[2024-03-09T19:33:06.773+0000] {logging_mixin.py:188} INFO - [2024-03-09T19:33:06.773+0000] {dag.py:3047} INFO - Sync 3 DAGs
[2024-03-09T19:33:06.788+0000] {logging_mixin.py:188} INFO - [2024-03-09T19:33:06.788+0000] {dag.py:3834} INFO - Setting next_dagrun for example_subdag_operator to 2022-01-01 00:00:00+00:00, run_after=2022-01-01 00:00:00+00:00
[2024-03-09T19:33:06.790+0000] {logging_mixin.py:188} INFO - [2024-03-09T19:33:06.790+0000] {dag.py:3834} INFO - Setting next_dagrun for example_subdag_operator.section-1 to None, run_after=None
[2024-03-09T19:33:06.791+0000] {logging_mixin.py:188} INFO - [2024-03-09T19:33:06.791+0000] {dag.py:3834} INFO - Setting next_dagrun for example_subdag_operator.section-2 to None, run_after=None
[2024-03-09T19:33:06.796+0000] {logging_mixin.py:188} INFO - [2024-03-09T19:33:06.796+0000] {dag.py:3047} INFO - Sync 2 DAGs
[2024-03-09T19:33:06.799+0000] {logging_mixin.py:188} INFO - [2024-03-09T19:33:06.798+0000] {dag.py:3834} INFO - Setting next_dagrun for example_subdag_operator.section-1 to None, run_after=None
[2024-03-09T19:33:06.799+0000] {logging_mixin.py:188} INFO - [2024-03-09T19:33:06.799+0000] {dag.py:3834} INFO - Setting next_dagrun for example_subdag_operator.section-2 to None, run_after=None
[2024-03-09T19:33:06.811+0000] {processor.py:183} INFO - Processing /home/tin/miniconda3/envs/airflow/lib/python3.8/site-packages/airflow/example_dags/example_subdag_operator.py took 0.070 seconds
[2024-03-09T19:33:56.102+0000] {processor.py:161} INFO - Started process (PID=85588) to work on /home/tin/miniconda3/envs/airflow/lib/python3.8/site-packages/airflow/example_dags/example_subdag_operator.py
[2024-03-09T19:33:56.103+0000] {processor.py:830} INFO - Processing file /home/tin/miniconda3/envs/airflow/lib/python3.8/site-packages/airflow/example_dags/example_subdag_operator.py for tasks to queue
[2024-03-09T19:33:56.104+0000] {logging_mixin.py:188} INFO - [2024-03-09T19:33:56.104+0000] {dagbag.py:540} INFO - Filling up the DagBag from /home/tin/miniconda3/envs/airflow/lib/python3.8/site-packages/airflow/example_dags/example_subdag_operator.py
[2024-03-09T19:33:56.119+0000] {processor.py:840} INFO - DAG(s) 'example_subdag_operator.section-1', 'example_subdag_operator.section-2', 'example_subdag_operator' retrieved from /home/tin/miniconda3/envs/airflow/lib/python3.8/site-packages/airflow/example_dags/example_subdag_operator.py
[2024-03-09T19:33:56.130+0000] {logging_mixin.py:188} INFO - [2024-03-09T19:33:56.129+0000] {dag.py:3047} INFO - Sync 3 DAGs
[2024-03-09T19:33:56.143+0000] {logging_mixin.py:188} INFO - [2024-03-09T19:33:56.143+0000] {dag.py:3834} INFO - Setting next_dagrun for example_subdag_operator to 2022-01-01 00:00:00+00:00, run_after=2022-01-01 00:00:00+00:00
[2024-03-09T19:33:56.146+0000] {logging_mixin.py:188} INFO - [2024-03-09T19:33:56.145+0000] {dag.py:3834} INFO - Setting next_dagrun for example_subdag_operator.section-1 to None, run_after=None
[2024-03-09T19:33:56.147+0000] {logging_mixin.py:188} INFO - [2024-03-09T19:33:56.146+0000] {dag.py:3834} INFO - Setting next_dagrun for example_subdag_operator.section-2 to None, run_after=None
[2024-03-09T19:33:56.151+0000] {logging_mixin.py:188} INFO - [2024-03-09T19:33:56.151+0000] {dag.py:3047} INFO - Sync 2 DAGs
[2024-03-09T19:33:56.154+0000] {logging_mixin.py:188} INFO - [2024-03-09T19:33:56.154+0000] {dag.py:3834} INFO - Setting next_dagrun for example_subdag_operator.section-1 to None, run_after=None
[2024-03-09T19:33:56.155+0000] {logging_mixin.py:188} INFO - [2024-03-09T19:33:56.154+0000] {dag.py:3834} INFO - Setting next_dagrun for example_subdag_operator.section-2 to None, run_after=None
[2024-03-09T19:33:56.167+0000] {processor.py:183} INFO - Processing /home/tin/miniconda3/envs/airflow/lib/python3.8/site-packages/airflow/example_dags/example_subdag_operator.py took 0.067 seconds
[2024-03-09T19:34:31.997+0000] {processor.py:161} INFO - Started process (PID=85703) to work on /home/tin/miniconda3/envs/airflow/lib/python3.8/site-packages/airflow/example_dags/example_subdag_operator.py
[2024-03-09T19:34:31.998+0000] {processor.py:830} INFO - Processing file /home/tin/miniconda3/envs/airflow/lib/python3.8/site-packages/airflow/example_dags/example_subdag_operator.py for tasks to queue
[2024-03-09T19:34:31.999+0000] {logging_mixin.py:188} INFO - [2024-03-09T19:34:31.999+0000] {dagbag.py:540} INFO - Filling up the DagBag from /home/tin/miniconda3/envs/airflow/lib/python3.8/site-packages/airflow/example_dags/example_subdag_operator.py
[2024-03-09T19:34:32.013+0000] {processor.py:840} INFO - DAG(s) 'example_subdag_operator.section-1', 'example_subdag_operator.section-2', 'example_subdag_operator' retrieved from /home/tin/miniconda3/envs/airflow/lib/python3.8/site-packages/airflow/example_dags/example_subdag_operator.py
[2024-03-09T19:34:32.025+0000] {logging_mixin.py:188} INFO - [2024-03-09T19:34:32.024+0000] {dag.py:3047} INFO - Sync 3 DAGs
[2024-03-09T19:34:32.039+0000] {logging_mixin.py:188} INFO - [2024-03-09T19:34:32.039+0000] {dag.py:3834} INFO - Setting next_dagrun for example_subdag_operator to 2022-01-01 00:00:00+00:00, run_after=2022-01-01 00:00:00+00:00
[2024-03-09T19:34:32.041+0000] {logging_mixin.py:188} INFO - [2024-03-09T19:34:32.041+0000] {dag.py:3834} INFO - Setting next_dagrun for example_subdag_operator.section-1 to None, run_after=None
[2024-03-09T19:34:32.042+0000] {logging_mixin.py:188} INFO - [2024-03-09T19:34:32.042+0000] {dag.py:3834} INFO - Setting next_dagrun for example_subdag_operator.section-2 to None, run_after=None
[2024-03-09T19:34:32.047+0000] {logging_mixin.py:188} INFO - [2024-03-09T19:34:32.047+0000] {dag.py:3047} INFO - Sync 2 DAGs
[2024-03-09T19:34:32.050+0000] {logging_mixin.py:188} INFO - [2024-03-09T19:34:32.050+0000] {dag.py:3834} INFO - Setting next_dagrun for example_subdag_operator.section-1 to None, run_after=None
[2024-03-09T19:34:32.051+0000] {logging_mixin.py:188} INFO - [2024-03-09T19:34:32.051+0000] {dag.py:3834} INFO - Setting next_dagrun for example_subdag_operator.section-2 to None, run_after=None
[2024-03-09T19:34:32.063+0000] {processor.py:183} INFO - Processing /home/tin/miniconda3/envs/airflow/lib/python3.8/site-packages/airflow/example_dags/example_subdag_operator.py took 0.068 seconds
[2024-03-09T19:35:21.772+0000] {processor.py:161} INFO - Started process (PID=85915) to work on /home/tin/miniconda3/envs/airflow/lib/python3.8/site-packages/airflow/example_dags/example_subdag_operator.py
[2024-03-09T19:35:21.774+0000] {processor.py:830} INFO - Processing file /home/tin/miniconda3/envs/airflow/lib/python3.8/site-packages/airflow/example_dags/example_subdag_operator.py for tasks to queue
[2024-03-09T19:35:21.775+0000] {logging_mixin.py:188} INFO - [2024-03-09T19:35:21.774+0000] {dagbag.py:540} INFO - Filling up the DagBag from /home/tin/miniconda3/envs/airflow/lib/python3.8/site-packages/airflow/example_dags/example_subdag_operator.py
[2024-03-09T19:35:21.789+0000] {processor.py:840} INFO - DAG(s) 'example_subdag_operator.section-1', 'example_subdag_operator.section-2', 'example_subdag_operator' retrieved from /home/tin/miniconda3/envs/airflow/lib/python3.8/site-packages/airflow/example_dags/example_subdag_operator.py
[2024-03-09T19:35:21.802+0000] {logging_mixin.py:188} INFO - [2024-03-09T19:35:21.802+0000] {dag.py:3047} INFO - Sync 3 DAGs
[2024-03-09T19:35:21.819+0000] {logging_mixin.py:188} INFO - [2024-03-09T19:35:21.818+0000] {dag.py:3834} INFO - Setting next_dagrun for example_subdag_operator to 2022-01-01 00:00:00+00:00, run_after=2022-01-01 00:00:00+00:00
[2024-03-09T19:35:21.822+0000] {logging_mixin.py:188} INFO - [2024-03-09T19:35:21.822+0000] {dag.py:3834} INFO - Setting next_dagrun for example_subdag_operator.section-1 to None, run_after=None
[2024-03-09T19:35:21.823+0000] {logging_mixin.py:188} INFO - [2024-03-09T19:35:21.823+0000] {dag.py:3834} INFO - Setting next_dagrun for example_subdag_operator.section-2 to None, run_after=None
[2024-03-09T19:35:21.828+0000] {logging_mixin.py:188} INFO - [2024-03-09T19:35:21.828+0000] {dag.py:3047} INFO - Sync 2 DAGs
[2024-03-09T19:35:21.832+0000] {logging_mixin.py:188} INFO - [2024-03-09T19:35:21.832+0000] {dag.py:3834} INFO - Setting next_dagrun for example_subdag_operator.section-1 to None, run_after=None
[2024-03-09T19:35:21.832+0000] {logging_mixin.py:188} INFO - [2024-03-09T19:35:21.832+0000] {dag.py:3834} INFO - Setting next_dagrun for example_subdag_operator.section-2 to None, run_after=None
[2024-03-09T19:35:21.847+0000] {processor.py:183} INFO - Processing /home/tin/miniconda3/envs/airflow/lib/python3.8/site-packages/airflow/example_dags/example_subdag_operator.py took 0.077 seconds
