[2024-03-09T19:28:36.955+0000] {processor.py:161} INFO - Started process (PID=84291) to work on /home/tin/miniconda3/envs/airflow/lib/python3.8/site-packages/airflow/example_dags/example_python_operator.py
[2024-03-09T19:28:36.956+0000] {processor.py:830} INFO - Processing file /home/tin/miniconda3/envs/airflow/lib/python3.8/site-packages/airflow/example_dags/example_python_operator.py for tasks to queue
[2024-03-09T19:28:36.957+0000] {logging_mixin.py:188} INFO - [2024-03-09T19:28:36.956+0000] {dagbag.py:540} INFO - Filling up the DagBag from /home/tin/miniconda3/envs/airflow/lib/python3.8/site-packages/airflow/example_dags/example_python_operator.py
[2024-03-09T19:28:36.962+0000] {logging_mixin.py:188} INFO - [2024-03-09T19:28:36.962+0000] {example_python_operator.py:88} WARNING - The virtalenv_python example task requires virtualenv, please install it.
[2024-03-09T19:28:36.962+0000] {processor.py:840} INFO - DAG(s) 'example_python_operator' retrieved from /home/tin/miniconda3/envs/airflow/lib/python3.8/site-packages/airflow/example_dags/example_python_operator.py
[2024-03-09T19:28:37.053+0000] {logging_mixin.py:188} INFO - [2024-03-09T19:28:37.052+0000] {override.py:1769} INFO - Created Permission View: can delete on DAG:example_python_operator
[2024-03-09T19:28:37.064+0000] {logging_mixin.py:188} INFO - [2024-03-09T19:28:37.064+0000] {override.py:1769} INFO - Created Permission View: can edit on DAG:example_python_operator
[2024-03-09T19:28:37.074+0000] {logging_mixin.py:188} INFO - [2024-03-09T19:28:37.073+0000] {override.py:1769} INFO - Created Permission View: can read on DAG:example_python_operator
[2024-03-09T19:28:37.074+0000] {logging_mixin.py:188} INFO - [2024-03-09T19:28:37.074+0000] {dag.py:3047} INFO - Sync 1 DAGs
[2024-03-09T19:28:37.084+0000] {logging_mixin.py:188} INFO - [2024-03-09T19:28:37.084+0000] {dag.py:3069} INFO - Creating ORM DAG for example_python_operator
[2024-03-09T19:28:37.085+0000] {logging_mixin.py:188} INFO - [2024-03-09T19:28:37.085+0000] {dag.py:3834} INFO - Setting next_dagrun for example_python_operator to None, run_after=None
[2024-03-09T19:28:37.105+0000] {processor.py:183} INFO - Processing /home/tin/miniconda3/envs/airflow/lib/python3.8/site-packages/airflow/example_dags/example_python_operator.py took 0.152 seconds
[2024-03-09T19:29:30.765+0000] {processor.py:161} INFO - Started process (PID=84612) to work on /home/tin/miniconda3/envs/airflow/lib/python3.8/site-packages/airflow/example_dags/example_python_operator.py
[2024-03-09T19:29:30.768+0000] {processor.py:830} INFO - Processing file /home/tin/miniconda3/envs/airflow/lib/python3.8/site-packages/airflow/example_dags/example_python_operator.py for tasks to queue
[2024-03-09T19:29:30.769+0000] {logging_mixin.py:188} INFO - [2024-03-09T19:29:30.768+0000] {dagbag.py:540} INFO - Filling up the DagBag from /home/tin/miniconda3/envs/airflow/lib/python3.8/site-packages/airflow/example_dags/example_python_operator.py
[2024-03-09T19:29:30.775+0000] {logging_mixin.py:188} INFO - [2024-03-09T19:29:30.775+0000] {example_python_operator.py:88} WARNING - The virtalenv_python example task requires virtualenv, please install it.
[2024-03-09T19:29:30.776+0000] {processor.py:840} INFO - DAG(s) 'example_python_operator' retrieved from /home/tin/miniconda3/envs/airflow/lib/python3.8/site-packages/airflow/example_dags/example_python_operator.py
[2024-03-09T19:29:30.791+0000] {logging_mixin.py:188} INFO - [2024-03-09T19:29:30.791+0000] {dag.py:3047} INFO - Sync 1 DAGs
[2024-03-09T19:29:30.801+0000] {logging_mixin.py:188} INFO - [2024-03-09T19:29:30.800+0000] {dag.py:3834} INFO - Setting next_dagrun for example_python_operator to None, run_after=None
[2024-03-09T19:29:30.820+0000] {processor.py:183} INFO - Processing /home/tin/miniconda3/envs/airflow/lib/python3.8/site-packages/airflow/example_dags/example_python_operator.py took 0.057 seconds
[2024-03-09T19:30:18.046+0000] {processor.py:161} INFO - Started process (PID=84788) to work on /home/tin/miniconda3/envs/airflow/lib/python3.8/site-packages/airflow/example_dags/example_python_operator.py
[2024-03-09T19:30:18.048+0000] {processor.py:830} INFO - Processing file /home/tin/miniconda3/envs/airflow/lib/python3.8/site-packages/airflow/example_dags/example_python_operator.py for tasks to queue
[2024-03-09T19:30:18.049+0000] {logging_mixin.py:188} INFO - [2024-03-09T19:30:18.049+0000] {dagbag.py:540} INFO - Filling up the DagBag from /home/tin/miniconda3/envs/airflow/lib/python3.8/site-packages/airflow/example_dags/example_python_operator.py
[2024-03-09T19:30:18.054+0000] {logging_mixin.py:188} INFO - [2024-03-09T19:30:18.054+0000] {example_python_operator.py:88} WARNING - The virtalenv_python example task requires virtualenv, please install it.
[2024-03-09T19:30:18.054+0000] {processor.py:840} INFO - DAG(s) 'example_python_operator' retrieved from /home/tin/miniconda3/envs/airflow/lib/python3.8/site-packages/airflow/example_dags/example_python_operator.py
[2024-03-09T19:30:18.067+0000] {logging_mixin.py:188} INFO - [2024-03-09T19:30:18.066+0000] {dag.py:3047} INFO - Sync 1 DAGs
[2024-03-09T19:30:18.157+0000] {logging_mixin.py:188} INFO - [2024-03-09T19:30:18.157+0000] {dag.py:3834} INFO - Setting next_dagrun for example_python_operator to None, run_after=None
[2024-03-09T19:30:18.178+0000] {processor.py:183} INFO - Processing /home/tin/miniconda3/envs/airflow/lib/python3.8/site-packages/airflow/example_dags/example_python_operator.py took 0.134 seconds
[2024-03-09T19:31:00.848+0000] {processor.py:161} INFO - Started process (PID=84922) to work on /home/tin/miniconda3/envs/airflow/lib/python3.8/site-packages/airflow/example_dags/example_python_operator.py
[2024-03-09T19:31:00.849+0000] {processor.py:830} INFO - Processing file /home/tin/miniconda3/envs/airflow/lib/python3.8/site-packages/airflow/example_dags/example_python_operator.py for tasks to queue
[2024-03-09T19:31:00.850+0000] {logging_mixin.py:188} INFO - [2024-03-09T19:31:00.850+0000] {dagbag.py:540} INFO - Filling up the DagBag from /home/tin/miniconda3/envs/airflow/lib/python3.8/site-packages/airflow/example_dags/example_python_operator.py
[2024-03-09T19:31:00.855+0000] {logging_mixin.py:188} INFO - [2024-03-09T19:31:00.855+0000] {example_python_operator.py:88} WARNING - The virtalenv_python example task requires virtualenv, please install it.
[2024-03-09T19:31:00.856+0000] {processor.py:840} INFO - DAG(s) 'example_python_operator' retrieved from /home/tin/miniconda3/envs/airflow/lib/python3.8/site-packages/airflow/example_dags/example_python_operator.py
[2024-03-09T19:31:00.870+0000] {logging_mixin.py:188} INFO - [2024-03-09T19:31:00.869+0000] {dag.py:3047} INFO - Sync 1 DAGs
[2024-03-09T19:31:00.881+0000] {logging_mixin.py:188} INFO - [2024-03-09T19:31:00.881+0000] {dag.py:3834} INFO - Setting next_dagrun for example_python_operator to None, run_after=None
[2024-03-09T19:31:00.908+0000] {processor.py:183} INFO - Processing /home/tin/miniconda3/envs/airflow/lib/python3.8/site-packages/airflow/example_dags/example_python_operator.py took 0.062 seconds
[2024-03-09T19:31:37.069+0000] {processor.py:161} INFO - Started process (PID=85013) to work on /home/tin/miniconda3/envs/airflow/lib/python3.8/site-packages/airflow/example_dags/example_python_operator.py
[2024-03-09T19:31:37.070+0000] {processor.py:830} INFO - Processing file /home/tin/miniconda3/envs/airflow/lib/python3.8/site-packages/airflow/example_dags/example_python_operator.py for tasks to queue
[2024-03-09T19:31:37.072+0000] {logging_mixin.py:188} INFO - [2024-03-09T19:31:37.072+0000] {dagbag.py:540} INFO - Filling up the DagBag from /home/tin/miniconda3/envs/airflow/lib/python3.8/site-packages/airflow/example_dags/example_python_operator.py
[2024-03-09T19:31:37.079+0000] {logging_mixin.py:188} INFO - [2024-03-09T19:31:37.079+0000] {example_python_operator.py:88} WARNING - The virtalenv_python example task requires virtualenv, please install it.
[2024-03-09T19:31:37.080+0000] {processor.py:840} INFO - DAG(s) 'example_python_operator' retrieved from /home/tin/miniconda3/envs/airflow/lib/python3.8/site-packages/airflow/example_dags/example_python_operator.py
[2024-03-09T19:31:37.097+0000] {logging_mixin.py:188} INFO - [2024-03-09T19:31:37.097+0000] {dag.py:3047} INFO - Sync 1 DAGs
[2024-03-09T19:31:37.110+0000] {logging_mixin.py:188} INFO - [2024-03-09T19:31:37.109+0000] {dag.py:3834} INFO - Setting next_dagrun for example_python_operator to None, run_after=None
[2024-03-09T19:31:37.135+0000] {processor.py:183} INFO - Processing /home/tin/miniconda3/envs/airflow/lib/python3.8/site-packages/airflow/example_dags/example_python_operator.py took 0.069 seconds
[2024-03-09T19:32:16.588+0000] {processor.py:161} INFO - Started process (PID=85160) to work on /home/tin/miniconda3/envs/airflow/lib/python3.8/site-packages/airflow/example_dags/example_python_operator.py
[2024-03-09T19:32:16.592+0000] {processor.py:830} INFO - Processing file /home/tin/miniconda3/envs/airflow/lib/python3.8/site-packages/airflow/example_dags/example_python_operator.py for tasks to queue
[2024-03-09T19:32:16.593+0000] {logging_mixin.py:188} INFO - [2024-03-09T19:32:16.592+0000] {dagbag.py:540} INFO - Filling up the DagBag from /home/tin/miniconda3/envs/airflow/lib/python3.8/site-packages/airflow/example_dags/example_python_operator.py
[2024-03-09T19:32:16.598+0000] {logging_mixin.py:188} INFO - [2024-03-09T19:32:16.598+0000] {example_python_operator.py:88} WARNING - The virtalenv_python example task requires virtualenv, please install it.
[2024-03-09T19:32:16.599+0000] {processor.py:840} INFO - DAG(s) 'example_python_operator' retrieved from /home/tin/miniconda3/envs/airflow/lib/python3.8/site-packages/airflow/example_dags/example_python_operator.py
[2024-03-09T19:32:16.610+0000] {logging_mixin.py:188} INFO - [2024-03-09T19:32:16.610+0000] {dag.py:3047} INFO - Sync 1 DAGs
[2024-03-09T19:32:16.619+0000] {logging_mixin.py:188} INFO - [2024-03-09T19:32:16.618+0000] {dag.py:3834} INFO - Setting next_dagrun for example_python_operator to None, run_after=None
[2024-03-09T19:32:16.636+0000] {processor.py:183} INFO - Processing /home/tin/miniconda3/envs/airflow/lib/python3.8/site-packages/airflow/example_dags/example_python_operator.py took 0.051 seconds
[2024-03-09T19:33:07.880+0000] {processor.py:161} INFO - Started process (PID=85418) to work on /home/tin/miniconda3/envs/airflow/lib/python3.8/site-packages/airflow/example_dags/example_python_operator.py
[2024-03-09T19:33:07.881+0000] {processor.py:830} INFO - Processing file /home/tin/miniconda3/envs/airflow/lib/python3.8/site-packages/airflow/example_dags/example_python_operator.py for tasks to queue
[2024-03-09T19:33:07.882+0000] {logging_mixin.py:188} INFO - [2024-03-09T19:33:07.882+0000] {dagbag.py:540} INFO - Filling up the DagBag from /home/tin/miniconda3/envs/airflow/lib/python3.8/site-packages/airflow/example_dags/example_python_operator.py
[2024-03-09T19:33:07.890+0000] {processor.py:840} INFO - DAG(s) 'example_python_operator' retrieved from /home/tin/miniconda3/envs/airflow/lib/python3.8/site-packages/airflow/example_dags/example_python_operator.py
[2024-03-09T19:33:07.960+0000] {logging_mixin.py:188} INFO - [2024-03-09T19:33:07.960+0000] {dag.py:3047} INFO - Sync 1 DAGs
[2024-03-09T19:33:07.970+0000] {logging_mixin.py:188} INFO - [2024-03-09T19:33:07.970+0000] {dag.py:3834} INFO - Setting next_dagrun for example_python_operator to None, run_after=None
[2024-03-09T19:33:08.000+0000] {processor.py:183} INFO - Processing /home/tin/miniconda3/envs/airflow/lib/python3.8/site-packages/airflow/example_dags/example_python_operator.py took 0.123 seconds
[2024-03-09T19:33:57.245+0000] {processor.py:161} INFO - Started process (PID=85589) to work on /home/tin/miniconda3/envs/airflow/lib/python3.8/site-packages/airflow/example_dags/example_python_operator.py
[2024-03-09T19:33:57.247+0000] {processor.py:830} INFO - Processing file /home/tin/miniconda3/envs/airflow/lib/python3.8/site-packages/airflow/example_dags/example_python_operator.py for tasks to queue
[2024-03-09T19:33:57.247+0000] {logging_mixin.py:188} INFO - [2024-03-09T19:33:57.247+0000] {dagbag.py:540} INFO - Filling up the DagBag from /home/tin/miniconda3/envs/airflow/lib/python3.8/site-packages/airflow/example_dags/example_python_operator.py
[2024-03-09T19:33:57.255+0000] {processor.py:840} INFO - DAG(s) 'example_python_operator' retrieved from /home/tin/miniconda3/envs/airflow/lib/python3.8/site-packages/airflow/example_dags/example_python_operator.py
[2024-03-09T19:33:57.269+0000] {logging_mixin.py:188} INFO - [2024-03-09T19:33:57.268+0000] {dag.py:3047} INFO - Sync 1 DAGs
[2024-03-09T19:33:57.277+0000] {logging_mixin.py:188} INFO - [2024-03-09T19:33:57.277+0000] {dag.py:3834} INFO - Setting next_dagrun for example_python_operator to None, run_after=None
[2024-03-09T19:33:57.295+0000] {processor.py:183} INFO - Processing /home/tin/miniconda3/envs/airflow/lib/python3.8/site-packages/airflow/example_dags/example_python_operator.py took 0.052 seconds
[2024-03-09T19:34:33.140+0000] {processor.py:161} INFO - Started process (PID=85704) to work on /home/tin/miniconda3/envs/airflow/lib/python3.8/site-packages/airflow/example_dags/example_python_operator.py
[2024-03-09T19:34:33.142+0000] {processor.py:830} INFO - Processing file /home/tin/miniconda3/envs/airflow/lib/python3.8/site-packages/airflow/example_dags/example_python_operator.py for tasks to queue
[2024-03-09T19:34:33.143+0000] {logging_mixin.py:188} INFO - [2024-03-09T19:34:33.142+0000] {dagbag.py:540} INFO - Filling up the DagBag from /home/tin/miniconda3/envs/airflow/lib/python3.8/site-packages/airflow/example_dags/example_python_operator.py
[2024-03-09T19:34:33.151+0000] {processor.py:840} INFO - DAG(s) 'example_python_operator' retrieved from /home/tin/miniconda3/envs/airflow/lib/python3.8/site-packages/airflow/example_dags/example_python_operator.py
[2024-03-09T19:34:33.166+0000] {logging_mixin.py:188} INFO - [2024-03-09T19:34:33.165+0000] {dag.py:3047} INFO - Sync 1 DAGs
[2024-03-09T19:34:33.176+0000] {logging_mixin.py:188} INFO - [2024-03-09T19:34:33.175+0000] {dag.py:3834} INFO - Setting next_dagrun for example_python_operator to None, run_after=None
[2024-03-09T19:34:33.195+0000] {processor.py:183} INFO - Processing /home/tin/miniconda3/envs/airflow/lib/python3.8/site-packages/airflow/example_dags/example_python_operator.py took 0.058 seconds
[2024-03-09T19:35:22.907+0000] {processor.py:161} INFO - Started process (PID=85917) to work on /home/tin/miniconda3/envs/airflow/lib/python3.8/site-packages/airflow/example_dags/example_python_operator.py
[2024-03-09T19:35:22.908+0000] {processor.py:830} INFO - Processing file /home/tin/miniconda3/envs/airflow/lib/python3.8/site-packages/airflow/example_dags/example_python_operator.py for tasks to queue
[2024-03-09T19:35:22.909+0000] {logging_mixin.py:188} INFO - [2024-03-09T19:35:22.909+0000] {dagbag.py:540} INFO - Filling up the DagBag from /home/tin/miniconda3/envs/airflow/lib/python3.8/site-packages/airflow/example_dags/example_python_operator.py
[2024-03-09T19:35:22.917+0000] {processor.py:840} INFO - DAG(s) 'example_python_operator' retrieved from /home/tin/miniconda3/envs/airflow/lib/python3.8/site-packages/airflow/example_dags/example_python_operator.py
[2024-03-09T19:35:22.931+0000] {logging_mixin.py:188} INFO - [2024-03-09T19:35:22.931+0000] {dag.py:3047} INFO - Sync 1 DAGs
[2024-03-09T19:35:22.940+0000] {logging_mixin.py:188} INFO - [2024-03-09T19:35:22.940+0000] {dag.py:3834} INFO - Setting next_dagrun for example_python_operator to None, run_after=None
[2024-03-09T19:35:22.961+0000] {processor.py:183} INFO - Processing /home/tin/miniconda3/envs/airflow/lib/python3.8/site-packages/airflow/example_dags/example_python_operator.py took 0.057 seconds
