[2024-03-09T19:29:00.687+0000] {processor.py:161} INFO - Started process (PID=84485) to work on /home/tin/miniconda3/envs/airflow/lib/python3.8/site-packages/airflow/example_dags/example_dynamic_task_mapping.py
[2024-03-09T19:29:00.688+0000] {processor.py:830} INFO - Processing file /home/tin/miniconda3/envs/airflow/lib/python3.8/site-packages/airflow/example_dags/example_dynamic_task_mapping.py for tasks to queue
[2024-03-09T19:29:00.689+0000] {logging_mixin.py:188} INFO - [2024-03-09T19:29:00.688+0000] {dagbag.py:540} INFO - Filling up the DagBag from /home/tin/miniconda3/envs/airflow/lib/python3.8/site-packages/airflow/example_dags/example_dynamic_task_mapping.py
[2024-03-09T19:29:00.694+0000] {processor.py:840} INFO - DAG(s) 'example_dynamic_task_mapping' retrieved from /home/tin/miniconda3/envs/airflow/lib/python3.8/site-packages/airflow/example_dags/example_dynamic_task_mapping.py
[2024-03-09T19:29:00.775+0000] {logging_mixin.py:188} INFO - [2024-03-09T19:29:00.774+0000] {override.py:1769} INFO - Created Permission View: can delete on DAG:example_dynamic_task_mapping
[2024-03-09T19:29:00.787+0000] {logging_mixin.py:188} INFO - [2024-03-09T19:29:00.787+0000] {override.py:1769} INFO - Created Permission View: can edit on DAG:example_dynamic_task_mapping
[2024-03-09T19:29:00.794+0000] {logging_mixin.py:188} INFO - [2024-03-09T19:29:00.794+0000] {override.py:1769} INFO - Created Permission View: can read on DAG:example_dynamic_task_mapping
[2024-03-09T19:29:00.795+0000] {logging_mixin.py:188} INFO - [2024-03-09T19:29:00.794+0000] {dag.py:3047} INFO - Sync 1 DAGs
[2024-03-09T19:29:00.803+0000] {logging_mixin.py:188} INFO - [2024-03-09T19:29:00.803+0000] {dag.py:3069} INFO - Creating ORM DAG for example_dynamic_task_mapping
[2024-03-09T19:29:00.908+0000] {logging_mixin.py:188} INFO - [2024-03-09T19:29:00.908+0000] {dag.py:3834} INFO - Setting next_dagrun for example_dynamic_task_mapping to 2022-03-04 00:00:00+00:00, run_after=2022-03-05 00:00:00+00:00
[2024-03-09T19:29:00.928+0000] {processor.py:183} INFO - Processing /home/tin/miniconda3/envs/airflow/lib/python3.8/site-packages/airflow/example_dags/example_dynamic_task_mapping.py took 0.243 seconds
[2024-03-09T19:29:50.202+0000] {processor.py:161} INFO - Started process (PID=84679) to work on /home/tin/miniconda3/envs/airflow/lib/python3.8/site-packages/airflow/example_dags/example_dynamic_task_mapping.py
[2024-03-09T19:29:50.204+0000] {processor.py:830} INFO - Processing file /home/tin/miniconda3/envs/airflow/lib/python3.8/site-packages/airflow/example_dags/example_dynamic_task_mapping.py for tasks to queue
[2024-03-09T19:29:50.205+0000] {logging_mixin.py:188} INFO - [2024-03-09T19:29:50.205+0000] {dagbag.py:540} INFO - Filling up the DagBag from /home/tin/miniconda3/envs/airflow/lib/python3.8/site-packages/airflow/example_dags/example_dynamic_task_mapping.py
[2024-03-09T19:29:50.211+0000] {processor.py:840} INFO - DAG(s) 'example_dynamic_task_mapping' retrieved from /home/tin/miniconda3/envs/airflow/lib/python3.8/site-packages/airflow/example_dags/example_dynamic_task_mapping.py
[2024-03-09T19:29:50.225+0000] {logging_mixin.py:188} INFO - [2024-03-09T19:29:50.225+0000] {dag.py:3047} INFO - Sync 1 DAGs
[2024-03-09T19:29:50.241+0000] {logging_mixin.py:188} INFO - [2024-03-09T19:29:50.241+0000] {dag.py:3834} INFO - Setting next_dagrun for example_dynamic_task_mapping to 2022-03-04 00:00:00+00:00, run_after=2022-03-05 00:00:00+00:00
[2024-03-09T19:29:50.261+0000] {processor.py:183} INFO - Processing /home/tin/miniconda3/envs/airflow/lib/python3.8/site-packages/airflow/example_dags/example_dynamic_task_mapping.py took 0.061 seconds
[2024-03-09T19:30:50.455+0000] {processor.py:161} INFO - Started process (PID=84906) to work on /home/tin/miniconda3/envs/airflow/lib/python3.8/site-packages/airflow/example_dags/example_dynamic_task_mapping.py
[2024-03-09T19:30:50.457+0000] {processor.py:830} INFO - Processing file /home/tin/miniconda3/envs/airflow/lib/python3.8/site-packages/airflow/example_dags/example_dynamic_task_mapping.py for tasks to queue
[2024-03-09T19:30:50.457+0000] {logging_mixin.py:188} INFO - [2024-03-09T19:30:50.457+0000] {dagbag.py:540} INFO - Filling up the DagBag from /home/tin/miniconda3/envs/airflow/lib/python3.8/site-packages/airflow/example_dags/example_dynamic_task_mapping.py
[2024-03-09T19:30:50.548+0000] {processor.py:840} INFO - DAG(s) 'example_dynamic_task_mapping' retrieved from /home/tin/miniconda3/envs/airflow/lib/python3.8/site-packages/airflow/example_dags/example_dynamic_task_mapping.py
[2024-03-09T19:30:50.556+0000] {logging_mixin.py:188} INFO - [2024-03-09T19:30:50.556+0000] {dag.py:3047} INFO - Sync 1 DAGs
[2024-03-09T19:30:50.568+0000] {logging_mixin.py:188} INFO - [2024-03-09T19:30:50.568+0000] {dag.py:3834} INFO - Setting next_dagrun for example_dynamic_task_mapping to 2022-03-04 00:00:00+00:00, run_after=2022-03-05 00:00:00+00:00
[2024-03-09T19:30:50.588+0000] {processor.py:183} INFO - Processing /home/tin/miniconda3/envs/airflow/lib/python3.8/site-packages/airflow/example_dags/example_dynamic_task_mapping.py took 0.135 seconds
[2024-03-09T19:31:43.342+0000] {processor.py:161} INFO - Started process (PID=85056) to work on /home/tin/miniconda3/envs/airflow/lib/python3.8/site-packages/airflow/example_dags/example_dynamic_task_mapping.py
[2024-03-09T19:31:43.361+0000] {processor.py:830} INFO - Processing file /home/tin/miniconda3/envs/airflow/lib/python3.8/site-packages/airflow/example_dags/example_dynamic_task_mapping.py for tasks to queue
[2024-03-09T19:31:43.362+0000] {logging_mixin.py:188} INFO - [2024-03-09T19:31:43.362+0000] {dagbag.py:540} INFO - Filling up the DagBag from /home/tin/miniconda3/envs/airflow/lib/python3.8/site-packages/airflow/example_dags/example_dynamic_task_mapping.py
[2024-03-09T19:31:43.405+0000] {processor.py:840} INFO - DAG(s) 'example_dynamic_task_mapping' retrieved from /home/tin/miniconda3/envs/airflow/lib/python3.8/site-packages/airflow/example_dags/example_dynamic_task_mapping.py
[2024-03-09T19:31:43.444+0000] {logging_mixin.py:188} INFO - [2024-03-09T19:31:43.443+0000] {dag.py:3047} INFO - Sync 1 DAGs
[2024-03-09T19:31:43.504+0000] {logging_mixin.py:188} INFO - [2024-03-09T19:31:43.504+0000] {dag.py:3834} INFO - Setting next_dagrun for example_dynamic_task_mapping to 2022-03-04 00:00:00+00:00, run_after=2022-03-05 00:00:00+00:00
[2024-03-09T19:31:43.557+0000] {processor.py:183} INFO - Processing /home/tin/miniconda3/envs/airflow/lib/python3.8/site-packages/airflow/example_dags/example_dynamic_task_mapping.py took 0.218 seconds
[2024-03-09T19:32:33.549+0000] {processor.py:161} INFO - Started process (PID=85193) to work on /home/tin/miniconda3/envs/airflow/lib/python3.8/site-packages/airflow/example_dags/example_dynamic_task_mapping.py
[2024-03-09T19:32:33.557+0000] {processor.py:830} INFO - Processing file /home/tin/miniconda3/envs/airflow/lib/python3.8/site-packages/airflow/example_dags/example_dynamic_task_mapping.py for tasks to queue
[2024-03-09T19:32:33.558+0000] {logging_mixin.py:188} INFO - [2024-03-09T19:32:33.558+0000] {dagbag.py:540} INFO - Filling up the DagBag from /home/tin/miniconda3/envs/airflow/lib/python3.8/site-packages/airflow/example_dags/example_dynamic_task_mapping.py
[2024-03-09T19:32:33.563+0000] {processor.py:840} INFO - DAG(s) 'example_dynamic_task_mapping' retrieved from /home/tin/miniconda3/envs/airflow/lib/python3.8/site-packages/airflow/example_dags/example_dynamic_task_mapping.py
[2024-03-09T19:32:33.574+0000] {logging_mixin.py:188} INFO - [2024-03-09T19:32:33.574+0000] {dag.py:3047} INFO - Sync 1 DAGs
[2024-03-09T19:32:33.589+0000] {logging_mixin.py:188} INFO - [2024-03-09T19:32:33.589+0000] {dag.py:3834} INFO - Setting next_dagrun for example_dynamic_task_mapping to 2022-03-04 00:00:00+00:00, run_after=2022-03-05 00:00:00+00:00
[2024-03-09T19:32:33.608+0000] {processor.py:183} INFO - Processing /home/tin/miniconda3/envs/airflow/lib/python3.8/site-packages/airflow/example_dags/example_dynamic_task_mapping.py took 0.062 seconds
[2024-03-09T19:33:28.607+0000] {processor.py:161} INFO - Started process (PID=85538) to work on /home/tin/miniconda3/envs/airflow/lib/python3.8/site-packages/airflow/example_dags/example_dynamic_task_mapping.py
[2024-03-09T19:33:28.609+0000] {processor.py:830} INFO - Processing file /home/tin/miniconda3/envs/airflow/lib/python3.8/site-packages/airflow/example_dags/example_dynamic_task_mapping.py for tasks to queue
[2024-03-09T19:33:28.610+0000] {logging_mixin.py:188} INFO - [2024-03-09T19:33:28.610+0000] {dagbag.py:540} INFO - Filling up the DagBag from /home/tin/miniconda3/envs/airflow/lib/python3.8/site-packages/airflow/example_dags/example_dynamic_task_mapping.py
[2024-03-09T19:33:28.615+0000] {processor.py:840} INFO - DAG(s) 'example_dynamic_task_mapping' retrieved from /home/tin/miniconda3/envs/airflow/lib/python3.8/site-packages/airflow/example_dags/example_dynamic_task_mapping.py
[2024-03-09T19:33:28.626+0000] {logging_mixin.py:188} INFO - [2024-03-09T19:33:28.625+0000] {dag.py:3047} INFO - Sync 1 DAGs
[2024-03-09T19:33:28.640+0000] {logging_mixin.py:188} INFO - [2024-03-09T19:33:28.639+0000] {dag.py:3834} INFO - Setting next_dagrun for example_dynamic_task_mapping to 2022-03-04 00:00:00+00:00, run_after=2022-03-05 00:00:00+00:00
[2024-03-09T19:33:28.657+0000] {processor.py:183} INFO - Processing /home/tin/miniconda3/envs/airflow/lib/python3.8/site-packages/airflow/example_dags/example_dynamic_task_mapping.py took 0.052 seconds
[2024-03-09T19:34:21.712+0000] {processor.py:161} INFO - Started process (PID=85658) to work on /home/tin/miniconda3/envs/airflow/lib/python3.8/site-packages/airflow/example_dags/example_dynamic_task_mapping.py
[2024-03-09T19:34:21.713+0000] {processor.py:830} INFO - Processing file /home/tin/miniconda3/envs/airflow/lib/python3.8/site-packages/airflow/example_dags/example_dynamic_task_mapping.py for tasks to queue
[2024-03-09T19:34:21.714+0000] {logging_mixin.py:188} INFO - [2024-03-09T19:34:21.714+0000] {dagbag.py:540} INFO - Filling up the DagBag from /home/tin/miniconda3/envs/airflow/lib/python3.8/site-packages/airflow/example_dags/example_dynamic_task_mapping.py
[2024-03-09T19:34:21.720+0000] {processor.py:840} INFO - DAG(s) 'example_dynamic_task_mapping' retrieved from /home/tin/miniconda3/envs/airflow/lib/python3.8/site-packages/airflow/example_dags/example_dynamic_task_mapping.py
[2024-03-09T19:34:21.731+0000] {logging_mixin.py:188} INFO - [2024-03-09T19:34:21.731+0000] {dag.py:3047} INFO - Sync 1 DAGs
[2024-03-09T19:34:21.746+0000] {logging_mixin.py:188} INFO - [2024-03-09T19:34:21.745+0000] {dag.py:3834} INFO - Setting next_dagrun for example_dynamic_task_mapping to 2022-03-04 00:00:00+00:00, run_after=2022-03-05 00:00:00+00:00
[2024-03-09T19:34:21.764+0000] {processor.py:183} INFO - Processing /home/tin/miniconda3/envs/airflow/lib/python3.8/site-packages/airflow/example_dags/example_dynamic_task_mapping.py took 0.054 seconds
[2024-03-09T19:35:08.940+0000] {processor.py:161} INFO - Started process (PID=85890) to work on /home/tin/miniconda3/envs/airflow/lib/python3.8/site-packages/airflow/example_dags/example_dynamic_task_mapping.py
[2024-03-09T19:35:08.941+0000] {processor.py:830} INFO - Processing file /home/tin/miniconda3/envs/airflow/lib/python3.8/site-packages/airflow/example_dags/example_dynamic_task_mapping.py for tasks to queue
[2024-03-09T19:35:08.942+0000] {logging_mixin.py:188} INFO - [2024-03-09T19:35:08.942+0000] {dagbag.py:540} INFO - Filling up the DagBag from /home/tin/miniconda3/envs/airflow/lib/python3.8/site-packages/airflow/example_dags/example_dynamic_task_mapping.py
[2024-03-09T19:35:08.948+0000] {processor.py:840} INFO - DAG(s) 'example_dynamic_task_mapping' retrieved from /home/tin/miniconda3/envs/airflow/lib/python3.8/site-packages/airflow/example_dags/example_dynamic_task_mapping.py
[2024-03-09T19:35:08.959+0000] {logging_mixin.py:188} INFO - [2024-03-09T19:35:08.959+0000] {dag.py:3047} INFO - Sync 1 DAGs
[2024-03-09T19:35:08.973+0000] {logging_mixin.py:188} INFO - [2024-03-09T19:35:08.973+0000] {dag.py:3834} INFO - Setting next_dagrun for example_dynamic_task_mapping to 2022-03-04 00:00:00+00:00, run_after=2022-03-05 00:00:00+00:00
[2024-03-09T19:35:08.991+0000] {processor.py:183} INFO - Processing /home/tin/miniconda3/envs/airflow/lib/python3.8/site-packages/airflow/example_dags/example_dynamic_task_mapping.py took 0.054 seconds
