[2024-03-09T19:29:09.188+0000] {processor.py:161} INFO - Started process (PID=84531) to work on /home/tin/miniconda3/envs/airflow/lib/python3.8/site-packages/airflow/example_dags/example_branch_python_dop_operator_3.py
[2024-03-09T19:29:09.191+0000] {processor.py:830} INFO - Processing file /home/tin/miniconda3/envs/airflow/lib/python3.8/site-packages/airflow/example_dags/example_branch_python_dop_operator_3.py for tasks to queue
[2024-03-09T19:29:09.194+0000] {logging_mixin.py:188} INFO - [2024-03-09T19:29:09.193+0000] {dagbag.py:540} INFO - Filling up the DagBag from /home/tin/miniconda3/envs/airflow/lib/python3.8/site-packages/airflow/example_dags/example_branch_python_dop_operator_3.py
[2024-03-09T19:29:09.218+0000] {processor.py:840} INFO - DAG(s) 'example_branch_dop_operator_v3' retrieved from /home/tin/miniconda3/envs/airflow/lib/python3.8/site-packages/airflow/example_dags/example_branch_python_dop_operator_3.py
[2024-03-09T19:29:09.443+0000] {logging_mixin.py:188} INFO - [2024-03-09T19:29:09.441+0000] {override.py:1769} INFO - Created Permission View: can delete on DAG:example_branch_dop_operator_v3
[2024-03-09T19:29:09.475+0000] {logging_mixin.py:188} INFO - [2024-03-09T19:29:09.474+0000] {override.py:1769} INFO - Created Permission View: can edit on DAG:example_branch_dop_operator_v3
[2024-03-09T19:29:09.493+0000] {logging_mixin.py:188} INFO - [2024-03-09T19:29:09.492+0000] {override.py:1769} INFO - Created Permission View: can read on DAG:example_branch_dop_operator_v3
[2024-03-09T19:29:09.495+0000] {logging_mixin.py:188} INFO - [2024-03-09T19:29:09.495+0000] {dag.py:3047} INFO - Sync 1 DAGs
[2024-03-09T19:29:09.748+0000] {logging_mixin.py:188} INFO - [2024-03-09T19:29:09.748+0000] {dag.py:3069} INFO - Creating ORM DAG for example_branch_dop_operator_v3
[2024-03-09T19:29:09.766+0000] {logging_mixin.py:188} INFO - [2024-03-09T19:29:09.766+0000] {dag.py:3834} INFO - Setting next_dagrun for example_branch_dop_operator_v3 to 2024-03-09 19:28:00+00:00, run_after=2024-03-09 19:29:00+00:00
[2024-03-09T19:29:09.802+0000] {processor.py:183} INFO - Processing /home/tin/miniconda3/envs/airflow/lib/python3.8/site-packages/airflow/example_dags/example_branch_python_dop_operator_3.py took 0.624 seconds
[2024-03-09T19:29:56.343+0000] {processor.py:161} INFO - Started process (PID=84731) to work on /home/tin/miniconda3/envs/airflow/lib/python3.8/site-packages/airflow/example_dags/example_branch_python_dop_operator_3.py
[2024-03-09T19:29:56.345+0000] {processor.py:830} INFO - Processing file /home/tin/miniconda3/envs/airflow/lib/python3.8/site-packages/airflow/example_dags/example_branch_python_dop_operator_3.py for tasks to queue
[2024-03-09T19:29:56.345+0000] {logging_mixin.py:188} INFO - [2024-03-09T19:29:56.345+0000] {dagbag.py:540} INFO - Filling up the DagBag from /home/tin/miniconda3/envs/airflow/lib/python3.8/site-packages/airflow/example_dags/example_branch_python_dop_operator_3.py
[2024-03-09T19:29:56.352+0000] {processor.py:840} INFO - DAG(s) 'example_branch_dop_operator_v3' retrieved from /home/tin/miniconda3/envs/airflow/lib/python3.8/site-packages/airflow/example_dags/example_branch_python_dop_operator_3.py
[2024-03-09T19:29:56.363+0000] {logging_mixin.py:188} INFO - [2024-03-09T19:29:56.363+0000] {dag.py:3047} INFO - Sync 1 DAGs
[2024-03-09T19:29:56.381+0000] {logging_mixin.py:188} INFO - [2024-03-09T19:29:56.380+0000] {dag.py:3834} INFO - Setting next_dagrun for example_branch_dop_operator_v3 to 2024-03-09 19:28:00+00:00, run_after=2024-03-09 19:29:00+00:00
[2024-03-09T19:29:56.496+0000] {processor.py:183} INFO - Processing /home/tin/miniconda3/envs/airflow/lib/python3.8/site-packages/airflow/example_dags/example_branch_python_dop_operator_3.py took 0.155 seconds
[2024-03-09T19:30:55.942+0000] {processor.py:161} INFO - Started process (PID=84917) to work on /home/tin/miniconda3/envs/airflow/lib/python3.8/site-packages/airflow/example_dags/example_branch_python_dop_operator_3.py
[2024-03-09T19:30:55.944+0000] {processor.py:830} INFO - Processing file /home/tin/miniconda3/envs/airflow/lib/python3.8/site-packages/airflow/example_dags/example_branch_python_dop_operator_3.py for tasks to queue
[2024-03-09T19:30:55.945+0000] {logging_mixin.py:188} INFO - [2024-03-09T19:30:55.944+0000] {dagbag.py:540} INFO - Filling up the DagBag from /home/tin/miniconda3/envs/airflow/lib/python3.8/site-packages/airflow/example_dags/example_branch_python_dop_operator_3.py
[2024-03-09T19:30:55.951+0000] {processor.py:840} INFO - DAG(s) 'example_branch_dop_operator_v3' retrieved from /home/tin/miniconda3/envs/airflow/lib/python3.8/site-packages/airflow/example_dags/example_branch_python_dop_operator_3.py
[2024-03-09T19:30:55.962+0000] {logging_mixin.py:188} INFO - [2024-03-09T19:30:55.962+0000] {dag.py:3047} INFO - Sync 1 DAGs
[2024-03-09T19:30:55.979+0000] {logging_mixin.py:188} INFO - [2024-03-09T19:30:55.979+0000] {dag.py:3834} INFO - Setting next_dagrun for example_branch_dop_operator_v3 to 2024-03-09 19:29:00+00:00, run_after=2024-03-09 19:30:00+00:00
[2024-03-09T19:30:55.998+0000] {processor.py:183} INFO - Processing /home/tin/miniconda3/envs/airflow/lib/python3.8/site-packages/airflow/example_dags/example_branch_python_dop_operator_3.py took 0.058 seconds
[2024-03-09T19:31:50.872+0000] {processor.py:161} INFO - Started process (PID=85083) to work on /home/tin/miniconda3/envs/airflow/lib/python3.8/site-packages/airflow/example_dags/example_branch_python_dop_operator_3.py
[2024-03-09T19:31:50.874+0000] {processor.py:830} INFO - Processing file /home/tin/miniconda3/envs/airflow/lib/python3.8/site-packages/airflow/example_dags/example_branch_python_dop_operator_3.py for tasks to queue
[2024-03-09T19:31:50.875+0000] {logging_mixin.py:188} INFO - [2024-03-09T19:31:50.874+0000] {dagbag.py:540} INFO - Filling up the DagBag from /home/tin/miniconda3/envs/airflow/lib/python3.8/site-packages/airflow/example_dags/example_branch_python_dop_operator_3.py
[2024-03-09T19:31:50.882+0000] {processor.py:840} INFO - DAG(s) 'example_branch_dop_operator_v3' retrieved from /home/tin/miniconda3/envs/airflow/lib/python3.8/site-packages/airflow/example_dags/example_branch_python_dop_operator_3.py
[2024-03-09T19:31:50.893+0000] {logging_mixin.py:188} INFO - [2024-03-09T19:31:50.893+0000] {dag.py:3047} INFO - Sync 1 DAGs
[2024-03-09T19:31:50.910+0000] {logging_mixin.py:188} INFO - [2024-03-09T19:31:50.910+0000] {dag.py:3834} INFO - Setting next_dagrun for example_branch_dop_operator_v3 to 2024-03-09 19:30:00+00:00, run_after=2024-03-09 19:31:00+00:00
[2024-03-09T19:31:50.927+0000] {processor.py:183} INFO - Processing /home/tin/miniconda3/envs/airflow/lib/python3.8/site-packages/airflow/example_dags/example_branch_python_dop_operator_3.py took 0.057 seconds
[2024-03-09T19:32:39.840+0000] {processor.py:161} INFO - Started process (PID=85243) to work on /home/tin/miniconda3/envs/airflow/lib/python3.8/site-packages/airflow/example_dags/example_branch_python_dop_operator_3.py
[2024-03-09T19:32:39.842+0000] {processor.py:830} INFO - Processing file /home/tin/miniconda3/envs/airflow/lib/python3.8/site-packages/airflow/example_dags/example_branch_python_dop_operator_3.py for tasks to queue
[2024-03-09T19:32:39.843+0000] {logging_mixin.py:188} INFO - [2024-03-09T19:32:39.843+0000] {dagbag.py:540} INFO - Filling up the DagBag from /home/tin/miniconda3/envs/airflow/lib/python3.8/site-packages/airflow/example_dags/example_branch_python_dop_operator_3.py
[2024-03-09T19:32:39.850+0000] {processor.py:840} INFO - DAG(s) 'example_branch_dop_operator_v3' retrieved from /home/tin/miniconda3/envs/airflow/lib/python3.8/site-packages/airflow/example_dags/example_branch_python_dop_operator_3.py
[2024-03-09T19:32:39.862+0000] {logging_mixin.py:188} INFO - [2024-03-09T19:32:39.862+0000] {dag.py:3047} INFO - Sync 1 DAGs
[2024-03-09T19:32:39.881+0000] {logging_mixin.py:188} INFO - [2024-03-09T19:32:39.881+0000] {dag.py:3834} INFO - Setting next_dagrun for example_branch_dop_operator_v3 to 2024-03-09 19:31:00+00:00, run_after=2024-03-09 19:32:00+00:00
[2024-03-09T19:32:39.902+0000] {processor.py:183} INFO - Processing /home/tin/miniconda3/envs/airflow/lib/python3.8/site-packages/airflow/example_dags/example_branch_python_dop_operator_3.py took 0.064 seconds
[2024-03-09T19:33:35.048+0000] {processor.py:161} INFO - Started process (PID=85565) to work on /home/tin/miniconda3/envs/airflow/lib/python3.8/site-packages/airflow/example_dags/example_branch_python_dop_operator_3.py
[2024-03-09T19:33:35.051+0000] {processor.py:830} INFO - Processing file /home/tin/miniconda3/envs/airflow/lib/python3.8/site-packages/airflow/example_dags/example_branch_python_dop_operator_3.py for tasks to queue
[2024-03-09T19:33:35.052+0000] {logging_mixin.py:188} INFO - [2024-03-09T19:33:35.052+0000] {dagbag.py:540} INFO - Filling up the DagBag from /home/tin/miniconda3/envs/airflow/lib/python3.8/site-packages/airflow/example_dags/example_branch_python_dop_operator_3.py
[2024-03-09T19:33:35.059+0000] {processor.py:840} INFO - DAG(s) 'example_branch_dop_operator_v3' retrieved from /home/tin/miniconda3/envs/airflow/lib/python3.8/site-packages/airflow/example_dags/example_branch_python_dop_operator_3.py
[2024-03-09T19:33:35.071+0000] {logging_mixin.py:188} INFO - [2024-03-09T19:33:35.070+0000] {dag.py:3047} INFO - Sync 1 DAGs
[2024-03-09T19:33:35.089+0000] {logging_mixin.py:188} INFO - [2024-03-09T19:33:35.089+0000] {dag.py:3834} INFO - Setting next_dagrun for example_branch_dop_operator_v3 to 2024-03-09 19:32:00+00:00, run_after=2024-03-09 19:33:00+00:00
[2024-03-09T19:33:35.108+0000] {processor.py:183} INFO - Processing /home/tin/miniconda3/envs/airflow/lib/python3.8/site-packages/airflow/example_dags/example_branch_python_dop_operator_3.py took 0.062 seconds
[2024-03-09T19:34:26.856+0000] {processor.py:161} INFO - Started process (PID=85684) to work on /home/tin/miniconda3/envs/airflow/lib/python3.8/site-packages/airflow/example_dags/example_branch_python_dop_operator_3.py
[2024-03-09T19:34:26.858+0000] {processor.py:830} INFO - Processing file /home/tin/miniconda3/envs/airflow/lib/python3.8/site-packages/airflow/example_dags/example_branch_python_dop_operator_3.py for tasks to queue
[2024-03-09T19:34:26.858+0000] {logging_mixin.py:188} INFO - [2024-03-09T19:34:26.858+0000] {dagbag.py:540} INFO - Filling up the DagBag from /home/tin/miniconda3/envs/airflow/lib/python3.8/site-packages/airflow/example_dags/example_branch_python_dop_operator_3.py
[2024-03-09T19:34:26.865+0000] {processor.py:840} INFO - DAG(s) 'example_branch_dop_operator_v3' retrieved from /home/tin/miniconda3/envs/airflow/lib/python3.8/site-packages/airflow/example_dags/example_branch_python_dop_operator_3.py
[2024-03-09T19:34:26.878+0000] {logging_mixin.py:188} INFO - [2024-03-09T19:34:26.878+0000] {dag.py:3047} INFO - Sync 1 DAGs
[2024-03-09T19:34:26.896+0000] {logging_mixin.py:188} INFO - [2024-03-09T19:34:26.896+0000] {dag.py:3834} INFO - Setting next_dagrun for example_branch_dop_operator_v3 to 2024-03-09 19:33:00+00:00, run_after=2024-03-09 19:34:00+00:00
[2024-03-09T19:34:26.914+0000] {processor.py:183} INFO - Processing /home/tin/miniconda3/envs/airflow/lib/python3.8/site-packages/airflow/example_dags/example_branch_python_dop_operator_3.py took 0.060 seconds
[2024-03-09T19:35:15.218+0000] {processor.py:161} INFO - Started process (PID=85901) to work on /home/tin/miniconda3/envs/airflow/lib/python3.8/site-packages/airflow/example_dags/example_branch_python_dop_operator_3.py
[2024-03-09T19:35:15.219+0000] {processor.py:830} INFO - Processing file /home/tin/miniconda3/envs/airflow/lib/python3.8/site-packages/airflow/example_dags/example_branch_python_dop_operator_3.py for tasks to queue
[2024-03-09T19:35:15.220+0000] {logging_mixin.py:188} INFO - [2024-03-09T19:35:15.220+0000] {dagbag.py:540} INFO - Filling up the DagBag from /home/tin/miniconda3/envs/airflow/lib/python3.8/site-packages/airflow/example_dags/example_branch_python_dop_operator_3.py
[2024-03-09T19:35:15.227+0000] {processor.py:840} INFO - DAG(s) 'example_branch_dop_operator_v3' retrieved from /home/tin/miniconda3/envs/airflow/lib/python3.8/site-packages/airflow/example_dags/example_branch_python_dop_operator_3.py
[2024-03-09T19:35:15.238+0000] {logging_mixin.py:188} INFO - [2024-03-09T19:35:15.238+0000] {dag.py:3047} INFO - Sync 1 DAGs
[2024-03-09T19:35:15.256+0000] {logging_mixin.py:188} INFO - [2024-03-09T19:35:15.255+0000] {dag.py:3834} INFO - Setting next_dagrun for example_branch_dop_operator_v3 to 2024-03-09 19:34:00+00:00, run_after=2024-03-09 19:35:00+00:00
[2024-03-09T19:35:15.274+0000] {processor.py:183} INFO - Processing /home/tin/miniconda3/envs/airflow/lib/python3.8/site-packages/airflow/example_dags/example_branch_python_dop_operator_3.py took 0.058 seconds
