[2024-03-09T19:28:48.866+0000] {processor.py:161} INFO - Started process (PID=84432) to work on /home/tin/miniconda3/envs/airflow/lib/python3.8/site-packages/airflow/example_dags/tutorial_dag.py
[2024-03-09T19:28:48.867+0000] {processor.py:830} INFO - Processing file /home/tin/miniconda3/envs/airflow/lib/python3.8/site-packages/airflow/example_dags/tutorial_dag.py for tasks to queue
[2024-03-09T19:28:48.868+0000] {logging_mixin.py:188} INFO - [2024-03-09T19:28:48.867+0000] {dagbag.py:540} INFO - Filling up the DagBag from /home/tin/miniconda3/envs/airflow/lib/python3.8/site-packages/airflow/example_dags/tutorial_dag.py
[2024-03-09T19:28:48.872+0000] {processor.py:840} INFO - DAG(s) 'tutorial_dag' retrieved from /home/tin/miniconda3/envs/airflow/lib/python3.8/site-packages/airflow/example_dags/tutorial_dag.py
[2024-03-09T19:28:48.959+0000] {logging_mixin.py:188} INFO - [2024-03-09T19:28:48.958+0000] {override.py:1769} INFO - Created Permission View: can delete on DAG:tutorial_dag
[2024-03-09T19:28:48.969+0000] {logging_mixin.py:188} INFO - [2024-03-09T19:28:48.969+0000] {override.py:1769} INFO - Created Permission View: can edit on DAG:tutorial_dag
[2024-03-09T19:28:48.977+0000] {logging_mixin.py:188} INFO - [2024-03-09T19:28:48.976+0000] {override.py:1769} INFO - Created Permission View: can read on DAG:tutorial_dag
[2024-03-09T19:28:48.977+0000] {logging_mixin.py:188} INFO - [2024-03-09T19:28:48.977+0000] {dag.py:3047} INFO - Sync 1 DAGs
[2024-03-09T19:28:48.986+0000] {logging_mixin.py:188} INFO - [2024-03-09T19:28:48.986+0000] {dag.py:3069} INFO - Creating ORM DAG for tutorial_dag
[2024-03-09T19:28:48.987+0000] {logging_mixin.py:188} INFO - [2024-03-09T19:28:48.987+0000] {dag.py:3834} INFO - Setting next_dagrun for tutorial_dag to None, run_after=None
[2024-03-09T19:28:49.007+0000] {processor.py:183} INFO - Processing /home/tin/miniconda3/envs/airflow/lib/python3.8/site-packages/airflow/example_dags/tutorial_dag.py took 0.142 seconds
[2024-03-09T19:29:40.066+0000] {processor.py:161} INFO - Started process (PID=84635) to work on /home/tin/miniconda3/envs/airflow/lib/python3.8/site-packages/airflow/example_dags/tutorial_dag.py
[2024-03-09T19:29:40.068+0000] {processor.py:830} INFO - Processing file /home/tin/miniconda3/envs/airflow/lib/python3.8/site-packages/airflow/example_dags/tutorial_dag.py for tasks to queue
[2024-03-09T19:29:40.069+0000] {logging_mixin.py:188} INFO - [2024-03-09T19:29:40.069+0000] {dagbag.py:540} INFO - Filling up the DagBag from /home/tin/miniconda3/envs/airflow/lib/python3.8/site-packages/airflow/example_dags/tutorial_dag.py
[2024-03-09T19:29:40.073+0000] {processor.py:840} INFO - DAG(s) 'tutorial_dag' retrieved from /home/tin/miniconda3/envs/airflow/lib/python3.8/site-packages/airflow/example_dags/tutorial_dag.py
[2024-03-09T19:29:40.085+0000] {logging_mixin.py:188} INFO - [2024-03-09T19:29:40.085+0000] {dag.py:3047} INFO - Sync 1 DAGs
[2024-03-09T19:29:40.094+0000] {logging_mixin.py:188} INFO - [2024-03-09T19:29:40.094+0000] {dag.py:3834} INFO - Setting next_dagrun for tutorial_dag to None, run_after=None
[2024-03-09T19:29:40.116+0000] {processor.py:183} INFO - Processing /home/tin/miniconda3/envs/airflow/lib/python3.8/site-packages/airflow/example_dags/tutorial_dag.py took 0.052 seconds
[2024-03-09T19:30:29.471+0000] {processor.py:161} INFO - Started process (PID=84814) to work on /home/tin/miniconda3/envs/airflow/lib/python3.8/site-packages/airflow/example_dags/tutorial_dag.py
[2024-03-09T19:30:29.473+0000] {processor.py:830} INFO - Processing file /home/tin/miniconda3/envs/airflow/lib/python3.8/site-packages/airflow/example_dags/tutorial_dag.py for tasks to queue
[2024-03-09T19:30:29.475+0000] {logging_mixin.py:188} INFO - [2024-03-09T19:30:29.474+0000] {dagbag.py:540} INFO - Filling up the DagBag from /home/tin/miniconda3/envs/airflow/lib/python3.8/site-packages/airflow/example_dags/tutorial_dag.py
[2024-03-09T19:30:29.481+0000] {processor.py:840} INFO - DAG(s) 'tutorial_dag' retrieved from /home/tin/miniconda3/envs/airflow/lib/python3.8/site-packages/airflow/example_dags/tutorial_dag.py
[2024-03-09T19:30:29.499+0000] {logging_mixin.py:188} INFO - [2024-03-09T19:30:29.499+0000] {dag.py:3047} INFO - Sync 1 DAGs
[2024-03-09T19:30:29.680+0000] {logging_mixin.py:188} INFO - [2024-03-09T19:30:29.680+0000] {dag.py:3834} INFO - Setting next_dagrun for tutorial_dag to None, run_after=None
[2024-03-09T19:30:29.707+0000] {processor.py:183} INFO - Processing /home/tin/miniconda3/envs/airflow/lib/python3.8/site-packages/airflow/example_dags/tutorial_dag.py took 0.239 seconds
[2024-03-09T19:31:26.930+0000] {processor.py:161} INFO - Started process (PID=84999) to work on /home/tin/miniconda3/envs/airflow/lib/python3.8/site-packages/airflow/example_dags/tutorial_dag.py
[2024-03-09T19:31:26.931+0000] {processor.py:830} INFO - Processing file /home/tin/miniconda3/envs/airflow/lib/python3.8/site-packages/airflow/example_dags/tutorial_dag.py for tasks to queue
[2024-03-09T19:31:26.932+0000] {logging_mixin.py:188} INFO - [2024-03-09T19:31:26.932+0000] {dagbag.py:540} INFO - Filling up the DagBag from /home/tin/miniconda3/envs/airflow/lib/python3.8/site-packages/airflow/example_dags/tutorial_dag.py
[2024-03-09T19:31:26.936+0000] {processor.py:840} INFO - DAG(s) 'tutorial_dag' retrieved from /home/tin/miniconda3/envs/airflow/lib/python3.8/site-packages/airflow/example_dags/tutorial_dag.py
[2024-03-09T19:31:26.947+0000] {logging_mixin.py:188} INFO - [2024-03-09T19:31:26.947+0000] {dag.py:3047} INFO - Sync 1 DAGs
[2024-03-09T19:31:26.957+0000] {logging_mixin.py:188} INFO - [2024-03-09T19:31:26.957+0000] {dag.py:3834} INFO - Setting next_dagrun for tutorial_dag to None, run_after=None
[2024-03-09T19:31:26.977+0000] {processor.py:183} INFO - Processing /home/tin/miniconda3/envs/airflow/lib/python3.8/site-packages/airflow/example_dags/tutorial_dag.py took 0.050 seconds
[2024-03-09T19:32:18.118+0000] {processor.py:161} INFO - Started process (PID=85162) to work on /home/tin/miniconda3/envs/airflow/lib/python3.8/site-packages/airflow/example_dags/tutorial_dag.py
[2024-03-09T19:32:18.122+0000] {processor.py:830} INFO - Processing file /home/tin/miniconda3/envs/airflow/lib/python3.8/site-packages/airflow/example_dags/tutorial_dag.py for tasks to queue
[2024-03-09T19:32:18.123+0000] {logging_mixin.py:188} INFO - [2024-03-09T19:32:18.122+0000] {dagbag.py:540} INFO - Filling up the DagBag from /home/tin/miniconda3/envs/airflow/lib/python3.8/site-packages/airflow/example_dags/tutorial_dag.py
[2024-03-09T19:32:18.127+0000] {processor.py:840} INFO - DAG(s) 'tutorial_dag' retrieved from /home/tin/miniconda3/envs/airflow/lib/python3.8/site-packages/airflow/example_dags/tutorial_dag.py
[2024-03-09T19:32:18.139+0000] {logging_mixin.py:188} INFO - [2024-03-09T19:32:18.138+0000] {dag.py:3047} INFO - Sync 1 DAGs
[2024-03-09T19:32:18.147+0000] {logging_mixin.py:188} INFO - [2024-03-09T19:32:18.147+0000] {dag.py:3834} INFO - Setting next_dagrun for tutorial_dag to None, run_after=None
[2024-03-09T19:32:18.164+0000] {processor.py:183} INFO - Processing /home/tin/miniconda3/envs/airflow/lib/python3.8/site-packages/airflow/example_dags/tutorial_dag.py took 0.048 seconds
[2024-03-09T19:33:12.837+0000] {processor.py:161} INFO - Started process (PID=85463) to work on /home/tin/miniconda3/envs/airflow/lib/python3.8/site-packages/airflow/example_dags/tutorial_dag.py
[2024-03-09T19:33:12.840+0000] {processor.py:830} INFO - Processing file /home/tin/miniconda3/envs/airflow/lib/python3.8/site-packages/airflow/example_dags/tutorial_dag.py for tasks to queue
[2024-03-09T19:33:12.841+0000] {logging_mixin.py:188} INFO - [2024-03-09T19:33:12.841+0000] {dagbag.py:540} INFO - Filling up the DagBag from /home/tin/miniconda3/envs/airflow/lib/python3.8/site-packages/airflow/example_dags/tutorial_dag.py
[2024-03-09T19:33:12.848+0000] {processor.py:840} INFO - DAG(s) 'tutorial_dag' retrieved from /home/tin/miniconda3/envs/airflow/lib/python3.8/site-packages/airflow/example_dags/tutorial_dag.py
[2024-03-09T19:33:12.880+0000] {logging_mixin.py:188} INFO - [2024-03-09T19:33:12.880+0000] {dag.py:3047} INFO - Sync 1 DAGs
[2024-03-09T19:33:12.910+0000] {logging_mixin.py:188} INFO - [2024-03-09T19:33:12.910+0000] {dag.py:3834} INFO - Setting next_dagrun for tutorial_dag to None, run_after=None
[2024-03-09T19:33:12.957+0000] {processor.py:183} INFO - Processing /home/tin/miniconda3/envs/airflow/lib/python3.8/site-packages/airflow/example_dags/tutorial_dag.py took 0.132 seconds
[2024-03-09T19:34:02.388+0000] {processor.py:161} INFO - Started process (PID=85595) to work on /home/tin/miniconda3/envs/airflow/lib/python3.8/site-packages/airflow/example_dags/tutorial_dag.py
[2024-03-09T19:34:02.391+0000] {processor.py:830} INFO - Processing file /home/tin/miniconda3/envs/airflow/lib/python3.8/site-packages/airflow/example_dags/tutorial_dag.py for tasks to queue
[2024-03-09T19:34:02.392+0000] {logging_mixin.py:188} INFO - [2024-03-09T19:34:02.392+0000] {dagbag.py:540} INFO - Filling up the DagBag from /home/tin/miniconda3/envs/airflow/lib/python3.8/site-packages/airflow/example_dags/tutorial_dag.py
[2024-03-09T19:34:02.397+0000] {processor.py:840} INFO - DAG(s) 'tutorial_dag' retrieved from /home/tin/miniconda3/envs/airflow/lib/python3.8/site-packages/airflow/example_dags/tutorial_dag.py
[2024-03-09T19:34:02.409+0000] {logging_mixin.py:188} INFO - [2024-03-09T19:34:02.409+0000] {dag.py:3047} INFO - Sync 1 DAGs
[2024-03-09T19:34:02.418+0000] {logging_mixin.py:188} INFO - [2024-03-09T19:34:02.418+0000] {dag.py:3834} INFO - Setting next_dagrun for tutorial_dag to None, run_after=None
[2024-03-09T19:34:02.438+0000] {processor.py:183} INFO - Processing /home/tin/miniconda3/envs/airflow/lib/python3.8/site-packages/airflow/example_dags/tutorial_dag.py took 0.052 seconds
[2024-03-09T19:34:52.482+0000] {processor.py:161} INFO - Started process (PID=85826) to work on /home/tin/miniconda3/envs/airflow/lib/python3.8/site-packages/airflow/example_dags/tutorial_dag.py
[2024-03-09T19:34:52.484+0000] {processor.py:830} INFO - Processing file /home/tin/miniconda3/envs/airflow/lib/python3.8/site-packages/airflow/example_dags/tutorial_dag.py for tasks to queue
[2024-03-09T19:34:52.485+0000] {logging_mixin.py:188} INFO - [2024-03-09T19:34:52.485+0000] {dagbag.py:540} INFO - Filling up the DagBag from /home/tin/miniconda3/envs/airflow/lib/python3.8/site-packages/airflow/example_dags/tutorial_dag.py
[2024-03-09T19:34:52.492+0000] {processor.py:840} INFO - DAG(s) 'tutorial_dag' retrieved from /home/tin/miniconda3/envs/airflow/lib/python3.8/site-packages/airflow/example_dags/tutorial_dag.py
[2024-03-09T19:34:52.509+0000] {logging_mixin.py:188} INFO - [2024-03-09T19:34:52.509+0000] {dag.py:3047} INFO - Sync 1 DAGs
[2024-03-09T19:34:52.519+0000] {logging_mixin.py:188} INFO - [2024-03-09T19:34:52.519+0000] {dag.py:3834} INFO - Setting next_dagrun for tutorial_dag to None, run_after=None
[2024-03-09T19:34:52.545+0000] {processor.py:183} INFO - Processing /home/tin/miniconda3/envs/airflow/lib/python3.8/site-packages/airflow/example_dags/tutorial_dag.py took 0.066 seconds
