[2024-03-09T19:28:38.189+0000] {processor.py:161} INFO - Started process (PID=84313) to work on /home/tin/miniconda3/envs/airflow/lib/python3.8/site-packages/airflow/example_dags/tutorial_taskflow_api.py
[2024-03-09T19:28:38.190+0000] {processor.py:830} INFO - Processing file /home/tin/miniconda3/envs/airflow/lib/python3.8/site-packages/airflow/example_dags/tutorial_taskflow_api.py for tasks to queue
[2024-03-09T19:28:38.191+0000] {logging_mixin.py:188} INFO - [2024-03-09T19:28:38.191+0000] {dagbag.py:540} INFO - Filling up the DagBag from /home/tin/miniconda3/envs/airflow/lib/python3.8/site-packages/airflow/example_dags/tutorial_taskflow_api.py
[2024-03-09T19:28:38.196+0000] {processor.py:840} INFO - DAG(s) 'tutorial_taskflow_api' retrieved from /home/tin/miniconda3/envs/airflow/lib/python3.8/site-packages/airflow/example_dags/tutorial_taskflow_api.py
[2024-03-09T19:28:38.285+0000] {logging_mixin.py:188} INFO - [2024-03-09T19:28:38.285+0000] {override.py:1769} INFO - Created Permission View: can delete on DAG:tutorial_taskflow_api
[2024-03-09T19:28:38.298+0000] {logging_mixin.py:188} INFO - [2024-03-09T19:28:38.297+0000] {override.py:1769} INFO - Created Permission View: can edit on DAG:tutorial_taskflow_api
[2024-03-09T19:28:38.308+0000] {logging_mixin.py:188} INFO - [2024-03-09T19:28:38.308+0000] {override.py:1769} INFO - Created Permission View: can read on DAG:tutorial_taskflow_api
[2024-03-09T19:28:38.309+0000] {logging_mixin.py:188} INFO - [2024-03-09T19:28:38.309+0000] {dag.py:3047} INFO - Sync 1 DAGs
[2024-03-09T19:28:38.317+0000] {logging_mixin.py:188} INFO - [2024-03-09T19:28:38.317+0000] {dag.py:3069} INFO - Creating ORM DAG for tutorial_taskflow_api
[2024-03-09T19:28:38.318+0000] {logging_mixin.py:188} INFO - [2024-03-09T19:28:38.318+0000] {dag.py:3834} INFO - Setting next_dagrun for tutorial_taskflow_api to None, run_after=None
[2024-03-09T19:28:38.336+0000] {processor.py:183} INFO - Processing /home/tin/miniconda3/envs/airflow/lib/python3.8/site-packages/airflow/example_dags/tutorial_taskflow_api.py took 0.149 seconds
[2024-03-09T19:29:31.897+0000] {processor.py:161} INFO - Started process (PID=84622) to work on /home/tin/miniconda3/envs/airflow/lib/python3.8/site-packages/airflow/example_dags/tutorial_taskflow_api.py
[2024-03-09T19:29:31.900+0000] {processor.py:830} INFO - Processing file /home/tin/miniconda3/envs/airflow/lib/python3.8/site-packages/airflow/example_dags/tutorial_taskflow_api.py for tasks to queue
[2024-03-09T19:29:31.901+0000] {logging_mixin.py:188} INFO - [2024-03-09T19:29:31.901+0000] {dagbag.py:540} INFO - Filling up the DagBag from /home/tin/miniconda3/envs/airflow/lib/python3.8/site-packages/airflow/example_dags/tutorial_taskflow_api.py
[2024-03-09T19:29:31.908+0000] {processor.py:840} INFO - DAG(s) 'tutorial_taskflow_api' retrieved from /home/tin/miniconda3/envs/airflow/lib/python3.8/site-packages/airflow/example_dags/tutorial_taskflow_api.py
[2024-03-09T19:29:31.920+0000] {logging_mixin.py:188} INFO - [2024-03-09T19:29:31.920+0000] {dag.py:3047} INFO - Sync 1 DAGs
[2024-03-09T19:29:31.929+0000] {logging_mixin.py:188} INFO - [2024-03-09T19:29:31.929+0000] {dag.py:3834} INFO - Setting next_dagrun for tutorial_taskflow_api to None, run_after=None
[2024-03-09T19:29:31.950+0000] {processor.py:183} INFO - Processing /home/tin/miniconda3/envs/airflow/lib/python3.8/site-packages/airflow/example_dags/tutorial_taskflow_api.py took 0.055 seconds
[2024-03-09T19:30:19.080+0000] {processor.py:161} INFO - Started process (PID=84789) to work on /home/tin/miniconda3/envs/airflow/lib/python3.8/site-packages/airflow/example_dags/tutorial_taskflow_api.py
[2024-03-09T19:30:19.081+0000] {processor.py:830} INFO - Processing file /home/tin/miniconda3/envs/airflow/lib/python3.8/site-packages/airflow/example_dags/tutorial_taskflow_api.py for tasks to queue
[2024-03-09T19:30:19.082+0000] {logging_mixin.py:188} INFO - [2024-03-09T19:30:19.082+0000] {dagbag.py:540} INFO - Filling up the DagBag from /home/tin/miniconda3/envs/airflow/lib/python3.8/site-packages/airflow/example_dags/tutorial_taskflow_api.py
[2024-03-09T19:30:19.087+0000] {processor.py:840} INFO - DAG(s) 'tutorial_taskflow_api' retrieved from /home/tin/miniconda3/envs/airflow/lib/python3.8/site-packages/airflow/example_dags/tutorial_taskflow_api.py
[2024-03-09T19:30:19.099+0000] {logging_mixin.py:188} INFO - [2024-03-09T19:30:19.098+0000] {dag.py:3047} INFO - Sync 1 DAGs
[2024-03-09T19:30:19.198+0000] {logging_mixin.py:188} INFO - [2024-03-09T19:30:19.198+0000] {dag.py:3834} INFO - Setting next_dagrun for tutorial_taskflow_api to None, run_after=None
[2024-03-09T19:30:19.217+0000] {processor.py:183} INFO - Processing /home/tin/miniconda3/envs/airflow/lib/python3.8/site-packages/airflow/example_dags/tutorial_taskflow_api.py took 0.139 seconds
[2024-03-09T19:31:01.991+0000] {processor.py:161} INFO - Started process (PID=84923) to work on /home/tin/miniconda3/envs/airflow/lib/python3.8/site-packages/airflow/example_dags/tutorial_taskflow_api.py
[2024-03-09T19:31:01.993+0000] {processor.py:830} INFO - Processing file /home/tin/miniconda3/envs/airflow/lib/python3.8/site-packages/airflow/example_dags/tutorial_taskflow_api.py for tasks to queue
[2024-03-09T19:31:01.994+0000] {logging_mixin.py:188} INFO - [2024-03-09T19:31:01.994+0000] {dagbag.py:540} INFO - Filling up the DagBag from /home/tin/miniconda3/envs/airflow/lib/python3.8/site-packages/airflow/example_dags/tutorial_taskflow_api.py
[2024-03-09T19:31:01.999+0000] {processor.py:840} INFO - DAG(s) 'tutorial_taskflow_api' retrieved from /home/tin/miniconda3/envs/airflow/lib/python3.8/site-packages/airflow/example_dags/tutorial_taskflow_api.py
[2024-03-09T19:31:02.010+0000] {logging_mixin.py:188} INFO - [2024-03-09T19:31:02.010+0000] {dag.py:3047} INFO - Sync 1 DAGs
[2024-03-09T19:31:02.018+0000] {logging_mixin.py:188} INFO - [2024-03-09T19:31:02.018+0000] {dag.py:3834} INFO - Setting next_dagrun for tutorial_taskflow_api to None, run_after=None
[2024-03-09T19:31:02.039+0000] {processor.py:183} INFO - Processing /home/tin/miniconda3/envs/airflow/lib/python3.8/site-packages/airflow/example_dags/tutorial_taskflow_api.py took 0.050 seconds
[2024-03-09T19:31:38.214+0000] {processor.py:161} INFO - Started process (PID=85032) to work on /home/tin/miniconda3/envs/airflow/lib/python3.8/site-packages/airflow/example_dags/tutorial_taskflow_api.py
[2024-03-09T19:31:38.216+0000] {processor.py:830} INFO - Processing file /home/tin/miniconda3/envs/airflow/lib/python3.8/site-packages/airflow/example_dags/tutorial_taskflow_api.py for tasks to queue
[2024-03-09T19:31:38.218+0000] {logging_mixin.py:188} INFO - [2024-03-09T19:31:38.217+0000] {dagbag.py:540} INFO - Filling up the DagBag from /home/tin/miniconda3/envs/airflow/lib/python3.8/site-packages/airflow/example_dags/tutorial_taskflow_api.py
[2024-03-09T19:31:38.226+0000] {processor.py:840} INFO - DAG(s) 'tutorial_taskflow_api' retrieved from /home/tin/miniconda3/envs/airflow/lib/python3.8/site-packages/airflow/example_dags/tutorial_taskflow_api.py
[2024-03-09T19:31:38.247+0000] {logging_mixin.py:188} INFO - [2024-03-09T19:31:38.246+0000] {dag.py:3047} INFO - Sync 1 DAGs
[2024-03-09T19:31:38.260+0000] {logging_mixin.py:188} INFO - [2024-03-09T19:31:38.260+0000] {dag.py:3834} INFO - Setting next_dagrun for tutorial_taskflow_api to None, run_after=None
[2024-03-09T19:31:38.289+0000] {processor.py:183} INFO - Processing /home/tin/miniconda3/envs/airflow/lib/python3.8/site-packages/airflow/example_dags/tutorial_taskflow_api.py took 0.079 seconds
[2024-03-09T19:32:28.405+0000] {processor.py:161} INFO - Started process (PID=85173) to work on /home/tin/miniconda3/envs/airflow/lib/python3.8/site-packages/airflow/example_dags/tutorial_taskflow_api.py
[2024-03-09T19:32:28.406+0000] {processor.py:830} INFO - Processing file /home/tin/miniconda3/envs/airflow/lib/python3.8/site-packages/airflow/example_dags/tutorial_taskflow_api.py for tasks to queue
[2024-03-09T19:32:28.407+0000] {logging_mixin.py:188} INFO - [2024-03-09T19:32:28.407+0000] {dagbag.py:540} INFO - Filling up the DagBag from /home/tin/miniconda3/envs/airflow/lib/python3.8/site-packages/airflow/example_dags/tutorial_taskflow_api.py
[2024-03-09T19:32:28.412+0000] {processor.py:840} INFO - DAG(s) 'tutorial_taskflow_api' retrieved from /home/tin/miniconda3/envs/airflow/lib/python3.8/site-packages/airflow/example_dags/tutorial_taskflow_api.py
[2024-03-09T19:32:28.424+0000] {logging_mixin.py:188} INFO - [2024-03-09T19:32:28.423+0000] {dag.py:3047} INFO - Sync 1 DAGs
[2024-03-09T19:32:28.433+0000] {logging_mixin.py:188} INFO - [2024-03-09T19:32:28.433+0000] {dag.py:3834} INFO - Setting next_dagrun for tutorial_taskflow_api to None, run_after=None
[2024-03-09T19:32:28.455+0000] {processor.py:183} INFO - Processing /home/tin/miniconda3/envs/airflow/lib/python3.8/site-packages/airflow/example_dags/tutorial_taskflow_api.py took 0.052 seconds
[2024-03-09T19:33:08.326+0000] {processor.py:161} INFO - Started process (PID=85438) to work on /home/tin/miniconda3/envs/airflow/lib/python3.8/site-packages/airflow/example_dags/tutorial_taskflow_api.py
[2024-03-09T19:33:08.328+0000] {processor.py:830} INFO - Processing file /home/tin/miniconda3/envs/airflow/lib/python3.8/site-packages/airflow/example_dags/tutorial_taskflow_api.py for tasks to queue
[2024-03-09T19:33:08.329+0000] {logging_mixin.py:188} INFO - [2024-03-09T19:33:08.328+0000] {dagbag.py:540} INFO - Filling up the DagBag from /home/tin/miniconda3/envs/airflow/lib/python3.8/site-packages/airflow/example_dags/tutorial_taskflow_api.py
[2024-03-09T19:33:08.335+0000] {processor.py:840} INFO - DAG(s) 'tutorial_taskflow_api' retrieved from /home/tin/miniconda3/envs/airflow/lib/python3.8/site-packages/airflow/example_dags/tutorial_taskflow_api.py
[2024-03-09T19:33:08.349+0000] {logging_mixin.py:188} INFO - [2024-03-09T19:33:08.348+0000] {dag.py:3047} INFO - Sync 1 DAGs
[2024-03-09T19:33:08.359+0000] {logging_mixin.py:188} INFO - [2024-03-09T19:33:08.358+0000] {dag.py:3834} INFO - Setting next_dagrun for tutorial_taskflow_api to None, run_after=None
[2024-03-09T19:33:08.383+0000] {processor.py:183} INFO - Processing /home/tin/miniconda3/envs/airflow/lib/python3.8/site-packages/airflow/example_dags/tutorial_taskflow_api.py took 0.060 seconds
[2024-03-09T19:33:58.291+0000] {processor.py:161} INFO - Started process (PID=85590) to work on /home/tin/miniconda3/envs/airflow/lib/python3.8/site-packages/airflow/example_dags/tutorial_taskflow_api.py
[2024-03-09T19:33:58.293+0000] {processor.py:830} INFO - Processing file /home/tin/miniconda3/envs/airflow/lib/python3.8/site-packages/airflow/example_dags/tutorial_taskflow_api.py for tasks to queue
[2024-03-09T19:33:58.294+0000] {logging_mixin.py:188} INFO - [2024-03-09T19:33:58.294+0000] {dagbag.py:540} INFO - Filling up the DagBag from /home/tin/miniconda3/envs/airflow/lib/python3.8/site-packages/airflow/example_dags/tutorial_taskflow_api.py
[2024-03-09T19:33:58.299+0000] {processor.py:840} INFO - DAG(s) 'tutorial_taskflow_api' retrieved from /home/tin/miniconda3/envs/airflow/lib/python3.8/site-packages/airflow/example_dags/tutorial_taskflow_api.py
[2024-03-09T19:33:58.311+0000] {logging_mixin.py:188} INFO - [2024-03-09T19:33:58.311+0000] {dag.py:3047} INFO - Sync 1 DAGs
[2024-03-09T19:33:58.319+0000] {logging_mixin.py:188} INFO - [2024-03-09T19:33:58.319+0000] {dag.py:3834} INFO - Setting next_dagrun for tutorial_taskflow_api to None, run_after=None
[2024-03-09T19:33:58.338+0000] {processor.py:183} INFO - Processing /home/tin/miniconda3/envs/airflow/lib/python3.8/site-packages/airflow/example_dags/tutorial_taskflow_api.py took 0.049 seconds
[2024-03-09T19:34:34.276+0000] {processor.py:161} INFO - Started process (PID=85714) to work on /home/tin/miniconda3/envs/airflow/lib/python3.8/site-packages/airflow/example_dags/tutorial_taskflow_api.py
[2024-03-09T19:34:34.277+0000] {processor.py:830} INFO - Processing file /home/tin/miniconda3/envs/airflow/lib/python3.8/site-packages/airflow/example_dags/tutorial_taskflow_api.py for tasks to queue
[2024-03-09T19:34:34.278+0000] {logging_mixin.py:188} INFO - [2024-03-09T19:34:34.278+0000] {dagbag.py:540} INFO - Filling up the DagBag from /home/tin/miniconda3/envs/airflow/lib/python3.8/site-packages/airflow/example_dags/tutorial_taskflow_api.py
[2024-03-09T19:34:34.283+0000] {processor.py:840} INFO - DAG(s) 'tutorial_taskflow_api' retrieved from /home/tin/miniconda3/envs/airflow/lib/python3.8/site-packages/airflow/example_dags/tutorial_taskflow_api.py
[2024-03-09T19:34:34.294+0000] {logging_mixin.py:188} INFO - [2024-03-09T19:34:34.294+0000] {dag.py:3047} INFO - Sync 1 DAGs
[2024-03-09T19:34:34.303+0000] {logging_mixin.py:188} INFO - [2024-03-09T19:34:34.303+0000] {dag.py:3834} INFO - Setting next_dagrun for tutorial_taskflow_api to None, run_after=None
[2024-03-09T19:34:34.322+0000] {processor.py:183} INFO - Processing /home/tin/miniconda3/envs/airflow/lib/python3.8/site-packages/airflow/example_dags/tutorial_taskflow_api.py took 0.048 seconds
[2024-03-09T19:35:23.237+0000] {processor.py:161} INFO - Started process (PID=85918) to work on /home/tin/miniconda3/envs/airflow/lib/python3.8/site-packages/airflow/example_dags/tutorial_taskflow_api.py
[2024-03-09T19:35:23.238+0000] {processor.py:830} INFO - Processing file /home/tin/miniconda3/envs/airflow/lib/python3.8/site-packages/airflow/example_dags/tutorial_taskflow_api.py for tasks to queue
[2024-03-09T19:35:23.239+0000] {logging_mixin.py:188} INFO - [2024-03-09T19:35:23.239+0000] {dagbag.py:540} INFO - Filling up the DagBag from /home/tin/miniconda3/envs/airflow/lib/python3.8/site-packages/airflow/example_dags/tutorial_taskflow_api.py
[2024-03-09T19:35:23.244+0000] {processor.py:840} INFO - DAG(s) 'tutorial_taskflow_api' retrieved from /home/tin/miniconda3/envs/airflow/lib/python3.8/site-packages/airflow/example_dags/tutorial_taskflow_api.py
[2024-03-09T19:35:23.255+0000] {logging_mixin.py:188} INFO - [2024-03-09T19:35:23.255+0000] {dag.py:3047} INFO - Sync 1 DAGs
[2024-03-09T19:35:23.264+0000] {logging_mixin.py:188} INFO - [2024-03-09T19:35:23.263+0000] {dag.py:3834} INFO - Setting next_dagrun for tutorial_taskflow_api to None, run_after=None
[2024-03-09T19:35:23.281+0000] {processor.py:183} INFO - Processing /home/tin/miniconda3/envs/airflow/lib/python3.8/site-packages/airflow/example_dags/tutorial_taskflow_api.py took 0.047 seconds
