[2024-03-09T19:28:43.532+0000] {processor.py:161} INFO - Started process (PID=84327) to work on /home/tin/miniconda3/envs/airflow/lib/python3.8/site-packages/airflow/example_dags/tutorial_taskflow_api_virtualenv.py
[2024-03-09T19:28:43.533+0000] {processor.py:830} INFO - Processing file /home/tin/miniconda3/envs/airflow/lib/python3.8/site-packages/airflow/example_dags/tutorial_taskflow_api_virtualenv.py for tasks to queue
[2024-03-09T19:28:43.534+0000] {logging_mixin.py:188} INFO - [2024-03-09T19:28:43.533+0000] {dagbag.py:540} INFO - Filling up the DagBag from /home/tin/miniconda3/envs/airflow/lib/python3.8/site-packages/airflow/example_dags/tutorial_taskflow_api_virtualenv.py
[2024-03-09T19:28:43.536+0000] {logging_mixin.py:188} INFO - [2024-03-09T19:28:43.536+0000] {tutorial_taskflow_api_virtualenv.py:29} WARNING - The tutorial_taskflow_api_virtualenv example DAG requires virtualenv, please install it.
[2024-03-09T19:28:43.537+0000] {processor.py:842} WARNING - No viable dags retrieved from /home/tin/miniconda3/envs/airflow/lib/python3.8/site-packages/airflow/example_dags/tutorial_taskflow_api_virtualenv.py
[2024-03-09T19:28:43.545+0000] {processor.py:183} INFO - Processing /home/tin/miniconda3/envs/airflow/lib/python3.8/site-packages/airflow/example_dags/tutorial_taskflow_api_virtualenv.py took 0.016 seconds
[2024-03-09T19:29:36.204+0000] {processor.py:161} INFO - Started process (PID=84630) to work on /home/tin/miniconda3/envs/airflow/lib/python3.8/site-packages/airflow/example_dags/tutorial_taskflow_api_virtualenv.py
[2024-03-09T19:29:36.206+0000] {processor.py:830} INFO - Processing file /home/tin/miniconda3/envs/airflow/lib/python3.8/site-packages/airflow/example_dags/tutorial_taskflow_api_virtualenv.py for tasks to queue
[2024-03-09T19:29:36.207+0000] {logging_mixin.py:188} INFO - [2024-03-09T19:29:36.207+0000] {dagbag.py:540} INFO - Filling up the DagBag from /home/tin/miniconda3/envs/airflow/lib/python3.8/site-packages/airflow/example_dags/tutorial_taskflow_api_virtualenv.py
[2024-03-09T19:29:36.209+0000] {logging_mixin.py:188} INFO - [2024-03-09T19:29:36.209+0000] {tutorial_taskflow_api_virtualenv.py:29} WARNING - The tutorial_taskflow_api_virtualenv example DAG requires virtualenv, please install it.
[2024-03-09T19:29:36.210+0000] {processor.py:842} WARNING - No viable dags retrieved from /home/tin/miniconda3/envs/airflow/lib/python3.8/site-packages/airflow/example_dags/tutorial_taskflow_api_virtualenv.py
[2024-03-09T19:29:36.217+0000] {processor.py:183} INFO - Processing /home/tin/miniconda3/envs/airflow/lib/python3.8/site-packages/airflow/example_dags/tutorial_taskflow_api_virtualenv.py took 0.016 seconds
[2024-03-09T19:30:24.319+0000] {processor.py:161} INFO - Started process (PID=84794) to work on /home/tin/miniconda3/envs/airflow/lib/python3.8/site-packages/airflow/example_dags/tutorial_taskflow_api_virtualenv.py
[2024-03-09T19:30:24.321+0000] {processor.py:830} INFO - Processing file /home/tin/miniconda3/envs/airflow/lib/python3.8/site-packages/airflow/example_dags/tutorial_taskflow_api_virtualenv.py for tasks to queue
[2024-03-09T19:30:24.321+0000] {logging_mixin.py:188} INFO - [2024-03-09T19:30:24.321+0000] {dagbag.py:540} INFO - Filling up the DagBag from /home/tin/miniconda3/envs/airflow/lib/python3.8/site-packages/airflow/example_dags/tutorial_taskflow_api_virtualenv.py
[2024-03-09T19:30:24.324+0000] {logging_mixin.py:188} INFO - [2024-03-09T19:30:24.323+0000] {tutorial_taskflow_api_virtualenv.py:29} WARNING - The tutorial_taskflow_api_virtualenv example DAG requires virtualenv, please install it.
[2024-03-09T19:30:24.324+0000] {processor.py:842} WARNING - No viable dags retrieved from /home/tin/miniconda3/envs/airflow/lib/python3.8/site-packages/airflow/example_dags/tutorial_taskflow_api_virtualenv.py
[2024-03-09T19:30:24.332+0000] {processor.py:183} INFO - Processing /home/tin/miniconda3/envs/airflow/lib/python3.8/site-packages/airflow/example_dags/tutorial_taskflow_api_virtualenv.py took 0.015 seconds
[2024-03-09T19:31:06.653+0000] {processor.py:161} INFO - Started process (PID=84928) to work on /home/tin/miniconda3/envs/airflow/lib/python3.8/site-packages/airflow/example_dags/tutorial_taskflow_api_virtualenv.py
[2024-03-09T19:31:06.656+0000] {processor.py:830} INFO - Processing file /home/tin/miniconda3/envs/airflow/lib/python3.8/site-packages/airflow/example_dags/tutorial_taskflow_api_virtualenv.py for tasks to queue
[2024-03-09T19:31:06.657+0000] {logging_mixin.py:188} INFO - [2024-03-09T19:31:06.656+0000] {dagbag.py:540} INFO - Filling up the DagBag from /home/tin/miniconda3/envs/airflow/lib/python3.8/site-packages/airflow/example_dags/tutorial_taskflow_api_virtualenv.py
[2024-03-09T19:31:06.659+0000] {logging_mixin.py:188} INFO - [2024-03-09T19:31:06.659+0000] {tutorial_taskflow_api_virtualenv.py:29} WARNING - The tutorial_taskflow_api_virtualenv example DAG requires virtualenv, please install it.
[2024-03-09T19:31:06.659+0000] {processor.py:842} WARNING - No viable dags retrieved from /home/tin/miniconda3/envs/airflow/lib/python3.8/site-packages/airflow/example_dags/tutorial_taskflow_api_virtualenv.py
[2024-03-09T19:31:06.667+0000] {processor.py:183} INFO - Processing /home/tin/miniconda3/envs/airflow/lib/python3.8/site-packages/airflow/example_dags/tutorial_taskflow_api_virtualenv.py took 0.016 seconds
[2024-03-09T19:31:57.529+0000] {processor.py:161} INFO - Started process (PID=85127) to work on /home/tin/miniconda3/envs/airflow/lib/python3.8/site-packages/airflow/example_dags/tutorial_taskflow_api_virtualenv.py
[2024-03-09T19:31:57.531+0000] {processor.py:830} INFO - Processing file /home/tin/miniconda3/envs/airflow/lib/python3.8/site-packages/airflow/example_dags/tutorial_taskflow_api_virtualenv.py for tasks to queue
[2024-03-09T19:31:57.532+0000] {logging_mixin.py:188} INFO - [2024-03-09T19:31:57.532+0000] {dagbag.py:540} INFO - Filling up the DagBag from /home/tin/miniconda3/envs/airflow/lib/python3.8/site-packages/airflow/example_dags/tutorial_taskflow_api_virtualenv.py
[2024-03-09T19:31:57.536+0000] {logging_mixin.py:188} INFO - [2024-03-09T19:31:57.536+0000] {tutorial_taskflow_api_virtualenv.py:29} WARNING - The tutorial_taskflow_api_virtualenv example DAG requires virtualenv, please install it.
[2024-03-09T19:31:57.537+0000] {processor.py:842} WARNING - No viable dags retrieved from /home/tin/miniconda3/envs/airflow/lib/python3.8/site-packages/airflow/example_dags/tutorial_taskflow_api_virtualenv.py
[2024-03-09T19:31:57.544+0000] {processor.py:183} INFO - Processing /home/tin/miniconda3/envs/airflow/lib/python3.8/site-packages/airflow/example_dags/tutorial_taskflow_api_virtualenv.py took 0.017 seconds
[2024-03-09T19:32:50.141+0000] {processor.py:161} INFO - Started process (PID=85341) to work on /home/tin/miniconda3/envs/airflow/lib/python3.8/site-packages/airflow/example_dags/tutorial_taskflow_api_virtualenv.py
[2024-03-09T19:32:50.142+0000] {processor.py:830} INFO - Processing file /home/tin/miniconda3/envs/airflow/lib/python3.8/site-packages/airflow/example_dags/tutorial_taskflow_api_virtualenv.py for tasks to queue
[2024-03-09T19:32:50.143+0000] {logging_mixin.py:188} INFO - [2024-03-09T19:32:50.143+0000] {dagbag.py:540} INFO - Filling up the DagBag from /home/tin/miniconda3/envs/airflow/lib/python3.8/site-packages/airflow/example_dags/tutorial_taskflow_api_virtualenv.py
[2024-03-09T19:32:50.151+0000] {processor.py:840} INFO - DAG(s) 'tutorial_taskflow_api_virtualenv' retrieved from /home/tin/miniconda3/envs/airflow/lib/python3.8/site-packages/airflow/example_dags/tutorial_taskflow_api_virtualenv.py
[2024-03-09T19:32:50.228+0000] {logging_mixin.py:188} INFO - [2024-03-09T19:32:50.228+0000] {override.py:1769} INFO - Created Permission View: can delete on DAG:tutorial_taskflow_api_virtualenv
[2024-03-09T19:32:50.241+0000] {logging_mixin.py:188} INFO - [2024-03-09T19:32:50.240+0000] {override.py:1769} INFO - Created Permission View: can edit on DAG:tutorial_taskflow_api_virtualenv
[2024-03-09T19:32:50.252+0000] {logging_mixin.py:188} INFO - [2024-03-09T19:32:50.251+0000] {override.py:1769} INFO - Created Permission View: can read on DAG:tutorial_taskflow_api_virtualenv
[2024-03-09T19:32:50.252+0000] {logging_mixin.py:188} INFO - [2024-03-09T19:32:50.252+0000] {dag.py:3047} INFO - Sync 1 DAGs
[2024-03-09T19:32:50.261+0000] {logging_mixin.py:188} INFO - [2024-03-09T19:32:50.260+0000] {dag.py:3069} INFO - Creating ORM DAG for tutorial_taskflow_api_virtualenv
[2024-03-09T19:32:50.261+0000] {logging_mixin.py:188} INFO - [2024-03-09T19:32:50.261+0000] {dag.py:3834} INFO - Setting next_dagrun for tutorial_taskflow_api_virtualenv to None, run_after=None
[2024-03-09T19:32:50.284+0000] {processor.py:183} INFO - Processing /home/tin/miniconda3/envs/airflow/lib/python3.8/site-packages/airflow/example_dags/tutorial_taskflow_api_virtualenv.py took 0.145 seconds
[2024-03-09T19:33:41.846+0000] {processor.py:161} INFO - Started process (PID=85572) to work on /home/tin/miniconda3/envs/airflow/lib/python3.8/site-packages/airflow/example_dags/tutorial_taskflow_api_virtualenv.py
[2024-03-09T19:33:41.857+0000] {processor.py:830} INFO - Processing file /home/tin/miniconda3/envs/airflow/lib/python3.8/site-packages/airflow/example_dags/tutorial_taskflow_api_virtualenv.py for tasks to queue
[2024-03-09T19:33:41.858+0000] {logging_mixin.py:188} INFO - [2024-03-09T19:33:41.858+0000] {dagbag.py:540} INFO - Filling up the DagBag from /home/tin/miniconda3/envs/airflow/lib/python3.8/site-packages/airflow/example_dags/tutorial_taskflow_api_virtualenv.py
[2024-03-09T19:33:41.869+0000] {processor.py:840} INFO - DAG(s) 'tutorial_taskflow_api_virtualenv' retrieved from /home/tin/miniconda3/envs/airflow/lib/python3.8/site-packages/airflow/example_dags/tutorial_taskflow_api_virtualenv.py
[2024-03-09T19:33:41.886+0000] {logging_mixin.py:188} INFO - [2024-03-09T19:33:41.886+0000] {dag.py:3047} INFO - Sync 1 DAGs
[2024-03-09T19:33:41.900+0000] {logging_mixin.py:188} INFO - [2024-03-09T19:33:41.899+0000] {dag.py:3834} INFO - Setting next_dagrun for tutorial_taskflow_api_virtualenv to None, run_after=None
[2024-03-09T19:33:42.107+0000] {processor.py:183} INFO - Processing /home/tin/miniconda3/envs/airflow/lib/python3.8/site-packages/airflow/example_dags/tutorial_taskflow_api_virtualenv.py took 0.264 seconds
[2024-03-09T19:34:35.411+0000] {processor.py:161} INFO - Started process (PID=85718) to work on /home/tin/miniconda3/envs/airflow/lib/python3.8/site-packages/airflow/example_dags/tutorial_taskflow_api_virtualenv.py
[2024-03-09T19:34:35.413+0000] {processor.py:830} INFO - Processing file /home/tin/miniconda3/envs/airflow/lib/python3.8/site-packages/airflow/example_dags/tutorial_taskflow_api_virtualenv.py for tasks to queue
[2024-03-09T19:34:35.414+0000] {logging_mixin.py:188} INFO - [2024-03-09T19:34:35.414+0000] {dagbag.py:540} INFO - Filling up the DagBag from /home/tin/miniconda3/envs/airflow/lib/python3.8/site-packages/airflow/example_dags/tutorial_taskflow_api_virtualenv.py
[2024-03-09T19:34:35.422+0000] {processor.py:840} INFO - DAG(s) 'tutorial_taskflow_api_virtualenv' retrieved from /home/tin/miniconda3/envs/airflow/lib/python3.8/site-packages/airflow/example_dags/tutorial_taskflow_api_virtualenv.py
[2024-03-09T19:34:35.434+0000] {logging_mixin.py:188} INFO - [2024-03-09T19:34:35.434+0000] {dag.py:3047} INFO - Sync 1 DAGs
[2024-03-09T19:34:35.442+0000] {logging_mixin.py:188} INFO - [2024-03-09T19:34:35.442+0000] {dag.py:3834} INFO - Setting next_dagrun for tutorial_taskflow_api_virtualenv to None, run_after=None
[2024-03-09T19:34:35.459+0000] {processor.py:183} INFO - Processing /home/tin/miniconda3/envs/airflow/lib/python3.8/site-packages/airflow/example_dags/tutorial_taskflow_api_virtualenv.py took 0.051 seconds
[2024-03-09T19:35:24.381+0000] {processor.py:161} INFO - Started process (PID=85920) to work on /home/tin/miniconda3/envs/airflow/lib/python3.8/site-packages/airflow/example_dags/tutorial_taskflow_api_virtualenv.py
[2024-03-09T19:35:24.382+0000] {processor.py:830} INFO - Processing file /home/tin/miniconda3/envs/airflow/lib/python3.8/site-packages/airflow/example_dags/tutorial_taskflow_api_virtualenv.py for tasks to queue
[2024-03-09T19:35:24.383+0000] {logging_mixin.py:188} INFO - [2024-03-09T19:35:24.383+0000] {dagbag.py:540} INFO - Filling up the DagBag from /home/tin/miniconda3/envs/airflow/lib/python3.8/site-packages/airflow/example_dags/tutorial_taskflow_api_virtualenv.py
[2024-03-09T19:35:24.391+0000] {processor.py:840} INFO - DAG(s) 'tutorial_taskflow_api_virtualenv' retrieved from /home/tin/miniconda3/envs/airflow/lib/python3.8/site-packages/airflow/example_dags/tutorial_taskflow_api_virtualenv.py
[2024-03-09T19:35:24.402+0000] {logging_mixin.py:188} INFO - [2024-03-09T19:35:24.402+0000] {dag.py:3047} INFO - Sync 1 DAGs
[2024-03-09T19:35:24.410+0000] {logging_mixin.py:188} INFO - [2024-03-09T19:35:24.410+0000] {dag.py:3834} INFO - Setting next_dagrun for tutorial_taskflow_api_virtualenv to None, run_after=None
[2024-03-09T19:35:24.432+0000] {processor.py:183} INFO - Processing /home/tin/miniconda3/envs/airflow/lib/python3.8/site-packages/airflow/example_dags/tutorial_taskflow_api_virtualenv.py took 0.054 seconds
